<?xml version="1.0" encoding="UTF-8"?>
<testsuite name="testSuite.VulnerabilityTest" tests="1" skipped="0" failures="0" errors="0" timestamp="2024-01-25T22:14:11" hostname="DESKTOP-1188MBL" time="202.825">
  <properties/>
  <testcase name="Test vulnerabilidad" classname="testSuite.VulnerabilityTest" time="202.825"/>
  <system-out><![CDATA[Request method:	GET
Request URI:	http://localhost:9292/JSON/ascan/action/scan/?url=http%3A%2F%2Ftpi.lat%3A2095%2Fsubreseller%2F
Proxy:			<none>
Request params:	<none>
Query params:	url=http://tpi.lat:2095/subreseller/
Form params:	<none>
Path params:	<none>
Headers:		Accept=*/*
Cookies:		<none>
Multiparts:		<none>
Body:			<none>
HTTP/1.1 200 OK
Pragma: no-cache
Cache-Control: no-cache, no-store, must-revalidate
Content-Security-Policy: default-src 'none'; script-src 'self'; connect-src 'self'; child-src 'self'; img-src 'self' data:; font-src 'self' data:; style-src 'self'
Referrer-Policy: no-referrer
Access-Control-Allow-Methods: GET,POST,OPTIONS
Access-Control-Allow-Headers: ZAP-Header
X-Frame-Options: DENY
X-XSS-Protection: 1; mode=block
X-Content-Type-Options: nosniff
X-Clacks-Overhead: GNU Terry Pratchett
content-length: 12
Content-Type: application/json; charset=UTF-8

{
    "scan": "1"
}
id >>>> 1
Request method:	GET
Request URI:	http://localhost:9292/JSON/ascan/view/status/?scanId=1
Proxy:			<none>
Request params:	<none>
Query params:	scanId=1
Form params:	<none>
Path params:	<none>
Headers:		Accept=*/*
Cookies:		<none>
Multiparts:		<none>
Body:			<none>
HTTP/1.1 200 OK
Pragma: no-cache
Cache-Control: no-cache, no-store, must-revalidate
Content-Security-Policy: default-src 'none'; script-src 'self'; connect-src 'self'; child-src 'self'; img-src 'self' data:; font-src 'self' data:; style-src 'self'
Referrer-Policy: no-referrer
Access-Control-Allow-Methods: GET,POST,OPTIONS
Access-Control-Allow-Headers: ZAP-Header
X-Frame-Options: DENY
X-XSS-Protection: 1; mode=block
X-Content-Type-Options: nosniff
X-Clacks-Overhead: GNU Terry Pratchett
content-length: 14
Content-Type: application/json; charset=UTF-8

{
    "status": "0"
}
progresso : [0%] 
Request method:	GET
Request URI:	http://localhost:9292/JSON/ascan/view/status/?scanId=1
Proxy:			<none>
Request params:	<none>
Query params:	scanId=1
Form params:	<none>
Path params:	<none>
Headers:		Accept=*/*
Cookies:		<none>
Multiparts:		<none>
Body:			<none>
HTTP/1.1 200 OK
Pragma: no-cache
Cache-Control: no-cache, no-store, must-revalidate
Content-Security-Policy: default-src 'none'; script-src 'self'; connect-src 'self'; child-src 'self'; img-src 'self' data:; font-src 'self' data:; style-src 'self'
Referrer-Policy: no-referrer
Access-Control-Allow-Methods: GET,POST,OPTIONS
Access-Control-Allow-Headers: ZAP-Header
X-Frame-Options: DENY
X-XSS-Protection: 1; mode=block
X-Content-Type-Options: nosniff
X-Clacks-Overhead: GNU Terry Pratchett
content-length: 14
Content-Type: application/json; charset=UTF-8

{
    "status": "0"
}
progresso : [0%] 
Request method:	GET
Request URI:	http://localhost:9292/JSON/ascan/view/status/?scanId=1
Proxy:			<none>
Request params:	<none>
Query params:	scanId=1
Form params:	<none>
Path params:	<none>
Headers:		Accept=*/*
Cookies:		<none>
Multiparts:		<none>
Body:			<none>
HTTP/1.1 200 OK
Pragma: no-cache
Cache-Control: no-cache, no-store, must-revalidate
Content-Security-Policy: default-src 'none'; script-src 'self'; connect-src 'self'; child-src 'self'; img-src 'self' data:; font-src 'self' data:; style-src 'self'
Referrer-Policy: no-referrer
Access-Control-Allow-Methods: GET,POST,OPTIONS
Access-Control-Allow-Headers: ZAP-Header
X-Frame-Options: DENY
X-XSS-Protection: 1; mode=block
X-Content-Type-Options: nosniff
X-Clacks-Overhead: GNU Terry Pratchett
content-length: 14
Content-Type: application/json; charset=UTF-8

{
    "status": "1"
}
progresso : [1%] 
Request method:	GET
Request URI:	http://localhost:9292/JSON/ascan/view/status/?scanId=1
Proxy:			<none>
Request params:	<none>
Query params:	scanId=1
Form params:	<none>
Path params:	<none>
Headers:		Accept=*/*
Cookies:		<none>
Multiparts:		<none>
Body:			<none>
HTTP/1.1 200 OK
Pragma: no-cache
Cache-Control: no-cache, no-store, must-revalidate
Content-Security-Policy: default-src 'none'; script-src 'self'; connect-src 'self'; child-src 'self'; img-src 'self' data:; font-src 'self' data:; style-src 'self'
Referrer-Policy: no-referrer
Access-Control-Allow-Methods: GET,POST,OPTIONS
Access-Control-Allow-Headers: ZAP-Header
X-Frame-Options: DENY
X-XSS-Protection: 1; mode=block
X-Content-Type-Options: nosniff
X-Clacks-Overhead: GNU Terry Pratchett
content-length: 14
Content-Type: application/json; charset=UTF-8

{
    "status": "2"
}
progresso : [2%] 
Request method:	GET
Request URI:	http://localhost:9292/JSON/ascan/view/status/?scanId=1
Proxy:			<none>
Request params:	<none>
Query params:	scanId=1
Form params:	<none>
Path params:	<none>
Headers:		Accept=*/*
Cookies:		<none>
Multiparts:		<none>
Body:			<none>
HTTP/1.1 200 OK
Pragma: no-cache
Cache-Control: no-cache, no-store, must-revalidate
Content-Security-Policy: default-src 'none'; script-src 'self'; connect-src 'self'; child-src 'self'; img-src 'self' data:; font-src 'self' data:; style-src 'self'
Referrer-Policy: no-referrer
Access-Control-Allow-Methods: GET,POST,OPTIONS
Access-Control-Allow-Headers: ZAP-Header
X-Frame-Options: DENY
X-XSS-Protection: 1; mode=block
X-Content-Type-Options: nosniff
X-Clacks-Overhead: GNU Terry Pratchett
content-length: 14
Content-Type: application/json; charset=UTF-8

{
    "status": "2"
}
progresso : [2%] 
Request method:	GET
Request URI:	http://localhost:9292/JSON/ascan/view/status/?scanId=1
Proxy:			<none>
Request params:	<none>
Query params:	scanId=1
Form params:	<none>
Path params:	<none>
Headers:		Accept=*/*
Cookies:		<none>
Multiparts:		<none>
Body:			<none>
HTTP/1.1 200 OK
Pragma: no-cache
Cache-Control: no-cache, no-store, must-revalidate
Content-Security-Policy: default-src 'none'; script-src 'self'; connect-src 'self'; child-src 'self'; img-src 'self' data:; font-src 'self' data:; style-src 'self'
Referrer-Policy: no-referrer
Access-Control-Allow-Methods: GET,POST,OPTIONS
Access-Control-Allow-Headers: ZAP-Header
X-Frame-Options: DENY
X-XSS-Protection: 1; mode=block
X-Content-Type-Options: nosniff
X-Clacks-Overhead: GNU Terry Pratchett
content-length: 14
Content-Type: application/json; charset=UTF-8

{
    "status": "2"
}
progresso : [2%] 
Request method:	GET
Request URI:	http://localhost:9292/JSON/ascan/view/status/?scanId=1
Proxy:			<none>
Request params:	<none>
Query params:	scanId=1
Form params:	<none>
Path params:	<none>
Headers:		Accept=*/*
Cookies:		<none>
Multiparts:		<none>
Body:			<none>
HTTP/1.1 200 OK
Pragma: no-cache
Cache-Control: no-cache, no-store, must-revalidate
Content-Security-Policy: default-src 'none'; script-src 'self'; connect-src 'self'; child-src 'self'; img-src 'self' data:; font-src 'self' data:; style-src 'self'
Referrer-Policy: no-referrer
Access-Control-Allow-Methods: GET,POST,OPTIONS
Access-Control-Allow-Headers: ZAP-Header
X-Frame-Options: DENY
X-XSS-Protection: 1; mode=block
X-Content-Type-Options: nosniff
X-Clacks-Overhead: GNU Terry Pratchett
content-length: 14
Content-Type: application/json; charset=UTF-8

{
    "status": "2"
}
progresso : [2%] 
Request method:	GET
Request URI:	http://localhost:9292/JSON/ascan/view/status/?scanId=1
Proxy:			<none>
Request params:	<none>
Query params:	scanId=1
Form params:	<none>
Path params:	<none>
Headers:		Accept=*/*
Cookies:		<none>
Multiparts:		<none>
Body:			<none>
HTTP/1.1 200 OK
Pragma: no-cache
Cache-Control: no-cache, no-store, must-revalidate
Content-Security-Policy: default-src 'none'; script-src 'self'; connect-src 'self'; child-src 'self'; img-src 'self' data:; font-src 'self' data:; style-src 'self'
Referrer-Policy: no-referrer
Access-Control-Allow-Methods: GET,POST,OPTIONS
Access-Control-Allow-Headers: ZAP-Header
X-Frame-Options: DENY
X-XSS-Protection: 1; mode=block
X-Content-Type-Options: nosniff
X-Clacks-Overhead: GNU Terry Pratchett
content-length: 14
Content-Type: application/json; charset=UTF-8

{
    "status": "2"
}
progresso : [2%] 
Request method:	GET
Request URI:	http://localhost:9292/JSON/ascan/view/status/?scanId=1
Proxy:			<none>
Request params:	<none>
Query params:	scanId=1
Form params:	<none>
Path params:	<none>
Headers:		Accept=*/*
Cookies:		<none>
Multiparts:		<none>
Body:			<none>
HTTP/1.1 200 OK
Pragma: no-cache
Cache-Control: no-cache, no-store, must-revalidate
Content-Security-Policy: default-src 'none'; script-src 'self'; connect-src 'self'; child-src 'self'; img-src 'self' data:; font-src 'self' data:; style-src 'self'
Referrer-Policy: no-referrer
Access-Control-Allow-Methods: GET,POST,OPTIONS
Access-Control-Allow-Headers: ZAP-Header
X-Frame-Options: DENY
X-XSS-Protection: 1; mode=block
X-Content-Type-Options: nosniff
X-Clacks-Overhead: GNU Terry Pratchett
content-length: 14
Content-Type: application/json; charset=UTF-8

{
    "status": "2"
}
progresso : [2%] 
Request method:	GET
Request URI:	http://localhost:9292/JSON/ascan/view/status/?scanId=1
Proxy:			<none>
Request params:	<none>
Query params:	scanId=1
Form params:	<none>
Path params:	<none>
Headers:		Accept=*/*
Cookies:		<none>
Multiparts:		<none>
Body:			<none>
HTTP/1.1 200 OK
Pragma: no-cache
Cache-Control: no-cache, no-store, must-revalidate
Content-Security-Policy: default-src 'none'; script-src 'self'; connect-src 'self'; child-src 'self'; img-src 'self' data:; font-src 'self' data:; style-src 'self'
Referrer-Policy: no-referrer
Access-Control-Allow-Methods: GET,POST,OPTIONS
Access-Control-Allow-Headers: ZAP-Header
X-Frame-Options: DENY
X-XSS-Protection: 1; mode=block
X-Content-Type-Options: nosniff
X-Clacks-Overhead: GNU Terry Pratchett
content-length: 14
Content-Type: application/json; charset=UTF-8

{
    "status": "2"
}
progresso : [2%] 
Request method:	GET
Request URI:	http://localhost:9292/JSON/ascan/view/status/?scanId=1
Proxy:			<none>
Request params:	<none>
Query params:	scanId=1
Form params:	<none>
Path params:	<none>
Headers:		Accept=*/*
Cookies:		<none>
Multiparts:		<none>
Body:			<none>
HTTP/1.1 200 OK
Pragma: no-cache
Cache-Control: no-cache, no-store, must-revalidate
Content-Security-Policy: default-src 'none'; script-src 'self'; connect-src 'self'; child-src 'self'; img-src 'self' data:; font-src 'self' data:; style-src 'self'
Referrer-Policy: no-referrer
Access-Control-Allow-Methods: GET,POST,OPTIONS
Access-Control-Allow-Headers: ZAP-Header
X-Frame-Options: DENY
X-XSS-Protection: 1; mode=block
X-Content-Type-Options: nosniff
X-Clacks-Overhead: GNU Terry Pratchett
content-length: 14
Content-Type: application/json; charset=UTF-8

{
    "status": "2"
}
progresso : [2%] 
Request method:	GET
Request URI:	http://localhost:9292/JSON/ascan/view/status/?scanId=1
Proxy:			<none>
Request params:	<none>
Query params:	scanId=1
Form params:	<none>
Path params:	<none>
Headers:		Accept=*/*
Cookies:		<none>
Multiparts:		<none>
Body:			<none>
HTTP/1.1 200 OK
Pragma: no-cache
Cache-Control: no-cache, no-store, must-revalidate
Content-Security-Policy: default-src 'none'; script-src 'self'; connect-src 'self'; child-src 'self'; img-src 'self' data:; font-src 'self' data:; style-src 'self'
Referrer-Policy: no-referrer
Access-Control-Allow-Methods: GET,POST,OPTIONS
Access-Control-Allow-Headers: ZAP-Header
X-Frame-Options: DENY
X-XSS-Protection: 1; mode=block
X-Content-Type-Options: nosniff
X-Clacks-Overhead: GNU Terry Pratchett
content-length: 14
Content-Type: application/json; charset=UTF-8

{
    "status": "2"
}
progresso : [2%] 
Request method:	GET
Request URI:	http://localhost:9292/JSON/ascan/view/status/?scanId=1
Proxy:			<none>
Request params:	<none>
Query params:	scanId=1
Form params:	<none>
Path params:	<none>
Headers:		Accept=*/*
Cookies:		<none>
Multiparts:		<none>
Body:			<none>
HTTP/1.1 200 OK
Pragma: no-cache
Cache-Control: no-cache, no-store, must-revalidate
Content-Security-Policy: default-src 'none'; script-src 'self'; connect-src 'self'; child-src 'self'; img-src 'self' data:; font-src 'self' data:; style-src 'self'
Referrer-Policy: no-referrer
Access-Control-Allow-Methods: GET,POST,OPTIONS
Access-Control-Allow-Headers: ZAP-Header
X-Frame-Options: DENY
X-XSS-Protection: 1; mode=block
X-Content-Type-Options: nosniff
X-Clacks-Overhead: GNU Terry Pratchett
content-length: 14
Content-Type: application/json; charset=UTF-8

{
    "status": "2"
}
progresso : [2%] 
Request method:	GET
Request URI:	http://localhost:9292/JSON/ascan/view/status/?scanId=1
Proxy:			<none>
Request params:	<none>
Query params:	scanId=1
Form params:	<none>
Path params:	<none>
Headers:		Accept=*/*
Cookies:		<none>
Multiparts:		<none>
Body:			<none>
HTTP/1.1 200 OK
Pragma: no-cache
Cache-Control: no-cache, no-store, must-revalidate
Content-Security-Policy: default-src 'none'; script-src 'self'; connect-src 'self'; child-src 'self'; img-src 'self' data:; font-src 'self' data:; style-src 'self'
Referrer-Policy: no-referrer
Access-Control-Allow-Methods: GET,POST,OPTIONS
Access-Control-Allow-Headers: ZAP-Header
X-Frame-Options: DENY
X-XSS-Protection: 1; mode=block
X-Content-Type-Options: nosniff
X-Clacks-Overhead: GNU Terry Pratchett
content-length: 14
Content-Type: application/json; charset=UTF-8

{
    "status": "2"
}
progresso : [2%] 
Request method:	GET
Request URI:	http://localhost:9292/JSON/ascan/view/status/?scanId=1
Proxy:			<none>
Request params:	<none>
Query params:	scanId=1
Form params:	<none>
Path params:	<none>
Headers:		Accept=*/*
Cookies:		<none>
Multiparts:		<none>
Body:			<none>
HTTP/1.1 200 OK
Pragma: no-cache
Cache-Control: no-cache, no-store, must-revalidate
Content-Security-Policy: default-src 'none'; script-src 'self'; connect-src 'self'; child-src 'self'; img-src 'self' data:; font-src 'self' data:; style-src 'self'
Referrer-Policy: no-referrer
Access-Control-Allow-Methods: GET,POST,OPTIONS
Access-Control-Allow-Headers: ZAP-Header
X-Frame-Options: DENY
X-XSS-Protection: 1; mode=block
X-Content-Type-Options: nosniff
X-Clacks-Overhead: GNU Terry Pratchett
content-length: 14
Content-Type: application/json; charset=UTF-8

{
    "status": "2"
}
progresso : [2%] 
Request method:	GET
Request URI:	http://localhost:9292/JSON/ascan/view/status/?scanId=1
Proxy:			<none>
Request params:	<none>
Query params:	scanId=1
Form params:	<none>
Path params:	<none>
Headers:		Accept=*/*
Cookies:		<none>
Multiparts:		<none>
Body:			<none>
HTTP/1.1 200 OK
Pragma: no-cache
Cache-Control: no-cache, no-store, must-revalidate
Content-Security-Policy: default-src 'none'; script-src 'self'; connect-src 'self'; child-src 'self'; img-src 'self' data:; font-src 'self' data:; style-src 'self'
Referrer-Policy: no-referrer
Access-Control-Allow-Methods: GET,POST,OPTIONS
Access-Control-Allow-Headers: ZAP-Header
X-Frame-Options: DENY
X-XSS-Protection: 1; mode=block
X-Content-Type-Options: nosniff
X-Clacks-Overhead: GNU Terry Pratchett
content-length: 14
Content-Type: application/json; charset=UTF-8

{
    "status": "2"
}
progresso : [2%] 
Request method:	GET
Request URI:	http://localhost:9292/JSON/ascan/view/status/?scanId=1
Proxy:			<none>
Request params:	<none>
Query params:	scanId=1
Form params:	<none>
Path params:	<none>
Headers:		Accept=*/*
Cookies:		<none>
Multiparts:		<none>
Body:			<none>
HTTP/1.1 200 OK
Pragma: no-cache
Cache-Control: no-cache, no-store, must-revalidate
Content-Security-Policy: default-src 'none'; script-src 'self'; connect-src 'self'; child-src 'self'; img-src 'self' data:; font-src 'self' data:; style-src 'self'
Referrer-Policy: no-referrer
Access-Control-Allow-Methods: GET,POST,OPTIONS
Access-Control-Allow-Headers: ZAP-Header
X-Frame-Options: DENY
X-XSS-Protection: 1; mode=block
X-Content-Type-Options: nosniff
X-Clacks-Overhead: GNU Terry Pratchett
content-length: 14
Content-Type: application/json; charset=UTF-8

{
    "status": "2"
}
progresso : [2%] 
Request method:	GET
Request URI:	http://localhost:9292/JSON/ascan/view/status/?scanId=1
Proxy:			<none>
Request params:	<none>
Query params:	scanId=1
Form params:	<none>
Path params:	<none>
Headers:		Accept=*/*
Cookies:		<none>
Multiparts:		<none>
Body:			<none>
HTTP/1.1 200 OK
Pragma: no-cache
Cache-Control: no-cache, no-store, must-revalidate
Content-Security-Policy: default-src 'none'; script-src 'self'; connect-src 'self'; child-src 'self'; img-src 'self' data:; font-src 'self' data:; style-src 'self'
Referrer-Policy: no-referrer
Access-Control-Allow-Methods: GET,POST,OPTIONS
Access-Control-Allow-Headers: ZAP-Header
X-Frame-Options: DENY
X-XSS-Protection: 1; mode=block
X-Content-Type-Options: nosniff
X-Clacks-Overhead: GNU Terry Pratchett
content-length: 14
Content-Type: application/json; charset=UTF-8

{
    "status": "2"
}
progresso : [2%] 
Request method:	GET
Request URI:	http://localhost:9292/JSON/ascan/view/status/?scanId=1
Proxy:			<none>
Request params:	<none>
Query params:	scanId=1
Form params:	<none>
Path params:	<none>
Headers:		Accept=*/*
Cookies:		<none>
Multiparts:		<none>
Body:			<none>
HTTP/1.1 200 OK
Pragma: no-cache
Cache-Control: no-cache, no-store, must-revalidate
Content-Security-Policy: default-src 'none'; script-src 'self'; connect-src 'self'; child-src 'self'; img-src 'self' data:; font-src 'self' data:; style-src 'self'
Referrer-Policy: no-referrer
Access-Control-Allow-Methods: GET,POST,OPTIONS
Access-Control-Allow-Headers: ZAP-Header
X-Frame-Options: DENY
X-XSS-Protection: 1; mode=block
X-Content-Type-Options: nosniff
X-Clacks-Overhead: GNU Terry Pratchett
content-length: 14
Content-Type: application/json; charset=UTF-8

{
    "status": "2"
}
progresso : [2%] 
Request method:	GET
Request URI:	http://localhost:9292/JSON/ascan/view/status/?scanId=1
Proxy:			<none>
Request params:	<none>
Query params:	scanId=1
Form params:	<none>
Path params:	<none>
Headers:		Accept=*/*
Cookies:		<none>
Multiparts:		<none>
Body:			<none>
HTTP/1.1 200 OK
Pragma: no-cache
Cache-Control: no-cache, no-store, must-revalidate
Content-Security-Policy: default-src 'none'; script-src 'self'; connect-src 'self'; child-src 'self'; img-src 'self' data:; font-src 'self' data:; style-src 'self'
Referrer-Policy: no-referrer
Access-Control-Allow-Methods: GET,POST,OPTIONS
Access-Control-Allow-Headers: ZAP-Header
X-Frame-Options: DENY
X-XSS-Protection: 1; mode=block
X-Content-Type-Options: nosniff
X-Clacks-Overhead: GNU Terry Pratchett
content-length: 14
Content-Type: application/json; charset=UTF-8

{
    "status": "2"
}
progresso : [2%] 
Request method:	GET
Request URI:	http://localhost:9292/JSON/ascan/view/status/?scanId=1
Proxy:			<none>
Request params:	<none>
Query params:	scanId=1
Form params:	<none>
Path params:	<none>
Headers:		Accept=*/*
Cookies:		<none>
Multiparts:		<none>
Body:			<none>
HTTP/1.1 200 OK
Pragma: no-cache
Cache-Control: no-cache, no-store, must-revalidate
Content-Security-Policy: default-src 'none'; script-src 'self'; connect-src 'self'; child-src 'self'; img-src 'self' data:; font-src 'self' data:; style-src 'self'
Referrer-Policy: no-referrer
Access-Control-Allow-Methods: GET,POST,OPTIONS
Access-Control-Allow-Headers: ZAP-Header
X-Frame-Options: DENY
X-XSS-Protection: 1; mode=block
X-Content-Type-Options: nosniff
X-Clacks-Overhead: GNU Terry Pratchett
content-length: 14
Content-Type: application/json; charset=UTF-8

{
    "status": "2"
}
progresso : [2%] 
Request method:	GET
Request URI:	http://localhost:9292/JSON/ascan/view/status/?scanId=1
Proxy:			<none>
Request params:	<none>
Query params:	scanId=1
Form params:	<none>
Path params:	<none>
Headers:		Accept=*/*
Cookies:		<none>
Multiparts:		<none>
Body:			<none>
HTTP/1.1 200 OK
Pragma: no-cache
Cache-Control: no-cache, no-store, must-revalidate
Content-Security-Policy: default-src 'none'; script-src 'self'; connect-src 'self'; child-src 'self'; img-src 'self' data:; font-src 'self' data:; style-src 'self'
Referrer-Policy: no-referrer
Access-Control-Allow-Methods: GET,POST,OPTIONS
Access-Control-Allow-Headers: ZAP-Header
X-Frame-Options: DENY
X-XSS-Protection: 1; mode=block
X-Content-Type-Options: nosniff
X-Clacks-Overhead: GNU Terry Pratchett
content-length: 14
Content-Type: application/json; charset=UTF-8

{
    "status": "2"
}
progresso : [2%] 
Request method:	GET
Request URI:	http://localhost:9292/JSON/ascan/view/status/?scanId=1
Proxy:			<none>
Request params:	<none>
Query params:	scanId=1
Form params:	<none>
Path params:	<none>
Headers:		Accept=*/*
Cookies:		<none>
Multiparts:		<none>
Body:			<none>
HTTP/1.1 200 OK
Pragma: no-cache
Cache-Control: no-cache, no-store, must-revalidate
Content-Security-Policy: default-src 'none'; script-src 'self'; connect-src 'self'; child-src 'self'; img-src 'self' data:; font-src 'self' data:; style-src 'self'
Referrer-Policy: no-referrer
Access-Control-Allow-Methods: GET,POST,OPTIONS
Access-Control-Allow-Headers: ZAP-Header
X-Frame-Options: DENY
X-XSS-Protection: 1; mode=block
X-Content-Type-Options: nosniff
X-Clacks-Overhead: GNU Terry Pratchett
content-length: 14
Content-Type: application/json; charset=UTF-8

{
    "status": "2"
}
progresso : [2%] 
Request method:	GET
Request URI:	http://localhost:9292/JSON/ascan/view/status/?scanId=1
Proxy:			<none>
Request params:	<none>
Query params:	scanId=1
Form params:	<none>
Path params:	<none>
Headers:		Accept=*/*
Cookies:		<none>
Multiparts:		<none>
Body:			<none>
HTTP/1.1 200 OK
Pragma: no-cache
Cache-Control: no-cache, no-store, must-revalidate
Content-Security-Policy: default-src 'none'; script-src 'self'; connect-src 'self'; child-src 'self'; img-src 'self' data:; font-src 'self' data:; style-src 'self'
Referrer-Policy: no-referrer
Access-Control-Allow-Methods: GET,POST,OPTIONS
Access-Control-Allow-Headers: ZAP-Header
X-Frame-Options: DENY
X-XSS-Protection: 1; mode=block
X-Content-Type-Options: nosniff
X-Clacks-Overhead: GNU Terry Pratchett
content-length: 14
Content-Type: application/json; charset=UTF-8

{
    "status": "2"
}
progresso : [2%] 
Request method:	GET
Request URI:	http://localhost:9292/JSON/ascan/view/status/?scanId=1
Proxy:			<none>
Request params:	<none>
Query params:	scanId=1
Form params:	<none>
Path params:	<none>
Headers:		Accept=*/*
Cookies:		<none>
Multiparts:		<none>
Body:			<none>
HTTP/1.1 200 OK
Pragma: no-cache
Cache-Control: no-cache, no-store, must-revalidate
Content-Security-Policy: default-src 'none'; script-src 'self'; connect-src 'self'; child-src 'self'; img-src 'self' data:; font-src 'self' data:; style-src 'self'
Referrer-Policy: no-referrer
Access-Control-Allow-Methods: GET,POST,OPTIONS
Access-Control-Allow-Headers: ZAP-Header
X-Frame-Options: DENY
X-XSS-Protection: 1; mode=block
X-Content-Type-Options: nosniff
X-Clacks-Overhead: GNU Terry Pratchett
content-length: 14
Content-Type: application/json; charset=UTF-8

{
    "status": "2"
}
progresso : [2%] 
Request method:	GET
Request URI:	http://localhost:9292/JSON/ascan/view/status/?scanId=1
Proxy:			<none>
Request params:	<none>
Query params:	scanId=1
Form params:	<none>
Path params:	<none>
Headers:		Accept=*/*
Cookies:		<none>
Multiparts:		<none>
Body:			<none>
HTTP/1.1 200 OK
Pragma: no-cache
Cache-Control: no-cache, no-store, must-revalidate
Content-Security-Policy: default-src 'none'; script-src 'self'; connect-src 'self'; child-src 'self'; img-src 'self' data:; font-src 'self' data:; style-src 'self'
Referrer-Policy: no-referrer
Access-Control-Allow-Methods: GET,POST,OPTIONS
Access-Control-Allow-Headers: ZAP-Header
X-Frame-Options: DENY
X-XSS-Protection: 1; mode=block
X-Content-Type-Options: nosniff
X-Clacks-Overhead: GNU Terry Pratchett
content-length: 14
Content-Type: application/json; charset=UTF-8

{
    "status": "4"
}
progresso : [4%] 
Request method:	GET
Request URI:	http://localhost:9292/JSON/ascan/view/status/?scanId=1
Proxy:			<none>
Request params:	<none>
Query params:	scanId=1
Form params:	<none>
Path params:	<none>
Headers:		Accept=*/*
Cookies:		<none>
Multiparts:		<none>
Body:			<none>
HTTP/1.1 200 OK
Pragma: no-cache
Cache-Control: no-cache, no-store, must-revalidate
Content-Security-Policy: default-src 'none'; script-src 'self'; connect-src 'self'; child-src 'self'; img-src 'self' data:; font-src 'self' data:; style-src 'self'
Referrer-Policy: no-referrer
Access-Control-Allow-Methods: GET,POST,OPTIONS
Access-Control-Allow-Headers: ZAP-Header
X-Frame-Options: DENY
X-XSS-Protection: 1; mode=block
X-Content-Type-Options: nosniff
X-Clacks-Overhead: GNU Terry Pratchett
content-length: 14
Content-Type: application/json; charset=UTF-8

{
    "status": "4"
}
progresso : [4%] 
Request method:	GET
Request URI:	http://localhost:9292/JSON/ascan/view/status/?scanId=1
Proxy:			<none>
Request params:	<none>
Query params:	scanId=1
Form params:	<none>
Path params:	<none>
Headers:		Accept=*/*
Cookies:		<none>
Multiparts:		<none>
Body:			<none>
HTTP/1.1 200 OK
Pragma: no-cache
Cache-Control: no-cache, no-store, must-revalidate
Content-Security-Policy: default-src 'none'; script-src 'self'; connect-src 'self'; child-src 'self'; img-src 'self' data:; font-src 'self' data:; style-src 'self'
Referrer-Policy: no-referrer
Access-Control-Allow-Methods: GET,POST,OPTIONS
Access-Control-Allow-Headers: ZAP-Header
X-Frame-Options: DENY
X-XSS-Protection: 1; mode=block
X-Content-Type-Options: nosniff
X-Clacks-Overhead: GNU Terry Pratchett
content-length: 14
Content-Type: application/json; charset=UTF-8

{
    "status": "4"
}
progresso : [4%] 
Request method:	GET
Request URI:	http://localhost:9292/JSON/ascan/view/status/?scanId=1
Proxy:			<none>
Request params:	<none>
Query params:	scanId=1
Form params:	<none>
Path params:	<none>
Headers:		Accept=*/*
Cookies:		<none>
Multiparts:		<none>
Body:			<none>
HTTP/1.1 200 OK
Pragma: no-cache
Cache-Control: no-cache, no-store, must-revalidate
Content-Security-Policy: default-src 'none'; script-src 'self'; connect-src 'self'; child-src 'self'; img-src 'self' data:; font-src 'self' data:; style-src 'self'
Referrer-Policy: no-referrer
Access-Control-Allow-Methods: GET,POST,OPTIONS
Access-Control-Allow-Headers: ZAP-Header
X-Frame-Options: DENY
X-XSS-Protection: 1; mode=block
X-Content-Type-Options: nosniff
X-Clacks-Overhead: GNU Terry Pratchett
content-length: 14
Content-Type: application/json; charset=UTF-8

{
    "status": "4"
}
progresso : [4%] 
Request method:	GET
Request URI:	http://localhost:9292/JSON/ascan/view/status/?scanId=1
Proxy:			<none>
Request params:	<none>
Query params:	scanId=1
Form params:	<none>
Path params:	<none>
Headers:		Accept=*/*
Cookies:		<none>
Multiparts:		<none>
Body:			<none>
HTTP/1.1 200 OK
Pragma: no-cache
Cache-Control: no-cache, no-store, must-revalidate
Content-Security-Policy: default-src 'none'; script-src 'self'; connect-src 'self'; child-src 'self'; img-src 'self' data:; font-src 'self' data:; style-src 'self'
Referrer-Policy: no-referrer
Access-Control-Allow-Methods: GET,POST,OPTIONS
Access-Control-Allow-Headers: ZAP-Header
X-Frame-Options: DENY
X-XSS-Protection: 1; mode=block
X-Content-Type-Options: nosniff
X-Clacks-Overhead: GNU Terry Pratchett
content-length: 14
Content-Type: application/json; charset=UTF-8

{
    "status": "4"
}
progresso : [4%] 
Request method:	GET
Request URI:	http://localhost:9292/JSON/ascan/view/status/?scanId=1
Proxy:			<none>
Request params:	<none>
Query params:	scanId=1
Form params:	<none>
Path params:	<none>
Headers:		Accept=*/*
Cookies:		<none>
Multiparts:		<none>
Body:			<none>
HTTP/1.1 200 OK
Pragma: no-cache
Cache-Control: no-cache, no-store, must-revalidate
Content-Security-Policy: default-src 'none'; script-src 'self'; connect-src 'self'; child-src 'self'; img-src 'self' data:; font-src 'self' data:; style-src 'self'
Referrer-Policy: no-referrer
Access-Control-Allow-Methods: GET,POST,OPTIONS
Access-Control-Allow-Headers: ZAP-Header
X-Frame-Options: DENY
X-XSS-Protection: 1; mode=block
X-Content-Type-Options: nosniff
X-Clacks-Overhead: GNU Terry Pratchett
content-length: 14
Content-Type: application/json; charset=UTF-8

{
    "status": "4"
}
progresso : [4%] 
Request method:	GET
Request URI:	http://localhost:9292/JSON/ascan/view/status/?scanId=1
Proxy:			<none>
Request params:	<none>
Query params:	scanId=1
Form params:	<none>
Path params:	<none>
Headers:		Accept=*/*
Cookies:		<none>
Multiparts:		<none>
Body:			<none>
HTTP/1.1 200 OK
Pragma: no-cache
Cache-Control: no-cache, no-store, must-revalidate
Content-Security-Policy: default-src 'none'; script-src 'self'; connect-src 'self'; child-src 'self'; img-src 'self' data:; font-src 'self' data:; style-src 'self'
Referrer-Policy: no-referrer
Access-Control-Allow-Methods: GET,POST,OPTIONS
Access-Control-Allow-Headers: ZAP-Header
X-Frame-Options: DENY
X-XSS-Protection: 1; mode=block
X-Content-Type-Options: nosniff
X-Clacks-Overhead: GNU Terry Pratchett
content-length: 14
Content-Type: application/json; charset=UTF-8

{
    "status": "4"
}
progresso : [4%] 
Request method:	GET
Request URI:	http://localhost:9292/JSON/ascan/view/status/?scanId=1
Proxy:			<none>
Request params:	<none>
Query params:	scanId=1
Form params:	<none>
Path params:	<none>
Headers:		Accept=*/*
Cookies:		<none>
Multiparts:		<none>
Body:			<none>
HTTP/1.1 200 OK
Pragma: no-cache
Cache-Control: no-cache, no-store, must-revalidate
Content-Security-Policy: default-src 'none'; script-src 'self'; connect-src 'self'; child-src 'self'; img-src 'self' data:; font-src 'self' data:; style-src 'self'
Referrer-Policy: no-referrer
Access-Control-Allow-Methods: GET,POST,OPTIONS
Access-Control-Allow-Headers: ZAP-Header
X-Frame-Options: DENY
X-XSS-Protection: 1; mode=block
X-Content-Type-Options: nosniff
X-Clacks-Overhead: GNU Terry Pratchett
content-length: 14
Content-Type: application/json; charset=UTF-8

{
    "status": "4"
}
progresso : [4%] 
Request method:	GET
Request URI:	http://localhost:9292/JSON/ascan/view/status/?scanId=1
Proxy:			<none>
Request params:	<none>
Query params:	scanId=1
Form params:	<none>
Path params:	<none>
Headers:		Accept=*/*
Cookies:		<none>
Multiparts:		<none>
Body:			<none>
HTTP/1.1 200 OK
Pragma: no-cache
Cache-Control: no-cache, no-store, must-revalidate
Content-Security-Policy: default-src 'none'; script-src 'self'; connect-src 'self'; child-src 'self'; img-src 'self' data:; font-src 'self' data:; style-src 'self'
Referrer-Policy: no-referrer
Access-Control-Allow-Methods: GET,POST,OPTIONS
Access-Control-Allow-Headers: ZAP-Header
X-Frame-Options: DENY
X-XSS-Protection: 1; mode=block
X-Content-Type-Options: nosniff
X-Clacks-Overhead: GNU Terry Pratchett
content-length: 14
Content-Type: application/json; charset=UTF-8

{
    "status": "4"
}
progresso : [4%] 
Request method:	GET
Request URI:	http://localhost:9292/JSON/ascan/view/status/?scanId=1
Proxy:			<none>
Request params:	<none>
Query params:	scanId=1
Form params:	<none>
Path params:	<none>
Headers:		Accept=*/*
Cookies:		<none>
Multiparts:		<none>
Body:			<none>
HTTP/1.1 200 OK
Pragma: no-cache
Cache-Control: no-cache, no-store, must-revalidate
Content-Security-Policy: default-src 'none'; script-src 'self'; connect-src 'self'; child-src 'self'; img-src 'self' data:; font-src 'self' data:; style-src 'self'
Referrer-Policy: no-referrer
Access-Control-Allow-Methods: GET,POST,OPTIONS
Access-Control-Allow-Headers: ZAP-Header
X-Frame-Options: DENY
X-XSS-Protection: 1; mode=block
X-Content-Type-Options: nosniff
X-Clacks-Overhead: GNU Terry Pratchett
content-length: 14
Content-Type: application/json; charset=UTF-8

{
    "status": "4"
}
progresso : [4%] 
Request method:	GET
Request URI:	http://localhost:9292/JSON/ascan/view/status/?scanId=1
Proxy:			<none>
Request params:	<none>
Query params:	scanId=1
Form params:	<none>
Path params:	<none>
Headers:		Accept=*/*
Cookies:		<none>
Multiparts:		<none>
Body:			<none>
HTTP/1.1 200 OK
Pragma: no-cache
Cache-Control: no-cache, no-store, must-revalidate
Content-Security-Policy: default-src 'none'; script-src 'self'; connect-src 'self'; child-src 'self'; img-src 'self' data:; font-src 'self' data:; style-src 'self'
Referrer-Policy: no-referrer
Access-Control-Allow-Methods: GET,POST,OPTIONS
Access-Control-Allow-Headers: ZAP-Header
X-Frame-Options: DENY
X-XSS-Protection: 1; mode=block
X-Content-Type-Options: nosniff
X-Clacks-Overhead: GNU Terry Pratchett
content-length: 14
Content-Type: application/json; charset=UTF-8

{
    "status": "4"
}
progresso : [4%] 
Request method:	GET
Request URI:	http://localhost:9292/JSON/ascan/view/status/?scanId=1
Proxy:			<none>
Request params:	<none>
Query params:	scanId=1
Form params:	<none>
Path params:	<none>
Headers:		Accept=*/*
Cookies:		<none>
Multiparts:		<none>
Body:			<none>
HTTP/1.1 200 OK
Pragma: no-cache
Cache-Control: no-cache, no-store, must-revalidate
Content-Security-Policy: default-src 'none'; script-src 'self'; connect-src 'self'; child-src 'self'; img-src 'self' data:; font-src 'self' data:; style-src 'self'
Referrer-Policy: no-referrer
Access-Control-Allow-Methods: GET,POST,OPTIONS
Access-Control-Allow-Headers: ZAP-Header
X-Frame-Options: DENY
X-XSS-Protection: 1; mode=block
X-Content-Type-Options: nosniff
X-Clacks-Overhead: GNU Terry Pratchett
content-length: 14
Content-Type: application/json; charset=UTF-8

{
    "status": "4"
}
progresso : [4%] 
Request method:	GET
Request URI:	http://localhost:9292/JSON/ascan/view/status/?scanId=1
Proxy:			<none>
Request params:	<none>
Query params:	scanId=1
Form params:	<none>
Path params:	<none>
Headers:		Accept=*/*
Cookies:		<none>
Multiparts:		<none>
Body:			<none>
HTTP/1.1 200 OK
Pragma: no-cache
Cache-Control: no-cache, no-store, must-revalidate
Content-Security-Policy: default-src 'none'; script-src 'self'; connect-src 'self'; child-src 'self'; img-src 'self' data:; font-src 'self' data:; style-src 'self'
Referrer-Policy: no-referrer
Access-Control-Allow-Methods: GET,POST,OPTIONS
Access-Control-Allow-Headers: ZAP-Header
X-Frame-Options: DENY
X-XSS-Protection: 1; mode=block
X-Content-Type-Options: nosniff
X-Clacks-Overhead: GNU Terry Pratchett
content-length: 14
Content-Type: application/json; charset=UTF-8

{
    "status": "4"
}
progresso : [4%] 
Request method:	GET
Request URI:	http://localhost:9292/JSON/ascan/view/status/?scanId=1
Proxy:			<none>
Request params:	<none>
Query params:	scanId=1
Form params:	<none>
Path params:	<none>
Headers:		Accept=*/*
Cookies:		<none>
Multiparts:		<none>
Body:			<none>
HTTP/1.1 200 OK
Pragma: no-cache
Cache-Control: no-cache, no-store, must-revalidate
Content-Security-Policy: default-src 'none'; script-src 'self'; connect-src 'self'; child-src 'self'; img-src 'self' data:; font-src 'self' data:; style-src 'self'
Referrer-Policy: no-referrer
Access-Control-Allow-Methods: GET,POST,OPTIONS
Access-Control-Allow-Headers: ZAP-Header
X-Frame-Options: DENY
X-XSS-Protection: 1; mode=block
X-Content-Type-Options: nosniff
X-Clacks-Overhead: GNU Terry Pratchett
content-length: 14
Content-Type: application/json; charset=UTF-8

{
    "status": "6"
}
progresso : [6%] 
Request method:	GET
Request URI:	http://localhost:9292/JSON/ascan/view/status/?scanId=1
Proxy:			<none>
Request params:	<none>
Query params:	scanId=1
Form params:	<none>
Path params:	<none>
Headers:		Accept=*/*
Cookies:		<none>
Multiparts:		<none>
Body:			<none>
HTTP/1.1 200 OK
Pragma: no-cache
Cache-Control: no-cache, no-store, must-revalidate
Content-Security-Policy: default-src 'none'; script-src 'self'; connect-src 'self'; child-src 'self'; img-src 'self' data:; font-src 'self' data:; style-src 'self'
Referrer-Policy: no-referrer
Access-Control-Allow-Methods: GET,POST,OPTIONS
Access-Control-Allow-Headers: ZAP-Header
X-Frame-Options: DENY
X-XSS-Protection: 1; mode=block
X-Content-Type-Options: nosniff
X-Clacks-Overhead: GNU Terry Pratchett
content-length: 15
Content-Type: application/json; charset=UTF-8

{
    "status": "10"
}
progresso : [10%] 
 Ya se llego al 10% !!!!
Request method:	GET
Request URI:	http://localhost:9292/HTML/ascan/view/scanProgress/?scanId=1
Proxy:			<none>
Request params:	<none>
Query params:	scanId=1
Form params:	<none>
Path params:	<none>
Headers:		Accept=*/*
Cookies:		<none>
Multiparts:		<none>
Body:			<none>
HTTP/1.1 200 OK
Pragma: no-cache
Cache-Control: no-cache, no-store, must-revalidate
Content-Security-Policy: default-src 'none'; script-src 'self'; connect-src 'self'; child-src 'self'; img-src 'self' data:; font-src 'self' data:; style-src 'self'
Referrer-Policy: no-referrer
Access-Control-Allow-Methods: GET,POST,OPTIONS
Access-Control-Allow-Headers: ZAP-Header
X-Frame-Options: DENY
X-XSS-Protection: 1; mode=block
X-Content-Type-Options: nosniff
X-Clacks-Overhead: GNU Terry Pratchett
content-length: 33783
Content-Type: text/html; charset=UTF-8

<html>
  <head/>
  <body>
    <h2>scanProgress</h2>
    <table border="1">
      <tr>
        <td colspan="1" rowspan="1">
          <table border="1">
            <tr>
              <td colspan="1" rowspan="1">
id</td>
              <td colspan="1" rowspan="1">
http://tpi.lat:2095</td>
            </tr>
          </table>
        </td>
      </tr>
      <tr>
        <td colspan="1" rowspan="1">
          <h2>HostProcess</h2>
          <table border="1">
            <tr>
              <td colspan="1" rowspan="1">
                <h2>Plugin</h2>
                <table border="1">
                  <tr>
                    <td colspan="1" rowspan="1">
                      <table border="1">
                        <tr>
                          <td colspan="1" rowspan="1">
name</td>
                          <td colspan="1" rowspan="1">
Ruta Transversal</td>
                        </tr>
                      </table>
                    </td>
                  </tr>
                  <tr>
                    <td colspan="1" rowspan="1">
                      <table border="1">
                        <tr>
                          <td colspan="1" rowspan="1">
id</td>
                          <td colspan="1" rowspan="1">
6</td>
                        </tr>
                      </table>
                    </td>
                  </tr>
                  <tr>
                    <td colspan="1" rowspan="1">
                      <table border="1">
                        <tr>
                          <td colspan="1" rowspan="1">
quality</td>
                          <td colspan="1" rowspan="1">
release</td>
                        </tr>
                      </table>
                    </td>
                  </tr>
                  <tr>
                    <td colspan="1" rowspan="1">
                      <table border="1">
                        <tr>
                          <td colspan="1" rowspan="1">
status</td>
                          <td colspan="1" rowspan="1">
Complete</td>
                        </tr>
                      </table>
                    </td>
                  </tr>
                  <tr>
                    <td colspan="1" rowspan="1">
                      <table border="1">
                        <tr>
                          <td colspan="1" rowspan="1">
timeInMs</td>
                          <td colspan="1" rowspan="1">
111256</td>
                        </tr>
                      </table>
                    </td>
                  </tr>
                  <tr>
                    <td colspan="1" rowspan="1">
                      <table border="1">
                        <tr>
                          <td colspan="1" rowspan="1">
reqCount</td>
                          <td colspan="1" rowspan="1">
327</td>
                        </tr>
                      </table>
                    </td>
                  </tr>
                  <tr>
                    <td colspan="1" rowspan="1">
                      <table border="1">
                        <tr>
                          <td colspan="1" rowspan="1">
alertCount</td>
                          <td colspan="1" rowspan="1">
4</td>
                        </tr>
                      </table>
                    </td>
                  </tr>
                </table>
              </td>
            </tr>
            <tr>
              <td colspan="1" rowspan="1">
                <h2>Plugin</h2>
                <table border="1">
                  <tr>
                    <td colspan="1" rowspan="1">
                      <table border="1">
                        <tr>
                          <td colspan="1" rowspan="1">
name</td>
                          <td colspan="1" rowspan="1">
Inclusión Remota de Archivos</td>
                        </tr>
                      </table>
                    </td>
                  </tr>
                  <tr>
                    <td colspan="1" rowspan="1">
                      <table border="1">
                        <tr>
                          <td colspan="1" rowspan="1">
id</td>
                          <td colspan="1" rowspan="1">
7</td>
                        </tr>
                      </table>
                    </td>
                  </tr>
                  <tr>
                    <td colspan="1" rowspan="1">
                      <table border="1">
                        <tr>
                          <td colspan="1" rowspan="1">
quality</td>
                          <td colspan="1" rowspan="1">
release</td>
                        </tr>
                      </table>
                    </td>
                  </tr>
                  <tr>
                    <td colspan="1" rowspan="1">
                      <table border="1">
                        <tr>
                          <td colspan="1" rowspan="1">
status</td>
                          <td colspan="1" rowspan="1">
Complete</td>
                        </tr>
                      </table>
                    </td>
                  </tr>
                  <tr>
                    <td colspan="1" rowspan="1">
                      <table border="1">
                        <tr>
                          <td colspan="1" rowspan="1">
timeInMs</td>
                          <td colspan="1" rowspan="1">
71974</td>
                        </tr>
                      </table>
                    </td>
                  </tr>
                  <tr>
                    <td colspan="1" rowspan="1">
                      <table border="1">
                        <tr>
                          <td colspan="1" rowspan="1">
reqCount</td>
                          <td colspan="1" rowspan="1">
240</td>
                        </tr>
                      </table>
                    </td>
                  </tr>
                  <tr>
                    <td colspan="1" rowspan="1">
                      <table border="1">
                        <tr>
                          <td colspan="1" rowspan="1">
alertCount</td>
                          <td colspan="1" rowspan="1">
0</td>
                        </tr>
                      </table>
                    </td>
                  </tr>
                </table>
              </td>
            </tr>
            <tr>
              <td colspan="1" rowspan="1">
                <h2>Plugin</h2>
                <table border="1">
                  <tr>
                    <td colspan="1" rowspan="1">
                      <table border="1">
                        <tr>
                          <td colspan="1" rowspan="1">
name</td>
                          <td colspan="1" rowspan="1">
Divulgación del Código Fuente - / carpeta WEB-INF</td>
                        </tr>
                      </table>
                    </td>
                  </tr>
                  <tr>
                    <td colspan="1" rowspan="1">
                      <table border="1">
                        <tr>
                          <td colspan="1" rowspan="1">
id</td>
                          <td colspan="1" rowspan="1">
10045</td>
                        </tr>
                      </table>
                    </td>
                  </tr>
                  <tr>
                    <td colspan="1" rowspan="1">
                      <table border="1">
                        <tr>
                          <td colspan="1" rowspan="1">
quality</td>
                          <td colspan="1" rowspan="1">
release</td>
                        </tr>
                      </table>
                    </td>
                  </tr>
                  <tr>
                    <td colspan="1" rowspan="1">
                      <table border="1">
                        <tr>
                          <td colspan="1" rowspan="1">
status</td>
                          <td colspan="1" rowspan="1">
Complete</td>
                        </tr>
                      </table>
                    </td>
                  </tr>
                  <tr>
                    <td colspan="1" rowspan="1">
                      <table border="1">
                        <tr>
                          <td colspan="1" rowspan="1">
timeInMs</td>
                          <td colspan="1" rowspan="1">
556</td>
                        </tr>
                      </table>
                    </td>
                  </tr>
                  <tr>
                    <td colspan="1" rowspan="1">
                      <table border="1">
                        <tr>
                          <td colspan="1" rowspan="1">
reqCount</td>
                          <td colspan="1" rowspan="1">
2</td>
                        </tr>
                      </table>
                    </td>
                  </tr>
                  <tr>
                    <td colspan="1" rowspan="1">
                      <table border="1">
                        <tr>
                          <td colspan="1" rowspan="1">
alertCount</td>
                          <td colspan="1" rowspan="1">
0</td>
                        </tr>
                      </table>
                    </td>
                  </tr>
                </table>
              </td>
            </tr>
            <tr>
              <td colspan="1" rowspan="1">
                <h2>Plugin</h2>
                <table border="1">
                  <tr>
                    <td colspan="1" rowspan="1">
                      <table border="1">
                        <tr>
                          <td colspan="1" rowspan="1">
name</td>
                          <td colspan="1" rowspan="1">
Vulnerabilidades de OpenSSL HeartBleed</td>
                        </tr>
                      </table>
                    </td>
                  </tr>
                  <tr>
                    <td colspan="1" rowspan="1">
                      <table border="1">
                        <tr>
                          <td colspan="1" rowspan="1">
id</td>
                          <td colspan="1" rowspan="1">
20015</td>
                        </tr>
                      </table>
                    </td>
                  </tr>
                  <tr>
                    <td colspan="1" rowspan="1">
                      <table border="1">
                        <tr>
                          <td colspan="1" rowspan="1">
quality</td>
                          <td colspan="1" rowspan="1">
release</td>
                        </tr>
                      </table>
                    </td>
                  </tr>
                  <tr>
                    <td colspan="1" rowspan="1">
                      <table border="1">
                        <tr>
                          <td colspan="1" rowspan="1">
status</td>
                          <td colspan="1" rowspan="1">
Complete</td>
                        </tr>
                      </table>
                    </td>
                  </tr>
                  <tr>
                    <td colspan="1" rowspan="1">
                      <table border="1">
                        <tr>
                          <td colspan="1" rowspan="1">
timeInMs</td>
                          <td colspan="1" rowspan="1">
1111</td>
                        </tr>
                      </table>
                    </td>
                  </tr>
                  <tr>
                    <td colspan="1" rowspan="1">
                      <table border="1">
                        <tr>
                          <td colspan="1" rowspan="1">
reqCount</td>
                          <td colspan="1" rowspan="1">
3</td>
                        </tr>
                      </table>
                    </td>
                  </tr>
                  <tr>
                    <td colspan="1" rowspan="1">
                      <table border="1">
                        <tr>
                          <td colspan="1" rowspan="1">
alertCount</td>
                          <td colspan="1" rowspan="1">
0</td>
                        </tr>
                      </table>
                    </td>
                  </tr>
                </table>
              </td>
            </tr>
            <tr>
              <td colspan="1" rowspan="1">
                <h2>Plugin</h2>
                <table border="1">
                  <tr>
                    <td colspan="1" rowspan="1">
                      <table border="1">
                        <tr>
                          <td colspan="1" rowspan="1">
name</td>
                          <td colspan="1" rowspan="1">
Divulgación del Código Fuente - CVE-2012-1823</td>
                        </tr>
                      </table>
                    </td>
                  </tr>
                  <tr>
                    <td colspan="1" rowspan="1">
                      <table border="1">
                        <tr>
                          <td colspan="1" rowspan="1">
id</td>
                          <td colspan="1" rowspan="1">
20017</td>
                        </tr>
                      </table>
                    </td>
                  </tr>
                  <tr>
                    <td colspan="1" rowspan="1">
                      <table border="1">
                        <tr>
                          <td colspan="1" rowspan="1">
quality</td>
                          <td colspan="1" rowspan="1">
release</td>
                        </tr>
                      </table>
                    </td>
                  </tr>
                  <tr>
                    <td colspan="1" rowspan="1">
                      <table border="1">
                        <tr>
                          <td colspan="1" rowspan="1">
status</td>
                          <td colspan="1" rowspan="1">
83%</td>
                        </tr>
                      </table>
                    </td>
                  </tr>
                  <tr>
                    <td colspan="1" rowspan="1">
                      <table border="1">
                        <tr>
                          <td colspan="1" rowspan="1">
timeInMs</td>
                          <td colspan="1" rowspan="1">
5840</td>
                        </tr>
                      </table>
                    </td>
                  </tr>
                  <tr>
                    <td colspan="1" rowspan="1">
                      <table border="1">
                        <tr>
                          <td colspan="1" rowspan="1">
reqCount</td>
                          <td colspan="1" rowspan="1">
47</td>
                        </tr>
                      </table>
                    </td>
                  </tr>
                  <tr>
                    <td colspan="1" rowspan="1">
                      <table border="1">
                        <tr>
                          <td colspan="1" rowspan="1">
alertCount</td>
                          <td colspan="1" rowspan="1">
0</td>
                        </tr>
                      </table>
                    </td>
                  </tr>
                </table>
              </td>
            </tr>
            <tr>
              <td colspan="1" rowspan="1">
                <h2>Plugin</h2>
                <table border="1">
                  <tr>
                    <td colspan="1" rowspan="1">
                      <table border="1">
                        <tr>
                          <td colspan="1" rowspan="1">
name</td>
                          <td colspan="1" rowspan="1">
Ejecución Remota de Código - CVE-2012-1823</td>
                        </tr>
                      </table>
                    </td>
                  </tr>
                  <tr>
                    <td colspan="1" rowspan="1">
                      <table border="1">
                        <tr>
                          <td colspan="1" rowspan="1">
id</td>
                          <td colspan="1" rowspan="1">
20018</td>
                        </tr>
                      </table>
                    </td>
                  </tr>
                  <tr>
                    <td colspan="1" rowspan="1">
                      <table border="1">
                        <tr>
                          <td colspan="1" rowspan="1">
quality</td>
                          <td colspan="1" rowspan="1">
release</td>
                        </tr>
                      </table>
                    </td>
                  </tr>
                  <tr>
                    <td colspan="1" rowspan="1">
                      <table border="1">
                        <tr>
                          <td colspan="1" rowspan="1">
status</td>
                          <td colspan="1" rowspan="1">
Pending</td>
                        </tr>
                      </table>
                    </td>
                  </tr>
                  <tr>
                    <td colspan="1" rowspan="1">
                      <table border="1">
                        <tr>
                          <td colspan="1" rowspan="1">
timeInMs</td>
                          <td colspan="1" rowspan="1">
0</td>
                        </tr>
                      </table>
                    </td>
                  </tr>
                  <tr>
                    <td colspan="1" rowspan="1">
                      <table border="1">
                        <tr>
                          <td colspan="1" rowspan="1">
reqCount</td>
                          <td colspan="1" rowspan="1">
0</td>
                        </tr>
                      </table>
                    </td>
                  </tr>
                  <tr>
                    <td colspan="1" rowspan="1">
                      <table border="1">
                        <tr>
                          <td colspan="1" rowspan="1">
alertCount</td>
                          <td colspan="1" rowspan="1">
0</td>
                        </tr>
                      </table>
                    </td>
                  </tr>
                </table>
              </td>
            </tr>
            <tr>
              <td colspan="1" rowspan="1">
                <h2>Plugin</h2>
                <table border="1">
                  <tr>
                    <td colspan="1" rowspan="1">
                      <table border="1">
                        <tr>
                          <td colspan="1" rowspan="1">
name</td>
                          <td colspan="1" rowspan="1">
Redirección Externa</td>
                        </tr>
                      </table>
                    </td>
                  </tr>
                  <tr>
                    <td colspan="1" rowspan="1">
                      <table border="1">
                        <tr>
                          <td colspan="1" rowspan="1">
id</td>
                          <td colspan="1" rowspan="1">
20019</td>
                        </tr>
                      </table>
                    </td>
                  </tr>
                  <tr>
                    <td colspan="1" rowspan="1">
                      <table border="1">
                        <tr>
                          <td colspan="1" rowspan="1">
quality</td>
                          <td colspan="1" rowspan="1">
release</td>
                        </tr>
                      </table>
                    </td>
                  </tr>
                  <tr>
                    <td colspan="1" rowspan="1">
                      <table border="1">
                        <tr>
                          <td colspan="1" rowspan="1">
status</td>
                          <td colspan="1" rowspan="1">
Pending</td>
                        </tr>
                      </table>
                    </td>
                  </tr>
                  <tr>
                    <td colspan="1" rowspan="1">
                      <table border="1">
                        <tr>
                          <td colspan="1" rowspan="1">
timeInMs</td>
                          <td colspan="1" rowspan="1">
0</td>
                        </tr>
                      </table>
                    </td>
                  </tr>
                  <tr>
                    <td colspan="1" rowspan="1">
                      <table border="1">
                        <tr>
                          <td colspan="1" rowspan="1">
reqCount</td>
                          <td colspan="1" rowspan="1">
0</td>
                        </tr>
                      </table>
                    </td>
                  </tr>
                  <tr>
                    <td colspan="1" rowspan="1">
                      <table border="1">
                        <tr>
                          <td colspan="1" rowspan="1">
alertCount</td>
                          <td colspan="1" rowspan="1">
0</td>
                        </tr>
                      </table>
                    </td>
                  </tr>
                </table>
              </td>
            </tr>
            <tr>
              <td colspan="1" rowspan="1">
                <h2>Plugin</h2>
                <table border="1">
                  <tr>
                    <td colspan="1" rowspan="1">
                      <table border="1">
                        <tr>
                          <td colspan="1" rowspan="1">
name</td>
                          <td colspan="1" rowspan="1">
Server Side Include</td>
                        </tr>
                      </table>
                    </td>
                  </tr>
                  <tr>
                    <td colspan="1" rowspan="1">
                      <table border="1">
                        <tr>
                          <td colspan="1" rowspan="1">
id</td>
                          <td colspan="1" rowspan="1">
40009</td>
                        </tr>
                      </table>
                    </td>
                  </tr>
                  <tr>
                    <td colspan="1" rowspan="1">
                      <table border="1">
                        <tr>
                          <td colspan="1" rowspan="1">
quality</td>
                          <td colspan="1" rowspan="1">
release</td>
                        </tr>
                      </table>
                    </td>
                  </tr>
                  <tr>
                    <td colspan="1" rowspan="1">
                      <table border="1">
                        <tr>
                          <td colspan="1" rowspan="1">
status</td>
                          <td colspan="1" rowspan="1">
Pending</td>
                        </tr>
                      </table>
                    </td>
                  </tr>
                  <tr>
                    <td colspan="1" rowspan="1">
                      <table border="1">
                        <tr>
                          <td colspan="1" rowspan="1">
timeInMs</td>
                          <td colspan="1" rowspan="1">
0</td>
                        </tr>
                      </table>
                    </td>
                  </tr>
                  <tr>
                    <td colspan="1" rowspan="1">
                      <table border="1">
                        <tr>
                          <td colspan="1" rowspan="1">
reqCount</td>
                          <td colspan="1" rowspan="1">
0</td>
                        </tr>
                      </table>
                    </td>
                  </tr>
                  <tr>
                    <td colspan="1" rowspan="1">
                      <table border="1">
                        <tr>
                          <td colspan="1" rowspan="1">
alertCount</td>
                          <td colspan="1" rowspan="1">
0</td>
                        </tr>
                      </table>
                    </td>
                  </tr>
                </table>
              </td>
            </tr>
            <tr>
              <td colspan="1" rowspan="1">
                <h2>Plugin</h2>
                <table border="1">
                  <tr>
                    <td colspan="1" rowspan="1">
                      <table border="1">
                        <tr>
                          <td colspan="1" rowspan="1">
name</td>
                          <td colspan="1" rowspan="1">
Cross Site Scripting (Reflected)</td>
                        </tr>
                      </table>
                    </td>
                  </tr>
                  <tr>
                    <td colspan="1" rowspan="1">
                      <table border="1">
                        <tr>
                          <td colspan="1" rowspan="1">
id</td>
                          <td colspan="1" rowspan="1">
40012</td>
                        </tr>
                      </table>
                    </td>
                  </tr>
                  <tr>
                    <td colspan="1" rowspan="1">
                      <table border="1">
                        <tr>
                          <td colspan="1" rowspan="1">
quality</td>
                          <td colspan="1" rowspan="1">
release</td>
                        </tr>
                      </table>
                    </td>
                  </tr>
                  <tr>
                    <td colspan="1" rowspan="1">
                      <table border="1">
                        <tr>
                          <td colspan="1" rowspan="1">
status</td>
                          <td colspan="1" rowspan="1">
Pending</td>
                        </tr>
                      </table>
                    </td>
                  </tr>
                  <tr>
                    <td colspan="1" rowspan="1">
                      <table border="1">
                        <tr>
                          <td colspan="1" rowspan="1">
timeInMs</td>
                          <td colspan="1" rowspan="1">
0</td>
                        </tr>
                      </table>
                    </td>
                  </tr>
                  <tr>
                    <td colspan="1" rowspan="1">
                      <table border="1">
                        <tr>
                          <td colspan="1" rowspan="1">
reqCount</td>
                          <td colspan="1" rowspan="1">
0</td>
                        </tr>
                      </table>
                    </td>
                  </tr>
                  <tr>
                    <td colspan="1" rowspan="1">
                      <table border="1">
                        <tr>
                          <td colspan="1" rowspan="1">
alertCount</td>
                          <td colspan="1" rowspan="1">
0</td>
                        </tr>
                      </table>
                    </td>
                  </tr>
                </table>
              </td>
            </tr>
            <tr>
              <td colspan="1" rowspan="1">
                <h2>Plugin</h2>
                <table border="1">
                  <tr>
                    <td colspan="1" rowspan="1">
                      <table border="1">
                        <tr>
                          <td colspan="1" rowspan="1">
name</td>
                          <td colspan="1" rowspan="1">
Cross Site Scripting (Persistente) - Prime</td>
                        </tr>
                      </table>
                    </td>
                  </tr>
                  <tr>
                    <td colspan="1" rowspan="1">
                      <table border="1">
                        <tr>
                          <td colspan="1" rowspan="1">
id</td>
                          <td colspan="1" rowspan="1">
40016</td>
                        </tr>
                      </table>
                    </td>
                  </tr>
                  <tr>
                    <td colspan="1" rowspan="1">
                      <table border="1">
                        <tr>
                          <td colspan="1" rowspan="1">
quality</td>
                          <td colspan="1" rowspan="1">
release</td>
                        </tr>
                      </table>
                    </td>
                  </tr>
                  <tr>
                    <td colspan="1" rowspan="1">
                      <table border="1">
                        <tr>
                          <td colspan="1" rowspan="1">
status</td>
                          <td colspan="1" rowspan="1">
Pending</td>
                        </tr>
                      </table>
                    </td>
                  </tr>
                  <tr>
                    <td colspan="1" rowspan="1">
                      <table border="1">
                        <tr>
                          <td colspan="1" rowspan="1">
timeInMs</td>
                          <td colspan="1" rowspan="1">
0</td>
                        </tr>
                      </table>
                    </td>
                  </tr>
                  <tr>
                    <td colspan="1" rowspan="1">
                      <table border="1">
                        <tr>
                          <td colspan="1" rowspan="1">
reqCount</td>
                          <td colspan="1" rowspan="1">
0</td>
                        </tr>
                      </table>
                    </td>
                  </tr>
                  <tr>
                    <td colspan="1" rowspan="1">
                      <table border="1">
                        <tr>
                          <td colspan="1" rowspan="1">
alertCount</td>
                          <td colspan="1" rowspan="1">
0</td>
                        </tr>
                      </table>
                    </td>
                  </tr>
                </table>
              </td>
            </tr>
            <tr>
              <td colspan="1" rowspan="1">
                <h2>Plugin</h2>
                <table border="1">
                  <tr>
                    <td colspan="1" rowspan="1">
                      <table border="1">
                        <tr>
                          <td colspan="1" rowspan="1">
name</td>
                          <td colspan="1" rowspan="1">
Cross Site Scripting (Persistente) - Spider</td>
                        </tr>
                      </table>
                    </td>
                  </tr>
                  <tr>
                    <td colspan="1" rowspan="1">
                      <table border="1">
                        <tr>
                          <td colspan="1" rowspan="1">
id</td>
                          <td colspan="1" rowspan="1">
40017</td>
                        </tr>
                      </table>
                    </td>
                  </tr>
                  <tr>
                    <td colspan="1" rowspan="1">
                      <table border="1">
                        <tr>
                          <td colspan="1" rowspan="1">
quality</td>
                          <td colspan="1" rowspan="1">
release</td>
                        </tr>
                      </table>
                    </td>
                  </tr>
                  <tr>
                    <td colspan="1" rowspan="1">
                      <table border="1">
                        <tr>
                          <td colspan="1" rowspan="1">
status</td>
                          <td colspan="1" rowspan="1">
Pending</td>
                        </tr>
                      </table>
                    </td>
                  </tr>
                  <tr>
                    <td colspan="1" rowspan="1">
                      <table border="1">
                        <tr>
                          <td colspan="1" rowspan="1">
timeInMs</td>
                          <td colspan="1" rowspan="1">
0</td>
                        </tr>
                      </table>
                    </td>
                  </tr>
                  <tr>
                    <td colspan="1" rowspan="1">
                      <table border="1">
                        <tr>
                          <td colspan="1" rowspan="1">
reqCount</td>
                          <td colspan="1" rowspan="1">
0</td>
                        </tr>
                      </table>
                    </td>
                  </tr>
                  <tr>
                    <td colspan="1" rowspan="1">
                      <table border="1">
                        <tr>
                          <td colspan="1" rowspan="1">
alertCount</td>
                          <td colspan="1" rowspan="1">
0</td>
                        </tr>
                      </table>
                    </td>
                  </tr>
                </table>
              </td>
            </tr>
            <tr>
              <td colspan="1" rowspan="1">
                <h2>Plugin</h2>
                <table border="1">
                  <tr>
                    <td colspan="1" rowspan="1">
                      <table border="1">
                        <tr>
                          <td colspan="1" rowspan="1">
name</td>
                          <td colspan="1" rowspan="1">
Cross Site Scripting XSS (Persistente)</td>
                        </tr>
                      </table>
                    </td>
                  </tr>
                  <tr>
                    <td colspan="1" rowspan="1">
                      <table border="1">
                        <tr>
                          <td colspan="1" rowspan="1">
id</td>
                          <td colspan="1" rowspan="1">
40014</td>
                        </tr>
                      </table>
                    </td>
                  </tr>
                  <tr>
                    <td colspan="1" rowspan="1">
                      <table border="1">
                        <tr>
                          <td colspan="1" rowspan="1">
quality</td>
                          <td colspan="1" rowspan="1">
release</td>
                        </tr>
                      </table>
                    </td>
                  </tr>
                  <tr>
                    <td colspan="1" rowspan="1">
                      <table border="1">
                        <tr>
                          <td colspan="1" rowspan="1">
status</td>
                          <td colspan="1" rowspan="1">
Pending</td>
                        </tr>
                      </table>
                    </td>
                  </tr>
                  <tr>
                    <td colspan="1" rowspan="1">
                      <table border="1">
                        <tr>
                          <td colspan="1" rowspan="1">
timeInMs</td>
                          <td colspan="1" rowspan="1">
0</td>
                        </tr>
                      </table>
                    </td>
                  </tr>
                  <tr>
                    <td colspan="1" rowspan="1">
                      <table border="1">
                        <tr>
                          <td colspan="1" rowspan="1">
reqCount</td>
                          <td colspan="1" rowspan="1">
0</td>
                        </tr>
                      </table>
                    </td>
                  </tr>
                  <tr>
                    <td colspan="1" rowspan="1">
                      <table border="1">
                        <tr>
                          <td colspan="1" rowspan="1">
alertCount</td>
                          <td colspan="1" rowspan="1">
0</td>
                        </tr>
                      </table>
                    </td>
                  </tr>
                </table>
              </td>
            </tr>
            <tr>
              <td colspan="1" rowspan="1">
                <h2>Plugin</h2>
                <table border="1">
                  <tr>
                    <td colspan="1" rowspan="1">
                      <table border="1">
                        <tr>
                          <td colspan="1" rowspan="1">
name</td>
                          <td colspan="1" rowspan="1">
Inyección SQL</td>
                        </tr>
                      </table>
                    </td>
                  </tr>
                  <tr>
                    <td colspan="1" rowspan="1">
                      <table border="1">
                        <tr>
                          <td colspan="1" rowspan="1">
id</td>
                          <td colspan="1" rowspan="1">
40018</td>
                        </tr>
                      </table>
                    </td>
                  </tr>
                  <tr>
                    <td colspan="1" rowspan="1">
                      <table border="1">
                        <tr>
                          <td colspan="1" rowspan="1">
quality</td>
                          <td colspan="1" rowspan="1">
release</td>
                        </tr>
                      </table>
                    </td>
                  </tr>
                  <tr>
                    <td colspan="1" rowspan="1">
                      <table border="1">
                        <tr>
                          <td colspan="1" rowspan="1">
status</td>
                          <td colspan="1" rowspan="1">
Pending</td>
                        </tr>
                      </table>
                    </td>
                  </tr>
                  <tr>
                    <td colspan="1" rowspan="1">
                      <table border="1">
                        <tr>
                          <td colspan="1" rowspan="1">
timeInMs</td>
                          <td colspan="1" rowspan="1">
0</td>
                        </tr>
                      </table>
                    </td>
                  </tr>
                  <tr>
                    <td colspan="1" rowspan="1">
                      <table border="1">
                        <tr>
                          <td colspan="1" rowspan="1">
reqCount</td>
                          <td colspan="1" rowspan="1">
0</td>
                        </tr>
                      </table>
                    </td>
                  </tr>
                  <tr>
                    <td colspan="1" rowspan="1">
                      <table border="1">
                        <tr>
                          <td colspan="1" rowspan="1">
alertCount</td>
                          <td colspan="1" rowspan="1">
0</td>
                        </tr>
                      </table>
                    </td>
                  </tr>
                </table>
              </td>
            </tr>
            <tr>
              <td colspan="1" rowspan="1">
                <h2>Plugin</h2>
                <table border="1">
                  <tr>
                    <td colspan="1" rowspan="1">
                      <table border="1">
                        <tr>
                          <td colspan="1" rowspan="1">
name</td>
                          <td colspan="1" rowspan="1">
Inyección SQL - MySQL</td>
                        </tr>
                      </table>
                    </td>
                  </tr>
                  <tr>
                    <td colspan="1" rowspan="1">
                      <table border="1">
                        <tr>
                          <td colspan="1" rowspan="1">
id</td>
                          <td colspan="1" rowspan="1">
40019</td>
                        </tr>
                      </table>
                    </td>
                  </tr>
                  <tr>
                    <td colspan="1" rowspan="1">
                      <table border="1">
                        <tr>
                          <td colspan="1" rowspan="1">
quality</td>
                          <td colspan="1" rowspan="1">
release</td>
                        </tr>
                      </table>
                    </td>
                  </tr>
                  <tr>
                    <td colspan="1" rowspan="1">
                      <table border="1">
                        <tr>
                          <td colspan="1" rowspan="1">
status</td>
                          <td colspan="1" rowspan="1">
Pending</td>
                        </tr>
                      </table>
                    </td>
                  </tr>
                  <tr>
                    <td colspan="1" rowspan="1">
                      <table border="1">
                        <tr>
                          <td colspan="1" rowspan="1">
timeInMs</td>
                          <td colspan="1" rowspan="1">
0</td>
                        </tr>
                      </table>
                    </td>
                  </tr>
                  <tr>
                    <td colspan="1" rowspan="1">
                      <table border="1">
                        <tr>
                          <td colspan="1" rowspan="1">
reqCount</td>
                          <td colspan="1" rowspan="1">
0</td>
                        </tr>
                      </table>
                    </td>
                  </tr>
                  <tr>
                    <td colspan="1" rowspan="1">
                      <table border="1">
                        <tr>
                          <td colspan="1" rowspan="1">
alertCount</td>
                          <td colspan="1" rowspan="1">
0</td>
                        </tr>
                      </table>
                    </td>
                  </tr>
                </table>
              </td>
            </tr>
            <tr>
              <td colspan="1" rowspan="1">
                <h2>Plugin</h2>
                <table border="1">
                  <tr>
                    <td colspan="1" rowspan="1">
                      <table border="1">
                        <tr>
                          <td colspan="1" rowspan="1">
name</td>
                          <td colspan="1" rowspan="1">
Inyección SQL - SQL Hipersónico</td>
                        </tr>
                      </table>
                    </td>
                  </tr>
                  <tr>
                    <td colspan="1" rowspan="1">
                      <table border="1">
                        <tr>
                          <td colspan="1" rowspan="1">
id</td>
                          <td colspan="1" rowspan="1">
40020</td>
                        </tr>
                      </table>
                    </td>
                  </tr>
                  <tr>
                    <td colspan="1" rowspan="1">
                      <table border="1">
                        <tr>
                          <td colspan="1" rowspan="1">
quality</td>
                          <td colspan="1" rowspan="1">
release</td>
                        </tr>
                      </table>
                    </td>
                  </tr>
                  <tr>
                    <td colspan="1" rowspan="1">
                      <table border="1">
                        <tr>
                          <td colspan="1" rowspan="1">
status</td>
                          <td colspan="1" rowspan="1">
Pending</td>
                        </tr>
                      </table>
                    </td>
                  </tr>
                  <tr>
                    <td colspan="1" rowspan="1">
                      <table border="1">
                        <tr>
                          <td colspan="1" rowspan="1">
timeInMs</td>
                          <td colspan="1" rowspan="1">
0</td>
                        </tr>
                      </table>
                    </td>
                  </tr>
                  <tr>
                    <td colspan="1" rowspan="1">
                      <table border="1">
                        <tr>
                          <td colspan="1" rowspan="1">
reqCount</td>
                          <td colspan="1" rowspan="1">
0</td>
                        </tr>
                      </table>
                    </td>
                  </tr>
                  <tr>
                    <td colspan="1" rowspan="1">
                      <table border="1">
                        <tr>
                          <td colspan="1" rowspan="1">
alertCount</td>
                          <td colspan="1" rowspan="1">
0</td>
                        </tr>
                      </table>
                    </td>
                  </tr>
                </table>
              </td>
            </tr>
            <tr>
              <td colspan="1" rowspan="1">
                <h2>Plugin</h2>
                <table border="1">
                  <tr>
                    <td colspan="1" rowspan="1">
                      <table border="1">
                        <tr>
                          <td colspan="1" rowspan="1">
name</td>
                          <td colspan="1" rowspan="1">
Inyección SQL - Oracle</td>
                        </tr>
                      </table>
                    </td>
                  </tr>
                  <tr>
                    <td colspan="1" rowspan="1">
                      <table border="1">
                        <tr>
                          <td colspan="1" rowspan="1">
id</td>
                          <td colspan="1" rowspan="1">
40021</td>
                        </tr>
                      </table>
                    </td>
                  </tr>
                  <tr>
                    <td colspan="1" rowspan="1">
                      <table border="1">
                        <tr>
                          <td colspan="1" rowspan="1">
quality</td>
                          <td colspan="1" rowspan="1">
release</td>
                        </tr>
                      </table>
                    </td>
                  </tr>
                  <tr>
                    <td colspan="1" rowspan="1">
                      <table border="1">
                        <tr>
                          <td colspan="1" rowspan="1">
status</td>
                          <td colspan="1" rowspan="1">
Pending</td>
                        </tr>
                      </table>
                    </td>
                  </tr>
                  <tr>
                    <td colspan="1" rowspan="1">
                      <table border="1">
                        <tr>
                          <td colspan="1" rowspan="1">
timeInMs</td>
                          <td colspan="1" rowspan="1">
0</td>
                        </tr>
                      </table>
                    </td>
                  </tr>
                  <tr>
                    <td colspan="1" rowspan="1">
                      <table border="1">
                        <tr>
                          <td colspan="1" rowspan="1">
reqCount</td>
                          <td colspan="1" rowspan="1">
0</td>
                        </tr>
                      </table>
                    </td>
                  </tr>
                  <tr>
                    <td colspan="1" rowspan="1">
                      <table border="1">
                        <tr>
                          <td colspan="1" rowspan="1">
alertCount</td>
                          <td colspan="1" rowspan="1">
0</td>
                        </tr>
                      </table>
                    </td>
                  </tr>
                </table>
              </td>
            </tr>
            <tr>
              <td colspan="1" rowspan="1">
                <h2>Plugin</h2>
                <table border="1">
                  <tr>
                    <td colspan="1" rowspan="1">
                      <table border="1">
                        <tr>
                          <td colspan="1" rowspan="1">
name</td>
                          <td colspan="1" rowspan="1">
Inyección SQL - PostgreSQL</td>
                        </tr>
                      </table>
                    </td>
                  </tr>
                  <tr>
                    <td colspan="1" rowspan="1">
                      <table border="1">
                        <tr>
                          <td colspan="1" rowspan="1">
id</td>
                          <td colspan="1" rowspan="1">
40022</td>
                        </tr>
                      </table>
                    </td>
                  </tr>
                  <tr>
                    <td colspan="1" rowspan="1">
                      <table border="1">
                        <tr>
                          <td colspan="1" rowspan="1">
quality</td>
                          <td colspan="1" rowspan="1">
release</td>
                        </tr>
                      </table>
                    </td>
                  </tr>
                  <tr>
                    <td colspan="1" rowspan="1">
                      <table border="1">
                        <tr>
                          <td colspan="1" rowspan="1">
status</td>
                          <td colspan="1" rowspan="1">
Pending</td>
                        </tr>
                      </table>
                    </td>
                  </tr>
                  <tr>
                    <td colspan="1" rowspan="1">
                      <table border="1">
                        <tr>
                          <td colspan="1" rowspan="1">
timeInMs</td>
                          <td colspan="1" rowspan="1">
0</td>
                        </tr>
                      </table>
                    </td>
                  </tr>
                  <tr>
                    <td colspan="1" rowspan="1">
                      <table border="1">
                        <tr>
                          <td colspan="1" rowspan="1">
reqCount</td>
                          <td colspan="1" rowspan="1">
0</td>
                        </tr>
                      </table>
                    </td>
                  </tr>
                  <tr>
                    <td colspan="1" rowspan="1">
                      <table border="1">
                        <tr>
                          <td colspan="1" rowspan="1">
alertCount</td>
                          <td colspan="1" rowspan="1">
0</td>
                        </tr>
                      </table>
                    </td>
                  </tr>
                </table>
              </td>
            </tr>
            <tr>
              <td colspan="1" rowspan="1">
                <h2>Plugin</h2>
                <table border="1">
                  <tr>
                    <td colspan="1" rowspan="1">
                      <table border="1">
                        <tr>
                          <td colspan="1" rowspan="1">
name</td>
                          <td colspan="1" rowspan="1">
Inyección SQL - SQLite</td>
                        </tr>
                      </table>
                    </td>
                  </tr>
                  <tr>
                    <td colspan="1" rowspan="1">
                      <table border="1">
                        <tr>
                          <td colspan="1" rowspan="1">
id</td>
                          <td colspan="1" rowspan="1">
40024</td>
                        </tr>
                      </table>
                    </td>
                  </tr>
                  <tr>
                    <td colspan="1" rowspan="1">
                      <table border="1">
                        <tr>
                          <td colspan="1" rowspan="1">
quality</td>
                          <td colspan="1" rowspan="1">
release</td>
                        </tr>
                      </table>
                    </td>
                  </tr>
                  <tr>
                    <td colspan="1" rowspan="1">
                      <table border="1">
                        <tr>
                          <td colspan="1" rowspan="1">
status</td>
                          <td colspan="1" rowspan="1">
Pending</td>
                        </tr>
                      </table>
                    </td>
                  </tr>
                  <tr>
                    <td colspan="1" rowspan="1">
                      <table border="1">
                        <tr>
                          <td colspan="1" rowspan="1">
timeInMs</td>
                          <td colspan="1" rowspan="1">
0</td>
                        </tr>
                      </table>
                    </td>
                  </tr>
                  <tr>
                    <td colspan="1" rowspan="1">
                      <table border="1">
                        <tr>
                          <td colspan="1" rowspan="1">
reqCount</td>
                          <td colspan="1" rowspan="1">
0</td>
                        </tr>
                      </table>
                    </td>
                  </tr>
                  <tr>
                    <td colspan="1" rowspan="1">
                      <table border="1">
                        <tr>
                          <td colspan="1" rowspan="1">
alertCount</td>
                          <td colspan="1" rowspan="1">
0</td>
                        </tr>
                      </table>
                    </td>
                  </tr>
                </table>
              </td>
            </tr>
            <tr>
              <td colspan="1" rowspan="1">
                <h2>Plugin</h2>
                <table border="1">
                  <tr>
                    <td colspan="1" rowspan="1">
                      <table border="1">
                        <tr>
                          <td colspan="1" rowspan="1">
name</td>
                          <td colspan="1" rowspan="1">
Sitio cruzado de Scripting (Basado en DOM)</td>
                        </tr>
                      </table>
                    </td>
                  </tr>
                  <tr>
                    <td colspan="1" rowspan="1">
                      <table border="1">
                        <tr>
                          <td colspan="1" rowspan="1">
id</td>
                          <td colspan="1" rowspan="1">
40026</td>
                        </tr>
                      </table>
                    </td>
                  </tr>
                  <tr>
                    <td colspan="1" rowspan="1">
                      <table border="1">
                        <tr>
                          <td colspan="1" rowspan="1">
quality</td>
                          <td colspan="1" rowspan="1">
release</td>
                        </tr>
                      </table>
                    </td>
                  </tr>
                  <tr>
                    <td colspan="1" rowspan="1">
                      <table border="1">
                        <tr>
                          <td colspan="1" rowspan="1">
status</td>
                          <td colspan="1" rowspan="1">
Pending</td>
                        </tr>
                      </table>
                    </td>
                  </tr>
                  <tr>
                    <td colspan="1" rowspan="1">
                      <table border="1">
                        <tr>
                          <td colspan="1" rowspan="1">
timeInMs</td>
                          <td colspan="1" rowspan="1">
0</td>
                        </tr>
                      </table>
                    </td>
                  </tr>
                  <tr>
                    <td colspan="1" rowspan="1">
                      <table border="1">
                        <tr>
                          <td colspan="1" rowspan="1">
reqCount</td>
                          <td colspan="1" rowspan="1">
0</td>
                        </tr>
                      </table>
                    </td>
                  </tr>
                  <tr>
                    <td colspan="1" rowspan="1">
                      <table border="1">
                        <tr>
                          <td colspan="1" rowspan="1">
alertCount</td>
                          <td colspan="1" rowspan="1">
0</td>
                        </tr>
                      </table>
                    </td>
                  </tr>
                </table>
              </td>
            </tr>
            <tr>
              <td colspan="1" rowspan="1">
                <h2>Plugin</h2>
                <table border="1">
                  <tr>
                    <td colspan="1" rowspan="1">
                      <table border="1">
                        <tr>
                          <td colspan="1" rowspan="1">
name</td>
                          <td colspan="1" rowspan="1">
Inyección SQL - MsSQL </td>
                        </tr>
                      </table>
                    </td>
                  </tr>
                  <tr>
                    <td colspan="1" rowspan="1">
                      <table border="1">
                        <tr>
                          <td colspan="1" rowspan="1">
id</td>
                          <td colspan="1" rowspan="1">
40027</td>
                        </tr>
                      </table>
                    </td>
                  </tr>
                  <tr>
                    <td colspan="1" rowspan="1">
                      <table border="1">
                        <tr>
                          <td colspan="1" rowspan="1">
quality</td>
                          <td colspan="1" rowspan="1">
release</td>
                        </tr>
                      </table>
                    </td>
                  </tr>
                  <tr>
                    <td colspan="1" rowspan="1">
                      <table border="1">
                        <tr>
                          <td colspan="1" rowspan="1">
status</td>
                          <td colspan="1" rowspan="1">
Pending</td>
                        </tr>
                      </table>
                    </td>
                  </tr>
                  <tr>
                    <td colspan="1" rowspan="1">
                      <table border="1">
                        <tr>
                          <td colspan="1" rowspan="1">
timeInMs</td>
                          <td colspan="1" rowspan="1">
0</td>
                        </tr>
                      </table>
                    </td>
                  </tr>
                  <tr>
                    <td colspan="1" rowspan="1">
                      <table border="1">
                        <tr>
                          <td colspan="1" rowspan="1">
reqCount</td>
                          <td colspan="1" rowspan="1">
0</td>
                        </tr>
                      </table>
                    </td>
                  </tr>
                  <tr>
                    <td colspan="1" rowspan="1">
                      <table border="1">
                        <tr>
                          <td colspan="1" rowspan="1">
alertCount</td>
                          <td colspan="1" rowspan="1">
0</td>
                        </tr>
                      </table>
                    </td>
                  </tr>
                </table>
              </td>
            </tr>
            <tr>
              <td colspan="1" rowspan="1">
                <h2>Plugin</h2>
                <table border="1">
                  <tr>
                    <td colspan="1" rowspan="1">
                      <table border="1">
                        <tr>
                          <td colspan="1" rowspan="1">
name</td>
                          <td colspan="1" rowspan="1">
Log4Shell</td>
                        </tr>
                      </table>
                    </td>
                  </tr>
                  <tr>
                    <td colspan="1" rowspan="1">
                      <table border="1">
                        <tr>
                          <td colspan="1" rowspan="1">
id</td>
                          <td colspan="1" rowspan="1">
40043</td>
                        </tr>
                      </table>
                    </td>
                  </tr>
                  <tr>
                    <td colspan="1" rowspan="1">
                      <table border="1">
                        <tr>
                          <td colspan="1" rowspan="1">
quality</td>
                          <td colspan="1" rowspan="1">
release</td>
                        </tr>
                      </table>
                    </td>
                  </tr>
                  <tr>
                    <td colspan="1" rowspan="1">
                      <table border="1">
                        <tr>
                          <td colspan="1" rowspan="1">
status</td>
                          <td colspan="1" rowspan="1">
Pending</td>
                        </tr>
                      </table>
                    </td>
                  </tr>
                  <tr>
                    <td colspan="1" rowspan="1">
                      <table border="1">
                        <tr>
                          <td colspan="1" rowspan="1">
timeInMs</td>
                          <td colspan="1" rowspan="1">
0</td>
                        </tr>
                      </table>
                    </td>
                  </tr>
                  <tr>
                    <td colspan="1" rowspan="1">
                      <table border="1">
                        <tr>
                          <td colspan="1" rowspan="1">
reqCount</td>
                          <td colspan="1" rowspan="1">
0</td>
                        </tr>
                      </table>
                    </td>
                  </tr>
                  <tr>
                    <td colspan="1" rowspan="1">
                      <table border="1">
                        <tr>
                          <td colspan="1" rowspan="1">
alertCount</td>
                          <td colspan="1" rowspan="1">
0</td>
                        </tr>
                      </table>
                    </td>
                  </tr>
                </table>
              </td>
            </tr>
            <tr>
              <td colspan="1" rowspan="1">
                <h2>Plugin</h2>
                <table border="1">
                  <tr>
                    <td colspan="1" rowspan="1">
                      <table border="1">
                        <tr>
                          <td colspan="1" rowspan="1">
name</td>
                          <td colspan="1" rowspan="1">
Spring4Shell</td>
                        </tr>
                      </table>
                    </td>
                  </tr>
                  <tr>
                    <td colspan="1" rowspan="1">
                      <table border="1">
                        <tr>
                          <td colspan="1" rowspan="1">
id</td>
                          <td colspan="1" rowspan="1">
40045</td>
                        </tr>
                      </table>
                    </td>
                  </tr>
                  <tr>
                    <td colspan="1" rowspan="1">
                      <table border="1">
                        <tr>
                          <td colspan="1" rowspan="1">
quality</td>
                          <td colspan="1" rowspan="1">
release</td>
                        </tr>
                      </table>
                    </td>
                  </tr>
                  <tr>
                    <td colspan="1" rowspan="1">
                      <table border="1">
                        <tr>
                          <td colspan="1" rowspan="1">
status</td>
                          <td colspan="1" rowspan="1">
Pending</td>
                        </tr>
                      </table>
                    </td>
                  </tr>
                  <tr>
                    <td colspan="1" rowspan="1">
                      <table border="1">
                        <tr>
                          <td colspan="1" rowspan="1">
timeInMs</td>
                          <td colspan="1" rowspan="1">
0</td>
                        </tr>
                      </table>
                    </td>
                  </tr>
                  <tr>
                    <td colspan="1" rowspan="1">
                      <table border="1">
                        <tr>
                          <td colspan="1" rowspan="1">
reqCount</td>
                          <td colspan="1" rowspan="1">
0</td>
                        </tr>
                      </table>
                    </td>
                  </tr>
                  <tr>
                    <td colspan="1" rowspan="1">
                      <table border="1">
                        <tr>
                          <td colspan="1" rowspan="1">
alertCount</td>
                          <td colspan="1" rowspan="1">
0</td>
                        </tr>
                      </table>
                    </td>
                  </tr>
                </table>
              </td>
            </tr>
            <tr>
              <td colspan="1" rowspan="1">
                <h2>Plugin</h2>
                <table border="1">
                  <tr>
                    <td colspan="1" rowspan="1">
                      <table border="1">
                        <tr>
                          <td colspan="1" rowspan="1">
name</td>
                          <td colspan="1" rowspan="1">
Server Side Code Injection</td>
                        </tr>
                      </table>
                    </td>
                  </tr>
                  <tr>
                    <td colspan="1" rowspan="1">
                      <table border="1">
                        <tr>
                          <td colspan="1" rowspan="1">
id</td>
                          <td colspan="1" rowspan="1">
90019</td>
                        </tr>
                      </table>
                    </td>
                  </tr>
                  <tr>
                    <td colspan="1" rowspan="1">
                      <table border="1">
                        <tr>
                          <td colspan="1" rowspan="1">
quality</td>
                          <td colspan="1" rowspan="1">
release</td>
                        </tr>
                      </table>
                    </td>
                  </tr>
                  <tr>
                    <td colspan="1" rowspan="1">
                      <table border="1">
                        <tr>
                          <td colspan="1" rowspan="1">
status</td>
                          <td colspan="1" rowspan="1">
Pending</td>
                        </tr>
                      </table>
                    </td>
                  </tr>
                  <tr>
                    <td colspan="1" rowspan="1">
                      <table border="1">
                        <tr>
                          <td colspan="1" rowspan="1">
timeInMs</td>
                          <td colspan="1" rowspan="1">
0</td>
                        </tr>
                      </table>
                    </td>
                  </tr>
                  <tr>
                    <td colspan="1" rowspan="1">
                      <table border="1">
                        <tr>
                          <td colspan="1" rowspan="1">
reqCount</td>
                          <td colspan="1" rowspan="1">
0</td>
                        </tr>
                      </table>
                    </td>
                  </tr>
                  <tr>
                    <td colspan="1" rowspan="1">
                      <table border="1">
                        <tr>
                          <td colspan="1" rowspan="1">
alertCount</td>
                          <td colspan="1" rowspan="1">
0</td>
                        </tr>
                      </table>
                    </td>
                  </tr>
                </table>
              </td>
            </tr>
            <tr>
              <td colspan="1" rowspan="1">
                <h2>Plugin</h2>
                <table border="1">
                  <tr>
                    <td colspan="1" rowspan="1">
                      <table border="1">
                        <tr>
                          <td colspan="1" rowspan="1">
name</td>
                          <td colspan="1" rowspan="1">
Remote OS Command Injection (Inyección Remota de Comandos del Sistema Operativo)</td>
                        </tr>
                      </table>
                    </td>
                  </tr>
                  <tr>
                    <td colspan="1" rowspan="1">
                      <table border="1">
                        <tr>
                          <td colspan="1" rowspan="1">
id</td>
                          <td colspan="1" rowspan="1">
90020</td>
                        </tr>
                      </table>
                    </td>
                  </tr>
                  <tr>
                    <td colspan="1" rowspan="1">
                      <table border="1">
                        <tr>
                          <td colspan="1" rowspan="1">
quality</td>
                          <td colspan="1" rowspan="1">
release</td>
                        </tr>
                      </table>
                    </td>
                  </tr>
                  <tr>
                    <td colspan="1" rowspan="1">
                      <table border="1">
                        <tr>
                          <td colspan="1" rowspan="1">
status</td>
                          <td colspan="1" rowspan="1">
Pending</td>
                        </tr>
                      </table>
                    </td>
                  </tr>
                  <tr>
                    <td colspan="1" rowspan="1">
                      <table border="1">
                        <tr>
                          <td colspan="1" rowspan="1">
timeInMs</td>
                          <td colspan="1" rowspan="1">
0</td>
                        </tr>
                      </table>
                    </td>
                  </tr>
                  <tr>
                    <td colspan="1" rowspan="1">
                      <table border="1">
                        <tr>
                          <td colspan="1" rowspan="1">
reqCount</td>
                          <td colspan="1" rowspan="1">
0</td>
                        </tr>
                      </table>
                    </td>
                  </tr>
                  <tr>
                    <td colspan="1" rowspan="1">
                      <table border="1">
                        <tr>
                          <td colspan="1" rowspan="1">
alertCount</td>
                          <td colspan="1" rowspan="1">
0</td>
                        </tr>
                      </table>
                    </td>
                  </tr>
                </table>
              </td>
            </tr>
            <tr>
              <td colspan="1" rowspan="1">
                <h2>Plugin</h2>
                <table border="1">
                  <tr>
                    <td colspan="1" rowspan="1">
                      <table border="1">
                        <tr>
                          <td colspan="1" rowspan="1">
name</td>
                          <td colspan="1" rowspan="1">
Inyección XPath</td>
                        </tr>
                      </table>
                    </td>
                  </tr>
                  <tr>
                    <td colspan="1" rowspan="1">
                      <table border="1">
                        <tr>
                          <td colspan="1" rowspan="1">
id</td>
                          <td colspan="1" rowspan="1">
90021</td>
                        </tr>
                      </table>
                    </td>
                  </tr>
                  <tr>
                    <td colspan="1" rowspan="1">
                      <table border="1">
                        <tr>
                          <td colspan="1" rowspan="1">
quality</td>
                          <td colspan="1" rowspan="1">
release</td>
                        </tr>
                      </table>
                    </td>
                  </tr>
                  <tr>
                    <td colspan="1" rowspan="1">
                      <table border="1">
                        <tr>
                          <td colspan="1" rowspan="1">
status</td>
                          <td colspan="1" rowspan="1">
Pending</td>
                        </tr>
                      </table>
                    </td>
                  </tr>
                  <tr>
                    <td colspan="1" rowspan="1">
                      <table border="1">
                        <tr>
                          <td colspan="1" rowspan="1">
timeInMs</td>
                          <td colspan="1" rowspan="1">
0</td>
                        </tr>
                      </table>
                    </td>
                  </tr>
                  <tr>
                    <td colspan="1" rowspan="1">
                      <table border="1">
                        <tr>
                          <td colspan="1" rowspan="1">
reqCount</td>
                          <td colspan="1" rowspan="1">
0</td>
                        </tr>
                      </table>
                    </td>
                  </tr>
                  <tr>
                    <td colspan="1" rowspan="1">
                      <table border="1">
                        <tr>
                          <td colspan="1" rowspan="1">
alertCount</td>
                          <td colspan="1" rowspan="1">
0</td>
                        </tr>
                      </table>
                    </td>
                  </tr>
                </table>
              </td>
            </tr>
            <tr>
              <td colspan="1" rowspan="1">
                <h2>Plugin</h2>
                <table border="1">
                  <tr>
                    <td colspan="1" rowspan="1">
                      <table border="1">
                        <tr>
                          <td colspan="1" rowspan="1">
name</td>
                          <td colspan="1" rowspan="1">
Ataque de Entidad Externa XML</td>
                        </tr>
                      </table>
                    </td>
                  </tr>
                  <tr>
                    <td colspan="1" rowspan="1">
                      <table border="1">
                        <tr>
                          <td colspan="1" rowspan="1">
id</td>
                          <td colspan="1" rowspan="1">
90023</td>
                        </tr>
                      </table>
                    </td>
                  </tr>
                  <tr>
                    <td colspan="1" rowspan="1">
                      <table border="1">
                        <tr>
                          <td colspan="1" rowspan="1">
quality</td>
                          <td colspan="1" rowspan="1">
release</td>
                        </tr>
                      </table>
                    </td>
                  </tr>
                  <tr>
                    <td colspan="1" rowspan="1">
                      <table border="1">
                        <tr>
                          <td colspan="1" rowspan="1">
status</td>
                          <td colspan="1" rowspan="1">
Pending</td>
                        </tr>
                      </table>
                    </td>
                  </tr>
                  <tr>
                    <td colspan="1" rowspan="1">
                      <table border="1">
                        <tr>
                          <td colspan="1" rowspan="1">
timeInMs</td>
                          <td colspan="1" rowspan="1">
0</td>
                        </tr>
                      </table>
                    </td>
                  </tr>
                  <tr>
                    <td colspan="1" rowspan="1">
                      <table border="1">
                        <tr>
                          <td colspan="1" rowspan="1">
reqCount</td>
                          <td colspan="1" rowspan="1">
0</td>
                        </tr>
                      </table>
                    </td>
                  </tr>
                  <tr>
                    <td colspan="1" rowspan="1">
                      <table border="1">
                        <tr>
                          <td colspan="1" rowspan="1">
alertCount</td>
                          <td colspan="1" rowspan="1">
0</td>
                        </tr>
                      </table>
                    </td>
                  </tr>
                </table>
              </td>
            </tr>
            <tr>
              <td colspan="1" rowspan="1">
                <h2>Plugin</h2>
                <table border="1">
                  <tr>
                    <td colspan="1" rowspan="1">
                      <table border="1">
                        <tr>
                          <td colspan="1" rowspan="1">
name</td>
                          <td colspan="1" rowspan="1">
Padding Oracle Genérico</td>
                        </tr>
                      </table>
                    </td>
                  </tr>
                  <tr>
                    <td colspan="1" rowspan="1">
                      <table border="1">
                        <tr>
                          <td colspan="1" rowspan="1">
id</td>
                          <td colspan="1" rowspan="1">
90024</td>
                        </tr>
                      </table>
                    </td>
                  </tr>
                  <tr>
                    <td colspan="1" rowspan="1">
                      <table border="1">
                        <tr>
                          <td colspan="1" rowspan="1">
quality</td>
                          <td colspan="1" rowspan="1">
release</td>
                        </tr>
                      </table>
                    </td>
                  </tr>
                  <tr>
                    <td colspan="1" rowspan="1">
                      <table border="1">
                        <tr>
                          <td colspan="1" rowspan="1">
status</td>
                          <td colspan="1" rowspan="1">
Pending</td>
                        </tr>
                      </table>
                    </td>
                  </tr>
                  <tr>
                    <td colspan="1" rowspan="1">
                      <table border="1">
                        <tr>
                          <td colspan="1" rowspan="1">
timeInMs</td>
                          <td colspan="1" rowspan="1">
0</td>
                        </tr>
                      </table>
                    </td>
                  </tr>
                  <tr>
                    <td colspan="1" rowspan="1">
                      <table border="1">
                        <tr>
                          <td colspan="1" rowspan="1">
reqCount</td>
                          <td colspan="1" rowspan="1">
0</td>
                        </tr>
                      </table>
                    </td>
                  </tr>
                  <tr>
                    <td colspan="1" rowspan="1">
                      <table border="1">
                        <tr>
                          <td colspan="1" rowspan="1">
alertCount</td>
                          <td colspan="1" rowspan="1">
0</td>
                        </tr>
                      </table>
                    </td>
                  </tr>
                </table>
              </td>
            </tr>
            <tr>
              <td colspan="1" rowspan="1">
                <h2>Plugin</h2>
                <table border="1">
                  <tr>
                    <td colspan="1" rowspan="1">
                      <table border="1">
                        <tr>
                          <td colspan="1" rowspan="1">
name</td>
                          <td colspan="1" rowspan="1">
Metadatos de la Nube Potencialmente Expuestos</td>
                        </tr>
                      </table>
                    </td>
                  </tr>
                  <tr>
                    <td colspan="1" rowspan="1">
                      <table border="1">
                        <tr>
                          <td colspan="1" rowspan="1">
id</td>
                          <td colspan="1" rowspan="1">
90034</td>
                        </tr>
                      </table>
                    </td>
                  </tr>
                  <tr>
                    <td colspan="1" rowspan="1">
                      <table border="1">
                        <tr>
                          <td colspan="1" rowspan="1">
quality</td>
                          <td colspan="1" rowspan="1">
release</td>
                        </tr>
                      </table>
                    </td>
                  </tr>
                  <tr>
                    <td colspan="1" rowspan="1">
                      <table border="1">
                        <tr>
                          <td colspan="1" rowspan="1">
status</td>
                          <td colspan="1" rowspan="1">
Pending</td>
                        </tr>
                      </table>
                    </td>
                  </tr>
                  <tr>
                    <td colspan="1" rowspan="1">
                      <table border="1">
                        <tr>
                          <td colspan="1" rowspan="1">
timeInMs</td>
                          <td colspan="1" rowspan="1">
0</td>
                        </tr>
                      </table>
                    </td>
                  </tr>
                  <tr>
                    <td colspan="1" rowspan="1">
                      <table border="1">
                        <tr>
                          <td colspan="1" rowspan="1">
reqCount</td>
                          <td colspan="1" rowspan="1">
0</td>
                        </tr>
                      </table>
                    </td>
                  </tr>
                  <tr>
                    <td colspan="1" rowspan="1">
                      <table border="1">
                        <tr>
                          <td colspan="1" rowspan="1">
alertCount</td>
                          <td colspan="1" rowspan="1">
0</td>
                        </tr>
                      </table>
                    </td>
                  </tr>
                </table>
              </td>
            </tr>
            <tr>
              <td colspan="1" rowspan="1">
                <h2>Plugin</h2>
                <table border="1">
                  <tr>
                    <td colspan="1" rowspan="1">
                      <table border="1">
                        <tr>
                          <td colspan="1" rowspan="1">
name</td>
                          <td colspan="1" rowspan="1">
Server Side Template Injection (SSTI) Plantilla de Inyección del Lado del Servidor</td>
                        </tr>
                      </table>
                    </td>
                  </tr>
                  <tr>
                    <td colspan="1" rowspan="1">
                      <table border="1">
                        <tr>
                          <td colspan="1" rowspan="1">
id</td>
                          <td colspan="1" rowspan="1">
90035</td>
                        </tr>
                      </table>
                    </td>
                  </tr>
                  <tr>
                    <td colspan="1" rowspan="1">
                      <table border="1">
                        <tr>
                          <td colspan="1" rowspan="1">
quality</td>
                          <td colspan="1" rowspan="1">
release</td>
                        </tr>
                      </table>
                    </td>
                  </tr>
                  <tr>
                    <td colspan="1" rowspan="1">
                      <table border="1">
                        <tr>
                          <td colspan="1" rowspan="1">
status</td>
                          <td colspan="1" rowspan="1">
Pending</td>
                        </tr>
                      </table>
                    </td>
                  </tr>
                  <tr>
                    <td colspan="1" rowspan="1">
                      <table border="1">
                        <tr>
                          <td colspan="1" rowspan="1">
timeInMs</td>
                          <td colspan="1" rowspan="1">
0</td>
                        </tr>
                      </table>
                    </td>
                  </tr>
                  <tr>
                    <td colspan="1" rowspan="1">
                      <table border="1">
                        <tr>
                          <td colspan="1" rowspan="1">
reqCount</td>
                          <td colspan="1" rowspan="1">
0</td>
                        </tr>
                      </table>
                    </td>
                  </tr>
                  <tr>
                    <td colspan="1" rowspan="1">
                      <table border="1">
                        <tr>
                          <td colspan="1" rowspan="1">
alertCount</td>
                          <td colspan="1" rowspan="1">
0</td>
                        </tr>
                      </table>
                    </td>
                  </tr>
                </table>
              </td>
            </tr>
            <tr>
              <td colspan="1" rowspan="1">
                <h2>Plugin</h2>
                <table border="1">
                  <tr>
                    <td colspan="1" rowspan="1">
                      <table border="1">
                        <tr>
                          <td colspan="1" rowspan="1">
name</td>
                          <td colspan="1" rowspan="1">
Server Side Template Injection (Blind-Ciego)</td>
                        </tr>
                      </table>
                    </td>
                  </tr>
                  <tr>
                    <td colspan="1" rowspan="1">
                      <table border="1">
                        <tr>
                          <td colspan="1" rowspan="1">
id</td>
                          <td colspan="1" rowspan="1">
90036</td>
                        </tr>
                      </table>
                    </td>
                  </tr>
                  <tr>
                    <td colspan="1" rowspan="1">
                      <table border="1">
                        <tr>
                          <td colspan="1" rowspan="1">
quality</td>
                          <td colspan="1" rowspan="1">
release</td>
                        </tr>
                      </table>
                    </td>
                  </tr>
                  <tr>
                    <td colspan="1" rowspan="1">
                      <table border="1">
                        <tr>
                          <td colspan="1" rowspan="1">
status</td>
                          <td colspan="1" rowspan="1">
Pending</td>
                        </tr>
                      </table>
                    </td>
                  </tr>
                  <tr>
                    <td colspan="1" rowspan="1">
                      <table border="1">
                        <tr>
                          <td colspan="1" rowspan="1">
timeInMs</td>
                          <td colspan="1" rowspan="1">
0</td>
                        </tr>
                      </table>
                    </td>
                  </tr>
                  <tr>
                    <td colspan="1" rowspan="1">
                      <table border="1">
                        <tr>
                          <td colspan="1" rowspan="1">
reqCount</td>
                          <td colspan="1" rowspan="1">
0</td>
                        </tr>
                      </table>
                    </td>
                  </tr>
                  <tr>
                    <td colspan="1" rowspan="1">
                      <table border="1">
                        <tr>
                          <td colspan="1" rowspan="1">
alertCount</td>
                          <td colspan="1" rowspan="1">
0</td>
                        </tr>
                      </table>
                    </td>
                  </tr>
                </table>
              </td>
            </tr>
            <tr>
              <td colspan="1" rowspan="1">
                <h2>Plugin</h2>
                <table border="1">
                  <tr>
                    <td colspan="1" rowspan="1">
                      <table border="1">
                        <tr>
                          <td colspan="1" rowspan="1">
name</td>
                          <td colspan="1" rowspan="1">
Directory Browsing (Exploración de directorios)</td>
                        </tr>
                      </table>
                    </td>
                  </tr>
                  <tr>
                    <td colspan="1" rowspan="1">
                      <table border="1">
                        <tr>
                          <td colspan="1" rowspan="1">
id</td>
                          <td colspan="1" rowspan="1">
0</td>
                        </tr>
                      </table>
                    </td>
                  </tr>
                  <tr>
                    <td colspan="1" rowspan="1">
                      <table border="1">
                        <tr>
                          <td colspan="1" rowspan="1">
quality</td>
                          <td colspan="1" rowspan="1">
release</td>
                        </tr>
                      </table>
                    </td>
                  </tr>
                  <tr>
                    <td colspan="1" rowspan="1">
                      <table border="1">
                        <tr>
                          <td colspan="1" rowspan="1">
status</td>
                          <td colspan="1" rowspan="1">
Pending</td>
                        </tr>
                      </table>
                    </td>
                  </tr>
                  <tr>
                    <td colspan="1" rowspan="1">
                      <table border="1">
                        <tr>
                          <td colspan="1" rowspan="1">
timeInMs</td>
                          <td colspan="1" rowspan="1">
0</td>
                        </tr>
                      </table>
                    </td>
                  </tr>
                  <tr>
                    <td colspan="1" rowspan="1">
                      <table border="1">
                        <tr>
                          <td colspan="1" rowspan="1">
reqCount</td>
                          <td colspan="1" rowspan="1">
0</td>
                        </tr>
                      </table>
                    </td>
                  </tr>
                  <tr>
                    <td colspan="1" rowspan="1">
                      <table border="1">
                        <tr>
                          <td colspan="1" rowspan="1">
alertCount</td>
                          <td colspan="1" rowspan="1">
0</td>
                        </tr>
                      </table>
                    </td>
                  </tr>
                </table>
              </td>
            </tr>
            <tr>
              <td colspan="1" rowspan="1">
                <h2>Plugin</h2>
                <table border="1">
                  <tr>
                    <td colspan="1" rowspan="1">
                      <table border="1">
                        <tr>
                          <td colspan="1" rowspan="1">
name</td>
                          <td colspan="1" rowspan="1">
Buffer Overflow</td>
                        </tr>
                      </table>
                    </td>
                  </tr>
                  <tr>
                    <td colspan="1" rowspan="1">
                      <table border="1">
                        <tr>
                          <td colspan="1" rowspan="1">
id</td>
                          <td colspan="1" rowspan="1">
30001</td>
                        </tr>
                      </table>
                    </td>
                  </tr>
                  <tr>
                    <td colspan="1" rowspan="1">
                      <table border="1">
                        <tr>
                          <td colspan="1" rowspan="1">
quality</td>
                          <td colspan="1" rowspan="1">
release</td>
                        </tr>
                      </table>
                    </td>
                  </tr>
                  <tr>
                    <td colspan="1" rowspan="1">
                      <table border="1">
                        <tr>
                          <td colspan="1" rowspan="1">
status</td>
                          <td colspan="1" rowspan="1">
Pending</td>
                        </tr>
                      </table>
                    </td>
                  </tr>
                  <tr>
                    <td colspan="1" rowspan="1">
                      <table border="1">
                        <tr>
                          <td colspan="1" rowspan="1">
timeInMs</td>
                          <td colspan="1" rowspan="1">
0</td>
                        </tr>
                      </table>
                    </td>
                  </tr>
                  <tr>
                    <td colspan="1" rowspan="1">
                      <table border="1">
                        <tr>
                          <td colspan="1" rowspan="1">
reqCount</td>
                          <td colspan="1" rowspan="1">
0</td>
                        </tr>
                      </table>
                    </td>
                  </tr>
                  <tr>
                    <td colspan="1" rowspan="1">
                      <table border="1">
                        <tr>
                          <td colspan="1" rowspan="1">
alertCount</td>
                          <td colspan="1" rowspan="1">
0</td>
                        </tr>
                      </table>
                    </td>
                  </tr>
                </table>
              </td>
            </tr>
            <tr>
              <td colspan="1" rowspan="1">
                <h2>Plugin</h2>
                <table border="1">
                  <tr>
                    <td colspan="1" rowspan="1">
                      <table border="1">
                        <tr>
                          <td colspan="1" rowspan="1">
name</td>
                          <td colspan="1" rowspan="1">
Format String Error (Error de formato de cadena)</td>
                        </tr>
                      </table>
                    </td>
                  </tr>
                  <tr>
                    <td colspan="1" rowspan="1">
                      <table border="1">
                        <tr>
                          <td colspan="1" rowspan="1">
id</td>
                          <td colspan="1" rowspan="1">
30002</td>
                        </tr>
                      </table>
                    </td>
                  </tr>
                  <tr>
                    <td colspan="1" rowspan="1">
                      <table border="1">
                        <tr>
                          <td colspan="1" rowspan="1">
quality</td>
                          <td colspan="1" rowspan="1">
release</td>
                        </tr>
                      </table>
                    </td>
                  </tr>
                  <tr>
                    <td colspan="1" rowspan="1">
                      <table border="1">
                        <tr>
                          <td colspan="1" rowspan="1">
status</td>
                          <td colspan="1" rowspan="1">
Pending</td>
                        </tr>
                      </table>
                    </td>
                  </tr>
                  <tr>
                    <td colspan="1" rowspan="1">
                      <table border="1">
                        <tr>
                          <td colspan="1" rowspan="1">
timeInMs</td>
                          <td colspan="1" rowspan="1">
0</td>
                        </tr>
                      </table>
                    </td>
                  </tr>
                  <tr>
                    <td colspan="1" rowspan="1">
                      <table border="1">
                        <tr>
                          <td colspan="1" rowspan="1">
reqCount</td>
                          <td colspan="1" rowspan="1">
0</td>
                        </tr>
                      </table>
                    </td>
                  </tr>
                  <tr>
                    <td colspan="1" rowspan="1">
                      <table border="1">
                        <tr>
                          <td colspan="1" rowspan="1">
alertCount</td>
                          <td colspan="1" rowspan="1">
0</td>
                        </tr>
                      </table>
                    </td>
                  </tr>
                </table>
              </td>
            </tr>
            <tr>
              <td colspan="1" rowspan="1">
                <h2>Plugin</h2>
                <table border="1">
                  <tr>
                    <td colspan="1" rowspan="1">
                      <table border="1">
                        <tr>
                          <td colspan="1" rowspan="1">
name</td>
                          <td colspan="1" rowspan="1">
Inyección CRLF</td>
                        </tr>
                      </table>
                    </td>
                  </tr>
                  <tr>
                    <td colspan="1" rowspan="1">
                      <table border="1">
                        <tr>
                          <td colspan="1" rowspan="1">
id</td>
                          <td colspan="1" rowspan="1">
40003</td>
                        </tr>
                      </table>
                    </td>
                  </tr>
                  <tr>
                    <td colspan="1" rowspan="1">
                      <table border="1">
                        <tr>
                          <td colspan="1" rowspan="1">
quality</td>
                          <td colspan="1" rowspan="1">
release</td>
                        </tr>
                      </table>
                    </td>
                  </tr>
                  <tr>
                    <td colspan="1" rowspan="1">
                      <table border="1">
                        <tr>
                          <td colspan="1" rowspan="1">
status</td>
                          <td colspan="1" rowspan="1">
Pending</td>
                        </tr>
                      </table>
                    </td>
                  </tr>
                  <tr>
                    <td colspan="1" rowspan="1">
                      <table border="1">
                        <tr>
                          <td colspan="1" rowspan="1">
timeInMs</td>
                          <td colspan="1" rowspan="1">
0</td>
                        </tr>
                      </table>
                    </td>
                  </tr>
                  <tr>
                    <td colspan="1" rowspan="1">
                      <table border="1">
                        <tr>
                          <td colspan="1" rowspan="1">
reqCount</td>
                          <td colspan="1" rowspan="1">
0</td>
                        </tr>
                      </table>
                    </td>
                  </tr>
                  <tr>
                    <td colspan="1" rowspan="1">
                      <table border="1">
                        <tr>
                          <td colspan="1" rowspan="1">
alertCount</td>
                          <td colspan="1" rowspan="1">
0</td>
                        </tr>
                      </table>
                    </td>
                  </tr>
                </table>
              </td>
            </tr>
            <tr>
              <td colspan="1" rowspan="1">
                <h2>Plugin</h2>
                <table border="1">
                  <tr>
                    <td colspan="1" rowspan="1">
                      <table border="1">
                        <tr>
                          <td colspan="1" rowspan="1">
name</td>
                          <td colspan="1" rowspan="1">
Parameter Tampering (Manipulación de Parámetros)</td>
                        </tr>
                      </table>
                    </td>
                  </tr>
                  <tr>
                    <td colspan="1" rowspan="1">
                      <table border="1">
                        <tr>
                          <td colspan="1" rowspan="1">
id</td>
                          <td colspan="1" rowspan="1">
40008</td>
                        </tr>
                      </table>
                    </td>
                  </tr>
                  <tr>
                    <td colspan="1" rowspan="1">
                      <table border="1">
                        <tr>
                          <td colspan="1" rowspan="1">
quality</td>
                          <td colspan="1" rowspan="1">
release</td>
                        </tr>
                      </table>
                    </td>
                  </tr>
                  <tr>
                    <td colspan="1" rowspan="1">
                      <table border="1">
                        <tr>
                          <td colspan="1" rowspan="1">
status</td>
                          <td colspan="1" rowspan="1">
Pending</td>
                        </tr>
                      </table>
                    </td>
                  </tr>
                  <tr>
                    <td colspan="1" rowspan="1">
                      <table border="1">
                        <tr>
                          <td colspan="1" rowspan="1">
timeInMs</td>
                          <td colspan="1" rowspan="1">
0</td>
                        </tr>
                      </table>
                    </td>
                  </tr>
                  <tr>
                    <td colspan="1" rowspan="1">
                      <table border="1">
                        <tr>
                          <td colspan="1" rowspan="1">
reqCount</td>
                          <td colspan="1" rowspan="1">
0</td>
                        </tr>
                      </table>
                    </td>
                  </tr>
                  <tr>
                    <td colspan="1" rowspan="1">
                      <table border="1">
                        <tr>
                          <td colspan="1" rowspan="1">
alertCount</td>
                          <td colspan="1" rowspan="1">
0</td>
                        </tr>
                      </table>
                    </td>
                  </tr>
                </table>
              </td>
            </tr>
            <tr>
              <td colspan="1" rowspan="1">
                <h2>Plugin</h2>
                <table border="1">
                  <tr>
                    <td colspan="1" rowspan="1">
                      <table border="1">
                        <tr>
                          <td colspan="1" rowspan="1">
name</td>
                          <td colspan="1" rowspan="1">
ELMAH Information Leak (Fuga de información ELMAH)</td>
                        </tr>
                      </table>
                    </td>
                  </tr>
                  <tr>
                    <td colspan="1" rowspan="1">
                      <table border="1">
                        <tr>
                          <td colspan="1" rowspan="1">
id</td>
                          <td colspan="1" rowspan="1">
40028</td>
                        </tr>
                      </table>
                    </td>
                  </tr>
                  <tr>
                    <td colspan="1" rowspan="1">
                      <table border="1">
                        <tr>
                          <td colspan="1" rowspan="1">
quality</td>
                          <td colspan="1" rowspan="1">
release</td>
                        </tr>
                      </table>
                    </td>
                  </tr>
                  <tr>
                    <td colspan="1" rowspan="1">
                      <table border="1">
                        <tr>
                          <td colspan="1" rowspan="1">
status</td>
                          <td colspan="1" rowspan="1">
Pending</td>
                        </tr>
                      </table>
                    </td>
                  </tr>
                  <tr>
                    <td colspan="1" rowspan="1">
                      <table border="1">
                        <tr>
                          <td colspan="1" rowspan="1">
timeInMs</td>
                          <td colspan="1" rowspan="1">
0</td>
                        </tr>
                      </table>
                    </td>
                  </tr>
                  <tr>
                    <td colspan="1" rowspan="1">
                      <table border="1">
                        <tr>
                          <td colspan="1" rowspan="1">
reqCount</td>
                          <td colspan="1" rowspan="1">
0</td>
                        </tr>
                      </table>
                    </td>
                  </tr>
                  <tr>
                    <td colspan="1" rowspan="1">
                      <table border="1">
                        <tr>
                          <td colspan="1" rowspan="1">
alertCount</td>
                          <td colspan="1" rowspan="1">
0</td>
                        </tr>
                      </table>
                    </td>
                  </tr>
                </table>
              </td>
            </tr>
            <tr>
              <td colspan="1" rowspan="1">
                <h2>Plugin</h2>
                <table border="1">
                  <tr>
                    <td colspan="1" rowspan="1">
                      <table border="1">
                        <tr>
                          <td colspan="1" rowspan="1">
name</td>
                          <td colspan="1" rowspan="1">
Filtrado de información en Trace.axd</td>
                        </tr>
                      </table>
                    </td>
                  </tr>
                  <tr>
                    <td colspan="1" rowspan="1">
                      <table border="1">
                        <tr>
                          <td colspan="1" rowspan="1">
id</td>
                          <td colspan="1" rowspan="1">
40029</td>
                        </tr>
                      </table>
                    </td>
                  </tr>
                  <tr>
                    <td colspan="1" rowspan="1">
                      <table border="1">
                        <tr>
                          <td colspan="1" rowspan="1">
quality</td>
                          <td colspan="1" rowspan="1">
release</td>
                        </tr>
                      </table>
                    </td>
                  </tr>
                  <tr>
                    <td colspan="1" rowspan="1">
                      <table border="1">
                        <tr>
                          <td colspan="1" rowspan="1">
status</td>
                          <td colspan="1" rowspan="1">
Pending</td>
                        </tr>
                      </table>
                    </td>
                  </tr>
                  <tr>
                    <td colspan="1" rowspan="1">
                      <table border="1">
                        <tr>
                          <td colspan="1" rowspan="1">
timeInMs</td>
                          <td colspan="1" rowspan="1">
0</td>
                        </tr>
                      </table>
                    </td>
                  </tr>
                  <tr>
                    <td colspan="1" rowspan="1">
                      <table border="1">
                        <tr>
                          <td colspan="1" rowspan="1">
reqCount</td>
                          <td colspan="1" rowspan="1">
0</td>
                        </tr>
                      </table>
                    </td>
                  </tr>
                  <tr>
                    <td colspan="1" rowspan="1">
                      <table border="1">
                        <tr>
                          <td colspan="1" rowspan="1">
alertCount</td>
                          <td colspan="1" rowspan="1">
0</td>
                        </tr>
                      </table>
                    </td>
                  </tr>
                </table>
              </td>
            </tr>
            <tr>
              <td colspan="1" rowspan="1">
                <h2>Plugin</h2>
                <table border="1">
                  <tr>
                    <td colspan="1" rowspan="1">
                      <table border="1">
                        <tr>
                          <td colspan="1" rowspan="1">
name</td>
                          <td colspan="1" rowspan="1">
Filtrado de información en .htaccess</td>
                        </tr>
                      </table>
                    </td>
                  </tr>
                  <tr>
                    <td colspan="1" rowspan="1">
                      <table border="1">
                        <tr>
                          <td colspan="1" rowspan="1">
id</td>
                          <td colspan="1" rowspan="1">
40032</td>
                        </tr>
                      </table>
                    </td>
                  </tr>
                  <tr>
                    <td colspan="1" rowspan="1">
                      <table border="1">
                        <tr>
                          <td colspan="1" rowspan="1">
quality</td>
                          <td colspan="1" rowspan="1">
release</td>
                        </tr>
                      </table>
                    </td>
                  </tr>
                  <tr>
                    <td colspan="1" rowspan="1">
                      <table border="1">
                        <tr>
                          <td colspan="1" rowspan="1">
status</td>
                          <td colspan="1" rowspan="1">
Pending</td>
                        </tr>
                      </table>
                    </td>
                  </tr>
                  <tr>
                    <td colspan="1" rowspan="1">
                      <table border="1">
                        <tr>
                          <td colspan="1" rowspan="1">
timeInMs</td>
                          <td colspan="1" rowspan="1">
0</td>
                        </tr>
                      </table>
                    </td>
                  </tr>
                  <tr>
                    <td colspan="1" rowspan="1">
                      <table border="1">
                        <tr>
                          <td colspan="1" rowspan="1">
reqCount</td>
                          <td colspan="1" rowspan="1">
0</td>
                        </tr>
                      </table>
                    </td>
                  </tr>
                  <tr>
                    <td colspan="1" rowspan="1">
                      <table border="1">
                        <tr>
                          <td colspan="1" rowspan="1">
alertCount</td>
                          <td colspan="1" rowspan="1">
0</td>
                        </tr>
                      </table>
                    </td>
                  </tr>
                </table>
              </td>
            </tr>
            <tr>
              <td colspan="1" rowspan="1">
                <h2>Plugin</h2>
                <table border="1">
                  <tr>
                    <td colspan="1" rowspan="1">
                      <table border="1">
                        <tr>
                          <td colspan="1" rowspan="1">
name</td>
                          <td colspan="1" rowspan="1">
Fuga de información .env</td>
                        </tr>
                      </table>
                    </td>
                  </tr>
                  <tr>
                    <td colspan="1" rowspan="1">
                      <table border="1">
                        <tr>
                          <td colspan="1" rowspan="1">
id</td>
                          <td colspan="1" rowspan="1">
40034</td>
                        </tr>
                      </table>
                    </td>
                  </tr>
                  <tr>
                    <td colspan="1" rowspan="1">
                      <table border="1">
                        <tr>
                          <td colspan="1" rowspan="1">
quality</td>
                          <td colspan="1" rowspan="1">
release</td>
                        </tr>
                      </table>
                    </td>
                  </tr>
                  <tr>
                    <td colspan="1" rowspan="1">
                      <table border="1">
                        <tr>
                          <td colspan="1" rowspan="1">
status</td>
                          <td colspan="1" rowspan="1">
Pending</td>
                        </tr>
                      </table>
                    </td>
                  </tr>
                  <tr>
                    <td colspan="1" rowspan="1">
                      <table border="1">
                        <tr>
                          <td colspan="1" rowspan="1">
timeInMs</td>
                          <td colspan="1" rowspan="1">
0</td>
                        </tr>
                      </table>
                    </td>
                  </tr>
                  <tr>
                    <td colspan="1" rowspan="1">
                      <table border="1">
                        <tr>
                          <td colspan="1" rowspan="1">
reqCount</td>
                          <td colspan="1" rowspan="1">
0</td>
                        </tr>
                      </table>
                    </td>
                  </tr>
                  <tr>
                    <td colspan="1" rowspan="1">
                      <table border="1">
                        <tr>
                          <td colspan="1" rowspan="1">
alertCount</td>
                          <td colspan="1" rowspan="1">
0</td>
                        </tr>
                      </table>
                    </td>
                  </tr>
                </table>
              </td>
            </tr>
            <tr>
              <td colspan="1" rowspan="1">
                <h2>Plugin</h2>
                <table border="1">
                  <tr>
                    <td colspan="1" rowspan="1">
                      <table border="1">
                        <tr>
                          <td colspan="1" rowspan="1">
name</td>
                          <td colspan="1" rowspan="1">
Hidden File Finder (Buscador de Archivos Ocultos)</td>
                        </tr>
                      </table>
                    </td>
                  </tr>
                  <tr>
                    <td colspan="1" rowspan="1">
                      <table border="1">
                        <tr>
                          <td colspan="1" rowspan="1">
id</td>
                          <td colspan="1" rowspan="1">
40035</td>
                        </tr>
                      </table>
                    </td>
                  </tr>
                  <tr>
                    <td colspan="1" rowspan="1">
                      <table border="1">
                        <tr>
                          <td colspan="1" rowspan="1">
quality</td>
                          <td colspan="1" rowspan="1">
release</td>
                        </tr>
                      </table>
                    </td>
                  </tr>
                  <tr>
                    <td colspan="1" rowspan="1">
                      <table border="1">
                        <tr>
                          <td colspan="1" rowspan="1">
status</td>
                          <td colspan="1" rowspan="1">
Pending</td>
                        </tr>
                      </table>
                    </td>
                  </tr>
                  <tr>
                    <td colspan="1" rowspan="1">
                      <table border="1">
                        <tr>
                          <td colspan="1" rowspan="1">
timeInMs</td>
                          <td colspan="1" rowspan="1">
0</td>
                        </tr>
                      </table>
                    </td>
                  </tr>
                  <tr>
                    <td colspan="1" rowspan="1">
                      <table border="1">
                        <tr>
                          <td colspan="1" rowspan="1">
reqCount</td>
                          <td colspan="1" rowspan="1">
0</td>
                        </tr>
                      </table>
                    </td>
                  </tr>
                  <tr>
                    <td colspan="1" rowspan="1">
                      <table border="1">
                        <tr>
                          <td colspan="1" rowspan="1">
alertCount</td>
                          <td colspan="1" rowspan="1">
0</td>
                        </tr>
                      </table>
                    </td>
                  </tr>
                </table>
              </td>
            </tr>
            <tr>
              <td colspan="1" rowspan="1">
                <h2>Plugin</h2>
                <table border="1">
                  <tr>
                    <td colspan="1" rowspan="1">
                      <table border="1">
                        <tr>
                          <td colspan="1" rowspan="1">
name</td>
                          <td colspan="1" rowspan="1">
Fuga de información de Spring Actuator</td>
                        </tr>
                      </table>
                    </td>
                  </tr>
                  <tr>
                    <td colspan="1" rowspan="1">
                      <table border="1">
                        <tr>
                          <td colspan="1" rowspan="1">
id</td>
                          <td colspan="1" rowspan="1">
40042</td>
                        </tr>
                      </table>
                    </td>
                  </tr>
                  <tr>
                    <td colspan="1" rowspan="1">
                      <table border="1">
                        <tr>
                          <td colspan="1" rowspan="1">
quality</td>
                          <td colspan="1" rowspan="1">
release</td>
                        </tr>
                      </table>
                    </td>
                  </tr>
                  <tr>
                    <td colspan="1" rowspan="1">
                      <table border="1">
                        <tr>
                          <td colspan="1" rowspan="1">
status</td>
                          <td colspan="1" rowspan="1">
Pending</td>
                        </tr>
                      </table>
                    </td>
                  </tr>
                  <tr>
                    <td colspan="1" rowspan="1">
                      <table border="1">
                        <tr>
                          <td colspan="1" rowspan="1">
timeInMs</td>
                          <td colspan="1" rowspan="1">
0</td>
                        </tr>
                      </table>
                    </td>
                  </tr>
                  <tr>
                    <td colspan="1" rowspan="1">
                      <table border="1">
                        <tr>
                          <td colspan="1" rowspan="1">
reqCount</td>
                          <td colspan="1" rowspan="1">
0</td>
                        </tr>
                      </table>
                    </td>
                  </tr>
                  <tr>
                    <td colspan="1" rowspan="1">
                      <table border="1">
                        <tr>
                          <td colspan="1" rowspan="1">
alertCount</td>
                          <td colspan="1" rowspan="1">
0</td>
                        </tr>
                      </table>
                    </td>
                  </tr>
                </table>
              </td>
            </tr>
            <tr>
              <td colspan="1" rowspan="1">
                <h2>Plugin</h2>
                <table border="1">
                  <tr>
                    <td colspan="1" rowspan="1">
                      <table border="1">
                        <tr>
                          <td colspan="1" rowspan="1">
name</td>
                          <td colspan="1" rowspan="1">
Inyección XSLT</td>
                        </tr>
                      </table>
                    </td>
                  </tr>
                  <tr>
                    <td colspan="1" rowspan="1">
                      <table border="1">
                        <tr>
                          <td colspan="1" rowspan="1">
id</td>
                          <td colspan="1" rowspan="1">
90017</td>
                        </tr>
                      </table>
                    </td>
                  </tr>
                  <tr>
                    <td colspan="1" rowspan="1">
                      <table border="1">
                        <tr>
                          <td colspan="1" rowspan="1">
quality</td>
                          <td colspan="1" rowspan="1">
release</td>
                        </tr>
                      </table>
                    </td>
                  </tr>
                  <tr>
                    <td colspan="1" rowspan="1">
                      <table border="1">
                        <tr>
                          <td colspan="1" rowspan="1">
status</td>
                          <td colspan="1" rowspan="1">
Pending</td>
                        </tr>
                      </table>
                    </td>
                  </tr>
                  <tr>
                    <td colspan="1" rowspan="1">
                      <table border="1">
                        <tr>
                          <td colspan="1" rowspan="1">
timeInMs</td>
                          <td colspan="1" rowspan="1">
0</td>
                        </tr>
                      </table>
                    </td>
                  </tr>
                  <tr>
                    <td colspan="1" rowspan="1">
                      <table border="1">
                        <tr>
                          <td colspan="1" rowspan="1">
reqCount</td>
                          <td colspan="1" rowspan="1">
0</td>
                        </tr>
                      </table>
                    </td>
                  </tr>
                  <tr>
                    <td colspan="1" rowspan="1">
                      <table border="1">
                        <tr>
                          <td colspan="1" rowspan="1">
alertCount</td>
                          <td colspan="1" rowspan="1">
0</td>
                        </tr>
                      </table>
                    </td>
                  </tr>
                </table>
              </td>
            </tr>
            <tr>
              <td colspan="1" rowspan="1">
                <h2>Plugin</h2>
                <table border="1">
                  <tr>
                    <td colspan="1" rowspan="1">
                      <table border="1">
                        <tr>
                          <td colspan="1" rowspan="1">
name</td>
                          <td colspan="1" rowspan="1">
GET para POST</td>
                        </tr>
                      </table>
                    </td>
                  </tr>
                  <tr>
                    <td colspan="1" rowspan="1">
                      <table border="1">
                        <tr>
                          <td colspan="1" rowspan="1">
id</td>
                          <td colspan="1" rowspan="1">
10058</td>
                        </tr>
                      </table>
                    </td>
                  </tr>
                  <tr>
                    <td colspan="1" rowspan="1">
                      <table border="1">
                        <tr>
                          <td colspan="1" rowspan="1">
quality</td>
                          <td colspan="1" rowspan="1">
release</td>
                        </tr>
                      </table>
                    </td>
                  </tr>
                  <tr>
                    <td colspan="1" rowspan="1">
                      <table border="1">
                        <tr>
                          <td colspan="1" rowspan="1">
status</td>
                          <td colspan="1" rowspan="1">
Pending</td>
                        </tr>
                      </table>
                    </td>
                  </tr>
                  <tr>
                    <td colspan="1" rowspan="1">
                      <table border="1">
                        <tr>
                          <td colspan="1" rowspan="1">
timeInMs</td>
                          <td colspan="1" rowspan="1">
0</td>
                        </tr>
                      </table>
                    </td>
                  </tr>
                  <tr>
                    <td colspan="1" rowspan="1">
                      <table border="1">
                        <tr>
                          <td colspan="1" rowspan="1">
reqCount</td>
                          <td colspan="1" rowspan="1">
0</td>
                        </tr>
                      </table>
                    </td>
                  </tr>
                  <tr>
                    <td colspan="1" rowspan="1">
                      <table border="1">
                        <tr>
                          <td colspan="1" rowspan="1">
alertCount</td>
                          <td colspan="1" rowspan="1">
0</td>
                        </tr>
                      </table>
                    </td>
                  </tr>
                </table>
              </td>
            </tr>
            <tr>
              <td colspan="1" rowspan="1">
                <h2>Plugin</h2>
                <table border="1">
                  <tr>
                    <td colspan="1" rowspan="1">
                      <table border="1">
                        <tr>
                          <td colspan="1" rowspan="1">
name</td>
                          <td colspan="1" rowspan="1">
User Agent Fuzzer</td>
                        </tr>
                      </table>
                    </td>
                  </tr>
                  <tr>
                    <td colspan="1" rowspan="1">
                      <table border="1">
                        <tr>
                          <td colspan="1" rowspan="1">
id</td>
                          <td colspan="1" rowspan="1">
10104</td>
                        </tr>
                      </table>
                    </td>
                  </tr>
                  <tr>
                    <td colspan="1" rowspan="1">
                      <table border="1">
                        <tr>
                          <td colspan="1" rowspan="1">
quality</td>
                          <td colspan="1" rowspan="1">
release</td>
                        </tr>
                      </table>
                    </td>
                  </tr>
                  <tr>
                    <td colspan="1" rowspan="1">
                      <table border="1">
                        <tr>
                          <td colspan="1" rowspan="1">
status</td>
                          <td colspan="1" rowspan="1">
Pending</td>
                        </tr>
                      </table>
                    </td>
                  </tr>
                  <tr>
                    <td colspan="1" rowspan="1">
                      <table border="1">
                        <tr>
                          <td colspan="1" rowspan="1">
timeInMs</td>
                          <td colspan="1" rowspan="1">
0</td>
                        </tr>
                      </table>
                    </td>
                  </tr>
                  <tr>
                    <td colspan="1" rowspan="1">
                      <table border="1">
                        <tr>
                          <td colspan="1" rowspan="1">
reqCount</td>
                          <td colspan="1" rowspan="1">
0</td>
                        </tr>
                      </table>
                    </td>
                  </tr>
                  <tr>
                    <td colspan="1" rowspan="1">
                      <table border="1">
                        <tr>
                          <td colspan="1" rowspan="1">
alertCount</td>
                          <td colspan="1" rowspan="1">
0</td>
                        </tr>
                      </table>
                    </td>
                  </tr>
                </table>
              </td>
            </tr>
            <tr>
              <td colspan="1" rowspan="1">
                <h2>Plugin</h2>
                <table border="1">
                  <tr>
                    <td colspan="1" rowspan="1">
                      <table border="1">
                        <tr>
                          <td colspan="1" rowspan="1">
name</td>
                          <td colspan="1" rowspan="1">
Reglas de Script Activas para el Escaneo</td>
                        </tr>
                      </table>
                    </td>
                  </tr>
                  <tr>
                    <td colspan="1" rowspan="1">
                      <table border="1">
                        <tr>
                          <td colspan="1" rowspan="1">
id</td>
                          <td colspan="1" rowspan="1">
50000</td>
                        </tr>
                      </table>
                    </td>
                  </tr>
                  <tr>
                    <td colspan="1" rowspan="1">
                      <table border="1">
                        <tr>
                          <td colspan="1" rowspan="1">
quality</td>
                          <td colspan="1" rowspan="1">
release</td>
                        </tr>
                      </table>
                    </td>
                  </tr>
                  <tr>
                    <td colspan="1" rowspan="1">
                      <table border="1">
                        <tr>
                          <td colspan="1" rowspan="1">
status</td>
                          <td colspan="1" rowspan="1">
Pending</td>
                        </tr>
                      </table>
                    </td>
                  </tr>
                  <tr>
                    <td colspan="1" rowspan="1">
                      <table border="1">
                        <tr>
                          <td colspan="1" rowspan="1">
timeInMs</td>
                          <td colspan="1" rowspan="1">
0</td>
                        </tr>
                      </table>
                    </td>
                  </tr>
                  <tr>
                    <td colspan="1" rowspan="1">
                      <table border="1">
                        <tr>
                          <td colspan="1" rowspan="1">
reqCount</td>
                          <td colspan="1" rowspan="1">
0</td>
                        </tr>
                      </table>
                    </td>
                  </tr>
                  <tr>
                    <td colspan="1" rowspan="1">
                      <table border="1">
                        <tr>
                          <td colspan="1" rowspan="1">
alertCount</td>
                          <td colspan="1" rowspan="1">
0</td>
                        </tr>
                      </table>
                    </td>
                  </tr>
                </table>
              </td>
            </tr>
            <tr>
              <td colspan="1" rowspan="1">
                <h2>Plugin</h2>
                <table border="1">
                  <tr>
                    <td colspan="1" rowspan="1">
                      <table border="1">
                        <tr>
                          <td colspan="1" rowspan="1">
name</td>
                          <td colspan="1" rowspan="1">
SOAP Action Spoofing</td>
                        </tr>
                      </table>
                    </td>
                  </tr>
                  <tr>
                    <td colspan="1" rowspan="1">
                      <table border="1">
                        <tr>
                          <td colspan="1" rowspan="1">
id</td>
                          <td colspan="1" rowspan="1">
90026</td>
                        </tr>
                      </table>
                    </td>
                  </tr>
                  <tr>
                    <td colspan="1" rowspan="1">
                      <table border="1">
                        <tr>
                          <td colspan="1" rowspan="1">
quality</td>
                          <td colspan="1" rowspan="1">
beta</td>
                        </tr>
                      </table>
                    </td>
                  </tr>
                  <tr>
                    <td colspan="1" rowspan="1">
                      <table border="1">
                        <tr>
                          <td colspan="1" rowspan="1">
status</td>
                          <td colspan="1" rowspan="1">
Pending</td>
                        </tr>
                      </table>
                    </td>
                  </tr>
                  <tr>
                    <td colspan="1" rowspan="1">
                      <table border="1">
                        <tr>
                          <td colspan="1" rowspan="1">
timeInMs</td>
                          <td colspan="1" rowspan="1">
0</td>
                        </tr>
                      </table>
                    </td>
                  </tr>
                  <tr>
                    <td colspan="1" rowspan="1">
                      <table border="1">
                        <tr>
                          <td colspan="1" rowspan="1">
reqCount</td>
                          <td colspan="1" rowspan="1">
0</td>
                        </tr>
                      </table>
                    </td>
                  </tr>
                  <tr>
                    <td colspan="1" rowspan="1">
                      <table border="1">
                        <tr>
                          <td colspan="1" rowspan="1">
alertCount</td>
                          <td colspan="1" rowspan="1">
0</td>
                        </tr>
                      </table>
                    </td>
                  </tr>
                </table>
              </td>
            </tr>
            <tr>
              <td colspan="1" rowspan="1">
                <h2>Plugin</h2>
                <table border="1">
                  <tr>
                    <td colspan="1" rowspan="1">
                      <table border="1">
                        <tr>
                          <td colspan="1" rowspan="1">
name</td>
                          <td colspan="1" rowspan="1">
SOAP XML Injection</td>
                        </tr>
                      </table>
                    </td>
                  </tr>
                  <tr>
                    <td colspan="1" rowspan="1">
                      <table border="1">
                        <tr>
                          <td colspan="1" rowspan="1">
id</td>
                          <td colspan="1" rowspan="1">
90029</td>
                        </tr>
                      </table>
                    </td>
                  </tr>
                  <tr>
                    <td colspan="1" rowspan="1">
                      <table border="1">
                        <tr>
                          <td colspan="1" rowspan="1">
quality</td>
                          <td colspan="1" rowspan="1">
beta</td>
                        </tr>
                      </table>
                    </td>
                  </tr>
                  <tr>
                    <td colspan="1" rowspan="1">
                      <table border="1">
                        <tr>
                          <td colspan="1" rowspan="1">
status</td>
                          <td colspan="1" rowspan="1">
Pending</td>
                        </tr>
                      </table>
                    </td>
                  </tr>
                  <tr>
                    <td colspan="1" rowspan="1">
                      <table border="1">
                        <tr>
                          <td colspan="1" rowspan="1">
timeInMs</td>
                          <td colspan="1" rowspan="1">
0</td>
                        </tr>
                      </table>
                    </td>
                  </tr>
                  <tr>
                    <td colspan="1" rowspan="1">
                      <table border="1">
                        <tr>
                          <td colspan="1" rowspan="1">
reqCount</td>
                          <td colspan="1" rowspan="1">
0</td>
                        </tr>
                      </table>
                    </td>
                  </tr>
                  <tr>
                    <td colspan="1" rowspan="1">
                      <table border="1">
                        <tr>
                          <td colspan="1" rowspan="1">
alertCount</td>
                          <td colspan="1" rowspan="1">
0</td>
                        </tr>
                      </table>
                    </td>
                  </tr>
                </table>
              </td>
            </tr>
          </table>
        </td>
      </tr>
    </table>
  </body>
</html>
Request method:	GET
Request URI:	http://localhost:9292/OTHER/core/other/htmlreport/
Proxy:			<none>
Request params:	<none>
Query params:	<none>
Form params:	<none>
Path params:	<none>
Headers:		Accept=*/*
Cookies:		<none>
Multiparts:		<none>
Body:			<none>
HTTP/1.1 200 OK
Pragma: no-cache
Cache-Control: no-cache, no-store, must-revalidate
Content-Security-Policy: default-src 'none'; script-src 'self'; connect-src 'self'; child-src 'self'; img-src 'self' data:; font-src 'self' data:; style-src 'unsafe-inline'
Referrer-Policy: no-referrer
Access-Control-Allow-Methods: GET,POST,OPTIONS
Access-Control-Allow-Headers: ZAP-Header
X-Frame-Options: DENY
X-XSS-Protection: 1; mode=block
X-Content-Type-Options: nosniff
X-Clacks-Overhead: GNU Terry Pratchett
content-length: 247140
Content-Type: text/html; charset=UTF-8

<html>
  <head>
    <meta http-equiv="Content-Type" content="text/html; charset=UTF-8"/>
    <title>ZAP Scanning Report</title>
    <style type="text/css">
body {
	font-family: "Helvetica Neue", Helvetica, Arial, sans-serif;
	color: #000;
	font-size: 13px;
}

h1 {
	text-align: center;
	font-weight: bold;
	font-size: 32px
}

h3 {
	font-size: 16px;
}

table {
	border: none;
	font-size: 13px;
}

td, th {
	padding: 3px 4px;
	word-break: break-word;
}

th {
	font-weight: bold;
	background-color: #666666;
}

td {
	background-color: #e8e8e8;
}

.spacer {
	margin: 10px;
}

.spacer-lg {
	margin: 40px;
}

.indent1 {
	padding: 4px 20px;
}

.indent2 {
	padding: 4px 40px;
}

.risk-3 {
	background-color: red;
	color: #FFF;
}

.risk-2 {
	background-color: orange;
	color: #FFF;
}

.risk-1 {
	background-color: yellow;
	color: #000;
}

.risk-0 {
	background-color: blue;
	color: #FFF;
}

.risk--1 {
	background-color: green;
	color: #FFF;
}

.summary {
	width: 45%;
}

.summary th {
	color: #FFF;
}

.alerts {
	width: 75%;
}

.alerts th {
	color: #FFF;
}

.results {
	width: 100%;
}

.results th {
	text-align: left;
}

.left-header {
	display: inline-block;
}
</style>
  </head>
  <body>
    <h1>
      <img src="data:image/png;base64,iVBORw0KGgoAAAANSUhEUgAAACAAAAAgCAYAAABzenr0AAAABmJLR0QA/wD/AP+gvaeTAAAACXBIWXMAABqbAAAamwHdbkbTAAAAB3RJTUUH4QsKDDQPKy6k8AAABxpJREFUWMO9l31sVWcdxz+/55xzbwt9QddJExClvIzNxTKJDZi22oJSbFZpmRb4g8sfhpEIwXQNTKh0NYgiMKIwo5AsdIxdQldGNBN5W2OTFRVcIZE1YwExcXOdc1DK+nLvOc/PP87tC9CWsj98bp6ck3Ofc57v7+37/T3wYGMucBR4F/gK/8exAugAdPXq1bpx40YFekZdHYuP+8PuGP+lAc8CmzIyMtLq6uqora3FcRwAzp49m/7Wv5O95tsNEfyEKvwH9B1V2hT7GnB+PABkhGePAvVA9dy5c6mvr2fp0qX3LOru7iYrK4toSQ1OXhGKohpOiyVQe0NVn9PGFb8iFofGFSMCMMPulwEXgbdXrlxZ3dHRQXt7+4ibA2RmZtLc3Ex/y/O4fg8RMUSMS8RxiRiPqPE+4xrnl07syA3Q+aN5wADlwO1oNPpqQ0NDfl9fH4cPH2bOnDn3dV9VVRWVlVV88vsteNF0XCO4xuA6Bs9xiBgPz/EmueKcIxavHyk/BPjnli1bpm3btu1TZ2hmxkTk8aeYMK8aay1WFVWwqgSqBDYgqQFJGxygccWa4e86IhJpbW39Zk5ODgUFBZ8KwOLFZeyr/wHZs0vw0jMxIqFpAuFt+EOYZ/OrAi41t96dhF8HThcWFnpnzpwhGo0+MIhnamvZs+8AM55uIhn4+Cnrkza8Wqv4NiBhfXwNCgxy3jauuKMKPOCPrpHSU2fOUlJS8sAg8qZP50bGY0xeuIFk4JO0SnIYiMAqSRuQDPyPgsbqh++ugqSsPXGC+WsoLS1lzZqnHxhA40svcfPvfyDNjRARwTOCJ+E0IjgiOGIwRnIkFl97NwBMX9dPvEfLSC+t5cCB/eTk5Ix78ylTplBcXMxDjy3EweIZISKSqoxwcyOCYwRXHETkuSEAsTjE4kVGTLrjpdP7p33U1NTQ2dk5bgCbN28Ow7BoA8YmcVOWR1KWuyKIgEEwYjBiJhN75Ushr15qRp747g9dcRZ4RtCuf3HhdBMlpQuZNm3auAAUFBRw+fJlWl/dy9SCaqwGIBIyJGBTUwemWqzy/mAIRPmaEUGsJeNbz+IVfJ+ioiI2bNgwbi80NTUxJWciV47/GM9Lwwg4CA6CSblbBqYYRPjqEACRR8JaVcRPkPHlJ5m66kX27W8kL2/6uMPR3t7Ox+++yQcXjmLEIEYQA8YIkuIHSYVDkBnDk3DSEDwAi5c5mUfWNtGVPovc3FwOHTp0XwDZ2dm0nTvH9Td+zSedVxDVkIQAEQ1BoIgKCpnmflqpQcAXyjYxo6KeVatWUVZWRiKRGPO1+fPns2vXLjoOr7uvFA8HcHMoQ8IHmkqOINnH1d81kJeXR0VFRcqKkUcQBLS0tHD79u2QXHq7UmkIqgKqoIKKAnQPNiSqXFG0QFVCXbcGK4pVIdnTBcDOnTupqqoa06q2tjZKS0uZ8LmZzKiox5nwWXzfx9qBfmGgCkDRa4MeUNE3repg2QSEiwMFk5nDF8vrWLZsGTNnzqS9vX1UAEVFRezYsYOeD68y8fNPEFifAL2rDAfBnJdhGv0NzzgtoYYbHGOICkSMIWKEqBE8x+X91v18cKGJyspKDh48SFZW1ohAlixZQstfLzM99iK9iQQJqySsxVfFDyz9Nolv/fw7gumsPtIbMZE0zxhcR3DFEDVCZIDTjeA5Drb3Jv84sYOu639j69atNDQ0jAgiN3cyPQ/NJXvhM/QnEwRW8dWSDAL6bbLTHlyee0cVWNWfBhpgVbEWfFUSqiSGqVoyCCCaxayndjKn+nm2736BzIyJHDt27B4AFy9eovvtU3R3nA5DkFJEXwNUtWHEptSsPtIXNW7UMy4mJSLeMA+4IrhCKC6A46XR+VYz772xj/z8fJqampg1a9bg906ePElZWRlZy3+DZuSGPUGQ/G/QuDznHjVMeaEyaS2+WqxVbMryxMDVKv0W+qzSr0pPoo/Mx8uZs/51rgdTmD17NrFYbJArFi9ezKZNm7h1dD1B4JO0PgG23KR6QxnlYLHXM846z7i4oX4P6vmA9Q6ENMsQZyiGxK1OPjr5M5Kd77B7925qamoAWLBgAX+59jFU7tmivy3fPvq5INXDSyx+3DXOd1xx8YzBiGBMKCIDwmKMDLEWEnoMUDdK37U2bp/6BQ9PSueV+BEWLVpEdnYW3be6f67wo7EOJoMgiMX3uuKs84zBEQcjghjBMCAmhF1niskGCMaiqFWs8ehrj+Off5nCwkK2b99OcXExwFTgvdEB3AmizIi85oqTNgDCSKrPFWV4DFRD/beqWLX4YUXdst0ffk+b168CVqZWpwN9YwO4Wzhi8c1GpM6ISTcYREJPMOSAQYZLHc1upY5meyjfBq/XAUwGbgL9Y4dgrBGLFwtSITAPkekCk1L73wS9qsoFxR6nceWfx/O5/wGLCSMJ+zJrfwAAAABJRU5ErkJggg==" alt=""/>

		ZAP Scanning Report
	    </h1>
    <p/>
    <h2>
		
		Sitio: http://tpi.lat:2095
		
	</h2>
    <h3>
		Generado jue., 25 ene. 2024 18:17:33
	</h3>
    <h3>
		ZAP Version: 2.14.0
	</h3>
    <h3 class="left-header">Sumario de Alertas</h3>
    <table class="summary">
      <tr>
        <th colspan="1" rowspan="1" width="45%" height="24">Nivel de riesgo</th>
        <th align="center" colspan="1" rowspan="1" width="55%">Número de Alertas</th>
      </tr>
      <tr>
        <td colspan="1" rowspan="1" class="risk-3">
          <div>Alto</div>
        </td>
        <td align="center" colspan="1" rowspan="1">
          <div>2</div>
        </td>
      </tr>
      <tr>
        <td colspan="1" rowspan="1" class="risk-2">
          <div>Medio</div>
        </td>
        <td align="center" colspan="1" rowspan="1">
          <div>4</div>
        </td>
      </tr>
      <tr>
        <td colspan="1" rowspan="1" class="risk-1">
          <div>Bajo</div>
        </td>
        <td align="center" colspan="1" rowspan="1">
          <div>3</div>
        </td>
      </tr>
      <tr>
        <td colspan="1" rowspan="1" class="risk-0">
          <div>Informativo</div>
        </td>
        <td align="center" colspan="1" rowspan="1">
          <div>4</div>
        </td>
      </tr>
      <tr>
        <td colspan="1" rowspan="1" class="risk--1">
          <div>				Falsos Positivos:</div>
        </td>
        <td align="center" colspan="1" rowspan="1">
          <div>0</div>
        </td>
      </tr>
    </table>
    <div class="spacer-lg"/>
    <h3>Alertas</h3>
    <table class="alerts">
      <tr>
        <th colspan="1" rowspan="1" width="60%" height="24">Nombre</th>
        <th align="center" colspan="1" rowspan="1" width="20%">Nivel de riesgo</th>
        <th align="center" colspan="1" rowspan="1" width="20%">Número de Instancias</th>
      </tr>
      <tr>
        <td colspan="1" rowspan="1">
          <a shape="rect" href="#40012">Cross Site Scripting (Reflected)</a>
        </td>
        <td align="center" colspan="1" rowspan="1" class="risk-3">Alto</td>
        <td align="center" colspan="1" rowspan="1">5</td>
      </tr>
      <tr>
        <td colspan="1" rowspan="1">
          <a shape="rect" href="#6">Ruta Transversal</a>
        </td>
        <td align="center" colspan="1" rowspan="1" class="risk-3">Alto</td>
        <td align="center" colspan="1" rowspan="1">4</td>
      </tr>
      <tr>
        <td colspan="1" rowspan="1">
          <a shape="rect" href="#10202">Ausencia de Ttokens Anti-CSRF</a>
        </td>
        <td align="center" colspan="1" rowspan="1" class="risk-2">Medio</td>
        <td align="center" colspan="1" rowspan="1">2</td>
      </tr>
      <tr>
        <td colspan="1" rowspan="1">
          <a shape="rect" href="#10038">Cabecera Content Security Policy (CSP) no configurada</a>
        </td>
        <td align="center" colspan="1" rowspan="1" class="risk-2">Medio</td>
        <td align="center" colspan="1" rowspan="1">7</td>
      </tr>
      <tr>
        <td colspan="1" rowspan="1">
          <a shape="rect" href="#10020">Falta de cabecera Anti-Clickjacking</a>
        </td>
        <td align="center" colspan="1" rowspan="1" class="risk-2">Medio</td>
        <td align="center" colspan="1" rowspan="1">7</td>
      </tr>
      <tr>
        <td colspan="1" rowspan="1">
          <a shape="rect" href="#10003">Librería JS Vulnerable</a>
        </td>
        <td align="center" colspan="1" rowspan="1" class="risk-2">Medio</td>
        <td align="center" colspan="1" rowspan="1">3</td>
      </tr>
      <tr>
        <td colspan="1" rowspan="1">
          <a shape="rect" href="#10010">Cookie No HttpOnly Flag</a>
        </td>
        <td align="center" colspan="1" rowspan="1" class="risk-1">Bajo</td>
        <td align="center" colspan="1" rowspan="1">10</td>
      </tr>
      <tr>
        <td colspan="1" rowspan="1">
          <a shape="rect" href="#10054">Cookie sin el atributo SameSite</a>
        </td>
        <td align="center" colspan="1" rowspan="1" class="risk-1">Bajo</td>
        <td align="center" colspan="1" rowspan="1">6</td>
      </tr>
      <tr>
        <td colspan="1" rowspan="1">
          <a shape="rect" href="#10021">X-Content-Type-Options Header Missing</a>
        </td>
        <td align="center" colspan="1" rowspan="1" class="risk-1">Bajo</td>
        <td align="center" colspan="1" rowspan="1">71</td>
      </tr>
      <tr>
        <td colspan="1" rowspan="1">
          <a shape="rect" href="#10027">Divulgación de información - Comentarios sospechosos</a>
        </td>
        <td align="center" colspan="1" rowspan="1" class="risk-0">Informativo</td>
        <td align="center" colspan="1" rowspan="1">54</td>
      </tr>
      <tr>
        <td colspan="1" rowspan="1">
          <a shape="rect" href="#10109">Modern Web Application</a>
        </td>
        <td align="center" colspan="1" rowspan="1" class="risk-0">Informativo</td>
        <td align="center" colspan="1" rowspan="1">3</td>
      </tr>
      <tr>
        <td colspan="1" rowspan="1">
          <a shape="rect" href="#10111">Petición de Autenticación Identificada</a>
        </td>
        <td align="center" colspan="1" rowspan="1" class="risk-0">Informativo</td>
        <td align="center" colspan="1" rowspan="1">1</td>
      </tr>
      <tr>
        <td colspan="1" rowspan="1">
          <a shape="rect" href="#10112">Respuesta de Gestión de Sesión Identificada</a>
        </td>
        <td align="center" colspan="1" rowspan="1" class="risk-0">Informativo</td>
        <td align="center" colspan="1" rowspan="1">16</td>
      </tr>
    </table>
    <div class="spacer-lg"/>
    <h3>Detalles de la Alerta</h3>
    <table class="results">
      <tr height="24">
        <th colspan="1" rowspan="1" class="risk-3" width="20%">
          <a shape="rect" id="40012"/>
          <div>Alto</div>
        </th>
        <th colspan="1" rowspan="1" class="risk-3">Cross Site Scripting (Reflected)</th>
      </tr>
      <tr>
        <td colspan="1" rowspan="1" width="20%">Descripción</td>
        <td colspan="1" rowspan="1" width="80%">
          <div>Cross_site Scripting (XSS) es una técnica de ataque que comprende hacer eco del código que fue proporcionado por el atacante en la instancia del navegador de un usuario. Una instancia de navegador puede ser un cliente de navegador web corriente, o un objeto de navegador integrado e un producto de software, como el navegador que se encuentra dentro de WinAmp, un lector de RSS o un cliente de correos electrónicos. El código por sí mismo se encuentra escrito en HTML/JavaScript, pero también puede extenderse a VBScript, ActiveX, Jave, Flash o cualquier otra tecnología que sea compatible con el navegador.</div>
          <br clear="none"/>
          <div>Cuando un atacante consigue el navegador de un usuario para poder ejecutar su código, el código se ejecutará dentro del contexto de seguridad (o zona) del sitio web de hospedaje. Con este nivel de privilegio, el código tiene la extensión de leer, modificar y transmitir cualquier dato que sea sensible al que pueda ingresar al navegador. Un usuario de Cross-Site Scripted puede ser que tenga su cuenta secuetrada (robo de cookies), su navegador redirigido a otra ubicación, posiblemente mostrando contenido ilegal entregado por el sitio web que están visitando. Los ataques de scripting entre los sitios relativamente comprometen la relación de la confianza entre el usuario y el sitio web. Las aplicaciones que usan instancias de objetos del navegador que suben contenido desde el sistema de archivos puede activar el código bajo la zona de lam máquina, lo cual permite que el sistema se vea comprometido.</div>
          <br clear="none"/>
          <div>Hay tres tipos de ataques diferentes de scripting entre los sitios: no persistentes, persistentes y basados en DOM.</div>
          <br clear="none"/>
          <div>Los ataques que no son persistentes y los basados en DOM necesitan que el usuario visite un enlace que fue diseñado con código maliciosos o visite alguna página web maliciosa que incluya un formulario web que, cuando se publique en el sitio que es vulnerable, originará el ataque. El uso de un formulario que es malicioso normalmente tendrá lugarcuando el recurso que es vulnerable solo acepte las solicitudes HTTP POST. En tal caso, el formulario puede se enviado de forma automática, sin el conocimiento de la víctima (por ejemplo, por medio de JavaScript). Al hacer clic en el enlace que es malicioso o al enviar el formulario malicioso, la carga que es útil de CSS recibirá eco y será interpretada por el navegador del usuario y se activará. Otra técnica para poder prevenir solicitudes casi arbitrarias (GET y POST) es por medio del uso de un cliente integrado, como adobe Flash.</div>
          <br clear="none"/>
          <div>Los ataques continuos se originan cuando el código que es malicioso se envía a un sitio web donde se almacena durante un período de tiempo. Algunos ejemplos de los objetivos preferidos de los atacantes incluyen mensajes en carteleras de anuncios, mensajes de correo electrónico y programas de chat. El usuario desprevenido no tendrá que interactuar con ningún sitio/enlace adicional (por ejemplo, un sitio o link malicioso enviado por correo electrónico), solamente bastará con abrir la página web que contiene el código.</div>
        </td>
      </tr>
      <tr valign="top">
        <td colspan="2" rowspan="1"/>
      </tr>
      <tr>
        <td colspan="1" rowspan="1" class="indent1" width="20%">URL</td>
        <td colspan="1" rowspan="1" width="80%">
          <a shape="rect" href="http://tpi.lat:2095/subreseller/post.php?action=line">http://tpi.lat:2095/subreseller/post.php?action=line</a>
        </td>
      </tr>
      <tr>
        <td colspan="1" rowspan="1" class="indent2" width="20%">Método</td>
        <td colspan="1" rowspan="1" width="80%">POST</td>
      </tr>
      <tr>
        <td colspan="1" rowspan="1" class="indent2" width="20%">Parámetros</td>
        <td colspan="1" rowspan="1" width="80%">bouquets_selected</td>
      </tr>
      <tr>
        <td colspan="1" rowspan="1" class="indent2" width="20%">Ataque</td>
        <td colspan="1" rowspan="1" width="80%">&lt;img src=x onerror=prompt()&gt;</td>
      </tr>
      <tr>
        <td colspan="1" rowspan="1" class="indent2" width="20%">Evidencia</td>
        <td colspan="1" rowspan="1" width="80%">&lt;img src=x onerror=prompt()&gt;</td>
      </tr>
      <tr>
        <td colspan="1" rowspan="1" class="indent2" width="20%">Other Info</td>
        <td colspan="1" rowspan="1" width="80%"/>
      </tr>
      <tr>
        <td colspan="1" rowspan="1" class="indent1" width="20%">URL</td>
        <td colspan="1" rowspan="1" width="80%">
          <a shape="rect" href="http://tpi.lat:2095/subreseller/post.php?action=line">http://tpi.lat:2095/subreseller/post.php?action=line</a>
        </td>
      </tr>
      <tr>
        <td colspan="1" rowspan="1" class="indent2" width="20%">Método</td>
        <td colspan="1" rowspan="1" width="80%">POST</td>
      </tr>
      <tr>
        <td colspan="1" rowspan="1" class="indent2" width="20%">Parámetros</td>
        <td colspan="1" rowspan="1" width="80%">member_id</td>
      </tr>
      <tr>
        <td colspan="1" rowspan="1" class="indent2" width="20%">Ataque</td>
        <td colspan="1" rowspan="1" width="80%">&lt;img src=x onerror=prompt()&gt;</td>
      </tr>
      <tr>
        <td colspan="1" rowspan="1" class="indent2" width="20%">Evidencia</td>
        <td colspan="1" rowspan="1" width="80%">&lt;img src=x onerror=prompt()&gt;</td>
      </tr>
      <tr>
        <td colspan="1" rowspan="1" class="indent2" width="20%">Other Info</td>
        <td colspan="1" rowspan="1" width="80%"/>
      </tr>
      <tr>
        <td colspan="1" rowspan="1" class="indent1" width="20%">URL</td>
        <td colspan="1" rowspan="1" width="80%">
          <a shape="rect" href="http://tpi.lat:2095/subreseller/post.php?action=line">http://tpi.lat:2095/subreseller/post.php?action=line</a>
        </td>
      </tr>
      <tr>
        <td colspan="1" rowspan="1" class="indent2" width="20%">Método</td>
        <td colspan="1" rowspan="1" width="80%">POST</td>
      </tr>
      <tr>
        <td colspan="1" rowspan="1" class="indent2" width="20%">Parámetros</td>
        <td colspan="1" rowspan="1" width="80%">package</td>
      </tr>
      <tr>
        <td colspan="1" rowspan="1" class="indent2" width="20%">Ataque</td>
        <td colspan="1" rowspan="1" width="80%">&lt;img src=x onerror=prompt()&gt;</td>
      </tr>
      <tr>
        <td colspan="1" rowspan="1" class="indent2" width="20%">Evidencia</td>
        <td colspan="1" rowspan="1" width="80%">&lt;img src=x onerror=prompt()&gt;</td>
      </tr>
      <tr>
        <td colspan="1" rowspan="1" class="indent2" width="20%">Other Info</td>
        <td colspan="1" rowspan="1" width="80%"/>
      </tr>
      <tr>
        <td colspan="1" rowspan="1" class="indent1" width="20%">URL</td>
        <td colspan="1" rowspan="1" width="80%">
          <a shape="rect" href="http://tpi.lat:2095/subreseller/post.php?action=line">http://tpi.lat:2095/subreseller/post.php?action=line</a>
        </td>
      </tr>
      <tr>
        <td colspan="1" rowspan="1" class="indent2" width="20%">Método</td>
        <td colspan="1" rowspan="1" width="80%">POST</td>
      </tr>
      <tr>
        <td colspan="1" rowspan="1" class="indent2" width="20%">Parámetros</td>
        <td colspan="1" rowspan="1" width="80%">password</td>
      </tr>
      <tr>
        <td colspan="1" rowspan="1" class="indent2" width="20%">Ataque</td>
        <td colspan="1" rowspan="1" width="80%">&lt;img src=x onerror=prompt()&gt;</td>
      </tr>
      <tr>
        <td colspan="1" rowspan="1" class="indent2" width="20%">Evidencia</td>
        <td colspan="1" rowspan="1" width="80%">&lt;img src=x onerror=prompt()&gt;</td>
      </tr>
      <tr>
        <td colspan="1" rowspan="1" class="indent2" width="20%">Other Info</td>
        <td colspan="1" rowspan="1" width="80%"/>
      </tr>
      <tr>
        <td colspan="1" rowspan="1" class="indent1" width="20%">URL</td>
        <td colspan="1" rowspan="1" width="80%">
          <a shape="rect" href="http://tpi.lat:2095/subreseller/post.php?action=line">http://tpi.lat:2095/subreseller/post.php?action=line</a>
        </td>
      </tr>
      <tr>
        <td colspan="1" rowspan="1" class="indent2" width="20%">Método</td>
        <td colspan="1" rowspan="1" width="80%">POST</td>
      </tr>
      <tr>
        <td colspan="1" rowspan="1" class="indent2" width="20%">Parámetros</td>
        <td colspan="1" rowspan="1" width="80%">trial</td>
      </tr>
      <tr>
        <td colspan="1" rowspan="1" class="indent2" width="20%">Ataque</td>
        <td colspan="1" rowspan="1" width="80%">&lt;img src=x onerror=prompt()&gt;</td>
      </tr>
      <tr>
        <td colspan="1" rowspan="1" class="indent2" width="20%">Evidencia</td>
        <td colspan="1" rowspan="1" width="80%">&lt;img src=x onerror=prompt()&gt;</td>
      </tr>
      <tr>
        <td colspan="1" rowspan="1" class="indent2" width="20%">Other Info</td>
        <td colspan="1" rowspan="1" width="80%"/>
      </tr>
      <tr>
        <td colspan="1" rowspan="1" width="20%">Instancia</td>
        <td colspan="1" rowspan="1" width="80%">5</td>
      </tr>
      <tr>
        <td colspan="1" rowspan="1" width="20%">Solución</td>
        <td colspan="1" rowspan="1" width="80%">
          <div>Fase: Arquitectura y Diseño</div>
          <br clear="none"/>
          <div>Utilizar una biblioteca o framework verificado y confiable que evite esta vulnerabilidad o proporcione elementos que faciliten evitarla.</div>
          <br clear="none"/>
          <div>Los ejemplos de las bibliotecas y marcos que facilitan el origen de resultados que son codificados de forma correcta incluyen la biblioteca Anti-XSS de Microsoft, el módulo de codificación OWASP ESAPI y Apache Wicket.</div>
          <br clear="none"/>
          <div>Fases: Implementación; Arquitectura y Diseño</div>
          <br clear="none"/>
          <div>Comprenda el contexto en el que se va a utilizar sus datos y la condificación que se va a esperar. Esto es fundamentalmente importante cuando se transmiten los datos entre diferentes componentes o cuando se generan las salidas que pueden comprender múltiples codificaciones al mismo tiempo, como paginas web o mensajes de correos de varias zonas. Estudie todos los protocolos de comunicacón y representaciones de los datos que son esperadas para poder determinar las estrategias de codificación que son necesarias.</div>
          <br clear="none"/>
          <div>Por cualquier dato que se enviará a otra página web, en especial cualquier dato recibido de las entradas externas, utiice la codificación que sea conveniente en todos los caracteres que no sean alfanuméricos.</div>
          <br clear="none"/>
          <div>Consulte la hoja de referencia de prevención de CSS para poder obtener más información detallada de los diferentes tipos de condificación y escape que se requieren.</div>
          <br clear="none"/>
          <div>Fase: Arquitectura y Diseño</div>
          <br clear="none"/>
          <div>Cualquier comprobación de seguridad que se vaya a realizar en el lado del cliente, asegúrese de que estas comprobaciones se encuentre duplicadas en el lado del servidor, para evitar el CWE-602. Los atacantes pueden eludir las comprobaciones del lado del cliente modificando los valores después de que se hayan realizado las comprobaciones, o cambiando al cliente para poder eliminar de forma completa las comprobaciones del lado del cliente. Después, estos valores que fueron modificados serán enviados al servidor.</div>
          <br clear="none"/>
          <div>Si se encuentra disponible, utilice los mecanismos estructurados que apliquen de forma automática la separación entre los datos y códigos. Estos mecanismos pueden otorgar la cotización, codificación y validación relevantes de manera automática, en lugar de confiar en que el desarrollador proporcione esta capacidad en cada uno de los puntos donde se origina la salida.</div>
          <br clear="none"/>
          <div>Fase: Implementación</div>
          <br clear="none"/>
          <div>Para cada una de las páginas web que se origina, utilice y especifique una codificación de caracteres como ISO-8859 o UTF-8. Cuando no se puede especificar una condificación, el navegador web podría selaccionar una codificación distinta adivinando que codificiación está siendo utilizada en verdad por la página web. Esto puede permitir que el navegador web trate varias secuencias como especiales, abriendo al cliente a leves ataques XSS. Consulte CWE-116 para conseguir más mitigaciones con respecto a la codificación/escape.</div>
          <br clear="none"/>
          <div>Para ayudar a mitigar los ataques XSS contra las cookies de la sesión del usuario, es necesario establecer que la cookie de la sesión sea HttpOnly. En navegadores que son compatibles con la característica HttpOnly (como las versiones más actualizadas de internet explorer y firefox), esta característica puede prevenir que la cookie de sesión del usuario sea accesible para las secuencias de comandos del lado del cliente malignas que utilizan document.cookie. Esta no es una solución muy completa, ya que HttpOnly no es compatible con todos los navegadores que hay. Más importante aún, XMLHTTPRequest y otras tecnologías poderosas de navegador otorgan acceso de lectura a los encabezados HTTP, incluido el encabezado Set-Cookie en el cual se establece el indicador HttpOnly.</div>
          <br clear="none"/>
          <div>Asuma que toda la entrada es maliciosa. Utilizar una estrategia de validación de entradas de tipo "aceptar lo bueno conocido", es decir, utilizar una lista de entradas aceptables que se ajusten estrictamente a las especificaciones. Rechace cualquier entrada que no se adapte de forma estricta a las especificaciones, o cambielas por algo que sí lo haga. No confíe exclusivamente en la búsqueda de entradas maliciosas o malformadas (es decir, no confíe en una lista de denegación). Sin embargo, las listas de denegación pueden ser útiles para detectar posibles ataques o para determinar qué entradas están tan malformadas que deben ser rechazadas directamente.</div>
          <br clear="none"/>
          <div>Al realizar la validación de entrada, usted debe considerar todas las propiedades potencialmente destacadas, incluida la longitud, el tipo de entrada, el rango completo de valores aceptables, las entradas faltantes o adicionales, la sintaxis, el sentido entre los campos que se encuentran relacionados y la conformidad con todas las reglas comerciales. Como ejemplo de lógica de regla de negocio, "barco" puede ser sintácticamente válido porque sólo contiene caracteres alfanuméricos, pero no es válido si se esperan colores como "rojo" o "azul".</div>
          <br clear="none"/>
          <div>Asegúrese de realizar la validación de entradas en interfaces bien definidas dentro de la aplicación. Esto ayudará a cuidar la aplicación, incluso si un elemento se utiliza de nuevo o traslada a otro sitio.</div>
          <br clear="none"/>
          <div/>
        </td>
      </tr>
      <tr>
        <td colspan="1" rowspan="1" width="20%">Referencia</td>
        <td colspan="1" rowspan="1" width="80%">
          <a shape="rect" href="http://projects.webappsec.org/Cross-Site-Scripting">http://projects.webappsec.org/Cross-Site-Scripting</a>
          <br clear="none"/>
          <a shape="rect" href="https://cwe.mitre.org/data/definitions/79.html">https://cwe.mitre.org/data/definitions/79.html</a>
        </td>
      </tr>
      <tr>
        <td colspan="1" rowspan="1" width="20%">CWE Id</td>
        <td colspan="1" rowspan="1" width="80%">
          <a shape="rect" href="https://cwe.mitre.org/data/definitions/79.html">79</a>
        </td>
      </tr>
      <tr>
        <td colspan="1" rowspan="1" width="20%">WASC Id</td>
        <td colspan="1" rowspan="1" width="80%">8</td>
      </tr>
      <tr>
        <td colspan="1" rowspan="1" width="20%">Plugin Id</td>
        <td colspan="1" rowspan="1" width="80%">
          <a shape="rect" href="https://www.zaproxy.org/docs/alerts/40012/">40012</a>
        </td>
      </tr>
    </table>
    <div class="spacer"/>
    <table class="results">
      <tr height="24">
        <th colspan="1" rowspan="1" class="risk-3" width="20%">
          <a shape="rect" id="6"/>
          <div>Alto</div>
        </th>
        <th colspan="1" rowspan="1" class="risk-3">Ruta Transversal</th>
      </tr>
      <tr>
        <td colspan="1" rowspan="1" width="20%">Descripción</td>
        <td colspan="1" rowspan="1" width="80%">
          <div>La técnica de ataque Path Traversal permite a un atacante acceder a los archivos, directorios y comandos que potencialmente residen fuera del directorio raíz de documentos web. Un atacante puede controlar una URL de tal forma que el sitio web ejecutará o mostrará la información de los archivos que son arbitrarios en cualquier parte del servidor web. Cualquier dispositivo que se exponga a una interfaz que se basa en HTTP es potencialmente vulnerable a un Path Traversal.</div>
          <br clear="none"/>
          <div>La mayoria de los sitios web prohíben el acceso de los usuarios a algún sitio específico del sistema de los archivos, normalmente denominado directorio "raíz del documento web" o "raíz CGI". Estos directorios poseen los archivos que estan destinados al acceso del usuario y el ejecutable que es necesario para poder controlar la funcionalidad correcta de la aplicación web. Para poder ingresar a los archivos o activar los comandos en cualquier zona del sistema de los archivos, los ataquesde trayectoria de rutas van a utilizar la capacidad de las secuencias de todos los caracteres especiales.</div>
          <br clear="none"/>
          <div>El ataque Path Traversal más elemental utiliza la secuencia de los caracteres especiales "../" para poder modificar la ubicación del recurso que es requerido en la URL. Aunque la gran mayoría de los servidores web que son populares van a evitar que esta técnica se escape de la raíz del documento web, las codificaciones que son alternativas de la secuencia "../" pueden impedir los filtros de seguridad. Estas variaciones del método incluyen la codificación Unicode válida y no válida ("..%u2216" o "..%c0%af") del carácter de la barra oblicua, los caracteres de la barra invertida ("..\") en los servidores basados en Windows, los caracteres codificados de la URL "%2e%2e%2f"), y la codificación doble de la URL  ("..%255c") del carácter de la barra invertida.</div>
          <br clear="none"/>
          <div>Inclusive si el servidor web impide de forma correcta los intentos de trayectoria en la ruta de la URL, una aplicación web en sí misma puede ser muy vulnerable provocado por el manejo de forma incorrecta de la entrada que fue proporcionada por el usuario. Este es un problema muy común de las aplicaciones web que utilizan los mecanismos de plantilla o cargan algún texto estático de los archivos. En las variaciones de los ataques, el valor del parámetro de la URL original se modifica por el nombrede uno de los archivos de órdenes dinámicos de la aplicación web. Provocando que, los resultados puedan mostrar el código fuente porque el archivo se interpreta como un texto en vez de como un archivo de órdenes ejecutable. Estas técnicas suelen emplear caracteres especiales adicionales, como el punto (".") para revelar el listado del directorio de trabajo actual, o los caracteres NULL "%00" para saltarse las comprobaciones rudimentarias de la extensión de los archivos.</div>
        </td>
      </tr>
      <tr valign="top">
        <td colspan="2" rowspan="1"/>
      </tr>
      <tr>
        <td colspan="1" rowspan="1" class="indent1" width="20%">URL</td>
        <td colspan="1" rowspan="1" width="80%">
          <a shape="rect" href="http://tpi.lat:2095/subreseller/login">http://tpi.lat:2095/subreseller/login</a>
        </td>
      </tr>
      <tr>
        <td colspan="1" rowspan="1" class="indent2" width="20%">Método</td>
        <td colspan="1" rowspan="1" width="80%">POST</td>
      </tr>
      <tr>
        <td colspan="1" rowspan="1" class="indent2" width="20%">Parámetros</td>
        <td colspan="1" rowspan="1" width="80%">login</td>
      </tr>
      <tr>
        <td colspan="1" rowspan="1" class="indent2" width="20%">Ataque</td>
        <td colspan="1" rowspan="1" width="80%">c:/</td>
      </tr>
      <tr>
        <td colspan="1" rowspan="1" class="indent2" width="20%">Evidencia</td>
        <td colspan="1" rowspan="1" width="80%">etc</td>
      </tr>
      <tr>
        <td colspan="1" rowspan="1" class="indent2" width="20%">Other Info</td>
        <td colspan="1" rowspan="1" width="80%"/>
      </tr>
      <tr>
        <td colspan="1" rowspan="1" class="indent1" width="20%">URL</td>
        <td colspan="1" rowspan="1" width="80%">
          <a shape="rect" href="http://tpi.lat:2095/subreseller/login">http://tpi.lat:2095/subreseller/login</a>
        </td>
      </tr>
      <tr>
        <td colspan="1" rowspan="1" class="indent2" width="20%">Método</td>
        <td colspan="1" rowspan="1" width="80%">POST</td>
      </tr>
      <tr>
        <td colspan="1" rowspan="1" class="indent2" width="20%">Parámetros</td>
        <td colspan="1" rowspan="1" width="80%">password</td>
      </tr>
      <tr>
        <td colspan="1" rowspan="1" class="indent2" width="20%">Ataque</td>
        <td colspan="1" rowspan="1" width="80%">c:/</td>
      </tr>
      <tr>
        <td colspan="1" rowspan="1" class="indent2" width="20%">Evidencia</td>
        <td colspan="1" rowspan="1" width="80%">etc</td>
      </tr>
      <tr>
        <td colspan="1" rowspan="1" class="indent2" width="20%">Other Info</td>
        <td colspan="1" rowspan="1" width="80%"/>
      </tr>
      <tr>
        <td colspan="1" rowspan="1" class="indent1" width="20%">URL</td>
        <td colspan="1" rowspan="1" width="80%">
          <a shape="rect" href="http://tpi.lat:2095/subreseller/login">http://tpi.lat:2095/subreseller/login</a>
        </td>
      </tr>
      <tr>
        <td colspan="1" rowspan="1" class="indent2" width="20%">Método</td>
        <td colspan="1" rowspan="1" width="80%">POST</td>
      </tr>
      <tr>
        <td colspan="1" rowspan="1" class="indent2" width="20%">Parámetros</td>
        <td colspan="1" rowspan="1" width="80%">referrer</td>
      </tr>
      <tr>
        <td colspan="1" rowspan="1" class="indent2" width="20%">Ataque</td>
        <td colspan="1" rowspan="1" width="80%">c:/</td>
      </tr>
      <tr>
        <td colspan="1" rowspan="1" class="indent2" width="20%">Evidencia</td>
        <td colspan="1" rowspan="1" width="80%">etc</td>
      </tr>
      <tr>
        <td colspan="1" rowspan="1" class="indent2" width="20%">Other Info</td>
        <td colspan="1" rowspan="1" width="80%"/>
      </tr>
      <tr>
        <td colspan="1" rowspan="1" class="indent1" width="20%">URL</td>
        <td colspan="1" rowspan="1" width="80%">
          <a shape="rect" href="http://tpi.lat:2095/subreseller/login">http://tpi.lat:2095/subreseller/login</a>
        </td>
      </tr>
      <tr>
        <td colspan="1" rowspan="1" class="indent2" width="20%">Método</td>
        <td colspan="1" rowspan="1" width="80%">POST</td>
      </tr>
      <tr>
        <td colspan="1" rowspan="1" class="indent2" width="20%">Parámetros</td>
        <td colspan="1" rowspan="1" width="80%">username</td>
      </tr>
      <tr>
        <td colspan="1" rowspan="1" class="indent2" width="20%">Ataque</td>
        <td colspan="1" rowspan="1" width="80%">c:/</td>
      </tr>
      <tr>
        <td colspan="1" rowspan="1" class="indent2" width="20%">Evidencia</td>
        <td colspan="1" rowspan="1" width="80%">etc</td>
      </tr>
      <tr>
        <td colspan="1" rowspan="1" class="indent2" width="20%">Other Info</td>
        <td colspan="1" rowspan="1" width="80%"/>
      </tr>
      <tr>
        <td colspan="1" rowspan="1" width="20%">Instancia</td>
        <td colspan="1" rowspan="1" width="80%">4</td>
      </tr>
      <tr>
        <td colspan="1" rowspan="1" width="20%">Solución</td>
        <td colspan="1" rowspan="1" width="80%">
          <div>Asuma que toda la entrada es maliciosa. Utilizar una estrategia de validación de entradas de tipo "aceptar lo bueno conocido", es decir, utilizar una lista de entradas aceptables que se ajusten estrictamente a las especificaciones. Rechace cualquier entrada que no se adapte de forma estricta a las especificaciones, o cambielas por algo que sí lo haga. No confíe exclusivamente en la búsqueda de entradas maliciosas o malformadas (es decir, no confíe en una lista de denegación). Sin embargo, las listas de denegación pueden ser útiles para detectar posibles ataques o para determinar qué entradas están tan malformadas que deben ser rechazadas directamente.</div>
          <br clear="none"/>
          <div>Al realizar la validación de entrada, usted debe considerar todas las propiedades potencialmente destacadas, incluida la longitud, el tipo de entrada, el rango completo de valores aceptables, las entradas faltantes o adicionales, la sintaxis, el sentido entre los campos que se encuentran relacionados y la conformidad con todas las reglas comerciales. Como ejemplo de lógica de regla de negocio, "barco" puede ser sintácticamente válido porque sólo contiene caracteres alfanuméricos, pero no es válido si se esperan colores como "rojo" o "azul".</div>
          <br clear="none"/>
          <div>Para los nombres de archivo, utilice listas de permisos estrictas que limiten el conjunto de caracteres a utilizar. Si es posible, solo permita un solo carácter "." en el nombre del archivo para poder prevenir las vulnerabilidades y rechazar los separadores de directorios como por ejemplo "/". Utilice una lista de extensiones de archivo permitidas.</div>
          <br clear="none"/>
          <div>Advertencia: si usted intenta limpiar sus datos, tiene que hacerlo para que el resultado final no esté en la forma en el que estos puedan ser un peligro. Un mecanismo para desinfectar puede provcar la eliminación de caracteres como por ejemplo "." y ";" que pueden ser necesitados para varias explociones. Un atacante puede intentar burlar al mecanismo de desinfección para que este "limpie" los datos de una forma que puede ser muy peligrosa. Supongamos que el atacante logra inyectar un "." dentro de un nombre de un archivo (por ejemplo, "archivo sensi.tive") y el mecanismo que se encarga de desinfectar elimina el carácter que da como resultado que el nombre del archivo válido sea, "archivo sensible". Si ahora suponemos que los datos de entrada son seguros, entonces el archivo tiene la posibilidad de verse comprometido. </div>
          <br clear="none"/>
          <div>Las entradas se deben decodificar y canonicalizar a la representación que se encuentra actualmente de manera interna de la aplicación antes de validarlas. Asegúrese de que su aplicación no pueda descodificar la misma entrada dos veces. Estos errores podrían utilizarse para eludir los esquemas de listas de permitidos introduciendo entradas peligrosas después de haberlas comprobado.</div>
          <br clear="none"/>
          <div>Utilice alguna función de canonicalización de una ruta que fue incorporada (como realpath() en C) la cual origina la versión canónica de la ruta de acceso, que produce la eliminación de forma efectiva de las secuencias ".." y los enlaces que son simbólicos.</div>
          <br clear="none"/>
          <div>Ejecute su codigo utilizando los privilegios más bajos que se necesitan para poder realizar todas las tareas que son necesarias. Si es posible, cree unas cuentas que se encuentren aisladas con provilegios limitados que solo se utilizan para una sola tarea. De esta forma, un ataque que sea exitoso no le proporcionará al atacante el acceso de forma inmediata al resto del software o su dominio. Por ejemplo, las aplicaciones de las bases de datos muy pocas veces requieren ejecutarse como el administrador de la base de datos, en especial en las operaciones que son cotidianas.</div>
          <br clear="none"/>
          <div>Cuando el grupo de los objetos que son aceptados, como nombre de los archivos o URL, es limitado o conocido, tiene que crear una asignación de un grupo de valores de entradas que son fijos (como ID numéricos) a los nombres de los archivos o URL que son reales, y además tiene que rechazar todas las otras entradas.</div>
          <br clear="none"/>
          <div>Ejecute su código en un dominio de "cárcel" o un dominio que sea similar el cual imponga los límites estrictos entre el proceso y el sistema operativo. Esto puede ser que restrinja de forma efectiva a qué archivos se pueden ingresar en un directorio particular o qué comandos puede utilizar su software.</div>
          <br clear="none"/>
          <div>Los ejemplos de niveles de sistema operativo incluyen el Unix chroot jail, AppArmor, and SELinux. Normalmente, el código proporcionado puede otorgar cierta protección. Por ejemplo, java.io.FilePermission en Java SecurityManager le permite especificar las restricciones en las operaciones de archivos.</div>
          <br clear="none"/>
          <div>Esto puede que no sea la solución viable, y solo limita el impacto al sistema operativo; el resto de tu aplicación puede estar expuesta.</div>
        </td>
      </tr>
      <tr>
        <td colspan="1" rowspan="1" width="20%">Referencia</td>
        <td colspan="1" rowspan="1" width="80%">
          <a shape="rect" href="http://projects.webappsec.org/Path-Traversal">http://projects.webappsec.org/Path-Traversal</a>
          <br clear="none"/>
          <a shape="rect" href="https://cwe.mitre.org/data/definitions/22.html">https://cwe.mitre.org/data/definitions/22.html</a>
        </td>
      </tr>
      <tr>
        <td colspan="1" rowspan="1" width="20%">CWE Id</td>
        <td colspan="1" rowspan="1" width="80%">
          <a shape="rect" href="https://cwe.mitre.org/data/definitions/22.html">22</a>
        </td>
      </tr>
      <tr>
        <td colspan="1" rowspan="1" width="20%">WASC Id</td>
        <td colspan="1" rowspan="1" width="80%">33</td>
      </tr>
      <tr>
        <td colspan="1" rowspan="1" width="20%">Plugin Id</td>
        <td colspan="1" rowspan="1" width="80%">
          <a shape="rect" href="https://www.zaproxy.org/docs/alerts/6/">6</a>
        </td>
      </tr>
    </table>
    <div class="spacer"/>
    <table class="results">
      <tr height="24">
        <th colspan="1" rowspan="1" class="risk-2" width="20%">
          <a shape="rect" id="10202"/>
          <div>Medio</div>
        </th>
        <th colspan="1" rowspan="1" class="risk-2">Ausencia de Ttokens Anti-CSRF</th>
      </tr>
      <tr>
        <td colspan="1" rowspan="1" width="20%">Descripción</td>
        <td colspan="1" rowspan="1" width="80%">
          <div>No se encontraron tokens Anti-CSRF en un formulario de envío HTML.</div>
          <br clear="none"/>
          <div>Una solicutud falsa entre sitios en un ataque que compromete y obliga a una víctima a enviar su solicitud HTTP a un destino objetivo sin su conocimiento o intención para poder realizar una acción como víctima. La causa oculta es la funcionalidad de la aplicación utilizando acciones de URL/formulario que pueden ser adivinados de forma repetible. La naturaleza del ataque es que CSRG explota la confianza que un sitio web proporciona a un usuario. Por el contrario, las cadenas de comandos de los sitios cruzados (XSS) explotan la confianza que un usuario proporciona en un sitio web. Al igual que XSS, los ataques CSRG no son de forma necesaria de sitios cruzados, pero hay la posibilidad de que si pueden serlo. La falsificación de las solicitudes ente los sitios también se conoce como CSRF, XSRG, ataques con un solo clic, montaje de sesión, diputado confundido y navegación en alta mar.</div>
          <br clear="none"/>
          <div>Los ataques de CSRG son muy efectivos en varias situaciones, que incluyen:</div>
          <br clear="none"/>
          <div>*La victima tiene una sesión activa en el sitio de destino.</div>
          <br clear="none"/>
          <div>    *La víctima se autoriza por medio de la autenticación HTTP en el sitio de destino.</div>
          <br clear="none"/>
          <div>    *La víctima se encuentra en la misma red local que el sitio de destino.</div>
          <br clear="none"/>
          <div>CSRF se ha utilizado especialmente para poder realizar una acción contra un sitio objetivo utilizando los privilegios de la víctima, pero se han revelado técnicas recientes para difundir información al obtener el acceso a la respuesta. El riesgo de divulgación de información aumenta de forma drástica cuando el sitio de destino se encuentra vulnerable a XSS, porque XSS se puede utilizar como una plataforma para CSRF, lo que le permite al atacante que opere desde adentro de los líites de la misma política de origen.</div>
        </td>
      </tr>
      <tr valign="top">
        <td colspan="2" rowspan="1"/>
      </tr>
      <tr>
        <td colspan="1" rowspan="1" class="indent1" width="20%">URL</td>
        <td colspan="1" rowspan="1" width="80%">
          <a shape="rect" href="http://tpi.lat:2095/subreseller/line?trial=1">http://tpi.lat:2095/subreseller/line?trial=1</a>
        </td>
      </tr>
      <tr>
        <td colspan="1" rowspan="1" class="indent2" width="20%">Método</td>
        <td colspan="1" rowspan="1" width="80%">GET</td>
      </tr>
      <tr>
        <td colspan="1" rowspan="1" class="indent2" width="20%">Parámetros</td>
        <td colspan="1" rowspan="1" width="80%"/>
      </tr>
      <tr>
        <td colspan="1" rowspan="1" class="indent2" width="20%">Ataque</td>
        <td colspan="1" rowspan="1" width="80%"/>
      </tr>
      <tr>
        <td colspan="1" rowspan="1" class="indent2" width="20%">Evidencia</td>
        <td colspan="1" rowspan="1" width="80%">&lt;form action="#" method="POST" data-parsley-validate=""&gt;</td>
      </tr>
      <tr>
        <td colspan="1" rowspan="1" class="indent2" width="20%">Other Info</td>
        <td colspan="1" rowspan="1" width="80%">Ninguna ficha (token) Anti-CSRF [anticsrf, CSRFToken, __RequestVerificationToken, csrfmiddlewaretoken, authenticity_token, OWASP_CSRFTOKEN, anoncsrf, csrf_token, _csrf, _csrfSecret, __csrf_magic, CSRF, _token, _csrf_token] fue encontrada en los siguientes formularios HTML: [Form 1: "bouquets_selected" "bypass_ua" "contact" "exp_date" "ip_field" "is_isplock" "isp_clear" "max_connections" "package_cost" "package_duration" "password" "submit_button" "trial" "ua_field" "username" ].  </td>
      </tr>
      <tr>
        <td colspan="1" rowspan="1" class="indent1" width="20%">URL</td>
        <td colspan="1" rowspan="1" width="80%">
          <a shape="rect" href="http://tpi.lat:2095/subreseller/login">http://tpi.lat:2095/subreseller/login</a>
        </td>
      </tr>
      <tr>
        <td colspan="1" rowspan="1" class="indent2" width="20%">Método</td>
        <td colspan="1" rowspan="1" width="80%">GET</td>
      </tr>
      <tr>
        <td colspan="1" rowspan="1" class="indent2" width="20%">Parámetros</td>
        <td colspan="1" rowspan="1" width="80%"/>
      </tr>
      <tr>
        <td colspan="1" rowspan="1" class="indent2" width="20%">Ataque</td>
        <td colspan="1" rowspan="1" width="80%"/>
      </tr>
      <tr>
        <td colspan="1" rowspan="1" class="indent2" width="20%">Evidencia</td>
        <td colspan="1" rowspan="1" width="80%">&lt;form action="./login" method="POST" data-parsley-validate=""&gt;</td>
      </tr>
      <tr>
        <td colspan="1" rowspan="1" class="indent2" width="20%">Other Info</td>
        <td colspan="1" rowspan="1" width="80%">Ninguna ficha (token) Anti-CSRF [anticsrf, CSRFToken, __RequestVerificationToken, csrfmiddlewaretoken, authenticity_token, OWASP_CSRFTOKEN, anoncsrf, csrf_token, _csrf, _csrfSecret, __csrf_magic, CSRF, _token, _csrf_token] fue encontrada en los siguientes formularios HTML: [Form 1: "password" "referrer" "username" ].  </td>
      </tr>
      <tr>
        <td colspan="1" rowspan="1" width="20%">Instancia</td>
        <td colspan="1" rowspan="1" width="80%">2</td>
      </tr>
      <tr>
        <td colspan="1" rowspan="1" width="20%">Solución</td>
        <td colspan="1" rowspan="1" width="80%">
          <div>Fase: Arquitectura y Diseño</div>
          <br clear="none"/>
          <div>Utilizar una biblioteca o framework verificado y confiable que evite esta vulnerabilidad o proporcione elementos que faciliten evitarla.</div>
          <br clear="none"/>
          <div>Por ejemplo, utilice el paquete anti-CSRG como el CSRGuard de OWASP.</div>
          <br clear="none"/>
          <div>Fase: Implementación</div>
          <br clear="none"/>
          <div>Asegúrese de que su aplicación esté libre de fallas de secuencias de comandos entre sitios, ya que la mayoría de las defensas de CSRF pueden detenerse por alto por medio del uso de secuencias de comandos manejadas por el atacante.</div>
          <br clear="none"/>
          <div>Fase: Arquitectura y Diseño</div>
          <br clear="none"/>
          <div>Origina un nonce único para cada uno de los formularios, coloque el nonce en el formularo y confirme la independencia al obtener el formulario. Asegúrese de que el nonce no sea predecible (CWE-330).</div>
          <br clear="none"/>
          <div>Usted tiene que tener en cuenta que esto puede pasar desapercibido utilizando XSS.</div>
          <br clear="none"/>
          <div>Identificar las operaciones que sean especialmente peligrosas. Cuando el usuario desarrolla una operación peligrosa, envíe una solicitud de confirmación de forma separada para poder garantizar que el usuario tenga la intención de desarrollar esa operación.</div>
          <br clear="none"/>
          <div>Usted tiene que tener en cuenta que esto puede pasar desapercibido utilizando XSS.</div>
          <br clear="none"/>
          <div>Utilice el control de gestión de la sesión de ESAPI.</div>
          <br clear="none"/>
          <div>Este control introduce un elemento para CSRF.</div>
          <br clear="none"/>
          <div>No utilice el método GET para ninguna de las solicitudes que puedan desencadenar un cambio de estado.</div>
          <br clear="none"/>
          <div>Fase: Implementación</div>
          <br clear="none"/>
          <div>Revise que la solicitud se creó en la página esperada. Esto podría quebrar la funcionalidad auténtica, ya que los usuarios o los representantes puede ser que hayan desactivado el envío de Referer por motivos de privacidad.</div>
        </td>
      </tr>
      <tr>
        <td colspan="1" rowspan="1" width="20%">Referencia</td>
        <td colspan="1" rowspan="1" width="80%">
          <a shape="rect" href="http://projects.webappsec.org/Cross-Site-Request-Forgery">http://projects.webappsec.org/Cross-Site-Request-Forgery</a>
          <br clear="none"/>
          <a shape="rect" href="https://cwe.mitre.org/data/definitions/352.html">https://cwe.mitre.org/data/definitions/352.html</a>
        </td>
      </tr>
      <tr>
        <td colspan="1" rowspan="1" width="20%">CWE Id</td>
        <td colspan="1" rowspan="1" width="80%">
          <a shape="rect" href="https://cwe.mitre.org/data/definitions/352.html">352</a>
        </td>
      </tr>
      <tr>
        <td colspan="1" rowspan="1" width="20%">WASC Id</td>
        <td colspan="1" rowspan="1" width="80%">9</td>
      </tr>
      <tr>
        <td colspan="1" rowspan="1" width="20%">Plugin Id</td>
        <td colspan="1" rowspan="1" width="80%">
          <a shape="rect" href="https://www.zaproxy.org/docs/alerts/10202/">10202</a>
        </td>
      </tr>
    </table>
    <div class="spacer"/>
    <table class="results">
      <tr height="24">
        <th colspan="1" rowspan="1" class="risk-2" width="20%">
          <a shape="rect" id="10038"/>
          <div>Medio</div>
        </th>
        <th colspan="1" rowspan="1" class="risk-2">Cabecera Content Security Policy (CSP) no configurada</th>
      </tr>
      <tr>
        <td colspan="1" rowspan="1" width="20%">Descripción</td>
        <td colspan="1" rowspan="1" width="80%">
          <div>La Política de seguridad de contenido (CSP) es una capa adicional de seguridad que ayuda a detectar y mitigar ciertos tipos de ataques, incluidos Cross Site Scripting (XSS) y ataques de inyección de datos. Estos ataques se utilizan para todo, desde el robo de datos hasta la desfiguración del sitio o la distribución de malware. CSP proporciona un conjunto de encabezados HTTP estándar que permiten a los propietarios de sitios web declarar fuentes de contenido aprobadas que los navegadores deberían poder cargar en esa página; los tipos cubiertos son JavaScript, CSS, marcos HTML, fuentes, imágenes y objetos incrustados como applets de Java, ActiveX, archivos de audio y video.</div>
        </td>
      </tr>
      <tr valign="top">
        <td colspan="2" rowspan="1"/>
      </tr>
      <tr>
        <td colspan="1" rowspan="1" class="indent1" width="20%">URL</td>
        <td colspan="1" rowspan="1" width="80%">
          <a shape="rect" href="http://tpi.lat:2095/subreseller/api?action=dashboard">http://tpi.lat:2095/subreseller/api?action=dashboard</a>
        </td>
      </tr>
      <tr>
        <td colspan="1" rowspan="1" class="indent2" width="20%">Método</td>
        <td colspan="1" rowspan="1" width="80%">GET</td>
      </tr>
      <tr>
        <td colspan="1" rowspan="1" class="indent2" width="20%">Parámetros</td>
        <td colspan="1" rowspan="1" width="80%"/>
      </tr>
      <tr>
        <td colspan="1" rowspan="1" class="indent2" width="20%">Ataque</td>
        <td colspan="1" rowspan="1" width="80%"/>
      </tr>
      <tr>
        <td colspan="1" rowspan="1" class="indent2" width="20%">Evidencia</td>
        <td colspan="1" rowspan="1" width="80%"/>
      </tr>
      <tr>
        <td colspan="1" rowspan="1" class="indent2" width="20%">Other Info</td>
        <td colspan="1" rowspan="1" width="80%"/>
      </tr>
      <tr>
        <td colspan="1" rowspan="1" class="indent1" width="20%">URL</td>
        <td colspan="1" rowspan="1" width="80%">
          <a shape="rect" href="http://tpi.lat:2095/subreseller/api?action=get_package_trial&amp;package_id=1">http://tpi.lat:2095/subreseller/api?action=get_package_trial&amp;package_id=1</a>
        </td>
      </tr>
      <tr>
        <td colspan="1" rowspan="1" class="indent2" width="20%">Método</td>
        <td colspan="1" rowspan="1" width="80%">GET</td>
      </tr>
      <tr>
        <td colspan="1" rowspan="1" class="indent2" width="20%">Parámetros</td>
        <td colspan="1" rowspan="1" width="80%"/>
      </tr>
      <tr>
        <td colspan="1" rowspan="1" class="indent2" width="20%">Ataque</td>
        <td colspan="1" rowspan="1" width="80%"/>
      </tr>
      <tr>
        <td colspan="1" rowspan="1" class="indent2" width="20%">Evidencia</td>
        <td colspan="1" rowspan="1" width="80%"/>
      </tr>
      <tr>
        <td colspan="1" rowspan="1" class="indent2" width="20%">Other Info</td>
        <td colspan="1" rowspan="1" width="80%"/>
      </tr>
      <tr>
        <td colspan="1" rowspan="1" class="indent1" width="20%">URL</td>
        <td colspan="1" rowspan="1" width="80%">
          <a shape="rect" href="http://tpi.lat:2095/subreseller/api?action=header_stats">http://tpi.lat:2095/subreseller/api?action=header_stats</a>
        </td>
      </tr>
      <tr>
        <td colspan="1" rowspan="1" class="indent2" width="20%">Método</td>
        <td colspan="1" rowspan="1" width="80%">GET</td>
      </tr>
      <tr>
        <td colspan="1" rowspan="1" class="indent2" width="20%">Parámetros</td>
        <td colspan="1" rowspan="1" width="80%"/>
      </tr>
      <tr>
        <td colspan="1" rowspan="1" class="indent2" width="20%">Ataque</td>
        <td colspan="1" rowspan="1" width="80%"/>
      </tr>
      <tr>
        <td colspan="1" rowspan="1" class="indent2" width="20%">Evidencia</td>
        <td colspan="1" rowspan="1" width="80%"/>
      </tr>
      <tr>
        <td colspan="1" rowspan="1" class="indent2" width="20%">Other Info</td>
        <td colspan="1" rowspan="1" width="80%"/>
      </tr>
      <tr>
        <td colspan="1" rowspan="1" class="indent1" width="20%">URL</td>
        <td colspan="1" rowspan="1" width="80%">
          <a shape="rect" href="http://tpi.lat:2095/subreseller/dashboard">http://tpi.lat:2095/subreseller/dashboard</a>
        </td>
      </tr>
      <tr>
        <td colspan="1" rowspan="1" class="indent2" width="20%">Método</td>
        <td colspan="1" rowspan="1" width="80%">GET</td>
      </tr>
      <tr>
        <td colspan="1" rowspan="1" class="indent2" width="20%">Parámetros</td>
        <td colspan="1" rowspan="1" width="80%"/>
      </tr>
      <tr>
        <td colspan="1" rowspan="1" class="indent2" width="20%">Ataque</td>
        <td colspan="1" rowspan="1" width="80%"/>
      </tr>
      <tr>
        <td colspan="1" rowspan="1" class="indent2" width="20%">Evidencia</td>
        <td colspan="1" rowspan="1" width="80%"/>
      </tr>
      <tr>
        <td colspan="1" rowspan="1" class="indent2" width="20%">Other Info</td>
        <td colspan="1" rowspan="1" width="80%"/>
      </tr>
      <tr>
        <td colspan="1" rowspan="1" class="indent1" width="20%">URL</td>
        <td colspan="1" rowspan="1" width="80%">
          <a shape="rect" href="http://tpi.lat:2095/subreseller/line?trial=1">http://tpi.lat:2095/subreseller/line?trial=1</a>
        </td>
      </tr>
      <tr>
        <td colspan="1" rowspan="1" class="indent2" width="20%">Método</td>
        <td colspan="1" rowspan="1" width="80%">GET</td>
      </tr>
      <tr>
        <td colspan="1" rowspan="1" class="indent2" width="20%">Parámetros</td>
        <td colspan="1" rowspan="1" width="80%"/>
      </tr>
      <tr>
        <td colspan="1" rowspan="1" class="indent2" width="20%">Ataque</td>
        <td colspan="1" rowspan="1" width="80%"/>
      </tr>
      <tr>
        <td colspan="1" rowspan="1" class="indent2" width="20%">Evidencia</td>
        <td colspan="1" rowspan="1" width="80%"/>
      </tr>
      <tr>
        <td colspan="1" rowspan="1" class="indent2" width="20%">Other Info</td>
        <td colspan="1" rowspan="1" width="80%"/>
      </tr>
      <tr>
        <td colspan="1" rowspan="1" class="indent1" width="20%">URL</td>
        <td colspan="1" rowspan="1" width="80%">
          <a shape="rect" href="http://tpi.lat:2095/subreseller/login">http://tpi.lat:2095/subreseller/login</a>
        </td>
      </tr>
      <tr>
        <td colspan="1" rowspan="1" class="indent2" width="20%">Método</td>
        <td colspan="1" rowspan="1" width="80%">GET</td>
      </tr>
      <tr>
        <td colspan="1" rowspan="1" class="indent2" width="20%">Parámetros</td>
        <td colspan="1" rowspan="1" width="80%"/>
      </tr>
      <tr>
        <td colspan="1" rowspan="1" class="indent2" width="20%">Ataque</td>
        <td colspan="1" rowspan="1" width="80%"/>
      </tr>
      <tr>
        <td colspan="1" rowspan="1" class="indent2" width="20%">Evidencia</td>
        <td colspan="1" rowspan="1" width="80%"/>
      </tr>
      <tr>
        <td colspan="1" rowspan="1" class="indent2" width="20%">Other Info</td>
        <td colspan="1" rowspan="1" width="80%"/>
      </tr>
      <tr>
        <td colspan="1" rowspan="1" class="indent1" width="20%">URL</td>
        <td colspan="1" rowspan="1" width="80%">
          <a shape="rect" href="http://tpi.lat:2095/subreseller/post.php?action=line">http://tpi.lat:2095/subreseller/post.php?action=line</a>
        </td>
      </tr>
      <tr>
        <td colspan="1" rowspan="1" class="indent2" width="20%">Método</td>
        <td colspan="1" rowspan="1" width="80%">POST</td>
      </tr>
      <tr>
        <td colspan="1" rowspan="1" class="indent2" width="20%">Parámetros</td>
        <td colspan="1" rowspan="1" width="80%"/>
      </tr>
      <tr>
        <td colspan="1" rowspan="1" class="indent2" width="20%">Ataque</td>
        <td colspan="1" rowspan="1" width="80%"/>
      </tr>
      <tr>
        <td colspan="1" rowspan="1" class="indent2" width="20%">Evidencia</td>
        <td colspan="1" rowspan="1" width="80%"/>
      </tr>
      <tr>
        <td colspan="1" rowspan="1" class="indent2" width="20%">Other Info</td>
        <td colspan="1" rowspan="1" width="80%"/>
      </tr>
      <tr>
        <td colspan="1" rowspan="1" width="20%">Instancia</td>
        <td colspan="1" rowspan="1" width="80%">7</td>
      </tr>
      <tr>
        <td colspan="1" rowspan="1" width="20%">Solución</td>
        <td colspan="1" rowspan="1" width="80%">
          <div>Asegúrese de que su servidor web, servidor de aplicaciones, balanceador de carga, etc. esté configurado para establecer la cabecera Content-Security-Policy.</div>
        </td>
      </tr>
      <tr>
        <td colspan="1" rowspan="1" width="20%">Referencia</td>
        <td colspan="1" rowspan="1" width="80%">
          <a shape="rect" href="https://developer.mozilla.org/en-US/docs/Web/Security/CSP/Introducing_Content_Security_Policy">https://developer.mozilla.org/en-US/docs/Web/Security/CSP/Introducing_Content_Security_Policy</a>
          <br clear="none"/>
          <a shape="rect" href="https://cheatsheetseries.owasp.org/cheatsheets/Content_Security_Policy_Cheat_Sheet.html">https://cheatsheetseries.owasp.org/cheatsheets/Content_Security_Policy_Cheat_Sheet.html</a>
          <br clear="none"/>
          <a shape="rect" href="http://www.w3.org/TR/CSP/">http://www.w3.org/TR/CSP/</a>
          <br clear="none"/>
          <a shape="rect" href="http://w3c.github.io/webappsec/specs/content-security-policy/csp-specification.dev.html">http://w3c.github.io/webappsec/specs/content-security-policy/csp-specification.dev.html</a>
          <br clear="none"/>
          <a shape="rect" href="http://www.html5rocks.com/en/tutorials/security/content-security-policy/">http://www.html5rocks.com/en/tutorials/security/content-security-policy/</a>
          <br clear="none"/>
          <a shape="rect" href="http://caniuse.com/#feat=contentsecuritypolicy">http://caniuse.com/#feat=contentsecuritypolicy</a>
          <br clear="none"/>
          <a shape="rect" href="http://content-security-policy.com/">http://content-security-policy.com/</a>
        </td>
      </tr>
      <tr>
        <td colspan="1" rowspan="1" width="20%">CWE Id</td>
        <td colspan="1" rowspan="1" width="80%">
          <a shape="rect" href="https://cwe.mitre.org/data/definitions/693.html">693</a>
        </td>
      </tr>
      <tr>
        <td colspan="1" rowspan="1" width="20%">WASC Id</td>
        <td colspan="1" rowspan="1" width="80%">15</td>
      </tr>
      <tr>
        <td colspan="1" rowspan="1" width="20%">Plugin Id</td>
        <td colspan="1" rowspan="1" width="80%">
          <a shape="rect" href="https://www.zaproxy.org/docs/alerts/10038/">10038</a>
        </td>
      </tr>
    </table>
    <div class="spacer"/>
    <table class="results">
      <tr height="24">
        <th colspan="1" rowspan="1" class="risk-2" width="20%">
          <a shape="rect" id="10020"/>
          <div>Medio</div>
        </th>
        <th colspan="1" rowspan="1" class="risk-2">Falta de cabecera Anti-Clickjacking</th>
      </tr>
      <tr>
        <td colspan="1" rowspan="1" width="20%">Descripción</td>
        <td colspan="1" rowspan="1" width="80%">
          <div>La respuesta no incluye Content-Security-Policy con la directiva 'frame-ancestors' ni X-Frame-Options para proteger contra ataques de 'ClickJacking'.</div>
        </td>
      </tr>
      <tr valign="top">
        <td colspan="2" rowspan="1"/>
      </tr>
      <tr>
        <td colspan="1" rowspan="1" class="indent1" width="20%">URL</td>
        <td colspan="1" rowspan="1" width="80%">
          <a shape="rect" href="http://tpi.lat:2095/subreseller/api?action=dashboard">http://tpi.lat:2095/subreseller/api?action=dashboard</a>
        </td>
      </tr>
      <tr>
        <td colspan="1" rowspan="1" class="indent2" width="20%">Método</td>
        <td colspan="1" rowspan="1" width="80%">GET</td>
      </tr>
      <tr>
        <td colspan="1" rowspan="1" class="indent2" width="20%">Parámetros</td>
        <td colspan="1" rowspan="1" width="80%">x-frame-options</td>
      </tr>
      <tr>
        <td colspan="1" rowspan="1" class="indent2" width="20%">Ataque</td>
        <td colspan="1" rowspan="1" width="80%"/>
      </tr>
      <tr>
        <td colspan="1" rowspan="1" class="indent2" width="20%">Evidencia</td>
        <td colspan="1" rowspan="1" width="80%"/>
      </tr>
      <tr>
        <td colspan="1" rowspan="1" class="indent2" width="20%">Other Info</td>
        <td colspan="1" rowspan="1" width="80%"/>
      </tr>
      <tr>
        <td colspan="1" rowspan="1" class="indent1" width="20%">URL</td>
        <td colspan="1" rowspan="1" width="80%">
          <a shape="rect" href="http://tpi.lat:2095/subreseller/api?action=get_package_trial&amp;package_id=1">http://tpi.lat:2095/subreseller/api?action=get_package_trial&amp;package_id=1</a>
        </td>
      </tr>
      <tr>
        <td colspan="1" rowspan="1" class="indent2" width="20%">Método</td>
        <td colspan="1" rowspan="1" width="80%">GET</td>
      </tr>
      <tr>
        <td colspan="1" rowspan="1" class="indent2" width="20%">Parámetros</td>
        <td colspan="1" rowspan="1" width="80%">x-frame-options</td>
      </tr>
      <tr>
        <td colspan="1" rowspan="1" class="indent2" width="20%">Ataque</td>
        <td colspan="1" rowspan="1" width="80%"/>
      </tr>
      <tr>
        <td colspan="1" rowspan="1" class="indent2" width="20%">Evidencia</td>
        <td colspan="1" rowspan="1" width="80%"/>
      </tr>
      <tr>
        <td colspan="1" rowspan="1" class="indent2" width="20%">Other Info</td>
        <td colspan="1" rowspan="1" width="80%"/>
      </tr>
      <tr>
        <td colspan="1" rowspan="1" class="indent1" width="20%">URL</td>
        <td colspan="1" rowspan="1" width="80%">
          <a shape="rect" href="http://tpi.lat:2095/subreseller/api?action=header_stats">http://tpi.lat:2095/subreseller/api?action=header_stats</a>
        </td>
      </tr>
      <tr>
        <td colspan="1" rowspan="1" class="indent2" width="20%">Método</td>
        <td colspan="1" rowspan="1" width="80%">GET</td>
      </tr>
      <tr>
        <td colspan="1" rowspan="1" class="indent2" width="20%">Parámetros</td>
        <td colspan="1" rowspan="1" width="80%">x-frame-options</td>
      </tr>
      <tr>
        <td colspan="1" rowspan="1" class="indent2" width="20%">Ataque</td>
        <td colspan="1" rowspan="1" width="80%"/>
      </tr>
      <tr>
        <td colspan="1" rowspan="1" class="indent2" width="20%">Evidencia</td>
        <td colspan="1" rowspan="1" width="80%"/>
      </tr>
      <tr>
        <td colspan="1" rowspan="1" class="indent2" width="20%">Other Info</td>
        <td colspan="1" rowspan="1" width="80%"/>
      </tr>
      <tr>
        <td colspan="1" rowspan="1" class="indent1" width="20%">URL</td>
        <td colspan="1" rowspan="1" width="80%">
          <a shape="rect" href="http://tpi.lat:2095/subreseller/dashboard">http://tpi.lat:2095/subreseller/dashboard</a>
        </td>
      </tr>
      <tr>
        <td colspan="1" rowspan="1" class="indent2" width="20%">Método</td>
        <td colspan="1" rowspan="1" width="80%">GET</td>
      </tr>
      <tr>
        <td colspan="1" rowspan="1" class="indent2" width="20%">Parámetros</td>
        <td colspan="1" rowspan="1" width="80%">x-frame-options</td>
      </tr>
      <tr>
        <td colspan="1" rowspan="1" class="indent2" width="20%">Ataque</td>
        <td colspan="1" rowspan="1" width="80%"/>
      </tr>
      <tr>
        <td colspan="1" rowspan="1" class="indent2" width="20%">Evidencia</td>
        <td colspan="1" rowspan="1" width="80%"/>
      </tr>
      <tr>
        <td colspan="1" rowspan="1" class="indent2" width="20%">Other Info</td>
        <td colspan="1" rowspan="1" width="80%"/>
      </tr>
      <tr>
        <td colspan="1" rowspan="1" class="indent1" width="20%">URL</td>
        <td colspan="1" rowspan="1" width="80%">
          <a shape="rect" href="http://tpi.lat:2095/subreseller/line?trial=1">http://tpi.lat:2095/subreseller/line?trial=1</a>
        </td>
      </tr>
      <tr>
        <td colspan="1" rowspan="1" class="indent2" width="20%">Método</td>
        <td colspan="1" rowspan="1" width="80%">GET</td>
      </tr>
      <tr>
        <td colspan="1" rowspan="1" class="indent2" width="20%">Parámetros</td>
        <td colspan="1" rowspan="1" width="80%">x-frame-options</td>
      </tr>
      <tr>
        <td colspan="1" rowspan="1" class="indent2" width="20%">Ataque</td>
        <td colspan="1" rowspan="1" width="80%"/>
      </tr>
      <tr>
        <td colspan="1" rowspan="1" class="indent2" width="20%">Evidencia</td>
        <td colspan="1" rowspan="1" width="80%"/>
      </tr>
      <tr>
        <td colspan="1" rowspan="1" class="indent2" width="20%">Other Info</td>
        <td colspan="1" rowspan="1" width="80%"/>
      </tr>
      <tr>
        <td colspan="1" rowspan="1" class="indent1" width="20%">URL</td>
        <td colspan="1" rowspan="1" width="80%">
          <a shape="rect" href="http://tpi.lat:2095/subreseller/login">http://tpi.lat:2095/subreseller/login</a>
        </td>
      </tr>
      <tr>
        <td colspan="1" rowspan="1" class="indent2" width="20%">Método</td>
        <td colspan="1" rowspan="1" width="80%">GET</td>
      </tr>
      <tr>
        <td colspan="1" rowspan="1" class="indent2" width="20%">Parámetros</td>
        <td colspan="1" rowspan="1" width="80%">x-frame-options</td>
      </tr>
      <tr>
        <td colspan="1" rowspan="1" class="indent2" width="20%">Ataque</td>
        <td colspan="1" rowspan="1" width="80%"/>
      </tr>
      <tr>
        <td colspan="1" rowspan="1" class="indent2" width="20%">Evidencia</td>
        <td colspan="1" rowspan="1" width="80%"/>
      </tr>
      <tr>
        <td colspan="1" rowspan="1" class="indent2" width="20%">Other Info</td>
        <td colspan="1" rowspan="1" width="80%"/>
      </tr>
      <tr>
        <td colspan="1" rowspan="1" class="indent1" width="20%">URL</td>
        <td colspan="1" rowspan="1" width="80%">
          <a shape="rect" href="http://tpi.lat:2095/subreseller/post.php?action=line">http://tpi.lat:2095/subreseller/post.php?action=line</a>
        </td>
      </tr>
      <tr>
        <td colspan="1" rowspan="1" class="indent2" width="20%">Método</td>
        <td colspan="1" rowspan="1" width="80%">POST</td>
      </tr>
      <tr>
        <td colspan="1" rowspan="1" class="indent2" width="20%">Parámetros</td>
        <td colspan="1" rowspan="1" width="80%">x-frame-options</td>
      </tr>
      <tr>
        <td colspan="1" rowspan="1" class="indent2" width="20%">Ataque</td>
        <td colspan="1" rowspan="1" width="80%"/>
      </tr>
      <tr>
        <td colspan="1" rowspan="1" class="indent2" width="20%">Evidencia</td>
        <td colspan="1" rowspan="1" width="80%"/>
      </tr>
      <tr>
        <td colspan="1" rowspan="1" class="indent2" width="20%">Other Info</td>
        <td colspan="1" rowspan="1" width="80%"/>
      </tr>
      <tr>
        <td colspan="1" rowspan="1" width="20%">Instancia</td>
        <td colspan="1" rowspan="1" width="80%">7</td>
      </tr>
      <tr>
        <td colspan="1" rowspan="1" width="20%">Solución</td>
        <td colspan="1" rowspan="1" width="80%">
          <div>Los navegadores web modernos admiten los encabezados HTTP Content-Security-Policy y X-Frame-Options. Asegúrese de que uno de ellos esté configurado en todas las páginas web devueltas por su sitio/aplicación.</div>
          <br clear="none"/>
          <div>Si espera que la página esté enmarcada solo por páginas en su servidor (por ejemplo, es parte de un FRAMESET), querrá usar SAMEORIGIN; de lo contrario, si nunca espera que la página esté enmarcada, debe usar DENY. Alternativamente, considere implementar la directiva "frame-ancestros" de la política de seguridad de contenido.</div>
        </td>
      </tr>
      <tr>
        <td colspan="1" rowspan="1" width="20%">Referencia</td>
        <td colspan="1" rowspan="1" width="80%">
          <a shape="rect" href="https://developer.mozilla.org/en-US/docs/Web/HTTP/Headers/X-Frame-Options">https://developer.mozilla.org/en-US/docs/Web/HTTP/Headers/X-Frame-Options</a>
        </td>
      </tr>
      <tr>
        <td colspan="1" rowspan="1" width="20%">CWE Id</td>
        <td colspan="1" rowspan="1" width="80%">
          <a shape="rect" href="https://cwe.mitre.org/data/definitions/1021.html">1021</a>
        </td>
      </tr>
      <tr>
        <td colspan="1" rowspan="1" width="20%">WASC Id</td>
        <td colspan="1" rowspan="1" width="80%">15</td>
      </tr>
      <tr>
        <td colspan="1" rowspan="1" width="20%">Plugin Id</td>
        <td colspan="1" rowspan="1" width="80%">
          <a shape="rect" href="https://www.zaproxy.org/docs/alerts/10020/">10020</a>
        </td>
      </tr>
    </table>
    <div class="spacer"/>
    <table class="results">
      <tr height="24">
        <th colspan="1" rowspan="1" class="risk-2" width="20%">
          <a shape="rect" id="10003"/>
          <div>Medio</div>
        </th>
        <th colspan="1" rowspan="1" class="risk-2">Librería JS Vulnerable</th>
      </tr>
      <tr>
        <td colspan="1" rowspan="1" width="20%">Descripción</td>
        <td colspan="1" rowspan="1" width="80%">
          <div>La librería identificada moment.js, versión 2.24.0 es vulnerable.</div>
        </td>
      </tr>
      <tr valign="top">
        <td colspan="2" rowspan="1"/>
      </tr>
      <tr>
        <td colspan="1" rowspan="1" class="indent1" width="20%">URL</td>
        <td colspan="1" rowspan="1" width="80%">
          <a shape="rect" href="http://tpi.lat:2095/subreseller/assets/libs/datatables/jquery.dataTables.min.js">http://tpi.lat:2095/subreseller/assets/libs/datatables/jquery.dataTables.min.js</a>
        </td>
      </tr>
      <tr>
        <td colspan="1" rowspan="1" class="indent2" width="20%">Método</td>
        <td colspan="1" rowspan="1" width="80%">GET</td>
      </tr>
      <tr>
        <td colspan="1" rowspan="1" class="indent2" width="20%">Parámetros</td>
        <td colspan="1" rowspan="1" width="80%"/>
      </tr>
      <tr>
        <td colspan="1" rowspan="1" class="indent2" width="20%">Ataque</td>
        <td colspan="1" rowspan="1" width="80%"/>
      </tr>
      <tr>
        <td colspan="1" rowspan="1" class="indent2" width="20%">Evidencia</td>
        <td colspan="1" rowspan="1" width="80%">n.version="1.10.19";n.settings=[];n.models={};n.models.oSearch</td>
      </tr>
      <tr>
        <td colspan="1" rowspan="1" class="indent2" width="20%">Other Info</td>
        <td colspan="1" rowspan="1" width="80%">CVE-2020-28458
CVE-2021-23445
</td>
      </tr>
      <tr>
        <td colspan="1" rowspan="1" class="indent1" width="20%">URL</td>
        <td colspan="1" rowspan="1" width="80%">
          <a shape="rect" href="http://tpi.lat:2095/subreseller/assets/libs/jquery-ui/jquery-ui.min.js">http://tpi.lat:2095/subreseller/assets/libs/jquery-ui/jquery-ui.min.js</a>
        </td>
      </tr>
      <tr>
        <td colspan="1" rowspan="1" class="indent2" width="20%">Método</td>
        <td colspan="1" rowspan="1" width="80%">GET</td>
      </tr>
      <tr>
        <td colspan="1" rowspan="1" class="indent2" width="20%">Parámetros</td>
        <td colspan="1" rowspan="1" width="80%"/>
      </tr>
      <tr>
        <td colspan="1" rowspan="1" class="indent2" width="20%">Ataque</td>
        <td colspan="1" rowspan="1" width="80%"/>
      </tr>
      <tr>
        <td colspan="1" rowspan="1" class="indent2" width="20%">Evidencia</td>
        <td colspan="1" rowspan="1" width="80%">/*! jQuery UI - v1.12.1</td>
      </tr>
      <tr>
        <td colspan="1" rowspan="1" class="indent2" width="20%">Other Info</td>
        <td colspan="1" rowspan="1" width="80%">CVE-2021-41184
CVE-2021-41183
CVE-2021-41182
CVE-2022-31160
</td>
      </tr>
      <tr>
        <td colspan="1" rowspan="1" class="indent1" width="20%">URL</td>
        <td colspan="1" rowspan="1" width="80%">
          <a shape="rect" href="http://tpi.lat:2095/subreseller/assets/libs/moment/moment.min.js">http://tpi.lat:2095/subreseller/assets/libs/moment/moment.min.js</a>
        </td>
      </tr>
      <tr>
        <td colspan="1" rowspan="1" class="indent2" width="20%">Método</td>
        <td colspan="1" rowspan="1" width="80%">GET</td>
      </tr>
      <tr>
        <td colspan="1" rowspan="1" class="indent2" width="20%">Parámetros</td>
        <td colspan="1" rowspan="1" width="80%"/>
      </tr>
      <tr>
        <td colspan="1" rowspan="1" class="indent2" width="20%">Ataque</td>
        <td colspan="1" rowspan="1" width="80%"/>
      </tr>
      <tr>
        <td colspan="1" rowspan="1" class="indent2" width="20%">Evidencia</td>
        <td colspan="1" rowspan="1" width="80%">.version="2.24.0",e=bt,c.fn=mn,c.min=function(){return Wt("isBefore",[].slice.call(arguments,0))},c.max=function(){return Wt("isAfter",[].slice.call(arguments,0))},c.now=function(){return Date.now?Date.now():+new Date},c.utc=y,c.unix=function(e){return bt(1e3*e)},c.months=function(e,t){return vn(e,t,"months")},c.isDate=d,c.locale=ut,c.invalid=p,c.duration=jt,c.isMoment=</td>
      </tr>
      <tr>
        <td colspan="1" rowspan="1" class="indent2" width="20%">Other Info</td>
        <td colspan="1" rowspan="1" width="80%">CVE-2022-31129
CVE-2022-24785
CVE-2023-22467
</td>
      </tr>
      <tr>
        <td colspan="1" rowspan="1" width="20%">Instancia</td>
        <td colspan="1" rowspan="1" width="80%">3</td>
      </tr>
      <tr>
        <td colspan="1" rowspan="1" width="20%">Solución</td>
        <td colspan="1" rowspan="1" width="80%">
          <div>Actualiza a la última versión de moment.js.</div>
        </td>
      </tr>
      <tr>
        <td colspan="1" rowspan="1" width="20%">Referencia</td>
        <td colspan="1" rowspan="1" width="80%">
          <a shape="rect" href="https://github.com/moment/moment/security/advisories/GHSA-wc69-rhjr-hc9g">https://github.com/moment/moment/security/advisories/GHSA-wc69-rhjr-hc9g</a>
          <br clear="none"/>
          <a shape="rect" href="https://security.snyk.io/vuln/SNYK-JS-MOMENT-2944238">https://security.snyk.io/vuln/SNYK-JS-MOMENT-2944238</a>
          <br clear="none"/>
          <a shape="rect" href="https://github.com/moment/moment/security/advisories/GHSA-8hfj-j24r-96c4">https://github.com/moment/moment/security/advisories/GHSA-8hfj-j24r-96c4</a>
        </td>
      </tr>
      <tr>
        <td colspan="1" rowspan="1" width="20%">CWE Id</td>
        <td colspan="1" rowspan="1" width="80%">
          <a shape="rect" href="https://cwe.mitre.org/data/definitions/829.html">829</a>
        </td>
      </tr>
      <tr>
        <td colspan="1" rowspan="1" width="20%">WASC Id</td>
        <td colspan="1" rowspan="1" width="80%"/>
      </tr>
      <tr>
        <td colspan="1" rowspan="1" width="20%">Plugin Id</td>
        <td colspan="1" rowspan="1" width="80%">
          <a shape="rect" href="https://www.zaproxy.org/docs/alerts/10003/">10003</a>
        </td>
      </tr>
    </table>
    <div class="spacer"/>
    <table class="results">
      <tr height="24">
        <th colspan="1" rowspan="1" class="risk-1" width="20%">
          <a shape="rect" id="10010"/>
          <div>Bajo</div>
        </th>
        <th colspan="1" rowspan="1" class="risk-1">Cookie No HttpOnly Flag</th>
      </tr>
      <tr>
        <td colspan="1" rowspan="1" width="20%">Descripción</td>
        <td colspan="1" rowspan="1" width="80%">
          <div>A cookie has been set without the HttpOnly flag, which means that the cookie can be accessed by JavaScript. If a malicious script can be run on this page then the cookie will be accessible and can be transmitted to another site. If this is a session cookie then session hijacking may be possible.</div>
        </td>
      </tr>
      <tr valign="top">
        <td colspan="2" rowspan="1"/>
      </tr>
      <tr>
        <td colspan="1" rowspan="1" class="indent1" width="20%">URL</td>
        <td colspan="1" rowspan="1" width="80%">
          <a shape="rect" href="http://tpi.lat:2095/subreseller/api?action=dashboard">http://tpi.lat:2095/subreseller/api?action=dashboard</a>
        </td>
      </tr>
      <tr>
        <td colspan="1" rowspan="1" class="indent2" width="20%">Método</td>
        <td colspan="1" rowspan="1" width="80%">GET</td>
      </tr>
      <tr>
        <td colspan="1" rowspan="1" class="indent2" width="20%">Parámetros</td>
        <td colspan="1" rowspan="1" width="80%">theme</td>
      </tr>
      <tr>
        <td colspan="1" rowspan="1" class="indent2" width="20%">Ataque</td>
        <td colspan="1" rowspan="1" width="80%"/>
      </tr>
      <tr>
        <td colspan="1" rowspan="1" class="indent2" width="20%">Evidencia</td>
        <td colspan="1" rowspan="1" width="80%">Set-Cookie: theme</td>
      </tr>
      <tr>
        <td colspan="1" rowspan="1" class="indent2" width="20%">Other Info</td>
        <td colspan="1" rowspan="1" width="80%"/>
      </tr>
      <tr>
        <td colspan="1" rowspan="1" class="indent1" width="20%">URL</td>
        <td colspan="1" rowspan="1" width="80%">
          <a shape="rect" href="http://tpi.lat:2095/subreseller/api?action=get_package_trial&amp;package_id=1">http://tpi.lat:2095/subreseller/api?action=get_package_trial&amp;package_id=1</a>
        </td>
      </tr>
      <tr>
        <td colspan="1" rowspan="1" class="indent2" width="20%">Método</td>
        <td colspan="1" rowspan="1" width="80%">GET</td>
      </tr>
      <tr>
        <td colspan="1" rowspan="1" class="indent2" width="20%">Parámetros</td>
        <td colspan="1" rowspan="1" width="80%">theme</td>
      </tr>
      <tr>
        <td colspan="1" rowspan="1" class="indent2" width="20%">Ataque</td>
        <td colspan="1" rowspan="1" width="80%"/>
      </tr>
      <tr>
        <td colspan="1" rowspan="1" class="indent2" width="20%">Evidencia</td>
        <td colspan="1" rowspan="1" width="80%">Set-Cookie: theme</td>
      </tr>
      <tr>
        <td colspan="1" rowspan="1" class="indent2" width="20%">Other Info</td>
        <td colspan="1" rowspan="1" width="80%"/>
      </tr>
      <tr>
        <td colspan="1" rowspan="1" class="indent1" width="20%">URL</td>
        <td colspan="1" rowspan="1" width="80%">
          <a shape="rect" href="http://tpi.lat:2095/subreseller/api?action=header_stats">http://tpi.lat:2095/subreseller/api?action=header_stats</a>
        </td>
      </tr>
      <tr>
        <td colspan="1" rowspan="1" class="indent2" width="20%">Método</td>
        <td colspan="1" rowspan="1" width="80%">GET</td>
      </tr>
      <tr>
        <td colspan="1" rowspan="1" class="indent2" width="20%">Parámetros</td>
        <td colspan="1" rowspan="1" width="80%">theme</td>
      </tr>
      <tr>
        <td colspan="1" rowspan="1" class="indent2" width="20%">Ataque</td>
        <td colspan="1" rowspan="1" width="80%"/>
      </tr>
      <tr>
        <td colspan="1" rowspan="1" class="indent2" width="20%">Evidencia</td>
        <td colspan="1" rowspan="1" width="80%">Set-Cookie: theme</td>
      </tr>
      <tr>
        <td colspan="1" rowspan="1" class="indent2" width="20%">Other Info</td>
        <td colspan="1" rowspan="1" width="80%"/>
      </tr>
      <tr>
        <td colspan="1" rowspan="1" class="indent1" width="20%">URL</td>
        <td colspan="1" rowspan="1" width="80%">
          <a shape="rect" href="http://tpi.lat:2095/subreseller/dashboard">http://tpi.lat:2095/subreseller/dashboard</a>
        </td>
      </tr>
      <tr>
        <td colspan="1" rowspan="1" class="indent2" width="20%">Método</td>
        <td colspan="1" rowspan="1" width="80%">GET</td>
      </tr>
      <tr>
        <td colspan="1" rowspan="1" class="indent2" width="20%">Parámetros</td>
        <td colspan="1" rowspan="1" width="80%">PHPSESSID</td>
      </tr>
      <tr>
        <td colspan="1" rowspan="1" class="indent2" width="20%">Ataque</td>
        <td colspan="1" rowspan="1" width="80%"/>
      </tr>
      <tr>
        <td colspan="1" rowspan="1" class="indent2" width="20%">Evidencia</td>
        <td colspan="1" rowspan="1" width="80%">Set-Cookie: PHPSESSID</td>
      </tr>
      <tr>
        <td colspan="1" rowspan="1" class="indent2" width="20%">Other Info</td>
        <td colspan="1" rowspan="1" width="80%"/>
      </tr>
      <tr>
        <td colspan="1" rowspan="1" class="indent1" width="20%">URL</td>
        <td colspan="1" rowspan="1" width="80%">
          <a shape="rect" href="http://tpi.lat:2095/subreseller/dashboard">http://tpi.lat:2095/subreseller/dashboard</a>
        </td>
      </tr>
      <tr>
        <td colspan="1" rowspan="1" class="indent2" width="20%">Método</td>
        <td colspan="1" rowspan="1" width="80%">GET</td>
      </tr>
      <tr>
        <td colspan="1" rowspan="1" class="indent2" width="20%">Parámetros</td>
        <td colspan="1" rowspan="1" width="80%">theme</td>
      </tr>
      <tr>
        <td colspan="1" rowspan="1" class="indent2" width="20%">Ataque</td>
        <td colspan="1" rowspan="1" width="80%"/>
      </tr>
      <tr>
        <td colspan="1" rowspan="1" class="indent2" width="20%">Evidencia</td>
        <td colspan="1" rowspan="1" width="80%">Set-Cookie: theme</td>
      </tr>
      <tr>
        <td colspan="1" rowspan="1" class="indent2" width="20%">Other Info</td>
        <td colspan="1" rowspan="1" width="80%"/>
      </tr>
      <tr>
        <td colspan="1" rowspan="1" class="indent1" width="20%">URL</td>
        <td colspan="1" rowspan="1" width="80%">
          <a shape="rect" href="http://tpi.lat:2095/subreseller/line?trial=1">http://tpi.lat:2095/subreseller/line?trial=1</a>
        </td>
      </tr>
      <tr>
        <td colspan="1" rowspan="1" class="indent2" width="20%">Método</td>
        <td colspan="1" rowspan="1" width="80%">GET</td>
      </tr>
      <tr>
        <td colspan="1" rowspan="1" class="indent2" width="20%">Parámetros</td>
        <td colspan="1" rowspan="1" width="80%">PHPSESSID</td>
      </tr>
      <tr>
        <td colspan="1" rowspan="1" class="indent2" width="20%">Ataque</td>
        <td colspan="1" rowspan="1" width="80%"/>
      </tr>
      <tr>
        <td colspan="1" rowspan="1" class="indent2" width="20%">Evidencia</td>
        <td colspan="1" rowspan="1" width="80%">Set-Cookie: PHPSESSID</td>
      </tr>
      <tr>
        <td colspan="1" rowspan="1" class="indent2" width="20%">Other Info</td>
        <td colspan="1" rowspan="1" width="80%"/>
      </tr>
      <tr>
        <td colspan="1" rowspan="1" class="indent1" width="20%">URL</td>
        <td colspan="1" rowspan="1" width="80%">
          <a shape="rect" href="http://tpi.lat:2095/subreseller/line?trial=1">http://tpi.lat:2095/subreseller/line?trial=1</a>
        </td>
      </tr>
      <tr>
        <td colspan="1" rowspan="1" class="indent2" width="20%">Método</td>
        <td colspan="1" rowspan="1" width="80%">GET</td>
      </tr>
      <tr>
        <td colspan="1" rowspan="1" class="indent2" width="20%">Parámetros</td>
        <td colspan="1" rowspan="1" width="80%">theme</td>
      </tr>
      <tr>
        <td colspan="1" rowspan="1" class="indent2" width="20%">Ataque</td>
        <td colspan="1" rowspan="1" width="80%"/>
      </tr>
      <tr>
        <td colspan="1" rowspan="1" class="indent2" width="20%">Evidencia</td>
        <td colspan="1" rowspan="1" width="80%">Set-Cookie: theme</td>
      </tr>
      <tr>
        <td colspan="1" rowspan="1" class="indent2" width="20%">Other Info</td>
        <td colspan="1" rowspan="1" width="80%"/>
      </tr>
      <tr>
        <td colspan="1" rowspan="1" class="indent1" width="20%">URL</td>
        <td colspan="1" rowspan="1" width="80%">
          <a shape="rect" href="http://tpi.lat:2095/subreseller/login">http://tpi.lat:2095/subreseller/login</a>
        </td>
      </tr>
      <tr>
        <td colspan="1" rowspan="1" class="indent2" width="20%">Método</td>
        <td colspan="1" rowspan="1" width="80%">GET</td>
      </tr>
      <tr>
        <td colspan="1" rowspan="1" class="indent2" width="20%">Parámetros</td>
        <td colspan="1" rowspan="1" width="80%">PHPSESSID</td>
      </tr>
      <tr>
        <td colspan="1" rowspan="1" class="indent2" width="20%">Ataque</td>
        <td colspan="1" rowspan="1" width="80%"/>
      </tr>
      <tr>
        <td colspan="1" rowspan="1" class="indent2" width="20%">Evidencia</td>
        <td colspan="1" rowspan="1" width="80%">Set-Cookie: PHPSESSID</td>
      </tr>
      <tr>
        <td colspan="1" rowspan="1" class="indent2" width="20%">Other Info</td>
        <td colspan="1" rowspan="1" width="80%"/>
      </tr>
      <tr>
        <td colspan="1" rowspan="1" class="indent1" width="20%">URL</td>
        <td colspan="1" rowspan="1" width="80%">
          <a shape="rect" href="http://tpi.lat:2095/subreseller/post.php?action=line">http://tpi.lat:2095/subreseller/post.php?action=line</a>
        </td>
      </tr>
      <tr>
        <td colspan="1" rowspan="1" class="indent2" width="20%">Método</td>
        <td colspan="1" rowspan="1" width="80%">POST</td>
      </tr>
      <tr>
        <td colspan="1" rowspan="1" class="indent2" width="20%">Parámetros</td>
        <td colspan="1" rowspan="1" width="80%">PHPSESSID</td>
      </tr>
      <tr>
        <td colspan="1" rowspan="1" class="indent2" width="20%">Ataque</td>
        <td colspan="1" rowspan="1" width="80%"/>
      </tr>
      <tr>
        <td colspan="1" rowspan="1" class="indent2" width="20%">Evidencia</td>
        <td colspan="1" rowspan="1" width="80%">Set-Cookie: PHPSESSID</td>
      </tr>
      <tr>
        <td colspan="1" rowspan="1" class="indent2" width="20%">Other Info</td>
        <td colspan="1" rowspan="1" width="80%"/>
      </tr>
      <tr>
        <td colspan="1" rowspan="1" class="indent1" width="20%">URL</td>
        <td colspan="1" rowspan="1" width="80%">
          <a shape="rect" href="http://tpi.lat:2095/subreseller/post.php?action=line">http://tpi.lat:2095/subreseller/post.php?action=line</a>
        </td>
      </tr>
      <tr>
        <td colspan="1" rowspan="1" class="indent2" width="20%">Método</td>
        <td colspan="1" rowspan="1" width="80%">POST</td>
      </tr>
      <tr>
        <td colspan="1" rowspan="1" class="indent2" width="20%">Parámetros</td>
        <td colspan="1" rowspan="1" width="80%">theme</td>
      </tr>
      <tr>
        <td colspan="1" rowspan="1" class="indent2" width="20%">Ataque</td>
        <td colspan="1" rowspan="1" width="80%"/>
      </tr>
      <tr>
        <td colspan="1" rowspan="1" class="indent2" width="20%">Evidencia</td>
        <td colspan="1" rowspan="1" width="80%">Set-Cookie: theme</td>
      </tr>
      <tr>
        <td colspan="1" rowspan="1" class="indent2" width="20%">Other Info</td>
        <td colspan="1" rowspan="1" width="80%"/>
      </tr>
      <tr>
        <td colspan="1" rowspan="1" width="20%">Instancia</td>
        <td colspan="1" rowspan="1" width="80%">10</td>
      </tr>
      <tr>
        <td colspan="1" rowspan="1" width="20%">Solución</td>
        <td colspan="1" rowspan="1" width="80%">
          <div>Ensure that the HttpOnly flag is set for all cookies.</div>
        </td>
      </tr>
      <tr>
        <td colspan="1" rowspan="1" width="20%">Referencia</td>
        <td colspan="1" rowspan="1" width="80%">
          <a shape="rect" href="https://owasp.org/www-community/HttpOnly">https://owasp.org/www-community/HttpOnly</a>
        </td>
      </tr>
      <tr>
        <td colspan="1" rowspan="1" width="20%">CWE Id</td>
        <td colspan="1" rowspan="1" width="80%">
          <a shape="rect" href="https://cwe.mitre.org/data/definitions/1004.html">1004</a>
        </td>
      </tr>
      <tr>
        <td colspan="1" rowspan="1" width="20%">WASC Id</td>
        <td colspan="1" rowspan="1" width="80%">13</td>
      </tr>
      <tr>
        <td colspan="1" rowspan="1" width="20%">Plugin Id</td>
        <td colspan="1" rowspan="1" width="80%">
          <a shape="rect" href="https://www.zaproxy.org/docs/alerts/10010/">10010</a>
        </td>
      </tr>
    </table>
    <div class="spacer"/>
    <table class="results">
      <tr height="24">
        <th colspan="1" rowspan="1" class="risk-1" width="20%">
          <a shape="rect" id="10054"/>
          <div>Bajo</div>
        </th>
        <th colspan="1" rowspan="1" class="risk-1">Cookie sin el atributo SameSite</th>
      </tr>
      <tr>
        <td colspan="1" rowspan="1" width="20%">Descripción</td>
        <td colspan="1" rowspan="1" width="80%">
          <div>A cookie has been set without the SameSite attribute, which means that the cookie can be sent as a result of a 'cross-site' request. The SameSite attribute is an effective counter measure to cross-site request forgery, cross-site script inclusion, and timing attacks.</div>
        </td>
      </tr>
      <tr valign="top">
        <td colspan="2" rowspan="1"/>
      </tr>
      <tr>
        <td colspan="1" rowspan="1" class="indent1" width="20%">URL</td>
        <td colspan="1" rowspan="1" width="80%">
          <a shape="rect" href="http://tpi.lat:2095/subreseller/api?action=dashboard">http://tpi.lat:2095/subreseller/api?action=dashboard</a>
        </td>
      </tr>
      <tr>
        <td colspan="1" rowspan="1" class="indent2" width="20%">Método</td>
        <td colspan="1" rowspan="1" width="80%">GET</td>
      </tr>
      <tr>
        <td colspan="1" rowspan="1" class="indent2" width="20%">Parámetros</td>
        <td colspan="1" rowspan="1" width="80%">theme</td>
      </tr>
      <tr>
        <td colspan="1" rowspan="1" class="indent2" width="20%">Ataque</td>
        <td colspan="1" rowspan="1" width="80%"/>
      </tr>
      <tr>
        <td colspan="1" rowspan="1" class="indent2" width="20%">Evidencia</td>
        <td colspan="1" rowspan="1" width="80%">Set-Cookie: theme</td>
      </tr>
      <tr>
        <td colspan="1" rowspan="1" class="indent2" width="20%">Other Info</td>
        <td colspan="1" rowspan="1" width="80%"/>
      </tr>
      <tr>
        <td colspan="1" rowspan="1" class="indent1" width="20%">URL</td>
        <td colspan="1" rowspan="1" width="80%">
          <a shape="rect" href="http://tpi.lat:2095/subreseller/api?action=get_package_trial&amp;package_id=1">http://tpi.lat:2095/subreseller/api?action=get_package_trial&amp;package_id=1</a>
        </td>
      </tr>
      <tr>
        <td colspan="1" rowspan="1" class="indent2" width="20%">Método</td>
        <td colspan="1" rowspan="1" width="80%">GET</td>
      </tr>
      <tr>
        <td colspan="1" rowspan="1" class="indent2" width="20%">Parámetros</td>
        <td colspan="1" rowspan="1" width="80%">theme</td>
      </tr>
      <tr>
        <td colspan="1" rowspan="1" class="indent2" width="20%">Ataque</td>
        <td colspan="1" rowspan="1" width="80%"/>
      </tr>
      <tr>
        <td colspan="1" rowspan="1" class="indent2" width="20%">Evidencia</td>
        <td colspan="1" rowspan="1" width="80%">Set-Cookie: theme</td>
      </tr>
      <tr>
        <td colspan="1" rowspan="1" class="indent2" width="20%">Other Info</td>
        <td colspan="1" rowspan="1" width="80%"/>
      </tr>
      <tr>
        <td colspan="1" rowspan="1" class="indent1" width="20%">URL</td>
        <td colspan="1" rowspan="1" width="80%">
          <a shape="rect" href="http://tpi.lat:2095/subreseller/api?action=header_stats">http://tpi.lat:2095/subreseller/api?action=header_stats</a>
        </td>
      </tr>
      <tr>
        <td colspan="1" rowspan="1" class="indent2" width="20%">Método</td>
        <td colspan="1" rowspan="1" width="80%">GET</td>
      </tr>
      <tr>
        <td colspan="1" rowspan="1" class="indent2" width="20%">Parámetros</td>
        <td colspan="1" rowspan="1" width="80%">theme</td>
      </tr>
      <tr>
        <td colspan="1" rowspan="1" class="indent2" width="20%">Ataque</td>
        <td colspan="1" rowspan="1" width="80%"/>
      </tr>
      <tr>
        <td colspan="1" rowspan="1" class="indent2" width="20%">Evidencia</td>
        <td colspan="1" rowspan="1" width="80%">Set-Cookie: theme</td>
      </tr>
      <tr>
        <td colspan="1" rowspan="1" class="indent2" width="20%">Other Info</td>
        <td colspan="1" rowspan="1" width="80%"/>
      </tr>
      <tr>
        <td colspan="1" rowspan="1" class="indent1" width="20%">URL</td>
        <td colspan="1" rowspan="1" width="80%">
          <a shape="rect" href="http://tpi.lat:2095/subreseller/dashboard">http://tpi.lat:2095/subreseller/dashboard</a>
        </td>
      </tr>
      <tr>
        <td colspan="1" rowspan="1" class="indent2" width="20%">Método</td>
        <td colspan="1" rowspan="1" width="80%">GET</td>
      </tr>
      <tr>
        <td colspan="1" rowspan="1" class="indent2" width="20%">Parámetros</td>
        <td colspan="1" rowspan="1" width="80%">theme</td>
      </tr>
      <tr>
        <td colspan="1" rowspan="1" class="indent2" width="20%">Ataque</td>
        <td colspan="1" rowspan="1" width="80%"/>
      </tr>
      <tr>
        <td colspan="1" rowspan="1" class="indent2" width="20%">Evidencia</td>
        <td colspan="1" rowspan="1" width="80%">Set-Cookie: theme</td>
      </tr>
      <tr>
        <td colspan="1" rowspan="1" class="indent2" width="20%">Other Info</td>
        <td colspan="1" rowspan="1" width="80%"/>
      </tr>
      <tr>
        <td colspan="1" rowspan="1" class="indent1" width="20%">URL</td>
        <td colspan="1" rowspan="1" width="80%">
          <a shape="rect" href="http://tpi.lat:2095/subreseller/line?trial=1">http://tpi.lat:2095/subreseller/line?trial=1</a>
        </td>
      </tr>
      <tr>
        <td colspan="1" rowspan="1" class="indent2" width="20%">Método</td>
        <td colspan="1" rowspan="1" width="80%">GET</td>
      </tr>
      <tr>
        <td colspan="1" rowspan="1" class="indent2" width="20%">Parámetros</td>
        <td colspan="1" rowspan="1" width="80%">theme</td>
      </tr>
      <tr>
        <td colspan="1" rowspan="1" class="indent2" width="20%">Ataque</td>
        <td colspan="1" rowspan="1" width="80%"/>
      </tr>
      <tr>
        <td colspan="1" rowspan="1" class="indent2" width="20%">Evidencia</td>
        <td colspan="1" rowspan="1" width="80%">Set-Cookie: theme</td>
      </tr>
      <tr>
        <td colspan="1" rowspan="1" class="indent2" width="20%">Other Info</td>
        <td colspan="1" rowspan="1" width="80%"/>
      </tr>
      <tr>
        <td colspan="1" rowspan="1" class="indent1" width="20%">URL</td>
        <td colspan="1" rowspan="1" width="80%">
          <a shape="rect" href="http://tpi.lat:2095/subreseller/post.php?action=line">http://tpi.lat:2095/subreseller/post.php?action=line</a>
        </td>
      </tr>
      <tr>
        <td colspan="1" rowspan="1" class="indent2" width="20%">Método</td>
        <td colspan="1" rowspan="1" width="80%">POST</td>
      </tr>
      <tr>
        <td colspan="1" rowspan="1" class="indent2" width="20%">Parámetros</td>
        <td colspan="1" rowspan="1" width="80%">theme</td>
      </tr>
      <tr>
        <td colspan="1" rowspan="1" class="indent2" width="20%">Ataque</td>
        <td colspan="1" rowspan="1" width="80%"/>
      </tr>
      <tr>
        <td colspan="1" rowspan="1" class="indent2" width="20%">Evidencia</td>
        <td colspan="1" rowspan="1" width="80%">Set-Cookie: theme</td>
      </tr>
      <tr>
        <td colspan="1" rowspan="1" class="indent2" width="20%">Other Info</td>
        <td colspan="1" rowspan="1" width="80%"/>
      </tr>
      <tr>
        <td colspan="1" rowspan="1" width="20%">Instancia</td>
        <td colspan="1" rowspan="1" width="80%">6</td>
      </tr>
      <tr>
        <td colspan="1" rowspan="1" width="20%">Solución</td>
        <td colspan="1" rowspan="1" width="80%">
          <div>Asegúrese que el atributo SameSite está establecido como 'lax' o idealmente 'strict' para todas las cookies.</div>
        </td>
      </tr>
      <tr>
        <td colspan="1" rowspan="1" width="20%">Referencia</td>
        <td colspan="1" rowspan="1" width="80%">
          <a shape="rect" href="https://tools.ietf.org/html/draft-ietf-httpbis-cookie-same-site">https://tools.ietf.org/html/draft-ietf-httpbis-cookie-same-site</a>
        </td>
      </tr>
      <tr>
        <td colspan="1" rowspan="1" width="20%">CWE Id</td>
        <td colspan="1" rowspan="1" width="80%">
          <a shape="rect" href="https://cwe.mitre.org/data/definitions/1275.html">1275</a>
        </td>
      </tr>
      <tr>
        <td colspan="1" rowspan="1" width="20%">WASC Id</td>
        <td colspan="1" rowspan="1" width="80%">13</td>
      </tr>
      <tr>
        <td colspan="1" rowspan="1" width="20%">Plugin Id</td>
        <td colspan="1" rowspan="1" width="80%">
          <a shape="rect" href="https://www.zaproxy.org/docs/alerts/10054/">10054</a>
        </td>
      </tr>
    </table>
    <div class="spacer"/>
    <table class="results">
      <tr height="24">
        <th colspan="1" rowspan="1" class="risk-1" width="20%">
          <a shape="rect" id="10021"/>
          <div>Bajo</div>
        </th>
        <th colspan="1" rowspan="1" class="risk-1">X-Content-Type-Options Header Missing</th>
      </tr>
      <tr>
        <td colspan="1" rowspan="1" width="20%">Descripción</td>
        <td colspan="1" rowspan="1" width="80%">
          <div>The Anti-MIME-Sniffing header X-Content-Type-Options was not set to 'nosniff'. This allows older versions of Internet Explorer and Chrome to perform MIME-sniffing on the response body, potentially causing the response body to be interpreted and displayed as a content type other than the declared content type. Current (early 2014) and legacy versions of Firefox will use the declared content type (if one is set), rather than performing MIME-sniffing.</div>
        </td>
      </tr>
      <tr valign="top">
        <td colspan="2" rowspan="1"/>
      </tr>
      <tr>
        <td colspan="1" rowspan="1" class="indent1" width="20%">URL</td>
        <td colspan="1" rowspan="1" width="80%">
          <a shape="rect" href="http://tpi.lat:2095/subreseller/api?action=dashboard">http://tpi.lat:2095/subreseller/api?action=dashboard</a>
        </td>
      </tr>
      <tr>
        <td colspan="1" rowspan="1" class="indent2" width="20%">Método</td>
        <td colspan="1" rowspan="1" width="80%">GET</td>
      </tr>
      <tr>
        <td colspan="1" rowspan="1" class="indent2" width="20%">Parámetros</td>
        <td colspan="1" rowspan="1" width="80%">x-content-type-options</td>
      </tr>
      <tr>
        <td colspan="1" rowspan="1" class="indent2" width="20%">Ataque</td>
        <td colspan="1" rowspan="1" width="80%"/>
      </tr>
      <tr>
        <td colspan="1" rowspan="1" class="indent2" width="20%">Evidencia</td>
        <td colspan="1" rowspan="1" width="80%"/>
      </tr>
      <tr>
        <td colspan="1" rowspan="1" class="indent2" width="20%">Other Info</td>
        <td colspan="1" rowspan="1" width="80%">This issue still applies to error type pages (401, 403, 500, etc.) as those pages are often still affected by injection issues, in which case there is still concern for browsers sniffing pages away from their actual content type.
At "High" threshold this scan rule will not alert on client or server error responses.</td>
      </tr>
      <tr>
        <td colspan="1" rowspan="1" class="indent1" width="20%">URL</td>
        <td colspan="1" rowspan="1" width="80%">
          <a shape="rect" href="http://tpi.lat:2095/subreseller/api?action=get_package_trial&amp;package_id=1">http://tpi.lat:2095/subreseller/api?action=get_package_trial&amp;package_id=1</a>
        </td>
      </tr>
      <tr>
        <td colspan="1" rowspan="1" class="indent2" width="20%">Método</td>
        <td colspan="1" rowspan="1" width="80%">GET</td>
      </tr>
      <tr>
        <td colspan="1" rowspan="1" class="indent2" width="20%">Parámetros</td>
        <td colspan="1" rowspan="1" width="80%">x-content-type-options</td>
      </tr>
      <tr>
        <td colspan="1" rowspan="1" class="indent2" width="20%">Ataque</td>
        <td colspan="1" rowspan="1" width="80%"/>
      </tr>
      <tr>
        <td colspan="1" rowspan="1" class="indent2" width="20%">Evidencia</td>
        <td colspan="1" rowspan="1" width="80%"/>
      </tr>
      <tr>
        <td colspan="1" rowspan="1" class="indent2" width="20%">Other Info</td>
        <td colspan="1" rowspan="1" width="80%">This issue still applies to error type pages (401, 403, 500, etc.) as those pages are often still affected by injection issues, in which case there is still concern for browsers sniffing pages away from their actual content type.
At "High" threshold this scan rule will not alert on client or server error responses.</td>
      </tr>
      <tr>
        <td colspan="1" rowspan="1" class="indent1" width="20%">URL</td>
        <td colspan="1" rowspan="1" width="80%">
          <a shape="rect" href="http://tpi.lat:2095/subreseller/api?action=header_stats">http://tpi.lat:2095/subreseller/api?action=header_stats</a>
        </td>
      </tr>
      <tr>
        <td colspan="1" rowspan="1" class="indent2" width="20%">Método</td>
        <td colspan="1" rowspan="1" width="80%">GET</td>
      </tr>
      <tr>
        <td colspan="1" rowspan="1" class="indent2" width="20%">Parámetros</td>
        <td colspan="1" rowspan="1" width="80%">x-content-type-options</td>
      </tr>
      <tr>
        <td colspan="1" rowspan="1" class="indent2" width="20%">Ataque</td>
        <td colspan="1" rowspan="1" width="80%"/>
      </tr>
      <tr>
        <td colspan="1" rowspan="1" class="indent2" width="20%">Evidencia</td>
        <td colspan="1" rowspan="1" width="80%"/>
      </tr>
      <tr>
        <td colspan="1" rowspan="1" class="indent2" width="20%">Other Info</td>
        <td colspan="1" rowspan="1" width="80%">This issue still applies to error type pages (401, 403, 500, etc.) as those pages are often still affected by injection issues, in which case there is still concern for browsers sniffing pages away from their actual content type.
At "High" threshold this scan rule will not alert on client or server error responses.</td>
      </tr>
      <tr>
        <td colspan="1" rowspan="1" class="indent1" width="20%">URL</td>
        <td colspan="1" rowspan="1" width="80%">
          <a shape="rect" href="http://tpi.lat:2095/subreseller/assets/css/app.css">http://tpi.lat:2095/subreseller/assets/css/app.css</a>
        </td>
      </tr>
      <tr>
        <td colspan="1" rowspan="1" class="indent2" width="20%">Método</td>
        <td colspan="1" rowspan="1" width="80%">GET</td>
      </tr>
      <tr>
        <td colspan="1" rowspan="1" class="indent2" width="20%">Parámetros</td>
        <td colspan="1" rowspan="1" width="80%">x-content-type-options</td>
      </tr>
      <tr>
        <td colspan="1" rowspan="1" class="indent2" width="20%">Ataque</td>
        <td colspan="1" rowspan="1" width="80%"/>
      </tr>
      <tr>
        <td colspan="1" rowspan="1" class="indent2" width="20%">Evidencia</td>
        <td colspan="1" rowspan="1" width="80%"/>
      </tr>
      <tr>
        <td colspan="1" rowspan="1" class="indent2" width="20%">Other Info</td>
        <td colspan="1" rowspan="1" width="80%">This issue still applies to error type pages (401, 403, 500, etc.) as those pages are often still affected by injection issues, in which case there is still concern for browsers sniffing pages away from their actual content type.
At "High" threshold this scan rule will not alert on client or server error responses.</td>
      </tr>
      <tr>
        <td colspan="1" rowspan="1" class="indent1" width="20%">URL</td>
        <td colspan="1" rowspan="1" width="80%">
          <a shape="rect" href="http://tpi.lat:2095/subreseller/assets/css/bootstrap.css">http://tpi.lat:2095/subreseller/assets/css/bootstrap.css</a>
        </td>
      </tr>
      <tr>
        <td colspan="1" rowspan="1" class="indent2" width="20%">Método</td>
        <td colspan="1" rowspan="1" width="80%">GET</td>
      </tr>
      <tr>
        <td colspan="1" rowspan="1" class="indent2" width="20%">Parámetros</td>
        <td colspan="1" rowspan="1" width="80%">x-content-type-options</td>
      </tr>
      <tr>
        <td colspan="1" rowspan="1" class="indent2" width="20%">Ataque</td>
        <td colspan="1" rowspan="1" width="80%"/>
      </tr>
      <tr>
        <td colspan="1" rowspan="1" class="indent2" width="20%">Evidencia</td>
        <td colspan="1" rowspan="1" width="80%"/>
      </tr>
      <tr>
        <td colspan="1" rowspan="1" class="indent2" width="20%">Other Info</td>
        <td colspan="1" rowspan="1" width="80%">This issue still applies to error type pages (401, 403, 500, etc.) as those pages are often still affected by injection issues, in which case there is still concern for browsers sniffing pages away from their actual content type.
At "High" threshold this scan rule will not alert on client or server error responses.</td>
      </tr>
      <tr>
        <td colspan="1" rowspan="1" class="indent1" width="20%">URL</td>
        <td colspan="1" rowspan="1" width="80%">
          <a shape="rect" href="http://tpi.lat:2095/subreseller/assets/css/extra.css">http://tpi.lat:2095/subreseller/assets/css/extra.css</a>
        </td>
      </tr>
      <tr>
        <td colspan="1" rowspan="1" class="indent2" width="20%">Método</td>
        <td colspan="1" rowspan="1" width="80%">GET</td>
      </tr>
      <tr>
        <td colspan="1" rowspan="1" class="indent2" width="20%">Parámetros</td>
        <td colspan="1" rowspan="1" width="80%">x-content-type-options</td>
      </tr>
      <tr>
        <td colspan="1" rowspan="1" class="indent2" width="20%">Ataque</td>
        <td colspan="1" rowspan="1" width="80%"/>
      </tr>
      <tr>
        <td colspan="1" rowspan="1" class="indent2" width="20%">Evidencia</td>
        <td colspan="1" rowspan="1" width="80%"/>
      </tr>
      <tr>
        <td colspan="1" rowspan="1" class="indent2" width="20%">Other Info</td>
        <td colspan="1" rowspan="1" width="80%">This issue still applies to error type pages (401, 403, 500, etc.) as those pages are often still affected by injection issues, in which case there is still concern for browsers sniffing pages away from their actual content type.
At "High" threshold this scan rule will not alert on client or server error responses.</td>
      </tr>
      <tr>
        <td colspan="1" rowspan="1" class="indent1" width="20%">URL</td>
        <td colspan="1" rowspan="1" width="80%">
          <a shape="rect" href="http://tpi.lat:2095/subreseller/assets/css/icons.css">http://tpi.lat:2095/subreseller/assets/css/icons.css</a>
        </td>
      </tr>
      <tr>
        <td colspan="1" rowspan="1" class="indent2" width="20%">Método</td>
        <td colspan="1" rowspan="1" width="80%">GET</td>
      </tr>
      <tr>
        <td colspan="1" rowspan="1" class="indent2" width="20%">Parámetros</td>
        <td colspan="1" rowspan="1" width="80%">x-content-type-options</td>
      </tr>
      <tr>
        <td colspan="1" rowspan="1" class="indent2" width="20%">Ataque</td>
        <td colspan="1" rowspan="1" width="80%"/>
      </tr>
      <tr>
        <td colspan="1" rowspan="1" class="indent2" width="20%">Evidencia</td>
        <td colspan="1" rowspan="1" width="80%"/>
      </tr>
      <tr>
        <td colspan="1" rowspan="1" class="indent2" width="20%">Other Info</td>
        <td colspan="1" rowspan="1" width="80%">This issue still applies to error type pages (401, 403, 500, etc.) as those pages are often still affected by injection issues, in which case there is still concern for browsers sniffing pages away from their actual content type.
At "High" threshold this scan rule will not alert on client or server error responses.</td>
      </tr>
      <tr>
        <td colspan="1" rowspan="1" class="indent1" width="20%">URL</td>
        <td colspan="1" rowspan="1" width="80%">
          <a shape="rect" href="http://tpi.lat:2095/subreseller/assets/css/listings.css">http://tpi.lat:2095/subreseller/assets/css/listings.css</a>
        </td>
      </tr>
      <tr>
        <td colspan="1" rowspan="1" class="indent2" width="20%">Método</td>
        <td colspan="1" rowspan="1" width="80%">GET</td>
      </tr>
      <tr>
        <td colspan="1" rowspan="1" class="indent2" width="20%">Parámetros</td>
        <td colspan="1" rowspan="1" width="80%">x-content-type-options</td>
      </tr>
      <tr>
        <td colspan="1" rowspan="1" class="indent2" width="20%">Ataque</td>
        <td colspan="1" rowspan="1" width="80%"/>
      </tr>
      <tr>
        <td colspan="1" rowspan="1" class="indent2" width="20%">Evidencia</td>
        <td colspan="1" rowspan="1" width="80%"/>
      </tr>
      <tr>
        <td colspan="1" rowspan="1" class="indent2" width="20%">Other Info</td>
        <td colspan="1" rowspan="1" width="80%">This issue still applies to error type pages (401, 403, 500, etc.) as those pages are often still affected by injection issues, in which case there is still concern for browsers sniffing pages away from their actual content type.
At "High" threshold this scan rule will not alert on client or server error responses.</td>
      </tr>
      <tr>
        <td colspan="1" rowspan="1" class="indent1" width="20%">URL</td>
        <td colspan="1" rowspan="1" width="80%">
          <a shape="rect" href="http://tpi.lat:2095/subreseller/assets/fonts/fa-solid-900.woff2">http://tpi.lat:2095/subreseller/assets/fonts/fa-solid-900.woff2</a>
        </td>
      </tr>
      <tr>
        <td colspan="1" rowspan="1" class="indent2" width="20%">Método</td>
        <td colspan="1" rowspan="1" width="80%">GET</td>
      </tr>
      <tr>
        <td colspan="1" rowspan="1" class="indent2" width="20%">Parámetros</td>
        <td colspan="1" rowspan="1" width="80%">x-content-type-options</td>
      </tr>
      <tr>
        <td colspan="1" rowspan="1" class="indent2" width="20%">Ataque</td>
        <td colspan="1" rowspan="1" width="80%"/>
      </tr>
      <tr>
        <td colspan="1" rowspan="1" class="indent2" width="20%">Evidencia</td>
        <td colspan="1" rowspan="1" width="80%"/>
      </tr>
      <tr>
        <td colspan="1" rowspan="1" class="indent2" width="20%">Other Info</td>
        <td colspan="1" rowspan="1" width="80%">This issue still applies to error type pages (401, 403, 500, etc.) as those pages are often still affected by injection issues, in which case there is still concern for browsers sniffing pages away from their actual content type.
At "High" threshold this scan rule will not alert on client or server error responses.</td>
      </tr>
      <tr>
        <td colspan="1" rowspan="1" class="indent1" width="20%">URL</td>
        <td colspan="1" rowspan="1" width="80%">
          <a shape="rect" href="http://tpi.lat:2095/subreseller/assets/fonts/feather.woff?t=1525787366991">http://tpi.lat:2095/subreseller/assets/fonts/feather.woff?t=1525787366991</a>
        </td>
      </tr>
      <tr>
        <td colspan="1" rowspan="1" class="indent2" width="20%">Método</td>
        <td colspan="1" rowspan="1" width="80%">GET</td>
      </tr>
      <tr>
        <td colspan="1" rowspan="1" class="indent2" width="20%">Parámetros</td>
        <td colspan="1" rowspan="1" width="80%">x-content-type-options</td>
      </tr>
      <tr>
        <td colspan="1" rowspan="1" class="indent2" width="20%">Ataque</td>
        <td colspan="1" rowspan="1" width="80%"/>
      </tr>
      <tr>
        <td colspan="1" rowspan="1" class="indent2" width="20%">Evidencia</td>
        <td colspan="1" rowspan="1" width="80%"/>
      </tr>
      <tr>
        <td colspan="1" rowspan="1" class="indent2" width="20%">Other Info</td>
        <td colspan="1" rowspan="1" width="80%">This issue still applies to error type pages (401, 403, 500, etc.) as those pages are often still affected by injection issues, in which case there is still concern for browsers sniffing pages away from their actual content type.
At "High" threshold this scan rule will not alert on client or server error responses.</td>
      </tr>
      <tr>
        <td colspan="1" rowspan="1" class="indent1" width="20%">URL</td>
        <td colspan="1" rowspan="1" width="80%">
          <a shape="rect" href="http://tpi.lat:2095/subreseller/assets/fonts/materialdesignicons-webfont.woff2?v=3.5.95">http://tpi.lat:2095/subreseller/assets/fonts/materialdesignicons-webfont.woff2?v=3.5.95</a>
        </td>
      </tr>
      <tr>
        <td colspan="1" rowspan="1" class="indent2" width="20%">Método</td>
        <td colspan="1" rowspan="1" width="80%">GET</td>
      </tr>
      <tr>
        <td colspan="1" rowspan="1" class="indent2" width="20%">Parámetros</td>
        <td colspan="1" rowspan="1" width="80%">x-content-type-options</td>
      </tr>
      <tr>
        <td colspan="1" rowspan="1" class="indent2" width="20%">Ataque</td>
        <td colspan="1" rowspan="1" width="80%"/>
      </tr>
      <tr>
        <td colspan="1" rowspan="1" class="indent2" width="20%">Evidencia</td>
        <td colspan="1" rowspan="1" width="80%"/>
      </tr>
      <tr>
        <td colspan="1" rowspan="1" class="indent2" width="20%">Other Info</td>
        <td colspan="1" rowspan="1" width="80%">This issue still applies to error type pages (401, 403, 500, etc.) as those pages are often still affected by injection issues, in which case there is still concern for browsers sniffing pages away from their actual content type.
At "High" threshold this scan rule will not alert on client or server error responses.</td>
      </tr>
      <tr>
        <td colspan="1" rowspan="1" class="indent1" width="20%">URL</td>
        <td colspan="1" rowspan="1" width="80%">
          <a shape="rect" href="http://tpi.lat:2095/subreseller/assets/js/app.min.js">http://tpi.lat:2095/subreseller/assets/js/app.min.js</a>
        </td>
      </tr>
      <tr>
        <td colspan="1" rowspan="1" class="indent2" width="20%">Método</td>
        <td colspan="1" rowspan="1" width="80%">GET</td>
      </tr>
      <tr>
        <td colspan="1" rowspan="1" class="indent2" width="20%">Parámetros</td>
        <td colspan="1" rowspan="1" width="80%">x-content-type-options</td>
      </tr>
      <tr>
        <td colspan="1" rowspan="1" class="indent2" width="20%">Ataque</td>
        <td colspan="1" rowspan="1" width="80%"/>
      </tr>
      <tr>
        <td colspan="1" rowspan="1" class="indent2" width="20%">Evidencia</td>
        <td colspan="1" rowspan="1" width="80%"/>
      </tr>
      <tr>
        <td colspan="1" rowspan="1" class="indent2" width="20%">Other Info</td>
        <td colspan="1" rowspan="1" width="80%">This issue still applies to error type pages (401, 403, 500, etc.) as those pages are often still affected by injection issues, in which case there is still concern for browsers sniffing pages away from their actual content type.
At "High" threshold this scan rule will not alert on client or server error responses.</td>
      </tr>
      <tr>
        <td colspan="1" rowspan="1" class="indent1" width="20%">URL</td>
        <td colspan="1" rowspan="1" width="80%">
          <a shape="rect" href="http://tpi.lat:2095/subreseller/assets/js/listings.js">http://tpi.lat:2095/subreseller/assets/js/listings.js</a>
        </td>
      </tr>
      <tr>
        <td colspan="1" rowspan="1" class="indent2" width="20%">Método</td>
        <td colspan="1" rowspan="1" width="80%">GET</td>
      </tr>
      <tr>
        <td colspan="1" rowspan="1" class="indent2" width="20%">Parámetros</td>
        <td colspan="1" rowspan="1" width="80%">x-content-type-options</td>
      </tr>
      <tr>
        <td colspan="1" rowspan="1" class="indent2" width="20%">Ataque</td>
        <td colspan="1" rowspan="1" width="80%"/>
      </tr>
      <tr>
        <td colspan="1" rowspan="1" class="indent2" width="20%">Evidencia</td>
        <td colspan="1" rowspan="1" width="80%"/>
      </tr>
      <tr>
        <td colspan="1" rowspan="1" class="indent2" width="20%">Other Info</td>
        <td colspan="1" rowspan="1" width="80%">This issue still applies to error type pages (401, 403, 500, etc.) as those pages are often still affected by injection issues, in which case there is still concern for browsers sniffing pages away from their actual content type.
At "High" threshold this scan rule will not alert on client or server error responses.</td>
      </tr>
      <tr>
        <td colspan="1" rowspan="1" class="indent1" width="20%">URL</td>
        <td colspan="1" rowspan="1" width="80%">
          <a shape="rect" href="http://tpi.lat:2095/subreseller/assets/js/vendor.min.js">http://tpi.lat:2095/subreseller/assets/js/vendor.min.js</a>
        </td>
      </tr>
      <tr>
        <td colspan="1" rowspan="1" class="indent2" width="20%">Método</td>
        <td colspan="1" rowspan="1" width="80%">GET</td>
      </tr>
      <tr>
        <td colspan="1" rowspan="1" class="indent2" width="20%">Parámetros</td>
        <td colspan="1" rowspan="1" width="80%">x-content-type-options</td>
      </tr>
      <tr>
        <td colspan="1" rowspan="1" class="indent2" width="20%">Ataque</td>
        <td colspan="1" rowspan="1" width="80%"/>
      </tr>
      <tr>
        <td colspan="1" rowspan="1" class="indent2" width="20%">Evidencia</td>
        <td colspan="1" rowspan="1" width="80%"/>
      </tr>
      <tr>
        <td colspan="1" rowspan="1" class="indent2" width="20%">Other Info</td>
        <td colspan="1" rowspan="1" width="80%">This issue still applies to error type pages (401, 403, 500, etc.) as those pages are often still affected by injection issues, in which case there is still concern for browsers sniffing pages away from their actual content type.
At "High" threshold this scan rule will not alert on client or server error responses.</td>
      </tr>
      <tr>
        <td colspan="1" rowspan="1" class="indent1" width="20%">URL</td>
        <td colspan="1" rowspan="1" width="80%">
          <a shape="rect" href="http://tpi.lat:2095/subreseller/assets/libs/apexcharts/apexcharts.min.js">http://tpi.lat:2095/subreseller/assets/libs/apexcharts/apexcharts.min.js</a>
        </td>
      </tr>
      <tr>
        <td colspan="1" rowspan="1" class="indent2" width="20%">Método</td>
        <td colspan="1" rowspan="1" width="80%">GET</td>
      </tr>
      <tr>
        <td colspan="1" rowspan="1" class="indent2" width="20%">Parámetros</td>
        <td colspan="1" rowspan="1" width="80%">x-content-type-options</td>
      </tr>
      <tr>
        <td colspan="1" rowspan="1" class="indent2" width="20%">Ataque</td>
        <td colspan="1" rowspan="1" width="80%"/>
      </tr>
      <tr>
        <td colspan="1" rowspan="1" class="indent2" width="20%">Evidencia</td>
        <td colspan="1" rowspan="1" width="80%"/>
      </tr>
      <tr>
        <td colspan="1" rowspan="1" class="indent2" width="20%">Other Info</td>
        <td colspan="1" rowspan="1" width="80%">This issue still applies to error type pages (401, 403, 500, etc.) as those pages are often still affected by injection issues, in which case there is still concern for browsers sniffing pages away from their actual content type.
At "High" threshold this scan rule will not alert on client or server error responses.</td>
      </tr>
      <tr>
        <td colspan="1" rowspan="1" class="indent1" width="20%">URL</td>
        <td colspan="1" rowspan="1" width="80%">
          <a shape="rect" href="http://tpi.lat:2095/subreseller/assets/libs/bootstrap-colorpicker/bootstrap-colorpicker.min.css">http://tpi.lat:2095/subreseller/assets/libs/bootstrap-colorpicker/bootstrap-colorpicker.min.css</a>
        </td>
      </tr>
      <tr>
        <td colspan="1" rowspan="1" class="indent2" width="20%">Método</td>
        <td colspan="1" rowspan="1" width="80%">GET</td>
      </tr>
      <tr>
        <td colspan="1" rowspan="1" class="indent2" width="20%">Parámetros</td>
        <td colspan="1" rowspan="1" width="80%">x-content-type-options</td>
      </tr>
      <tr>
        <td colspan="1" rowspan="1" class="indent2" width="20%">Ataque</td>
        <td colspan="1" rowspan="1" width="80%"/>
      </tr>
      <tr>
        <td colspan="1" rowspan="1" class="indent2" width="20%">Evidencia</td>
        <td colspan="1" rowspan="1" width="80%"/>
      </tr>
      <tr>
        <td colspan="1" rowspan="1" class="indent2" width="20%">Other Info</td>
        <td colspan="1" rowspan="1" width="80%">This issue still applies to error type pages (401, 403, 500, etc.) as those pages are often still affected by injection issues, in which case there is still concern for browsers sniffing pages away from their actual content type.
At "High" threshold this scan rule will not alert on client or server error responses.</td>
      </tr>
      <tr>
        <td colspan="1" rowspan="1" class="indent1" width="20%">URL</td>
        <td colspan="1" rowspan="1" width="80%">
          <a shape="rect" href="http://tpi.lat:2095/subreseller/assets/libs/bootstrap-colorpicker/bootstrap-colorpicker.min.js">http://tpi.lat:2095/subreseller/assets/libs/bootstrap-colorpicker/bootstrap-colorpicker.min.js</a>
        </td>
      </tr>
      <tr>
        <td colspan="1" rowspan="1" class="indent2" width="20%">Método</td>
        <td colspan="1" rowspan="1" width="80%">GET</td>
      </tr>
      <tr>
        <td colspan="1" rowspan="1" class="indent2" width="20%">Parámetros</td>
        <td colspan="1" rowspan="1" width="80%">x-content-type-options</td>
      </tr>
      <tr>
        <td colspan="1" rowspan="1" class="indent2" width="20%">Ataque</td>
        <td colspan="1" rowspan="1" width="80%"/>
      </tr>
      <tr>
        <td colspan="1" rowspan="1" class="indent2" width="20%">Evidencia</td>
        <td colspan="1" rowspan="1" width="80%"/>
      </tr>
      <tr>
        <td colspan="1" rowspan="1" class="indent2" width="20%">Other Info</td>
        <td colspan="1" rowspan="1" width="80%">This issue still applies to error type pages (401, 403, 500, etc.) as those pages are often still affected by injection issues, in which case there is still concern for browsers sniffing pages away from their actual content type.
At "High" threshold this scan rule will not alert on client or server error responses.</td>
      </tr>
      <tr>
        <td colspan="1" rowspan="1" class="indent1" width="20%">URL</td>
        <td colspan="1" rowspan="1" width="80%">
          <a shape="rect" href="http://tpi.lat:2095/subreseller/assets/libs/bootstrap-maxlength/bootstrap-maxlength.min.js">http://tpi.lat:2095/subreseller/assets/libs/bootstrap-maxlength/bootstrap-maxlength.min.js</a>
        </td>
      </tr>
      <tr>
        <td colspan="1" rowspan="1" class="indent2" width="20%">Método</td>
        <td colspan="1" rowspan="1" width="80%">GET</td>
      </tr>
      <tr>
        <td colspan="1" rowspan="1" class="indent2" width="20%">Parámetros</td>
        <td colspan="1" rowspan="1" width="80%">x-content-type-options</td>
      </tr>
      <tr>
        <td colspan="1" rowspan="1" class="indent2" width="20%">Ataque</td>
        <td colspan="1" rowspan="1" width="80%"/>
      </tr>
      <tr>
        <td colspan="1" rowspan="1" class="indent2" width="20%">Evidencia</td>
        <td colspan="1" rowspan="1" width="80%"/>
      </tr>
      <tr>
        <td colspan="1" rowspan="1" class="indent2" width="20%">Other Info</td>
        <td colspan="1" rowspan="1" width="80%">This issue still applies to error type pages (401, 403, 500, etc.) as those pages are often still affected by injection issues, in which case there is still concern for browsers sniffing pages away from their actual content type.
At "High" threshold this scan rule will not alert on client or server error responses.</td>
      </tr>
      <tr>
        <td colspan="1" rowspan="1" class="indent1" width="20%">URL</td>
        <td colspan="1" rowspan="1" width="80%">
          <a shape="rect" href="http://tpi.lat:2095/subreseller/assets/libs/bootstrap-touchspin/jquery.bootstrap-touchspin.css">http://tpi.lat:2095/subreseller/assets/libs/bootstrap-touchspin/jquery.bootstrap-touchspin.css</a>
        </td>
      </tr>
      <tr>
        <td colspan="1" rowspan="1" class="indent2" width="20%">Método</td>
        <td colspan="1" rowspan="1" width="80%">GET</td>
      </tr>
      <tr>
        <td colspan="1" rowspan="1" class="indent2" width="20%">Parámetros</td>
        <td colspan="1" rowspan="1" width="80%">x-content-type-options</td>
      </tr>
      <tr>
        <td colspan="1" rowspan="1" class="indent2" width="20%">Ataque</td>
        <td colspan="1" rowspan="1" width="80%"/>
      </tr>
      <tr>
        <td colspan="1" rowspan="1" class="indent2" width="20%">Evidencia</td>
        <td colspan="1" rowspan="1" width="80%"/>
      </tr>
      <tr>
        <td colspan="1" rowspan="1" class="indent2" width="20%">Other Info</td>
        <td colspan="1" rowspan="1" width="80%">This issue still applies to error type pages (401, 403, 500, etc.) as those pages are often still affected by injection issues, in which case there is still concern for browsers sniffing pages away from their actual content type.
At "High" threshold this scan rule will not alert on client or server error responses.</td>
      </tr>
      <tr>
        <td colspan="1" rowspan="1" class="indent1" width="20%">URL</td>
        <td colspan="1" rowspan="1" width="80%">
          <a shape="rect" href="http://tpi.lat:2095/subreseller/assets/libs/bootstrap-touchspin/jquery.bootstrap-touchspin.min.js">http://tpi.lat:2095/subreseller/assets/libs/bootstrap-touchspin/jquery.bootstrap-touchspin.min.js</a>
        </td>
      </tr>
      <tr>
        <td colspan="1" rowspan="1" class="indent2" width="20%">Método</td>
        <td colspan="1" rowspan="1" width="80%">GET</td>
      </tr>
      <tr>
        <td colspan="1" rowspan="1" class="indent2" width="20%">Parámetros</td>
        <td colspan="1" rowspan="1" width="80%">x-content-type-options</td>
      </tr>
      <tr>
        <td colspan="1" rowspan="1" class="indent2" width="20%">Ataque</td>
        <td colspan="1" rowspan="1" width="80%"/>
      </tr>
      <tr>
        <td colspan="1" rowspan="1" class="indent2" width="20%">Evidencia</td>
        <td colspan="1" rowspan="1" width="80%"/>
      </tr>
      <tr>
        <td colspan="1" rowspan="1" class="indent2" width="20%">Other Info</td>
        <td colspan="1" rowspan="1" width="80%">This issue still applies to error type pages (401, 403, 500, etc.) as those pages are often still affected by injection issues, in which case there is still concern for browsers sniffing pages away from their actual content type.
At "High" threshold this scan rule will not alert on client or server error responses.</td>
      </tr>
      <tr>
        <td colspan="1" rowspan="1" class="indent1" width="20%">URL</td>
        <td colspan="1" rowspan="1" width="80%">
          <a shape="rect" href="http://tpi.lat:2095/subreseller/assets/libs/clockpicker/bootstrap-clockpicker.min.css">http://tpi.lat:2095/subreseller/assets/libs/clockpicker/bootstrap-clockpicker.min.css</a>
        </td>
      </tr>
      <tr>
        <td colspan="1" rowspan="1" class="indent2" width="20%">Método</td>
        <td colspan="1" rowspan="1" width="80%">GET</td>
      </tr>
      <tr>
        <td colspan="1" rowspan="1" class="indent2" width="20%">Parámetros</td>
        <td colspan="1" rowspan="1" width="80%">x-content-type-options</td>
      </tr>
      <tr>
        <td colspan="1" rowspan="1" class="indent2" width="20%">Ataque</td>
        <td colspan="1" rowspan="1" width="80%"/>
      </tr>
      <tr>
        <td colspan="1" rowspan="1" class="indent2" width="20%">Evidencia</td>
        <td colspan="1" rowspan="1" width="80%"/>
      </tr>
      <tr>
        <td colspan="1" rowspan="1" class="indent2" width="20%">Other Info</td>
        <td colspan="1" rowspan="1" width="80%">This issue still applies to error type pages (401, 403, 500, etc.) as those pages are often still affected by injection issues, in which case there is still concern for browsers sniffing pages away from their actual content type.
At "High" threshold this scan rule will not alert on client or server error responses.</td>
      </tr>
      <tr>
        <td colspan="1" rowspan="1" class="indent1" width="20%">URL</td>
        <td colspan="1" rowspan="1" width="80%">
          <a shape="rect" href="http://tpi.lat:2095/subreseller/assets/libs/clockpicker/bootstrap-clockpicker.min.js">http://tpi.lat:2095/subreseller/assets/libs/clockpicker/bootstrap-clockpicker.min.js</a>
        </td>
      </tr>
      <tr>
        <td colspan="1" rowspan="1" class="indent2" width="20%">Método</td>
        <td colspan="1" rowspan="1" width="80%">GET</td>
      </tr>
      <tr>
        <td colspan="1" rowspan="1" class="indent2" width="20%">Parámetros</td>
        <td colspan="1" rowspan="1" width="80%">x-content-type-options</td>
      </tr>
      <tr>
        <td colspan="1" rowspan="1" class="indent2" width="20%">Ataque</td>
        <td colspan="1" rowspan="1" width="80%"/>
      </tr>
      <tr>
        <td colspan="1" rowspan="1" class="indent2" width="20%">Evidencia</td>
        <td colspan="1" rowspan="1" width="80%"/>
      </tr>
      <tr>
        <td colspan="1" rowspan="1" class="indent2" width="20%">Other Info</td>
        <td colspan="1" rowspan="1" width="80%">This issue still applies to error type pages (401, 403, 500, etc.) as those pages are often still affected by injection issues, in which case there is still concern for browsers sniffing pages away from their actual content type.
At "High" threshold this scan rule will not alert on client or server error responses.</td>
      </tr>
      <tr>
        <td colspan="1" rowspan="1" class="indent1" width="20%">URL</td>
        <td colspan="1" rowspan="1" width="80%">
          <a shape="rect" href="http://tpi.lat:2095/subreseller/assets/libs/datatables/buttons.bootstrap4.css">http://tpi.lat:2095/subreseller/assets/libs/datatables/buttons.bootstrap4.css</a>
        </td>
      </tr>
      <tr>
        <td colspan="1" rowspan="1" class="indent2" width="20%">Método</td>
        <td colspan="1" rowspan="1" width="80%">GET</td>
      </tr>
      <tr>
        <td colspan="1" rowspan="1" class="indent2" width="20%">Parámetros</td>
        <td colspan="1" rowspan="1" width="80%">x-content-type-options</td>
      </tr>
      <tr>
        <td colspan="1" rowspan="1" class="indent2" width="20%">Ataque</td>
        <td colspan="1" rowspan="1" width="80%"/>
      </tr>
      <tr>
        <td colspan="1" rowspan="1" class="indent2" width="20%">Evidencia</td>
        <td colspan="1" rowspan="1" width="80%"/>
      </tr>
      <tr>
        <td colspan="1" rowspan="1" class="indent2" width="20%">Other Info</td>
        <td colspan="1" rowspan="1" width="80%">This issue still applies to error type pages (401, 403, 500, etc.) as those pages are often still affected by injection issues, in which case there is still concern for browsers sniffing pages away from their actual content type.
At "High" threshold this scan rule will not alert on client or server error responses.</td>
      </tr>
      <tr>
        <td colspan="1" rowspan="1" class="indent1" width="20%">URL</td>
        <td colspan="1" rowspan="1" width="80%">
          <a shape="rect" href="http://tpi.lat:2095/subreseller/assets/libs/datatables/buttons.bootstrap4.min.js">http://tpi.lat:2095/subreseller/assets/libs/datatables/buttons.bootstrap4.min.js</a>
        </td>
      </tr>
      <tr>
        <td colspan="1" rowspan="1" class="indent2" width="20%">Método</td>
        <td colspan="1" rowspan="1" width="80%">GET</td>
      </tr>
      <tr>
        <td colspan="1" rowspan="1" class="indent2" width="20%">Parámetros</td>
        <td colspan="1" rowspan="1" width="80%">x-content-type-options</td>
      </tr>
      <tr>
        <td colspan="1" rowspan="1" class="indent2" width="20%">Ataque</td>
        <td colspan="1" rowspan="1" width="80%"/>
      </tr>
      <tr>
        <td colspan="1" rowspan="1" class="indent2" width="20%">Evidencia</td>
        <td colspan="1" rowspan="1" width="80%"/>
      </tr>
      <tr>
        <td colspan="1" rowspan="1" class="indent2" width="20%">Other Info</td>
        <td colspan="1" rowspan="1" width="80%">This issue still applies to error type pages (401, 403, 500, etc.) as those pages are often still affected by injection issues, in which case there is still concern for browsers sniffing pages away from their actual content type.
At "High" threshold this scan rule will not alert on client or server error responses.</td>
      </tr>
      <tr>
        <td colspan="1" rowspan="1" class="indent1" width="20%">URL</td>
        <td colspan="1" rowspan="1" width="80%">
          <a shape="rect" href="http://tpi.lat:2095/subreseller/assets/libs/datatables/buttons.flash.min.js">http://tpi.lat:2095/subreseller/assets/libs/datatables/buttons.flash.min.js</a>
        </td>
      </tr>
      <tr>
        <td colspan="1" rowspan="1" class="indent2" width="20%">Método</td>
        <td colspan="1" rowspan="1" width="80%">GET</td>
      </tr>
      <tr>
        <td colspan="1" rowspan="1" class="indent2" width="20%">Parámetros</td>
        <td colspan="1" rowspan="1" width="80%">x-content-type-options</td>
      </tr>
      <tr>
        <td colspan="1" rowspan="1" class="indent2" width="20%">Ataque</td>
        <td colspan="1" rowspan="1" width="80%"/>
      </tr>
      <tr>
        <td colspan="1" rowspan="1" class="indent2" width="20%">Evidencia</td>
        <td colspan="1" rowspan="1" width="80%"/>
      </tr>
      <tr>
        <td colspan="1" rowspan="1" class="indent2" width="20%">Other Info</td>
        <td colspan="1" rowspan="1" width="80%">This issue still applies to error type pages (401, 403, 500, etc.) as those pages are often still affected by injection issues, in which case there is still concern for browsers sniffing pages away from their actual content type.
At "High" threshold this scan rule will not alert on client or server error responses.</td>
      </tr>
      <tr>
        <td colspan="1" rowspan="1" class="indent1" width="20%">URL</td>
        <td colspan="1" rowspan="1" width="80%">
          <a shape="rect" href="http://tpi.lat:2095/subreseller/assets/libs/datatables/buttons.html5.min.js">http://tpi.lat:2095/subreseller/assets/libs/datatables/buttons.html5.min.js</a>
        </td>
      </tr>
      <tr>
        <td colspan="1" rowspan="1" class="indent2" width="20%">Método</td>
        <td colspan="1" rowspan="1" width="80%">GET</td>
      </tr>
      <tr>
        <td colspan="1" rowspan="1" class="indent2" width="20%">Parámetros</td>
        <td colspan="1" rowspan="1" width="80%">x-content-type-options</td>
      </tr>
      <tr>
        <td colspan="1" rowspan="1" class="indent2" width="20%">Ataque</td>
        <td colspan="1" rowspan="1" width="80%"/>
      </tr>
      <tr>
        <td colspan="1" rowspan="1" class="indent2" width="20%">Evidencia</td>
        <td colspan="1" rowspan="1" width="80%"/>
      </tr>
      <tr>
        <td colspan="1" rowspan="1" class="indent2" width="20%">Other Info</td>
        <td colspan="1" rowspan="1" width="80%">This issue still applies to error type pages (401, 403, 500, etc.) as those pages are often still affected by injection issues, in which case there is still concern for browsers sniffing pages away from their actual content type.
At "High" threshold this scan rule will not alert on client or server error responses.</td>
      </tr>
      <tr>
        <td colspan="1" rowspan="1" class="indent1" width="20%">URL</td>
        <td colspan="1" rowspan="1" width="80%">
          <a shape="rect" href="http://tpi.lat:2095/subreseller/assets/libs/datatables/buttons.print.min.js">http://tpi.lat:2095/subreseller/assets/libs/datatables/buttons.print.min.js</a>
        </td>
      </tr>
      <tr>
        <td colspan="1" rowspan="1" class="indent2" width="20%">Método</td>
        <td colspan="1" rowspan="1" width="80%">GET</td>
      </tr>
      <tr>
        <td colspan="1" rowspan="1" class="indent2" width="20%">Parámetros</td>
        <td colspan="1" rowspan="1" width="80%">x-content-type-options</td>
      </tr>
      <tr>
        <td colspan="1" rowspan="1" class="indent2" width="20%">Ataque</td>
        <td colspan="1" rowspan="1" width="80%"/>
      </tr>
      <tr>
        <td colspan="1" rowspan="1" class="indent2" width="20%">Evidencia</td>
        <td colspan="1" rowspan="1" width="80%"/>
      </tr>
      <tr>
        <td colspan="1" rowspan="1" class="indent2" width="20%">Other Info</td>
        <td colspan="1" rowspan="1" width="80%">This issue still applies to error type pages (401, 403, 500, etc.) as those pages are often still affected by injection issues, in which case there is still concern for browsers sniffing pages away from their actual content type.
At "High" threshold this scan rule will not alert on client or server error responses.</td>
      </tr>
      <tr>
        <td colspan="1" rowspan="1" class="indent1" width="20%">URL</td>
        <td colspan="1" rowspan="1" width="80%">
          <a shape="rect" href="http://tpi.lat:2095/subreseller/assets/libs/datatables/dataTables.bootstrap4.css">http://tpi.lat:2095/subreseller/assets/libs/datatables/dataTables.bootstrap4.css</a>
        </td>
      </tr>
      <tr>
        <td colspan="1" rowspan="1" class="indent2" width="20%">Método</td>
        <td colspan="1" rowspan="1" width="80%">GET</td>
      </tr>
      <tr>
        <td colspan="1" rowspan="1" class="indent2" width="20%">Parámetros</td>
        <td colspan="1" rowspan="1" width="80%">x-content-type-options</td>
      </tr>
      <tr>
        <td colspan="1" rowspan="1" class="indent2" width="20%">Ataque</td>
        <td colspan="1" rowspan="1" width="80%"/>
      </tr>
      <tr>
        <td colspan="1" rowspan="1" class="indent2" width="20%">Evidencia</td>
        <td colspan="1" rowspan="1" width="80%"/>
      </tr>
      <tr>
        <td colspan="1" rowspan="1" class="indent2" width="20%">Other Info</td>
        <td colspan="1" rowspan="1" width="80%">This issue still applies to error type pages (401, 403, 500, etc.) as those pages are often still affected by injection issues, in which case there is still concern for browsers sniffing pages away from their actual content type.
At "High" threshold this scan rule will not alert on client or server error responses.</td>
      </tr>
      <tr>
        <td colspan="1" rowspan="1" class="indent1" width="20%">URL</td>
        <td colspan="1" rowspan="1" width="80%">
          <a shape="rect" href="http://tpi.lat:2095/subreseller/assets/libs/datatables/dataTables.bootstrap4.js">http://tpi.lat:2095/subreseller/assets/libs/datatables/dataTables.bootstrap4.js</a>
        </td>
      </tr>
      <tr>
        <td colspan="1" rowspan="1" class="indent2" width="20%">Método</td>
        <td colspan="1" rowspan="1" width="80%">GET</td>
      </tr>
      <tr>
        <td colspan="1" rowspan="1" class="indent2" width="20%">Parámetros</td>
        <td colspan="1" rowspan="1" width="80%">x-content-type-options</td>
      </tr>
      <tr>
        <td colspan="1" rowspan="1" class="indent2" width="20%">Ataque</td>
        <td colspan="1" rowspan="1" width="80%"/>
      </tr>
      <tr>
        <td colspan="1" rowspan="1" class="indent2" width="20%">Evidencia</td>
        <td colspan="1" rowspan="1" width="80%"/>
      </tr>
      <tr>
        <td colspan="1" rowspan="1" class="indent2" width="20%">Other Info</td>
        <td colspan="1" rowspan="1" width="80%">This issue still applies to error type pages (401, 403, 500, etc.) as those pages are often still affected by injection issues, in which case there is still concern for browsers sniffing pages away from their actual content type.
At "High" threshold this scan rule will not alert on client or server error responses.</td>
      </tr>
      <tr>
        <td colspan="1" rowspan="1" class="indent1" width="20%">URL</td>
        <td colspan="1" rowspan="1" width="80%">
          <a shape="rect" href="http://tpi.lat:2095/subreseller/assets/libs/datatables/dataTables.buttons.min.js">http://tpi.lat:2095/subreseller/assets/libs/datatables/dataTables.buttons.min.js</a>
        </td>
      </tr>
      <tr>
        <td colspan="1" rowspan="1" class="indent2" width="20%">Método</td>
        <td colspan="1" rowspan="1" width="80%">GET</td>
      </tr>
      <tr>
        <td colspan="1" rowspan="1" class="indent2" width="20%">Parámetros</td>
        <td colspan="1" rowspan="1" width="80%">x-content-type-options</td>
      </tr>
      <tr>
        <td colspan="1" rowspan="1" class="indent2" width="20%">Ataque</td>
        <td colspan="1" rowspan="1" width="80%"/>
      </tr>
      <tr>
        <td colspan="1" rowspan="1" class="indent2" width="20%">Evidencia</td>
        <td colspan="1" rowspan="1" width="80%"/>
      </tr>
      <tr>
        <td colspan="1" rowspan="1" class="indent2" width="20%">Other Info</td>
        <td colspan="1" rowspan="1" width="80%">This issue still applies to error type pages (401, 403, 500, etc.) as those pages are often still affected by injection issues, in which case there is still concern for browsers sniffing pages away from their actual content type.
At "High" threshold this scan rule will not alert on client or server error responses.</td>
      </tr>
      <tr>
        <td colspan="1" rowspan="1" class="indent1" width="20%">URL</td>
        <td colspan="1" rowspan="1" width="80%">
          <a shape="rect" href="http://tpi.lat:2095/subreseller/assets/libs/datatables/dataTables.keyTable.min.js">http://tpi.lat:2095/subreseller/assets/libs/datatables/dataTables.keyTable.min.js</a>
        </td>
      </tr>
      <tr>
        <td colspan="1" rowspan="1" class="indent2" width="20%">Método</td>
        <td colspan="1" rowspan="1" width="80%">GET</td>
      </tr>
      <tr>
        <td colspan="1" rowspan="1" class="indent2" width="20%">Parámetros</td>
        <td colspan="1" rowspan="1" width="80%">x-content-type-options</td>
      </tr>
      <tr>
        <td colspan="1" rowspan="1" class="indent2" width="20%">Ataque</td>
        <td colspan="1" rowspan="1" width="80%"/>
      </tr>
      <tr>
        <td colspan="1" rowspan="1" class="indent2" width="20%">Evidencia</td>
        <td colspan="1" rowspan="1" width="80%"/>
      </tr>
      <tr>
        <td colspan="1" rowspan="1" class="indent2" width="20%">Other Info</td>
        <td colspan="1" rowspan="1" width="80%">This issue still applies to error type pages (401, 403, 500, etc.) as those pages are often still affected by injection issues, in which case there is still concern for browsers sniffing pages away from their actual content type.
At "High" threshold this scan rule will not alert on client or server error responses.</td>
      </tr>
      <tr>
        <td colspan="1" rowspan="1" class="indent1" width="20%">URL</td>
        <td colspan="1" rowspan="1" width="80%">
          <a shape="rect" href="http://tpi.lat:2095/subreseller/assets/libs/datatables/dataTables.responsive.min.js">http://tpi.lat:2095/subreseller/assets/libs/datatables/dataTables.responsive.min.js</a>
        </td>
      </tr>
      <tr>
        <td colspan="1" rowspan="1" class="indent2" width="20%">Método</td>
        <td colspan="1" rowspan="1" width="80%">GET</td>
      </tr>
      <tr>
        <td colspan="1" rowspan="1" class="indent2" width="20%">Parámetros</td>
        <td colspan="1" rowspan="1" width="80%">x-content-type-options</td>
      </tr>
      <tr>
        <td colspan="1" rowspan="1" class="indent2" width="20%">Ataque</td>
        <td colspan="1" rowspan="1" width="80%"/>
      </tr>
      <tr>
        <td colspan="1" rowspan="1" class="indent2" width="20%">Evidencia</td>
        <td colspan="1" rowspan="1" width="80%"/>
      </tr>
      <tr>
        <td colspan="1" rowspan="1" class="indent2" width="20%">Other Info</td>
        <td colspan="1" rowspan="1" width="80%">This issue still applies to error type pages (401, 403, 500, etc.) as those pages are often still affected by injection issues, in which case there is still concern for browsers sniffing pages away from their actual content type.
At "High" threshold this scan rule will not alert on client or server error responses.</td>
      </tr>
      <tr>
        <td colspan="1" rowspan="1" class="indent1" width="20%">URL</td>
        <td colspan="1" rowspan="1" width="80%">
          <a shape="rect" href="http://tpi.lat:2095/subreseller/assets/libs/datatables/dataTables.rowReorder.js">http://tpi.lat:2095/subreseller/assets/libs/datatables/dataTables.rowReorder.js</a>
        </td>
      </tr>
      <tr>
        <td colspan="1" rowspan="1" class="indent2" width="20%">Método</td>
        <td colspan="1" rowspan="1" width="80%">GET</td>
      </tr>
      <tr>
        <td colspan="1" rowspan="1" class="indent2" width="20%">Parámetros</td>
        <td colspan="1" rowspan="1" width="80%">x-content-type-options</td>
      </tr>
      <tr>
        <td colspan="1" rowspan="1" class="indent2" width="20%">Ataque</td>
        <td colspan="1" rowspan="1" width="80%"/>
      </tr>
      <tr>
        <td colspan="1" rowspan="1" class="indent2" width="20%">Evidencia</td>
        <td colspan="1" rowspan="1" width="80%"/>
      </tr>
      <tr>
        <td colspan="1" rowspan="1" class="indent2" width="20%">Other Info</td>
        <td colspan="1" rowspan="1" width="80%">This issue still applies to error type pages (401, 403, 500, etc.) as those pages are often still affected by injection issues, in which case there is still concern for browsers sniffing pages away from their actual content type.
At "High" threshold this scan rule will not alert on client or server error responses.</td>
      </tr>
      <tr>
        <td colspan="1" rowspan="1" class="indent1" width="20%">URL</td>
        <td colspan="1" rowspan="1" width="80%">
          <a shape="rect" href="http://tpi.lat:2095/subreseller/assets/libs/datatables/dataTables.select.min.js">http://tpi.lat:2095/subreseller/assets/libs/datatables/dataTables.select.min.js</a>
        </td>
      </tr>
      <tr>
        <td colspan="1" rowspan="1" class="indent2" width="20%">Método</td>
        <td colspan="1" rowspan="1" width="80%">GET</td>
      </tr>
      <tr>
        <td colspan="1" rowspan="1" class="indent2" width="20%">Parámetros</td>
        <td colspan="1" rowspan="1" width="80%">x-content-type-options</td>
      </tr>
      <tr>
        <td colspan="1" rowspan="1" class="indent2" width="20%">Ataque</td>
        <td colspan="1" rowspan="1" width="80%"/>
      </tr>
      <tr>
        <td colspan="1" rowspan="1" class="indent2" width="20%">Evidencia</td>
        <td colspan="1" rowspan="1" width="80%"/>
      </tr>
      <tr>
        <td colspan="1" rowspan="1" class="indent2" width="20%">Other Info</td>
        <td colspan="1" rowspan="1" width="80%">This issue still applies to error type pages (401, 403, 500, etc.) as those pages are often still affected by injection issues, in which case there is still concern for browsers sniffing pages away from their actual content type.
At "High" threshold this scan rule will not alert on client or server error responses.</td>
      </tr>
      <tr>
        <td colspan="1" rowspan="1" class="indent1" width="20%">URL</td>
        <td colspan="1" rowspan="1" width="80%">
          <a shape="rect" href="http://tpi.lat:2095/subreseller/assets/libs/datatables/jquery.dataTables.min.js">http://tpi.lat:2095/subreseller/assets/libs/datatables/jquery.dataTables.min.js</a>
        </td>
      </tr>
      <tr>
        <td colspan="1" rowspan="1" class="indent2" width="20%">Método</td>
        <td colspan="1" rowspan="1" width="80%">GET</td>
      </tr>
      <tr>
        <td colspan="1" rowspan="1" class="indent2" width="20%">Parámetros</td>
        <td colspan="1" rowspan="1" width="80%">x-content-type-options</td>
      </tr>
      <tr>
        <td colspan="1" rowspan="1" class="indent2" width="20%">Ataque</td>
        <td colspan="1" rowspan="1" width="80%"/>
      </tr>
      <tr>
        <td colspan="1" rowspan="1" class="indent2" width="20%">Evidencia</td>
        <td colspan="1" rowspan="1" width="80%"/>
      </tr>
      <tr>
        <td colspan="1" rowspan="1" class="indent2" width="20%">Other Info</td>
        <td colspan="1" rowspan="1" width="80%">This issue still applies to error type pages (401, 403, 500, etc.) as those pages are often still affected by injection issues, in which case there is still concern for browsers sniffing pages away from their actual content type.
At "High" threshold this scan rule will not alert on client or server error responses.</td>
      </tr>
      <tr>
        <td colspan="1" rowspan="1" class="indent1" width="20%">URL</td>
        <td colspan="1" rowspan="1" width="80%">
          <a shape="rect" href="http://tpi.lat:2095/subreseller/assets/libs/datatables/responsive.bootstrap4.css">http://tpi.lat:2095/subreseller/assets/libs/datatables/responsive.bootstrap4.css</a>
        </td>
      </tr>
      <tr>
        <td colspan="1" rowspan="1" class="indent2" width="20%">Método</td>
        <td colspan="1" rowspan="1" width="80%">GET</td>
      </tr>
      <tr>
        <td colspan="1" rowspan="1" class="indent2" width="20%">Parámetros</td>
        <td colspan="1" rowspan="1" width="80%">x-content-type-options</td>
      </tr>
      <tr>
        <td colspan="1" rowspan="1" class="indent2" width="20%">Ataque</td>
        <td colspan="1" rowspan="1" width="80%"/>
      </tr>
      <tr>
        <td colspan="1" rowspan="1" class="indent2" width="20%">Evidencia</td>
        <td colspan="1" rowspan="1" width="80%"/>
      </tr>
      <tr>
        <td colspan="1" rowspan="1" class="indent2" width="20%">Other Info</td>
        <td colspan="1" rowspan="1" width="80%">This issue still applies to error type pages (401, 403, 500, etc.) as those pages are often still affected by injection issues, in which case there is still concern for browsers sniffing pages away from their actual content type.
At "High" threshold this scan rule will not alert on client or server error responses.</td>
      </tr>
      <tr>
        <td colspan="1" rowspan="1" class="indent1" width="20%">URL</td>
        <td colspan="1" rowspan="1" width="80%">
          <a shape="rect" href="http://tpi.lat:2095/subreseller/assets/libs/datatables/responsive.bootstrap4.min.js">http://tpi.lat:2095/subreseller/assets/libs/datatables/responsive.bootstrap4.min.js</a>
        </td>
      </tr>
      <tr>
        <td colspan="1" rowspan="1" class="indent2" width="20%">Método</td>
        <td colspan="1" rowspan="1" width="80%">GET</td>
      </tr>
      <tr>
        <td colspan="1" rowspan="1" class="indent2" width="20%">Parámetros</td>
        <td colspan="1" rowspan="1" width="80%">x-content-type-options</td>
      </tr>
      <tr>
        <td colspan="1" rowspan="1" class="indent2" width="20%">Ataque</td>
        <td colspan="1" rowspan="1" width="80%"/>
      </tr>
      <tr>
        <td colspan="1" rowspan="1" class="indent2" width="20%">Evidencia</td>
        <td colspan="1" rowspan="1" width="80%"/>
      </tr>
      <tr>
        <td colspan="1" rowspan="1" class="indent2" width="20%">Other Info</td>
        <td colspan="1" rowspan="1" width="80%">This issue still applies to error type pages (401, 403, 500, etc.) as those pages are often still affected by injection issues, in which case there is still concern for browsers sniffing pages away from their actual content type.
At "High" threshold this scan rule will not alert on client or server error responses.</td>
      </tr>
      <tr>
        <td colspan="1" rowspan="1" class="indent1" width="20%">URL</td>
        <td colspan="1" rowspan="1" width="80%">
          <a shape="rect" href="http://tpi.lat:2095/subreseller/assets/libs/datatables/select.bootstrap4.css">http://tpi.lat:2095/subreseller/assets/libs/datatables/select.bootstrap4.css</a>
        </td>
      </tr>
      <tr>
        <td colspan="1" rowspan="1" class="indent2" width="20%">Método</td>
        <td colspan="1" rowspan="1" width="80%">GET</td>
      </tr>
      <tr>
        <td colspan="1" rowspan="1" class="indent2" width="20%">Parámetros</td>
        <td colspan="1" rowspan="1" width="80%">x-content-type-options</td>
      </tr>
      <tr>
        <td colspan="1" rowspan="1" class="indent2" width="20%">Ataque</td>
        <td colspan="1" rowspan="1" width="80%"/>
      </tr>
      <tr>
        <td colspan="1" rowspan="1" class="indent2" width="20%">Evidencia</td>
        <td colspan="1" rowspan="1" width="80%"/>
      </tr>
      <tr>
        <td colspan="1" rowspan="1" class="indent2" width="20%">Other Info</td>
        <td colspan="1" rowspan="1" width="80%">This issue still applies to error type pages (401, 403, 500, etc.) as those pages are often still affected by injection issues, in which case there is still concern for browsers sniffing pages away from their actual content type.
At "High" threshold this scan rule will not alert on client or server error responses.</td>
      </tr>
      <tr>
        <td colspan="1" rowspan="1" class="indent1" width="20%">URL</td>
        <td colspan="1" rowspan="1" width="80%">
          <a shape="rect" href="http://tpi.lat:2095/subreseller/assets/libs/daterangepicker/daterangepicker.css">http://tpi.lat:2095/subreseller/assets/libs/daterangepicker/daterangepicker.css</a>
        </td>
      </tr>
      <tr>
        <td colspan="1" rowspan="1" class="indent2" width="20%">Método</td>
        <td colspan="1" rowspan="1" width="80%">GET</td>
      </tr>
      <tr>
        <td colspan="1" rowspan="1" class="indent2" width="20%">Parámetros</td>
        <td colspan="1" rowspan="1" width="80%">x-content-type-options</td>
      </tr>
      <tr>
        <td colspan="1" rowspan="1" class="indent2" width="20%">Ataque</td>
        <td colspan="1" rowspan="1" width="80%"/>
      </tr>
      <tr>
        <td colspan="1" rowspan="1" class="indent2" width="20%">Evidencia</td>
        <td colspan="1" rowspan="1" width="80%"/>
      </tr>
      <tr>
        <td colspan="1" rowspan="1" class="indent2" width="20%">Other Info</td>
        <td colspan="1" rowspan="1" width="80%">This issue still applies to error type pages (401, 403, 500, etc.) as those pages are often still affected by injection issues, in which case there is still concern for browsers sniffing pages away from their actual content type.
At "High" threshold this scan rule will not alert on client or server error responses.</td>
      </tr>
      <tr>
        <td colspan="1" rowspan="1" class="indent1" width="20%">URL</td>
        <td colspan="1" rowspan="1" width="80%">
          <a shape="rect" href="http://tpi.lat:2095/subreseller/assets/libs/daterangepicker/daterangepicker.js">http://tpi.lat:2095/subreseller/assets/libs/daterangepicker/daterangepicker.js</a>
        </td>
      </tr>
      <tr>
        <td colspan="1" rowspan="1" class="indent2" width="20%">Método</td>
        <td colspan="1" rowspan="1" width="80%">GET</td>
      </tr>
      <tr>
        <td colspan="1" rowspan="1" class="indent2" width="20%">Parámetros</td>
        <td colspan="1" rowspan="1" width="80%">x-content-type-options</td>
      </tr>
      <tr>
        <td colspan="1" rowspan="1" class="indent2" width="20%">Ataque</td>
        <td colspan="1" rowspan="1" width="80%"/>
      </tr>
      <tr>
        <td colspan="1" rowspan="1" class="indent2" width="20%">Evidencia</td>
        <td colspan="1" rowspan="1" width="80%"/>
      </tr>
      <tr>
        <td colspan="1" rowspan="1" class="indent2" width="20%">Other Info</td>
        <td colspan="1" rowspan="1" width="80%">This issue still applies to error type pages (401, 403, 500, etc.) as those pages are often still affected by injection issues, in which case there is still concern for browsers sniffing pages away from their actual content type.
At "High" threshold this scan rule will not alert on client or server error responses.</td>
      </tr>
      <tr>
        <td colspan="1" rowspan="1" class="indent1" width="20%">URL</td>
        <td colspan="1" rowspan="1" width="80%">
          <a shape="rect" href="http://tpi.lat:2095/subreseller/assets/libs/jbox/jBox.all.min.css">http://tpi.lat:2095/subreseller/assets/libs/jbox/jBox.all.min.css</a>
        </td>
      </tr>
      <tr>
        <td colspan="1" rowspan="1" class="indent2" width="20%">Método</td>
        <td colspan="1" rowspan="1" width="80%">GET</td>
      </tr>
      <tr>
        <td colspan="1" rowspan="1" class="indent2" width="20%">Parámetros</td>
        <td colspan="1" rowspan="1" width="80%">x-content-type-options</td>
      </tr>
      <tr>
        <td colspan="1" rowspan="1" class="indent2" width="20%">Ataque</td>
        <td colspan="1" rowspan="1" width="80%"/>
      </tr>
      <tr>
        <td colspan="1" rowspan="1" class="indent2" width="20%">Evidencia</td>
        <td colspan="1" rowspan="1" width="80%"/>
      </tr>
      <tr>
        <td colspan="1" rowspan="1" class="indent2" width="20%">Other Info</td>
        <td colspan="1" rowspan="1" width="80%">This issue still applies to error type pages (401, 403, 500, etc.) as those pages are often still affected by injection issues, in which case there is still concern for browsers sniffing pages away from their actual content type.
At "High" threshold this scan rule will not alert on client or server error responses.</td>
      </tr>
      <tr>
        <td colspan="1" rowspan="1" class="indent1" width="20%">URL</td>
        <td colspan="1" rowspan="1" width="80%">
          <a shape="rect" href="http://tpi.lat:2095/subreseller/assets/libs/jbox/jBox.all.min.js">http://tpi.lat:2095/subreseller/assets/libs/jbox/jBox.all.min.js</a>
        </td>
      </tr>
      <tr>
        <td colspan="1" rowspan="1" class="indent2" width="20%">Método</td>
        <td colspan="1" rowspan="1" width="80%">GET</td>
      </tr>
      <tr>
        <td colspan="1" rowspan="1" class="indent2" width="20%">Parámetros</td>
        <td colspan="1" rowspan="1" width="80%">x-content-type-options</td>
      </tr>
      <tr>
        <td colspan="1" rowspan="1" class="indent2" width="20%">Ataque</td>
        <td colspan="1" rowspan="1" width="80%"/>
      </tr>
      <tr>
        <td colspan="1" rowspan="1" class="indent2" width="20%">Evidencia</td>
        <td colspan="1" rowspan="1" width="80%"/>
      </tr>
      <tr>
        <td colspan="1" rowspan="1" class="indent2" width="20%">Other Info</td>
        <td colspan="1" rowspan="1" width="80%">This issue still applies to error type pages (401, 403, 500, etc.) as those pages are often still affected by injection issues, in which case there is still concern for browsers sniffing pages away from their actual content type.
At "High" threshold this scan rule will not alert on client or server error responses.</td>
      </tr>
      <tr>
        <td colspan="1" rowspan="1" class="indent1" width="20%">URL</td>
        <td colspan="1" rowspan="1" width="80%">
          <a shape="rect" href="http://tpi.lat:2095/subreseller/assets/libs/jquery-knob/jquery.knob.min.js">http://tpi.lat:2095/subreseller/assets/libs/jquery-knob/jquery.knob.min.js</a>
        </td>
      </tr>
      <tr>
        <td colspan="1" rowspan="1" class="indent2" width="20%">Método</td>
        <td colspan="1" rowspan="1" width="80%">GET</td>
      </tr>
      <tr>
        <td colspan="1" rowspan="1" class="indent2" width="20%">Parámetros</td>
        <td colspan="1" rowspan="1" width="80%">x-content-type-options</td>
      </tr>
      <tr>
        <td colspan="1" rowspan="1" class="indent2" width="20%">Ataque</td>
        <td colspan="1" rowspan="1" width="80%"/>
      </tr>
      <tr>
        <td colspan="1" rowspan="1" class="indent2" width="20%">Evidencia</td>
        <td colspan="1" rowspan="1" width="80%"/>
      </tr>
      <tr>
        <td colspan="1" rowspan="1" class="indent2" width="20%">Other Info</td>
        <td colspan="1" rowspan="1" width="80%">This issue still applies to error type pages (401, 403, 500, etc.) as those pages are often still affected by injection issues, in which case there is still concern for browsers sniffing pages away from their actual content type.
At "High" threshold this scan rule will not alert on client or server error responses.</td>
      </tr>
      <tr>
        <td colspan="1" rowspan="1" class="indent1" width="20%">URL</td>
        <td colspan="1" rowspan="1" width="80%">
          <a shape="rect" href="http://tpi.lat:2095/subreseller/assets/libs/jquery-nice-select/jquery.nice-select.min.js">http://tpi.lat:2095/subreseller/assets/libs/jquery-nice-select/jquery.nice-select.min.js</a>
        </td>
      </tr>
      <tr>
        <td colspan="1" rowspan="1" class="indent2" width="20%">Método</td>
        <td colspan="1" rowspan="1" width="80%">GET</td>
      </tr>
      <tr>
        <td colspan="1" rowspan="1" class="indent2" width="20%">Parámetros</td>
        <td colspan="1" rowspan="1" width="80%">x-content-type-options</td>
      </tr>
      <tr>
        <td colspan="1" rowspan="1" class="indent2" width="20%">Ataque</td>
        <td colspan="1" rowspan="1" width="80%"/>
      </tr>
      <tr>
        <td colspan="1" rowspan="1" class="indent2" width="20%">Evidencia</td>
        <td colspan="1" rowspan="1" width="80%"/>
      </tr>
      <tr>
        <td colspan="1" rowspan="1" class="indent2" width="20%">Other Info</td>
        <td colspan="1" rowspan="1" width="80%">This issue still applies to error type pages (401, 403, 500, etc.) as those pages are often still affected by injection issues, in which case there is still concern for browsers sniffing pages away from their actual content type.
At "High" threshold this scan rule will not alert on client or server error responses.</td>
      </tr>
      <tr>
        <td colspan="1" rowspan="1" class="indent1" width="20%">URL</td>
        <td colspan="1" rowspan="1" width="80%">
          <a shape="rect" href="http://tpi.lat:2095/subreseller/assets/libs/jquery-nice-select/nice-select.css">http://tpi.lat:2095/subreseller/assets/libs/jquery-nice-select/nice-select.css</a>
        </td>
      </tr>
      <tr>
        <td colspan="1" rowspan="1" class="indent2" width="20%">Método</td>
        <td colspan="1" rowspan="1" width="80%">GET</td>
      </tr>
      <tr>
        <td colspan="1" rowspan="1" class="indent2" width="20%">Parámetros</td>
        <td colspan="1" rowspan="1" width="80%">x-content-type-options</td>
      </tr>
      <tr>
        <td colspan="1" rowspan="1" class="indent2" width="20%">Ataque</td>
        <td colspan="1" rowspan="1" width="80%"/>
      </tr>
      <tr>
        <td colspan="1" rowspan="1" class="indent2" width="20%">Evidencia</td>
        <td colspan="1" rowspan="1" width="80%"/>
      </tr>
      <tr>
        <td colspan="1" rowspan="1" class="indent2" width="20%">Other Info</td>
        <td colspan="1" rowspan="1" width="80%">This issue still applies to error type pages (401, 403, 500, etc.) as those pages are often still affected by injection issues, in which case there is still concern for browsers sniffing pages away from their actual content type.
At "High" threshold this scan rule will not alert on client or server error responses.</td>
      </tr>
      <tr>
        <td colspan="1" rowspan="1" class="indent1" width="20%">URL</td>
        <td colspan="1" rowspan="1" width="80%">
          <a shape="rect" href="http://tpi.lat:2095/subreseller/assets/libs/jquery-number/jquery.number.js">http://tpi.lat:2095/subreseller/assets/libs/jquery-number/jquery.number.js</a>
        </td>
      </tr>
      <tr>
        <td colspan="1" rowspan="1" class="indent2" width="20%">Método</td>
        <td colspan="1" rowspan="1" width="80%">GET</td>
      </tr>
      <tr>
        <td colspan="1" rowspan="1" class="indent2" width="20%">Parámetros</td>
        <td colspan="1" rowspan="1" width="80%">x-content-type-options</td>
      </tr>
      <tr>
        <td colspan="1" rowspan="1" class="indent2" width="20%">Ataque</td>
        <td colspan="1" rowspan="1" width="80%"/>
      </tr>
      <tr>
        <td colspan="1" rowspan="1" class="indent2" width="20%">Evidencia</td>
        <td colspan="1" rowspan="1" width="80%"/>
      </tr>
      <tr>
        <td colspan="1" rowspan="1" class="indent2" width="20%">Other Info</td>
        <td colspan="1" rowspan="1" width="80%">This issue still applies to error type pages (401, 403, 500, etc.) as those pages are often still affected by injection issues, in which case there is still concern for browsers sniffing pages away from their actual content type.
At "High" threshold this scan rule will not alert on client or server error responses.</td>
      </tr>
      <tr>
        <td colspan="1" rowspan="1" class="indent1" width="20%">URL</td>
        <td colspan="1" rowspan="1" width="80%">
          <a shape="rect" href="http://tpi.lat:2095/subreseller/assets/libs/jquery-toast/jquery.toast.min.css">http://tpi.lat:2095/subreseller/assets/libs/jquery-toast/jquery.toast.min.css</a>
        </td>
      </tr>
      <tr>
        <td colspan="1" rowspan="1" class="indent2" width="20%">Método</td>
        <td colspan="1" rowspan="1" width="80%">GET</td>
      </tr>
      <tr>
        <td colspan="1" rowspan="1" class="indent2" width="20%">Parámetros</td>
        <td colspan="1" rowspan="1" width="80%">x-content-type-options</td>
      </tr>
      <tr>
        <td colspan="1" rowspan="1" class="indent2" width="20%">Ataque</td>
        <td colspan="1" rowspan="1" width="80%"/>
      </tr>
      <tr>
        <td colspan="1" rowspan="1" class="indent2" width="20%">Evidencia</td>
        <td colspan="1" rowspan="1" width="80%"/>
      </tr>
      <tr>
        <td colspan="1" rowspan="1" class="indent2" width="20%">Other Info</td>
        <td colspan="1" rowspan="1" width="80%">This issue still applies to error type pages (401, 403, 500, etc.) as those pages are often still affected by injection issues, in which case there is still concern for browsers sniffing pages away from their actual content type.
At "High" threshold this scan rule will not alert on client or server error responses.</td>
      </tr>
      <tr>
        <td colspan="1" rowspan="1" class="indent1" width="20%">URL</td>
        <td colspan="1" rowspan="1" width="80%">
          <a shape="rect" href="http://tpi.lat:2095/subreseller/assets/libs/jquery-toast/jquery.toast.min.js">http://tpi.lat:2095/subreseller/assets/libs/jquery-toast/jquery.toast.min.js</a>
        </td>
      </tr>
      <tr>
        <td colspan="1" rowspan="1" class="indent2" width="20%">Método</td>
        <td colspan="1" rowspan="1" width="80%">GET</td>
      </tr>
      <tr>
        <td colspan="1" rowspan="1" class="indent2" width="20%">Parámetros</td>
        <td colspan="1" rowspan="1" width="80%">x-content-type-options</td>
      </tr>
      <tr>
        <td colspan="1" rowspan="1" class="indent2" width="20%">Ataque</td>
        <td colspan="1" rowspan="1" width="80%"/>
      </tr>
      <tr>
        <td colspan="1" rowspan="1" class="indent2" width="20%">Evidencia</td>
        <td colspan="1" rowspan="1" width="80%"/>
      </tr>
      <tr>
        <td colspan="1" rowspan="1" class="indent2" width="20%">Other Info</td>
        <td colspan="1" rowspan="1" width="80%">This issue still applies to error type pages (401, 403, 500, etc.) as those pages are often still affected by injection issues, in which case there is still concern for browsers sniffing pages away from their actual content type.
At "High" threshold this scan rule will not alert on client or server error responses.</td>
      </tr>
      <tr>
        <td colspan="1" rowspan="1" class="indent1" width="20%">URL</td>
        <td colspan="1" rowspan="1" width="80%">
          <a shape="rect" href="http://tpi.lat:2095/subreseller/assets/libs/jquery-ui/jquery-ui.min.js">http://tpi.lat:2095/subreseller/assets/libs/jquery-ui/jquery-ui.min.js</a>
        </td>
      </tr>
      <tr>
        <td colspan="1" rowspan="1" class="indent2" width="20%">Método</td>
        <td colspan="1" rowspan="1" width="80%">GET</td>
      </tr>
      <tr>
        <td colspan="1" rowspan="1" class="indent2" width="20%">Parámetros</td>
        <td colspan="1" rowspan="1" width="80%">x-content-type-options</td>
      </tr>
      <tr>
        <td colspan="1" rowspan="1" class="indent2" width="20%">Ataque</td>
        <td colspan="1" rowspan="1" width="80%"/>
      </tr>
      <tr>
        <td colspan="1" rowspan="1" class="indent2" width="20%">Evidencia</td>
        <td colspan="1" rowspan="1" width="80%"/>
      </tr>
      <tr>
        <td colspan="1" rowspan="1" class="indent2" width="20%">Other Info</td>
        <td colspan="1" rowspan="1" width="80%">This issue still applies to error type pages (401, 403, 500, etc.) as those pages are often still affected by injection issues, in which case there is still concern for browsers sniffing pages away from their actual content type.
At "High" threshold this scan rule will not alert on client or server error responses.</td>
      </tr>
      <tr>
        <td colspan="1" rowspan="1" class="indent1" width="20%">URL</td>
        <td colspan="1" rowspan="1" width="80%">
          <a shape="rect" href="http://tpi.lat:2095/subreseller/assets/libs/jquery-vectormap/jquery-jvectormap-1.2.2.css">http://tpi.lat:2095/subreseller/assets/libs/jquery-vectormap/jquery-jvectormap-1.2.2.css</a>
        </td>
      </tr>
      <tr>
        <td colspan="1" rowspan="1" class="indent2" width="20%">Método</td>
        <td colspan="1" rowspan="1" width="80%">GET</td>
      </tr>
      <tr>
        <td colspan="1" rowspan="1" class="indent2" width="20%">Parámetros</td>
        <td colspan="1" rowspan="1" width="80%">x-content-type-options</td>
      </tr>
      <tr>
        <td colspan="1" rowspan="1" class="indent2" width="20%">Ataque</td>
        <td colspan="1" rowspan="1" width="80%"/>
      </tr>
      <tr>
        <td colspan="1" rowspan="1" class="indent2" width="20%">Evidencia</td>
        <td colspan="1" rowspan="1" width="80%"/>
      </tr>
      <tr>
        <td colspan="1" rowspan="1" class="indent2" width="20%">Other Info</td>
        <td colspan="1" rowspan="1" width="80%">This issue still applies to error type pages (401, 403, 500, etc.) as those pages are often still affected by injection issues, in which case there is still concern for browsers sniffing pages away from their actual content type.
At "High" threshold this scan rule will not alert on client or server error responses.</td>
      </tr>
      <tr>
        <td colspan="1" rowspan="1" class="indent1" width="20%">URL</td>
        <td colspan="1" rowspan="1" width="80%">
          <a shape="rect" href="http://tpi.lat:2095/subreseller/assets/libs/jquery-vectormap/jquery-jvectormap-1.2.2.min.js">http://tpi.lat:2095/subreseller/assets/libs/jquery-vectormap/jquery-jvectormap-1.2.2.min.js</a>
        </td>
      </tr>
      <tr>
        <td colspan="1" rowspan="1" class="indent2" width="20%">Método</td>
        <td colspan="1" rowspan="1" width="80%">GET</td>
      </tr>
      <tr>
        <td colspan="1" rowspan="1" class="indent2" width="20%">Parámetros</td>
        <td colspan="1" rowspan="1" width="80%">x-content-type-options</td>
      </tr>
      <tr>
        <td colspan="1" rowspan="1" class="indent2" width="20%">Ataque</td>
        <td colspan="1" rowspan="1" width="80%"/>
      </tr>
      <tr>
        <td colspan="1" rowspan="1" class="indent2" width="20%">Evidencia</td>
        <td colspan="1" rowspan="1" width="80%"/>
      </tr>
      <tr>
        <td colspan="1" rowspan="1" class="indent2" width="20%">Other Info</td>
        <td colspan="1" rowspan="1" width="80%">This issue still applies to error type pages (401, 403, 500, etc.) as those pages are often still affected by injection issues, in which case there is still concern for browsers sniffing pages away from their actual content type.
At "High" threshold this scan rule will not alert on client or server error responses.</td>
      </tr>
      <tr>
        <td colspan="1" rowspan="1" class="indent1" width="20%">URL</td>
        <td colspan="1" rowspan="1" width="80%">
          <a shape="rect" href="http://tpi.lat:2095/subreseller/assets/libs/jquery-vectormap/jquery-jvectormap-world-mill-en.js">http://tpi.lat:2095/subreseller/assets/libs/jquery-vectormap/jquery-jvectormap-world-mill-en.js</a>
        </td>
      </tr>
      <tr>
        <td colspan="1" rowspan="1" class="indent2" width="20%">Método</td>
        <td colspan="1" rowspan="1" width="80%">GET</td>
      </tr>
      <tr>
        <td colspan="1" rowspan="1" class="indent2" width="20%">Parámetros</td>
        <td colspan="1" rowspan="1" width="80%">x-content-type-options</td>
      </tr>
      <tr>
        <td colspan="1" rowspan="1" class="indent2" width="20%">Ataque</td>
        <td colspan="1" rowspan="1" width="80%"/>
      </tr>
      <tr>
        <td colspan="1" rowspan="1" class="indent2" width="20%">Evidencia</td>
        <td colspan="1" rowspan="1" width="80%"/>
      </tr>
      <tr>
        <td colspan="1" rowspan="1" class="indent2" width="20%">Other Info</td>
        <td colspan="1" rowspan="1" width="80%">This issue still applies to error type pages (401, 403, 500, etc.) as those pages are often still affected by injection issues, in which case there is still concern for browsers sniffing pages away from their actual content type.
At "High" threshold this scan rule will not alert on client or server error responses.</td>
      </tr>
      <tr>
        <td colspan="1" rowspan="1" class="indent1" width="20%">URL</td>
        <td colspan="1" rowspan="1" width="80%">
          <a shape="rect" href="http://tpi.lat:2095/subreseller/assets/libs/lazyload/lazyload.min.js">http://tpi.lat:2095/subreseller/assets/libs/lazyload/lazyload.min.js</a>
        </td>
      </tr>
      <tr>
        <td colspan="1" rowspan="1" class="indent2" width="20%">Método</td>
        <td colspan="1" rowspan="1" width="80%">GET</td>
      </tr>
      <tr>
        <td colspan="1" rowspan="1" class="indent2" width="20%">Parámetros</td>
        <td colspan="1" rowspan="1" width="80%">x-content-type-options</td>
      </tr>
      <tr>
        <td colspan="1" rowspan="1" class="indent2" width="20%">Ataque</td>
        <td colspan="1" rowspan="1" width="80%"/>
      </tr>
      <tr>
        <td colspan="1" rowspan="1" class="indent2" width="20%">Evidencia</td>
        <td colspan="1" rowspan="1" width="80%"/>
      </tr>
      <tr>
        <td colspan="1" rowspan="1" class="indent2" width="20%">Other Info</td>
        <td colspan="1" rowspan="1" width="80%">This issue still applies to error type pages (401, 403, 500, etc.) as those pages are often still affected by injection issues, in which case there is still concern for browsers sniffing pages away from their actual content type.
At "High" threshold this scan rule will not alert on client or server error responses.</td>
      </tr>
      <tr>
        <td colspan="1" rowspan="1" class="indent1" width="20%">URL</td>
        <td colspan="1" rowspan="1" width="80%">
          <a shape="rect" href="http://tpi.lat:2095/subreseller/assets/libs/magnific-popup/jquery.magnific-popup.min.js">http://tpi.lat:2095/subreseller/assets/libs/magnific-popup/jquery.magnific-popup.min.js</a>
        </td>
      </tr>
      <tr>
        <td colspan="1" rowspan="1" class="indent2" width="20%">Método</td>
        <td colspan="1" rowspan="1" width="80%">GET</td>
      </tr>
      <tr>
        <td colspan="1" rowspan="1" class="indent2" width="20%">Parámetros</td>
        <td colspan="1" rowspan="1" width="80%">x-content-type-options</td>
      </tr>
      <tr>
        <td colspan="1" rowspan="1" class="indent2" width="20%">Ataque</td>
        <td colspan="1" rowspan="1" width="80%"/>
      </tr>
      <tr>
        <td colspan="1" rowspan="1" class="indent2" width="20%">Evidencia</td>
        <td colspan="1" rowspan="1" width="80%"/>
      </tr>
      <tr>
        <td colspan="1" rowspan="1" class="indent2" width="20%">Other Info</td>
        <td colspan="1" rowspan="1" width="80%">This issue still applies to error type pages (401, 403, 500, etc.) as those pages are often still affected by injection issues, in which case there is still concern for browsers sniffing pages away from their actual content type.
At "High" threshold this scan rule will not alert on client or server error responses.</td>
      </tr>
      <tr>
        <td colspan="1" rowspan="1" class="indent1" width="20%">URL</td>
        <td colspan="1" rowspan="1" width="80%">
          <a shape="rect" href="http://tpi.lat:2095/subreseller/assets/libs/magnific-popup/magnific-popup.css">http://tpi.lat:2095/subreseller/assets/libs/magnific-popup/magnific-popup.css</a>
        </td>
      </tr>
      <tr>
        <td colspan="1" rowspan="1" class="indent2" width="20%">Método</td>
        <td colspan="1" rowspan="1" width="80%">GET</td>
      </tr>
      <tr>
        <td colspan="1" rowspan="1" class="indent2" width="20%">Parámetros</td>
        <td colspan="1" rowspan="1" width="80%">x-content-type-options</td>
      </tr>
      <tr>
        <td colspan="1" rowspan="1" class="indent2" width="20%">Ataque</td>
        <td colspan="1" rowspan="1" width="80%"/>
      </tr>
      <tr>
        <td colspan="1" rowspan="1" class="indent2" width="20%">Evidencia</td>
        <td colspan="1" rowspan="1" width="80%"/>
      </tr>
      <tr>
        <td colspan="1" rowspan="1" class="indent2" width="20%">Other Info</td>
        <td colspan="1" rowspan="1" width="80%">This issue still applies to error type pages (401, 403, 500, etc.) as those pages are often still affected by injection issues, in which case there is still concern for browsers sniffing pages away from their actual content type.
At "High" threshold this scan rule will not alert on client or server error responses.</td>
      </tr>
      <tr>
        <td colspan="1" rowspan="1" class="indent1" width="20%">URL</td>
        <td colspan="1" rowspan="1" width="80%">
          <a shape="rect" href="http://tpi.lat:2095/subreseller/assets/libs/moment/moment.min.js">http://tpi.lat:2095/subreseller/assets/libs/moment/moment.min.js</a>
        </td>
      </tr>
      <tr>
        <td colspan="1" rowspan="1" class="indent2" width="20%">Método</td>
        <td colspan="1" rowspan="1" width="80%">GET</td>
      </tr>
      <tr>
        <td colspan="1" rowspan="1" class="indent2" width="20%">Parámetros</td>
        <td colspan="1" rowspan="1" width="80%">x-content-type-options</td>
      </tr>
      <tr>
        <td colspan="1" rowspan="1" class="indent2" width="20%">Ataque</td>
        <td colspan="1" rowspan="1" width="80%"/>
      </tr>
      <tr>
        <td colspan="1" rowspan="1" class="indent2" width="20%">Evidencia</td>
        <td colspan="1" rowspan="1" width="80%"/>
      </tr>
      <tr>
        <td colspan="1" rowspan="1" class="indent2" width="20%">Other Info</td>
        <td colspan="1" rowspan="1" width="80%">This issue still applies to error type pages (401, 403, 500, etc.) as those pages are often still affected by injection issues, in which case there is still concern for browsers sniffing pages away from their actual content type.
At "High" threshold this scan rule will not alert on client or server error responses.</td>
      </tr>
      <tr>
        <td colspan="1" rowspan="1" class="indent1" width="20%">URL</td>
        <td colspan="1" rowspan="1" width="80%">
          <a shape="rect" href="http://tpi.lat:2095/subreseller/assets/libs/nestable2/jquery.nestable.min.css">http://tpi.lat:2095/subreseller/assets/libs/nestable2/jquery.nestable.min.css</a>
        </td>
      </tr>
      <tr>
        <td colspan="1" rowspan="1" class="indent2" width="20%">Método</td>
        <td colspan="1" rowspan="1" width="80%">GET</td>
      </tr>
      <tr>
        <td colspan="1" rowspan="1" class="indent2" width="20%">Parámetros</td>
        <td colspan="1" rowspan="1" width="80%">x-content-type-options</td>
      </tr>
      <tr>
        <td colspan="1" rowspan="1" class="indent2" width="20%">Ataque</td>
        <td colspan="1" rowspan="1" width="80%"/>
      </tr>
      <tr>
        <td colspan="1" rowspan="1" class="indent2" width="20%">Evidencia</td>
        <td colspan="1" rowspan="1" width="80%"/>
      </tr>
      <tr>
        <td colspan="1" rowspan="1" class="indent2" width="20%">Other Info</td>
        <td colspan="1" rowspan="1" width="80%">This issue still applies to error type pages (401, 403, 500, etc.) as those pages are often still affected by injection issues, in which case there is still concern for browsers sniffing pages away from their actual content type.
At "High" threshold this scan rule will not alert on client or server error responses.</td>
      </tr>
      <tr>
        <td colspan="1" rowspan="1" class="indent1" width="20%">URL</td>
        <td colspan="1" rowspan="1" width="80%">
          <a shape="rect" href="http://tpi.lat:2095/subreseller/assets/libs/nestable2/jquery.nestable.min.js">http://tpi.lat:2095/subreseller/assets/libs/nestable2/jquery.nestable.min.js</a>
        </td>
      </tr>
      <tr>
        <td colspan="1" rowspan="1" class="indent2" width="20%">Método</td>
        <td colspan="1" rowspan="1" width="80%">GET</td>
      </tr>
      <tr>
        <td colspan="1" rowspan="1" class="indent2" width="20%">Parámetros</td>
        <td colspan="1" rowspan="1" width="80%">x-content-type-options</td>
      </tr>
      <tr>
        <td colspan="1" rowspan="1" class="indent2" width="20%">Ataque</td>
        <td colspan="1" rowspan="1" width="80%"/>
      </tr>
      <tr>
        <td colspan="1" rowspan="1" class="indent2" width="20%">Evidencia</td>
        <td colspan="1" rowspan="1" width="80%"/>
      </tr>
      <tr>
        <td colspan="1" rowspan="1" class="indent2" width="20%">Other Info</td>
        <td colspan="1" rowspan="1" width="80%">This issue still applies to error type pages (401, 403, 500, etc.) as those pages are often still affected by injection issues, in which case there is still concern for browsers sniffing pages away from their actual content type.
At "High" threshold this scan rule will not alert on client or server error responses.</td>
      </tr>
      <tr>
        <td colspan="1" rowspan="1" class="indent1" width="20%">URL</td>
        <td colspan="1" rowspan="1" width="80%">
          <a shape="rect" href="http://tpi.lat:2095/subreseller/assets/libs/parsleyjs/parsley.min.js">http://tpi.lat:2095/subreseller/assets/libs/parsleyjs/parsley.min.js</a>
        </td>
      </tr>
      <tr>
        <td colspan="1" rowspan="1" class="indent2" width="20%">Método</td>
        <td colspan="1" rowspan="1" width="80%">GET</td>
      </tr>
      <tr>
        <td colspan="1" rowspan="1" class="indent2" width="20%">Parámetros</td>
        <td colspan="1" rowspan="1" width="80%">x-content-type-options</td>
      </tr>
      <tr>
        <td colspan="1" rowspan="1" class="indent2" width="20%">Ataque</td>
        <td colspan="1" rowspan="1" width="80%"/>
      </tr>
      <tr>
        <td colspan="1" rowspan="1" class="indent2" width="20%">Evidencia</td>
        <td colspan="1" rowspan="1" width="80%"/>
      </tr>
      <tr>
        <td colspan="1" rowspan="1" class="indent2" width="20%">Other Info</td>
        <td colspan="1" rowspan="1" width="80%">This issue still applies to error type pages (401, 403, 500, etc.) as those pages are often still affected by injection issues, in which case there is still concern for browsers sniffing pages away from their actual content type.
At "High" threshold this scan rule will not alert on client or server error responses.</td>
      </tr>
      <tr>
        <td colspan="1" rowspan="1" class="indent1" width="20%">URL</td>
        <td colspan="1" rowspan="1" width="80%">
          <a shape="rect" href="http://tpi.lat:2095/subreseller/assets/libs/peity/jquery.peity.min.js">http://tpi.lat:2095/subreseller/assets/libs/peity/jquery.peity.min.js</a>
        </td>
      </tr>
      <tr>
        <td colspan="1" rowspan="1" class="indent2" width="20%">Método</td>
        <td colspan="1" rowspan="1" width="80%">GET</td>
      </tr>
      <tr>
        <td colspan="1" rowspan="1" class="indent2" width="20%">Parámetros</td>
        <td colspan="1" rowspan="1" width="80%">x-content-type-options</td>
      </tr>
      <tr>
        <td colspan="1" rowspan="1" class="indent2" width="20%">Ataque</td>
        <td colspan="1" rowspan="1" width="80%"/>
      </tr>
      <tr>
        <td colspan="1" rowspan="1" class="indent2" width="20%">Evidencia</td>
        <td colspan="1" rowspan="1" width="80%"/>
      </tr>
      <tr>
        <td colspan="1" rowspan="1" class="indent2" width="20%">Other Info</td>
        <td colspan="1" rowspan="1" width="80%">This issue still applies to error type pages (401, 403, 500, etc.) as those pages are often still affected by injection issues, in which case there is still concern for browsers sniffing pages away from their actual content type.
At "High" threshold this scan rule will not alert on client or server error responses.</td>
      </tr>
      <tr>
        <td colspan="1" rowspan="1" class="indent1" width="20%">URL</td>
        <td colspan="1" rowspan="1" width="80%">
          <a shape="rect" href="http://tpi.lat:2095/subreseller/assets/libs/select2/select2.min.css">http://tpi.lat:2095/subreseller/assets/libs/select2/select2.min.css</a>
        </td>
      </tr>
      <tr>
        <td colspan="1" rowspan="1" class="indent2" width="20%">Método</td>
        <td colspan="1" rowspan="1" width="80%">GET</td>
      </tr>
      <tr>
        <td colspan="1" rowspan="1" class="indent2" width="20%">Parámetros</td>
        <td colspan="1" rowspan="1" width="80%">x-content-type-options</td>
      </tr>
      <tr>
        <td colspan="1" rowspan="1" class="indent2" width="20%">Ataque</td>
        <td colspan="1" rowspan="1" width="80%"/>
      </tr>
      <tr>
        <td colspan="1" rowspan="1" class="indent2" width="20%">Evidencia</td>
        <td colspan="1" rowspan="1" width="80%"/>
      </tr>
      <tr>
        <td colspan="1" rowspan="1" class="indent2" width="20%">Other Info</td>
        <td colspan="1" rowspan="1" width="80%">This issue still applies to error type pages (401, 403, 500, etc.) as those pages are often still affected by injection issues, in which case there is still concern for browsers sniffing pages away from their actual content type.
At "High" threshold this scan rule will not alert on client or server error responses.</td>
      </tr>
      <tr>
        <td colspan="1" rowspan="1" class="indent1" width="20%">URL</td>
        <td colspan="1" rowspan="1" width="80%">
          <a shape="rect" href="http://tpi.lat:2095/subreseller/assets/libs/select2/select2.min.js">http://tpi.lat:2095/subreseller/assets/libs/select2/select2.min.js</a>
        </td>
      </tr>
      <tr>
        <td colspan="1" rowspan="1" class="indent2" width="20%">Método</td>
        <td colspan="1" rowspan="1" width="80%">GET</td>
      </tr>
      <tr>
        <td colspan="1" rowspan="1" class="indent2" width="20%">Parámetros</td>
        <td colspan="1" rowspan="1" width="80%">x-content-type-options</td>
      </tr>
      <tr>
        <td colspan="1" rowspan="1" class="indent2" width="20%">Ataque</td>
        <td colspan="1" rowspan="1" width="80%"/>
      </tr>
      <tr>
        <td colspan="1" rowspan="1" class="indent2" width="20%">Evidencia</td>
        <td colspan="1" rowspan="1" width="80%"/>
      </tr>
      <tr>
        <td colspan="1" rowspan="1" class="indent2" width="20%">Other Info</td>
        <td colspan="1" rowspan="1" width="80%">This issue still applies to error type pages (401, 403, 500, etc.) as those pages are often still affected by injection issues, in which case there is still concern for browsers sniffing pages away from their actual content type.
At "High" threshold this scan rule will not alert on client or server error responses.</td>
      </tr>
      <tr>
        <td colspan="1" rowspan="1" class="indent1" width="20%">URL</td>
        <td colspan="1" rowspan="1" width="80%">
          <a shape="rect" href="http://tpi.lat:2095/subreseller/assets/libs/switchery/switchery.min.css">http://tpi.lat:2095/subreseller/assets/libs/switchery/switchery.min.css</a>
        </td>
      </tr>
      <tr>
        <td colspan="1" rowspan="1" class="indent2" width="20%">Método</td>
        <td colspan="1" rowspan="1" width="80%">GET</td>
      </tr>
      <tr>
        <td colspan="1" rowspan="1" class="indent2" width="20%">Parámetros</td>
        <td colspan="1" rowspan="1" width="80%">x-content-type-options</td>
      </tr>
      <tr>
        <td colspan="1" rowspan="1" class="indent2" width="20%">Ataque</td>
        <td colspan="1" rowspan="1" width="80%"/>
      </tr>
      <tr>
        <td colspan="1" rowspan="1" class="indent2" width="20%">Evidencia</td>
        <td colspan="1" rowspan="1" width="80%"/>
      </tr>
      <tr>
        <td colspan="1" rowspan="1" class="indent2" width="20%">Other Info</td>
        <td colspan="1" rowspan="1" width="80%">This issue still applies to error type pages (401, 403, 500, etc.) as those pages are often still affected by injection issues, in which case there is still concern for browsers sniffing pages away from their actual content type.
At "High" threshold this scan rule will not alert on client or server error responses.</td>
      </tr>
      <tr>
        <td colspan="1" rowspan="1" class="indent1" width="20%">URL</td>
        <td colspan="1" rowspan="1" width="80%">
          <a shape="rect" href="http://tpi.lat:2095/subreseller/assets/libs/switchery/switchery.min.js">http://tpi.lat:2095/subreseller/assets/libs/switchery/switchery.min.js</a>
        </td>
      </tr>
      <tr>
        <td colspan="1" rowspan="1" class="indent2" width="20%">Método</td>
        <td colspan="1" rowspan="1" width="80%">GET</td>
      </tr>
      <tr>
        <td colspan="1" rowspan="1" class="indent2" width="20%">Parámetros</td>
        <td colspan="1" rowspan="1" width="80%">x-content-type-options</td>
      </tr>
      <tr>
        <td colspan="1" rowspan="1" class="indent2" width="20%">Ataque</td>
        <td colspan="1" rowspan="1" width="80%"/>
      </tr>
      <tr>
        <td colspan="1" rowspan="1" class="indent2" width="20%">Evidencia</td>
        <td colspan="1" rowspan="1" width="80%"/>
      </tr>
      <tr>
        <td colspan="1" rowspan="1" class="indent2" width="20%">Other Info</td>
        <td colspan="1" rowspan="1" width="80%">This issue still applies to error type pages (401, 403, 500, etc.) as those pages are often still affected by injection issues, in which case there is still concern for browsers sniffing pages away from their actual content type.
At "High" threshold this scan rule will not alert on client or server error responses.</td>
      </tr>
      <tr>
        <td colspan="1" rowspan="1" class="indent1" width="20%">URL</td>
        <td colspan="1" rowspan="1" width="80%">
          <a shape="rect" href="http://tpi.lat:2095/subreseller/assets/libs/treeview/jstree.min.js">http://tpi.lat:2095/subreseller/assets/libs/treeview/jstree.min.js</a>
        </td>
      </tr>
      <tr>
        <td colspan="1" rowspan="1" class="indent2" width="20%">Método</td>
        <td colspan="1" rowspan="1" width="80%">GET</td>
      </tr>
      <tr>
        <td colspan="1" rowspan="1" class="indent2" width="20%">Parámetros</td>
        <td colspan="1" rowspan="1" width="80%">x-content-type-options</td>
      </tr>
      <tr>
        <td colspan="1" rowspan="1" class="indent2" width="20%">Ataque</td>
        <td colspan="1" rowspan="1" width="80%"/>
      </tr>
      <tr>
        <td colspan="1" rowspan="1" class="indent2" width="20%">Evidencia</td>
        <td colspan="1" rowspan="1" width="80%"/>
      </tr>
      <tr>
        <td colspan="1" rowspan="1" class="indent2" width="20%">Other Info</td>
        <td colspan="1" rowspan="1" width="80%">This issue still applies to error type pages (401, 403, 500, etc.) as those pages are often still affected by injection issues, in which case there is still concern for browsers sniffing pages away from their actual content type.
At "High" threshold this scan rule will not alert on client or server error responses.</td>
      </tr>
      <tr>
        <td colspan="1" rowspan="1" class="indent1" width="20%">URL</td>
        <td colspan="1" rowspan="1" width="80%">
          <a shape="rect" href="http://tpi.lat:2095/subreseller/assets/libs/treeview/style.css">http://tpi.lat:2095/subreseller/assets/libs/treeview/style.css</a>
        </td>
      </tr>
      <tr>
        <td colspan="1" rowspan="1" class="indent2" width="20%">Método</td>
        <td colspan="1" rowspan="1" width="80%">GET</td>
      </tr>
      <tr>
        <td colspan="1" rowspan="1" class="indent2" width="20%">Parámetros</td>
        <td colspan="1" rowspan="1" width="80%">x-content-type-options</td>
      </tr>
      <tr>
        <td colspan="1" rowspan="1" class="indent2" width="20%">Ataque</td>
        <td colspan="1" rowspan="1" width="80%"/>
      </tr>
      <tr>
        <td colspan="1" rowspan="1" class="indent2" width="20%">Evidencia</td>
        <td colspan="1" rowspan="1" width="80%"/>
      </tr>
      <tr>
        <td colspan="1" rowspan="1" class="indent2" width="20%">Other Info</td>
        <td colspan="1" rowspan="1" width="80%">This issue still applies to error type pages (401, 403, 500, etc.) as those pages are often still affected by injection issues, in which case there is still concern for browsers sniffing pages away from their actual content type.
At "High" threshold this scan rule will not alert on client or server error responses.</td>
      </tr>
      <tr>
        <td colspan="1" rowspan="1" class="indent1" width="20%">URL</td>
        <td colspan="1" rowspan="1" width="80%">
          <a shape="rect" href="http://tpi.lat:2095/subreseller/assets/libs/twitter-bootstrap-wizard/jquery.bootstrap.wizard.min.js">http://tpi.lat:2095/subreseller/assets/libs/twitter-bootstrap-wizard/jquery.bootstrap.wizard.min.js</a>
        </td>
      </tr>
      <tr>
        <td colspan="1" rowspan="1" class="indent2" width="20%">Método</td>
        <td colspan="1" rowspan="1" width="80%">GET</td>
      </tr>
      <tr>
        <td colspan="1" rowspan="1" class="indent2" width="20%">Parámetros</td>
        <td colspan="1" rowspan="1" width="80%">x-content-type-options</td>
      </tr>
      <tr>
        <td colspan="1" rowspan="1" class="indent2" width="20%">Ataque</td>
        <td colspan="1" rowspan="1" width="80%"/>
      </tr>
      <tr>
        <td colspan="1" rowspan="1" class="indent2" width="20%">Evidencia</td>
        <td colspan="1" rowspan="1" width="80%"/>
      </tr>
      <tr>
        <td colspan="1" rowspan="1" class="indent2" width="20%">Other Info</td>
        <td colspan="1" rowspan="1" width="80%">This issue still applies to error type pages (401, 403, 500, etc.) as those pages are often still affected by injection issues, in which case there is still concern for browsers sniffing pages away from their actual content type.
At "High" threshold this scan rule will not alert on client or server error responses.</td>
      </tr>
      <tr>
        <td colspan="1" rowspan="1" class="indent1" width="20%">URL</td>
        <td colspan="1" rowspan="1" width="80%">
          <a shape="rect" href="http://tpi.lat:2095/subreseller/dashboard">http://tpi.lat:2095/subreseller/dashboard</a>
        </td>
      </tr>
      <tr>
        <td colspan="1" rowspan="1" class="indent2" width="20%">Método</td>
        <td colspan="1" rowspan="1" width="80%">GET</td>
      </tr>
      <tr>
        <td colspan="1" rowspan="1" class="indent2" width="20%">Parámetros</td>
        <td colspan="1" rowspan="1" width="80%">x-content-type-options</td>
      </tr>
      <tr>
        <td colspan="1" rowspan="1" class="indent2" width="20%">Ataque</td>
        <td colspan="1" rowspan="1" width="80%"/>
      </tr>
      <tr>
        <td colspan="1" rowspan="1" class="indent2" width="20%">Evidencia</td>
        <td colspan="1" rowspan="1" width="80%"/>
      </tr>
      <tr>
        <td colspan="1" rowspan="1" class="indent2" width="20%">Other Info</td>
        <td colspan="1" rowspan="1" width="80%">This issue still applies to error type pages (401, 403, 500, etc.) as those pages are often still affected by injection issues, in which case there is still concern for browsers sniffing pages away from their actual content type.
At "High" threshold this scan rule will not alert on client or server error responses.</td>
      </tr>
      <tr>
        <td colspan="1" rowspan="1" class="indent1" width="20%">URL</td>
        <td colspan="1" rowspan="1" width="80%">
          <a shape="rect" href="http://tpi.lat:2095/subreseller/line?trial=1">http://tpi.lat:2095/subreseller/line?trial=1</a>
        </td>
      </tr>
      <tr>
        <td colspan="1" rowspan="1" class="indent2" width="20%">Método</td>
        <td colspan="1" rowspan="1" width="80%">GET</td>
      </tr>
      <tr>
        <td colspan="1" rowspan="1" class="indent2" width="20%">Parámetros</td>
        <td colspan="1" rowspan="1" width="80%">x-content-type-options</td>
      </tr>
      <tr>
        <td colspan="1" rowspan="1" class="indent2" width="20%">Ataque</td>
        <td colspan="1" rowspan="1" width="80%"/>
      </tr>
      <tr>
        <td colspan="1" rowspan="1" class="indent2" width="20%">Evidencia</td>
        <td colspan="1" rowspan="1" width="80%"/>
      </tr>
      <tr>
        <td colspan="1" rowspan="1" class="indent2" width="20%">Other Info</td>
        <td colspan="1" rowspan="1" width="80%">This issue still applies to error type pages (401, 403, 500, etc.) as those pages are often still affected by injection issues, in which case there is still concern for browsers sniffing pages away from their actual content type.
At "High" threshold this scan rule will not alert on client or server error responses.</td>
      </tr>
      <tr>
        <td colspan="1" rowspan="1" class="indent1" width="20%">URL</td>
        <td colspan="1" rowspan="1" width="80%">
          <a shape="rect" href="http://tpi.lat:2095/subreseller/login">http://tpi.lat:2095/subreseller/login</a>
        </td>
      </tr>
      <tr>
        <td colspan="1" rowspan="1" class="indent2" width="20%">Método</td>
        <td colspan="1" rowspan="1" width="80%">GET</td>
      </tr>
      <tr>
        <td colspan="1" rowspan="1" class="indent2" width="20%">Parámetros</td>
        <td colspan="1" rowspan="1" width="80%">x-content-type-options</td>
      </tr>
      <tr>
        <td colspan="1" rowspan="1" class="indent2" width="20%">Ataque</td>
        <td colspan="1" rowspan="1" width="80%"/>
      </tr>
      <tr>
        <td colspan="1" rowspan="1" class="indent2" width="20%">Evidencia</td>
        <td colspan="1" rowspan="1" width="80%"/>
      </tr>
      <tr>
        <td colspan="1" rowspan="1" class="indent2" width="20%">Other Info</td>
        <td colspan="1" rowspan="1" width="80%">This issue still applies to error type pages (401, 403, 500, etc.) as those pages are often still affected by injection issues, in which case there is still concern for browsers sniffing pages away from their actual content type.
At "High" threshold this scan rule will not alert on client or server error responses.</td>
      </tr>
      <tr>
        <td colspan="1" rowspan="1" class="indent1" width="20%">URL</td>
        <td colspan="1" rowspan="1" width="80%">
          <a shape="rect" href="http://tpi.lat:2095/subreseller/post.php?action=line">http://tpi.lat:2095/subreseller/post.php?action=line</a>
        </td>
      </tr>
      <tr>
        <td colspan="1" rowspan="1" class="indent2" width="20%">Método</td>
        <td colspan="1" rowspan="1" width="80%">POST</td>
      </tr>
      <tr>
        <td colspan="1" rowspan="1" class="indent2" width="20%">Parámetros</td>
        <td colspan="1" rowspan="1" width="80%">x-content-type-options</td>
      </tr>
      <tr>
        <td colspan="1" rowspan="1" class="indent2" width="20%">Ataque</td>
        <td colspan="1" rowspan="1" width="80%"/>
      </tr>
      <tr>
        <td colspan="1" rowspan="1" class="indent2" width="20%">Evidencia</td>
        <td colspan="1" rowspan="1" width="80%"/>
      </tr>
      <tr>
        <td colspan="1" rowspan="1" class="indent2" width="20%">Other Info</td>
        <td colspan="1" rowspan="1" width="80%">This issue still applies to error type pages (401, 403, 500, etc.) as those pages are often still affected by injection issues, in which case there is still concern for browsers sniffing pages away from their actual content type.
At "High" threshold this scan rule will not alert on client or server error responses.</td>
      </tr>
      <tr>
        <td colspan="1" rowspan="1" width="20%">Instancia</td>
        <td colspan="1" rowspan="1" width="80%">71</td>
      </tr>
      <tr>
        <td colspan="1" rowspan="1" width="20%">Solución</td>
        <td colspan="1" rowspan="1" width="80%">
          <div>Ensure that the application/web server sets the Content-Type header appropriately, and that it sets the X-Content-Type-Options header to 'nosniff' for all web pages.</div>
          <br clear="none"/>
          <div>If possible, ensure that the end user uses a standards-compliant and modern web browser that does not perform MIME-sniffing at all, or that can be directed by the web application/web server to not perform MIME-sniffing.</div>
        </td>
      </tr>
      <tr>
        <td colspan="1" rowspan="1" width="20%">Referencia</td>
        <td colspan="1" rowspan="1" width="80%">
          <a shape="rect" href="http://msdn.microsoft.com/en-us/library/ie/gg622941%28v=vs.85%29.aspx">http://msdn.microsoft.com/en-us/library/ie/gg622941%28v=vs.85%29.aspx</a>
          <br clear="none"/>
          <a shape="rect" href="https://owasp.org/www-community/Security_Headers">https://owasp.org/www-community/Security_Headers</a>
        </td>
      </tr>
      <tr>
        <td colspan="1" rowspan="1" width="20%">CWE Id</td>
        <td colspan="1" rowspan="1" width="80%">
          <a shape="rect" href="https://cwe.mitre.org/data/definitions/693.html">693</a>
        </td>
      </tr>
      <tr>
        <td colspan="1" rowspan="1" width="20%">WASC Id</td>
        <td colspan="1" rowspan="1" width="80%">15</td>
      </tr>
      <tr>
        <td colspan="1" rowspan="1" width="20%">Plugin Id</td>
        <td colspan="1" rowspan="1" width="80%">
          <a shape="rect" href="https://www.zaproxy.org/docs/alerts/10021/">10021</a>
        </td>
      </tr>
    </table>
    <div class="spacer"/>
    <table class="results">
      <tr height="24">
        <th colspan="1" rowspan="1" class="risk-0" width="20%">
          <a shape="rect" id="10027"/>
          <div>Informativo</div>
        </th>
        <th colspan="1" rowspan="1" class="risk-0">Divulgación de información - Comentarios sospechosos</th>
      </tr>
      <tr>
        <td colspan="1" rowspan="1" width="20%">Descripción</td>
        <td colspan="1" rowspan="1" width="80%">
          <div>La respuesta parece contener comentarios sospechosos que pueden ayudar a un atacante. Nota: Las coincidencias realizadas dentro de los scripts o archivos se refieren a todo el contenido, no solo a los comentarios.</div>
        </td>
      </tr>
      <tr valign="top">
        <td colspan="2" rowspan="1"/>
      </tr>
      <tr>
        <td colspan="1" rowspan="1" class="indent1" width="20%">URL</td>
        <td colspan="1" rowspan="1" width="80%">
          <a shape="rect" href="http://tpi.lat:2095/subreseller/assets/js/listings.js">http://tpi.lat:2095/subreseller/assets/js/listings.js</a>
        </td>
      </tr>
      <tr>
        <td colspan="1" rowspan="1" class="indent2" width="20%">Método</td>
        <td colspan="1" rowspan="1" width="80%">GET</td>
      </tr>
      <tr>
        <td colspan="1" rowspan="1" class="indent2" width="20%">Parámetros</td>
        <td colspan="1" rowspan="1" width="80%"/>
      </tr>
      <tr>
        <td colspan="1" rowspan="1" class="indent2" width="20%">Ataque</td>
        <td colspan="1" rowspan="1" width="80%"/>
      </tr>
      <tr>
        <td colspan="1" rowspan="1" class="indent2" width="20%">Evidencia</td>
        <td colspan="1" rowspan="1" width="80%">debug</td>
      </tr>
      <tr>
        <td colspan="1" rowspan="1" class="indent2" width="20%">Other Info</td>
        <td colspan="1" rowspan="1" width="80%">The following pattern was used: \bDEBUG\b and was detected 2 times, the first in the element starting with: "                    0: "debug",", see evidence field for the suspicious comment/snippet.</td>
      </tr>
      <tr>
        <td colspan="1" rowspan="1" class="indent1" width="20%">URL</td>
        <td colspan="1" rowspan="1" width="80%">
          <a shape="rect" href="http://tpi.lat:2095/subreseller/assets/js/listings.js">http://tpi.lat:2095/subreseller/assets/js/listings.js</a>
        </td>
      </tr>
      <tr>
        <td colspan="1" rowspan="1" class="indent2" width="20%">Método</td>
        <td colspan="1" rowspan="1" width="80%">GET</td>
      </tr>
      <tr>
        <td colspan="1" rowspan="1" class="indent2" width="20%">Parámetros</td>
        <td colspan="1" rowspan="1" width="80%"/>
      </tr>
      <tr>
        <td colspan="1" rowspan="1" class="indent2" width="20%">Ataque</td>
        <td colspan="1" rowspan="1" width="80%"/>
      </tr>
      <tr>
        <td colspan="1" rowspan="1" class="indent2" width="20%">Evidencia</td>
        <td colspan="1" rowspan="1" width="80%">from</td>
      </tr>
      <tr>
        <td colspan="1" rowspan="1" class="indent2" width="20%">Other Info</td>
        <td colspan="1" rowspan="1" width="80%">The following pattern was used: \bFROM\b and was detected 4 times, the first in the element starting with: "            }) : null == o ? o = {} : "object" == typeof o &amp;&amp; ("from" in o || "to" in o) &amp;&amp; (r = w(be(o.from), be(o.to)), o = {}", see evidence field for the suspicious comment/snippet.</td>
      </tr>
      <tr>
        <td colspan="1" rowspan="1" class="indent1" width="20%">URL</td>
        <td colspan="1" rowspan="1" width="80%">
          <a shape="rect" href="http://tpi.lat:2095/subreseller/assets/js/listings.js">http://tpi.lat:2095/subreseller/assets/js/listings.js</a>
        </td>
      </tr>
      <tr>
        <td colspan="1" rowspan="1" class="indent2" width="20%">Método</td>
        <td colspan="1" rowspan="1" width="80%">GET</td>
      </tr>
      <tr>
        <td colspan="1" rowspan="1" class="indent2" width="20%">Parámetros</td>
        <td colspan="1" rowspan="1" width="80%"/>
      </tr>
      <tr>
        <td colspan="1" rowspan="1" class="indent2" width="20%">Ataque</td>
        <td colspan="1" rowspan="1" width="80%"/>
      </tr>
      <tr>
        <td colspan="1" rowspan="1" class="indent2" width="20%">Evidencia</td>
        <td colspan="1" rowspan="1" width="80%">select</td>
      </tr>
      <tr>
        <td colspan="1" rowspan="1" class="indent2" width="20%">Other Info</td>
        <td colspan="1" rowspan="1" width="80%">The following pattern was used: \bSELECT\b and was detected in the element starting with: "                excludedElements: "label, button, input, select, textarea, a, .noSwipe",", see evidence field for the suspicious comment/snippet.</td>
      </tr>
      <tr>
        <td colspan="1" rowspan="1" class="indent1" width="20%">URL</td>
        <td colspan="1" rowspan="1" width="80%">
          <a shape="rect" href="http://tpi.lat:2095/subreseller/assets/js/vendor.min.js">http://tpi.lat:2095/subreseller/assets/js/vendor.min.js</a>
        </td>
      </tr>
      <tr>
        <td colspan="1" rowspan="1" class="indent2" width="20%">Método</td>
        <td colspan="1" rowspan="1" width="80%">GET</td>
      </tr>
      <tr>
        <td colspan="1" rowspan="1" class="indent2" width="20%">Parámetros</td>
        <td colspan="1" rowspan="1" width="80%"/>
      </tr>
      <tr>
        <td colspan="1" rowspan="1" class="indent2" width="20%">Ataque</td>
        <td colspan="1" rowspan="1" width="80%"/>
      </tr>
      <tr>
        <td colspan="1" rowspan="1" class="indent2" width="20%">Evidencia</td>
        <td colspan="1" rowspan="1" width="80%">from</td>
      </tr>
      <tr>
        <td colspan="1" rowspan="1" class="indent2" width="20%">Other Info</td>
        <td colspan="1" rowspan="1" width="80%">The following pattern was used: \bFROM\b and was detected 3 times, the first in the element starting with: "                                    error: s ? e : "No conversion from " + l + " to " + o
", see evidence field for the suspicious comment/snippet.</td>
      </tr>
      <tr>
        <td colspan="1" rowspan="1" class="indent1" width="20%">URL</td>
        <td colspan="1" rowspan="1" width="80%">
          <a shape="rect" href="http://tpi.lat:2095/subreseller/assets/js/vendor.min.js">http://tpi.lat:2095/subreseller/assets/js/vendor.min.js</a>
        </td>
      </tr>
      <tr>
        <td colspan="1" rowspan="1" class="indent2" width="20%">Método</td>
        <td colspan="1" rowspan="1" width="80%">GET</td>
      </tr>
      <tr>
        <td colspan="1" rowspan="1" class="indent2" width="20%">Parámetros</td>
        <td colspan="1" rowspan="1" width="80%"/>
      </tr>
      <tr>
        <td colspan="1" rowspan="1" class="indent2" width="20%">Ataque</td>
        <td colspan="1" rowspan="1" width="80%"/>
      </tr>
      <tr>
        <td colspan="1" rowspan="1" class="indent2" width="20%">Evidencia</td>
        <td colspan="1" rowspan="1" width="80%">select</td>
      </tr>
      <tr>
        <td colspan="1" rowspan="1" class="indent2" width="20%">Other Info</td>
        <td colspan="1" rowspan="1" width="80%">The following pattern was used: \bSELECT\b and was detected 11 times, the first in the element starting with: "            V = /^(?:input|select|textarea|button)$/i,
", see evidence field for the suspicious comment/snippet.</td>
      </tr>
      <tr>
        <td colspan="1" rowspan="1" class="indent1" width="20%">URL</td>
        <td colspan="1" rowspan="1" width="80%">
          <a shape="rect" href="http://tpi.lat:2095/subreseller/assets/js/vendor.min.js">http://tpi.lat:2095/subreseller/assets/js/vendor.min.js</a>
        </td>
      </tr>
      <tr>
        <td colspan="1" rowspan="1" class="indent2" width="20%">Método</td>
        <td colspan="1" rowspan="1" width="80%">GET</td>
      </tr>
      <tr>
        <td colspan="1" rowspan="1" class="indent2" width="20%">Parámetros</td>
        <td colspan="1" rowspan="1" width="80%"/>
      </tr>
      <tr>
        <td colspan="1" rowspan="1" class="indent2" width="20%">Ataque</td>
        <td colspan="1" rowspan="1" width="80%"/>
      </tr>
      <tr>
        <td colspan="1" rowspan="1" class="indent2" width="20%">Evidencia</td>
        <td colspan="1" rowspan="1" width="80%">username</td>
      </tr>
      <tr>
        <td colspan="1" rowspan="1" class="indent2" width="20%">Other Info</td>
        <td colspan="1" rowspan="1" width="80%">The following pattern was used: \bUSERNAME\b and was detected in the element starting with: "                if (i.open(r.type, r.url, r.async, r.username, r.password), r.xhrFields)
", see evidence field for the suspicious comment/snippet.</td>
      </tr>
      <tr>
        <td colspan="1" rowspan="1" class="indent1" width="20%">URL</td>
        <td colspan="1" rowspan="1" width="80%">
          <a shape="rect" href="http://tpi.lat:2095/subreseller/assets/libs/apexcharts/apexcharts.min.js">http://tpi.lat:2095/subreseller/assets/libs/apexcharts/apexcharts.min.js</a>
        </td>
      </tr>
      <tr>
        <td colspan="1" rowspan="1" class="indent2" width="20%">Método</td>
        <td colspan="1" rowspan="1" width="80%">GET</td>
      </tr>
      <tr>
        <td colspan="1" rowspan="1" class="indent2" width="20%">Parámetros</td>
        <td colspan="1" rowspan="1" width="80%"/>
      </tr>
      <tr>
        <td colspan="1" rowspan="1" class="indent2" width="20%">Ataque</td>
        <td colspan="1" rowspan="1" width="80%"/>
      </tr>
      <tr>
        <td colspan="1" rowspan="1" class="indent2" width="20%">Evidencia</td>
        <td colspan="1" rowspan="1" width="80%">bug</td>
      </tr>
      <tr>
        <td colspan="1" rowspan="1" class="indent2" width="20%">Other Info</td>
        <td colspan="1" rowspan="1" width="80%">The following pattern was used: \bBUG\b and was detected 2 times, the first in the element starting with: "       * This function fixes an important bug where a user might load a new series after zooming in/out of previous series which", see evidence field for the suspicious comment/snippet.</td>
      </tr>
      <tr>
        <td colspan="1" rowspan="1" class="indent1" width="20%">URL</td>
        <td colspan="1" rowspan="1" width="80%">
          <a shape="rect" href="http://tpi.lat:2095/subreseller/assets/libs/apexcharts/apexcharts.min.js">http://tpi.lat:2095/subreseller/assets/libs/apexcharts/apexcharts.min.js</a>
        </td>
      </tr>
      <tr>
        <td colspan="1" rowspan="1" class="indent2" width="20%">Método</td>
        <td colspan="1" rowspan="1" width="80%">GET</td>
      </tr>
      <tr>
        <td colspan="1" rowspan="1" class="indent2" width="20%">Parámetros</td>
        <td colspan="1" rowspan="1" width="80%"/>
      </tr>
      <tr>
        <td colspan="1" rowspan="1" class="indent2" width="20%">Ataque</td>
        <td colspan="1" rowspan="1" width="80%"/>
      </tr>
      <tr>
        <td colspan="1" rowspan="1" class="indent2" width="20%">Evidencia</td>
        <td colspan="1" rowspan="1" width="80%">bugs</td>
      </tr>
      <tr>
        <td colspan="1" rowspan="1" class="indent2" width="20%">Other Info</td>
        <td colspan="1" rowspan="1" width="80%">The following pattern was used: \bBUGS\b and was detected in the element starting with: "        var xHighestValue = w.globals.maxX; // on a category, we don't pan continuosly as it causes bugs", see evidence field for the suspicious comment/snippet.</td>
      </tr>
      <tr>
        <td colspan="1" rowspan="1" class="indent1" width="20%">URL</td>
        <td colspan="1" rowspan="1" width="80%">
          <a shape="rect" href="http://tpi.lat:2095/subreseller/assets/libs/apexcharts/apexcharts.min.js">http://tpi.lat:2095/subreseller/assets/libs/apexcharts/apexcharts.min.js</a>
        </td>
      </tr>
      <tr>
        <td colspan="1" rowspan="1" class="indent2" width="20%">Método</td>
        <td colspan="1" rowspan="1" width="80%">GET</td>
      </tr>
      <tr>
        <td colspan="1" rowspan="1" class="indent2" width="20%">Parámetros</td>
        <td colspan="1" rowspan="1" width="80%"/>
      </tr>
      <tr>
        <td colspan="1" rowspan="1" class="indent2" width="20%">Ataque</td>
        <td colspan="1" rowspan="1" width="80%"/>
      </tr>
      <tr>
        <td colspan="1" rowspan="1" class="indent2" width="20%">Evidencia</td>
        <td colspan="1" rowspan="1" width="80%">from</td>
      </tr>
      <tr>
        <td colspan="1" rowspan="1" class="indent2" width="20%">Other Info</td>
        <td colspan="1" rowspan="1" width="80%">The following pattern was used: \bFROM\b and was detected 110 times, the first in the element starting with: "    if (Symbol.iterator in Object(iter) || Object.prototype.toString.call(iter) === "[object Arguments]") return Array.from(iter", see evidence field for the suspicious comment/snippet.</td>
      </tr>
      <tr>
        <td colspan="1" rowspan="1" class="indent1" width="20%">URL</td>
        <td colspan="1" rowspan="1" width="80%">
          <a shape="rect" href="http://tpi.lat:2095/subreseller/assets/libs/apexcharts/apexcharts.min.js">http://tpi.lat:2095/subreseller/assets/libs/apexcharts/apexcharts.min.js</a>
        </td>
      </tr>
      <tr>
        <td colspan="1" rowspan="1" class="indent2" width="20%">Método</td>
        <td colspan="1" rowspan="1" width="80%">GET</td>
      </tr>
      <tr>
        <td colspan="1" rowspan="1" class="indent2" width="20%">Parámetros</td>
        <td colspan="1" rowspan="1" width="80%"/>
      </tr>
      <tr>
        <td colspan="1" rowspan="1" class="indent2" width="20%">Ataque</td>
        <td colspan="1" rowspan="1" width="80%"/>
      </tr>
      <tr>
        <td colspan="1" rowspan="1" class="indent2" width="20%">Evidencia</td>
        <td colspan="1" rowspan="1" width="80%">later</td>
      </tr>
      <tr>
        <td colspan="1" rowspan="1" class="indent2" width="20%">Other Info</td>
        <td colspan="1" rowspan="1" width="80%">The following pattern was used: \bLATER\b and was detected 3 times, the first in the element starting with: "          // store the points positions here to draw later on hover", see evidence field for the suspicious comment/snippet.</td>
      </tr>
      <tr>
        <td colspan="1" rowspan="1" class="indent1" width="20%">URL</td>
        <td colspan="1" rowspan="1" width="80%">
          <a shape="rect" href="http://tpi.lat:2095/subreseller/assets/libs/apexcharts/apexcharts.min.js">http://tpi.lat:2095/subreseller/assets/libs/apexcharts/apexcharts.min.js</a>
        </td>
      </tr>
      <tr>
        <td colspan="1" rowspan="1" class="indent2" width="20%">Método</td>
        <td colspan="1" rowspan="1" width="80%">GET</td>
      </tr>
      <tr>
        <td colspan="1" rowspan="1" class="indent2" width="20%">Parámetros</td>
        <td colspan="1" rowspan="1" width="80%"/>
      </tr>
      <tr>
        <td colspan="1" rowspan="1" class="indent2" width="20%">Ataque</td>
        <td colspan="1" rowspan="1" width="80%"/>
      </tr>
      <tr>
        <td colspan="1" rowspan="1" class="indent2" width="20%">Evidencia</td>
        <td colspan="1" rowspan="1" width="80%">query</td>
      </tr>
      <tr>
        <td colspan="1" rowspan="1" class="indent2" width="20%">Other Info</td>
        <td colspan="1" rowspan="1" width="80%">The following pattern was used: \bQUERY\b and was detected 5 times, the first in the element starting with: "    }; // Select elements by query string", see evidence field for the suspicious comment/snippet.</td>
      </tr>
      <tr>
        <td colspan="1" rowspan="1" class="indent1" width="20%">URL</td>
        <td colspan="1" rowspan="1" width="80%">
          <a shape="rect" href="http://tpi.lat:2095/subreseller/assets/libs/apexcharts/apexcharts.min.js">http://tpi.lat:2095/subreseller/assets/libs/apexcharts/apexcharts.min.js</a>
        </td>
      </tr>
      <tr>
        <td colspan="1" rowspan="1" class="indent2" width="20%">Método</td>
        <td colspan="1" rowspan="1" width="80%">GET</td>
      </tr>
      <tr>
        <td colspan="1" rowspan="1" class="indent2" width="20%">Parámetros</td>
        <td colspan="1" rowspan="1" width="80%"/>
      </tr>
      <tr>
        <td colspan="1" rowspan="1" class="indent2" width="20%">Ataque</td>
        <td colspan="1" rowspan="1" width="80%"/>
      </tr>
      <tr>
        <td colspan="1" rowspan="1" class="indent2" width="20%">Evidencia</td>
        <td colspan="1" rowspan="1" width="80%">select</td>
      </tr>
      <tr>
        <td colspan="1" rowspan="1" class="indent2" width="20%">Other Info</td>
        <td colspan="1" rowspan="1" width="80%">The following pattern was used: \bSELECT\b and was detected 17 times, the first in the element starting with: "            var elPaths = w.globals.dom.Paper.select('.apexcharts-series path').members;", see evidence field for the suspicious comment/snippet.</td>
      </tr>
      <tr>
        <td colspan="1" rowspan="1" class="indent1" width="20%">URL</td>
        <td colspan="1" rowspan="1" width="80%">
          <a shape="rect" href="http://tpi.lat:2095/subreseller/assets/libs/apexcharts/apexcharts.min.js">http://tpi.lat:2095/subreseller/assets/libs/apexcharts/apexcharts.min.js</a>
        </td>
      </tr>
      <tr>
        <td colspan="1" rowspan="1" class="indent2" width="20%">Método</td>
        <td colspan="1" rowspan="1" width="80%">GET</td>
      </tr>
      <tr>
        <td colspan="1" rowspan="1" class="indent2" width="20%">Parámetros</td>
        <td colspan="1" rowspan="1" width="80%"/>
      </tr>
      <tr>
        <td colspan="1" rowspan="1" class="indent2" width="20%">Ataque</td>
        <td colspan="1" rowspan="1" width="80%"/>
      </tr>
      <tr>
        <td colspan="1" rowspan="1" class="indent2" width="20%">Evidencia</td>
        <td colspan="1" rowspan="1" width="80%">TODO</td>
      </tr>
      <tr>
        <td colspan="1" rowspan="1" class="indent2" width="20%">Other Info</td>
        <td colspan="1" rowspan="1" width="80%">The following pattern was used: \bTODO\b and was detected 10 times, the first in the element starting with: "                orientation: 'horizontal' // TODO: provide stackedLabels for stacked charts which gives additions of values", see evidence field for the suspicious comment/snippet.</td>
      </tr>
      <tr>
        <td colspan="1" rowspan="1" class="indent1" width="20%">URL</td>
        <td colspan="1" rowspan="1" width="80%">
          <a shape="rect" href="http://tpi.lat:2095/subreseller/assets/libs/apexcharts/apexcharts.min.js">http://tpi.lat:2095/subreseller/assets/libs/apexcharts/apexcharts.min.js</a>
        </td>
      </tr>
      <tr>
        <td colspan="1" rowspan="1" class="indent2" width="20%">Método</td>
        <td colspan="1" rowspan="1" width="80%">GET</td>
      </tr>
      <tr>
        <td colspan="1" rowspan="1" class="indent2" width="20%">Parámetros</td>
        <td colspan="1" rowspan="1" width="80%"/>
      </tr>
      <tr>
        <td colspan="1" rowspan="1" class="indent2" width="20%">Ataque</td>
        <td colspan="1" rowspan="1" width="80%"/>
      </tr>
      <tr>
        <td colspan="1" rowspan="1" class="indent2" width="20%">Evidencia</td>
        <td colspan="1" rowspan="1" width="80%">user</td>
      </tr>
      <tr>
        <td colspan="1" rowspan="1" class="indent2" width="20%">Other Info</td>
        <td colspan="1" rowspan="1" width="80%">The following pattern was used: \bUSER\b and was detected 103 times, the first in the element starting with: "      } // to extend defaults with user options", see evidence field for the suspicious comment/snippet.</td>
      </tr>
      <tr>
        <td colspan="1" rowspan="1" class="indent1" width="20%">URL</td>
        <td colspan="1" rowspan="1" width="80%">
          <a shape="rect" href="http://tpi.lat:2095/subreseller/assets/libs/apexcharts/apexcharts.min.js">http://tpi.lat:2095/subreseller/assets/libs/apexcharts/apexcharts.min.js</a>
        </td>
      </tr>
      <tr>
        <td colspan="1" rowspan="1" class="indent2" width="20%">Método</td>
        <td colspan="1" rowspan="1" width="80%">GET</td>
      </tr>
      <tr>
        <td colspan="1" rowspan="1" class="indent2" width="20%">Parámetros</td>
        <td colspan="1" rowspan="1" width="80%"/>
      </tr>
      <tr>
        <td colspan="1" rowspan="1" class="indent2" width="20%">Ataque</td>
        <td colspan="1" rowspan="1" width="80%"/>
      </tr>
      <tr>
        <td colspan="1" rowspan="1" class="indent2" width="20%">Evidencia</td>
        <td colspan="1" rowspan="1" width="80%">where</td>
      </tr>
      <tr>
        <td colspan="1" rowspan="1" class="indent2" width="20%">Other Info</td>
        <td colspan="1" rowspan="1" width="80%">The following pattern was used: \bWHERE\b and was detected 9 times, the first in the element starting with: "              // zeroH is the baseline where 0 meets y axis", see evidence field for the suspicious comment/snippet.</td>
      </tr>
      <tr>
        <td colspan="1" rowspan="1" class="indent1" width="20%">URL</td>
        <td colspan="1" rowspan="1" width="80%">
          <a shape="rect" href="http://tpi.lat:2095/subreseller/assets/libs/bootstrap-colorpicker/bootstrap-colorpicker.min.js">http://tpi.lat:2095/subreseller/assets/libs/bootstrap-colorpicker/bootstrap-colorpicker.min.js</a>
        </td>
      </tr>
      <tr>
        <td colspan="1" rowspan="1" class="indent2" width="20%">Método</td>
        <td colspan="1" rowspan="1" width="80%">GET</td>
      </tr>
      <tr>
        <td colspan="1" rowspan="1" class="indent2" width="20%">Parámetros</td>
        <td colspan="1" rowspan="1" width="80%"/>
      </tr>
      <tr>
        <td colspan="1" rowspan="1" class="indent2" width="20%">Ataque</td>
        <td colspan="1" rowspan="1" width="80%"/>
      </tr>
      <tr>
        <td colspan="1" rowspan="1" class="indent2" width="20%">Evidencia</td>
        <td colspan="1" rowspan="1" width="80%">from</td>
      </tr>
      <tr>
        <td colspan="1" rowspan="1" class="indent2" width="20%">Other Info</td>
        <td colspan="1" rowspan="1" width="80%">The following pattern was used: \bFROM\b and was detected in the element starting with: "!function(e,t){"object"==typeof exports&amp;&amp;"object"==typeof module?module.exports=t(require("jQuery")):"function"==typeof define&amp;&amp;", see evidence field for the suspicious comment/snippet.</td>
      </tr>
      <tr>
        <td colspan="1" rowspan="1" class="indent1" width="20%">URL</td>
        <td colspan="1" rowspan="1" width="80%">
          <a shape="rect" href="http://tpi.lat:2095/subreseller/assets/libs/datatables/buttons.html5.min.js">http://tpi.lat:2095/subreseller/assets/libs/datatables/buttons.html5.min.js</a>
        </td>
      </tr>
      <tr>
        <td colspan="1" rowspan="1" class="indent2" width="20%">Método</td>
        <td colspan="1" rowspan="1" width="80%">GET</td>
      </tr>
      <tr>
        <td colspan="1" rowspan="1" class="indent2" width="20%">Parámetros</td>
        <td colspan="1" rowspan="1" width="80%"/>
      </tr>
      <tr>
        <td colspan="1" rowspan="1" class="indent2" width="20%">Ataque</td>
        <td colspan="1" rowspan="1" width="80%"/>
      </tr>
      <tr>
        <td colspan="1" rowspan="1" class="indent2" width="20%">Evidencia</td>
        <td colspan="1" rowspan="1" width="80%">select</td>
      </tr>
      <tr>
        <td colspan="1" rowspan="1" class="indent2" width="20%">Other Info</td>
        <td colspan="1" rowspan="1" width="80%">The following pattern was used: \bSELECT\b and was detected 2 times, the first in the element starting with: "if(k.queryCommandSupported("copy")){d.appendTo(b.table().container());c[0].focus();c[0].select();try{var h=k.execCommand("copy")", see evidence field for the suspicious comment/snippet.</td>
      </tr>
      <tr>
        <td colspan="1" rowspan="1" class="indent1" width="20%">URL</td>
        <td colspan="1" rowspan="1" width="80%">
          <a shape="rect" href="http://tpi.lat:2095/subreseller/assets/libs/datatables/dataTables.bootstrap4.js">http://tpi.lat:2095/subreseller/assets/libs/datatables/dataTables.bootstrap4.js</a>
        </td>
      </tr>
      <tr>
        <td colspan="1" rowspan="1" class="indent2" width="20%">Método</td>
        <td colspan="1" rowspan="1" width="80%">GET</td>
      </tr>
      <tr>
        <td colspan="1" rowspan="1" class="indent2" width="20%">Parámetros</td>
        <td colspan="1" rowspan="1" width="80%"/>
      </tr>
      <tr>
        <td colspan="1" rowspan="1" class="indent2" width="20%">Ataque</td>
        <td colspan="1" rowspan="1" width="80%"/>
      </tr>
      <tr>
        <td colspan="1" rowspan="1" class="indent2" width="20%">Evidencia</td>
        <td colspan="1" rowspan="1" width="80%">select</td>
      </tr>
      <tr>
        <td colspan="1" rowspan="1" class="indent2" width="20%">Other Info</td>
        <td colspan="1" rowspan="1" width="80%">The following pattern was used: \bSELECT\b and was detected 2 times, the first in the element starting with: "	sLengthSelect: "custom-select custom-select-sm form-control form-control-sm",", see evidence field for the suspicious comment/snippet.</td>
      </tr>
      <tr>
        <td colspan="1" rowspan="1" class="indent1" width="20%">URL</td>
        <td colspan="1" rowspan="1" width="80%">
          <a shape="rect" href="http://tpi.lat:2095/subreseller/assets/libs/datatables/dataTables.buttons.min.js">http://tpi.lat:2095/subreseller/assets/libs/datatables/dataTables.buttons.min.js</a>
        </td>
      </tr>
      <tr>
        <td colspan="1" rowspan="1" class="indent2" width="20%">Método</td>
        <td colspan="1" rowspan="1" width="80%">GET</td>
      </tr>
      <tr>
        <td colspan="1" rowspan="1" class="indent2" width="20%">Parámetros</td>
        <td colspan="1" rowspan="1" width="80%"/>
      </tr>
      <tr>
        <td colspan="1" rowspan="1" class="indent2" width="20%">Ataque</td>
        <td colspan="1" rowspan="1" width="80%"/>
      </tr>
      <tr>
        <td colspan="1" rowspan="1" class="indent2" width="20%">Evidencia</td>
        <td colspan="1" rowspan="1" width="80%">select</td>
      </tr>
      <tr>
        <td colspan="1" rowspan="1" class="indent2" width="20%">Other Info</td>
        <td colspan="1" rowspan="1" width="80%">The following pattern was used: \bSELECT\b and was detected in the element starting with: "e.extend({},c.modifier);b.select&amp;&amp;"function"===typeof b.select.info&amp;&amp;h.selected===m&amp;&amp;b.rows(c.rows,e.extend({selected:!0},h)).an", see evidence field for the suspicious comment/snippet.</td>
      </tr>
      <tr>
        <td colspan="1" rowspan="1" class="indent1" width="20%">URL</td>
        <td colspan="1" rowspan="1" width="80%">
          <a shape="rect" href="http://tpi.lat:2095/subreseller/assets/libs/datatables/dataTables.keyTable.min.js">http://tpi.lat:2095/subreseller/assets/libs/datatables/dataTables.keyTable.min.js</a>
        </td>
      </tr>
      <tr>
        <td colspan="1" rowspan="1" class="indent2" width="20%">Método</td>
        <td colspan="1" rowspan="1" width="80%">GET</td>
      </tr>
      <tr>
        <td colspan="1" rowspan="1" class="indent2" width="20%">Parámetros</td>
        <td colspan="1" rowspan="1" width="80%"/>
      </tr>
      <tr>
        <td colspan="1" rowspan="1" class="indent2" width="20%">Ataque</td>
        <td colspan="1" rowspan="1" width="80%"/>
      </tr>
      <tr>
        <td colspan="1" rowspan="1" class="indent2" width="20%">Evidencia</td>
        <td colspan="1" rowspan="1" width="80%">select</td>
      </tr>
      <tr>
        <td colspan="1" rowspan="1" class="indent2" width="20%">Other Info</td>
        <td colspan="1" rowspan="1" width="80%">The following pattern was used: \bSELECT\b and was detected in the element starting with: "this.s.dt,j=this.c.editor,g=this.s.lastFocus.cell;if(!f("div.DTE",g.node()).length&amp;&amp;!(null!==a&amp;&amp;(0&lt;=a&amp;&amp;9&gt;=a||11===a||12===a||14&lt;", see evidence field for the suspicious comment/snippet.</td>
      </tr>
      <tr>
        <td colspan="1" rowspan="1" class="indent1" width="20%">URL</td>
        <td colspan="1" rowspan="1" width="80%">
          <a shape="rect" href="http://tpi.lat:2095/subreseller/assets/libs/datatables/dataTables.rowReorder.js">http://tpi.lat:2095/subreseller/assets/libs/datatables/dataTables.rowReorder.js</a>
        </td>
      </tr>
      <tr>
        <td colspan="1" rowspan="1" class="indent2" width="20%">Método</td>
        <td colspan="1" rowspan="1" width="80%">GET</td>
      </tr>
      <tr>
        <td colspan="1" rowspan="1" class="indent2" width="20%">Parámetros</td>
        <td colspan="1" rowspan="1" width="80%"/>
      </tr>
      <tr>
        <td colspan="1" rowspan="1" class="indent2" width="20%">Ataque</td>
        <td colspan="1" rowspan="1" width="80%"/>
      </tr>
      <tr>
        <td colspan="1" rowspan="1" class="indent2" width="20%">Evidencia</td>
        <td colspan="1" rowspan="1" width="80%">bug</td>
      </tr>
      <tr>
        <td colspan="1" rowspan="1" class="indent2" width="20%">Other Info</td>
        <td colspan="1" rowspan="1" width="80%">The following pattern was used: \bBUG\b and was detected in the element starting with: "// Doesn't do anything - work around for a bug in DT... Not documented
", see evidence field for the suspicious comment/snippet.</td>
      </tr>
      <tr>
        <td colspan="1" rowspan="1" class="indent1" width="20%">URL</td>
        <td colspan="1" rowspan="1" width="80%">
          <a shape="rect" href="http://tpi.lat:2095/subreseller/assets/libs/datatables/dataTables.rowReorder.js">http://tpi.lat:2095/subreseller/assets/libs/datatables/dataTables.rowReorder.js</a>
        </td>
      </tr>
      <tr>
        <td colspan="1" rowspan="1" class="indent2" width="20%">Método</td>
        <td colspan="1" rowspan="1" width="80%">GET</td>
      </tr>
      <tr>
        <td colspan="1" rowspan="1" class="indent2" width="20%">Parámetros</td>
        <td colspan="1" rowspan="1" width="80%"/>
      </tr>
      <tr>
        <td colspan="1" rowspan="1" class="indent2" width="20%">Ataque</td>
        <td colspan="1" rowspan="1" width="80%"/>
      </tr>
      <tr>
        <td colspan="1" rowspan="1" class="indent2" width="20%">Evidencia</td>
        <td colspan="1" rowspan="1" width="80%">from</td>
      </tr>
      <tr>
        <td colspan="1" rowspan="1" class="indent2" width="20%">Other Info</td>
        <td colspan="1" rowspan="1" width="80%">The following pattern was used: \bFROM\b and was detected 7 times, the first in the element starting with: " * reordered take the value of the data point from the row that used to occupy
", see evidence field for the suspicious comment/snippet.</td>
      </tr>
      <tr>
        <td colspan="1" rowspan="1" class="indent1" width="20%">URL</td>
        <td colspan="1" rowspan="1" width="80%">
          <a shape="rect" href="http://tpi.lat:2095/subreseller/assets/libs/datatables/dataTables.rowReorder.js">http://tpi.lat:2095/subreseller/assets/libs/datatables/dataTables.rowReorder.js</a>
        </td>
      </tr>
      <tr>
        <td colspan="1" rowspan="1" class="indent2" width="20%">Método</td>
        <td colspan="1" rowspan="1" width="80%">GET</td>
      </tr>
      <tr>
        <td colspan="1" rowspan="1" class="indent2" width="20%">Parámetros</td>
        <td colspan="1" rowspan="1" width="80%"/>
      </tr>
      <tr>
        <td colspan="1" rowspan="1" class="indent2" width="20%">Ataque</td>
        <td colspan="1" rowspan="1" width="80%"/>
      </tr>
      <tr>
        <td colspan="1" rowspan="1" class="indent2" width="20%">Evidencia</td>
        <td colspan="1" rowspan="1" width="80%">select</td>
      </tr>
      <tr>
        <td colspan="1" rowspan="1" class="indent2" width="20%">Other Info</td>
        <td colspan="1" rowspan="1" width="80%">The following pattern was used: \bSELECT\b and was detected in the element starting with: "		dt.row($(target)).select();
", see evidence field for the suspicious comment/snippet.</td>
      </tr>
      <tr>
        <td colspan="1" rowspan="1" class="indent1" width="20%">URL</td>
        <td colspan="1" rowspan="1" width="80%">
          <a shape="rect" href="http://tpi.lat:2095/subreseller/assets/libs/datatables/dataTables.rowReorder.js">http://tpi.lat:2095/subreseller/assets/libs/datatables/dataTables.rowReorder.js</a>
        </td>
      </tr>
      <tr>
        <td colspan="1" rowspan="1" class="indent2" width="20%">Método</td>
        <td colspan="1" rowspan="1" width="80%">GET</td>
      </tr>
      <tr>
        <td colspan="1" rowspan="1" class="indent2" width="20%">Parámetros</td>
        <td colspan="1" rowspan="1" width="80%"/>
      </tr>
      <tr>
        <td colspan="1" rowspan="1" class="indent2" width="20%">Ataque</td>
        <td colspan="1" rowspan="1" width="80%"/>
      </tr>
      <tr>
        <td colspan="1" rowspan="1" class="indent2" width="20%">Evidencia</td>
        <td colspan="1" rowspan="1" width="80%">User</td>
      </tr>
      <tr>
        <td colspan="1" rowspan="1" class="indent2" width="20%">Other Info</td>
        <td colspan="1" rowspan="1" width="80%">The following pattern was used: \bUSER\b and was detected 3 times, the first in the element starting with: "	// User and defaults configuration object
", see evidence field for the suspicious comment/snippet.</td>
      </tr>
      <tr>
        <td colspan="1" rowspan="1" class="indent1" width="20%">URL</td>
        <td colspan="1" rowspan="1" width="80%">
          <a shape="rect" href="http://tpi.lat:2095/subreseller/assets/libs/datatables/dataTables.rowReorder.js">http://tpi.lat:2095/subreseller/assets/libs/datatables/dataTables.rowReorder.js</a>
        </td>
      </tr>
      <tr>
        <td colspan="1" rowspan="1" class="indent2" width="20%">Método</td>
        <td colspan="1" rowspan="1" width="80%">GET</td>
      </tr>
      <tr>
        <td colspan="1" rowspan="1" class="indent2" width="20%">Parámetros</td>
        <td colspan="1" rowspan="1" width="80%"/>
      </tr>
      <tr>
        <td colspan="1" rowspan="1" class="indent2" width="20%">Ataque</td>
        <td colspan="1" rowspan="1" width="80%"/>
      </tr>
      <tr>
        <td colspan="1" rowspan="1" class="indent2" width="20%">Evidencia</td>
        <td colspan="1" rowspan="1" width="80%">where</td>
      </tr>
      <tr>
        <td colspan="1" rowspan="1" class="indent2" width="20%">Other Info</td>
        <td colspan="1" rowspan="1" width="80%">The following pattern was used: \bWHERE\b and was detected 3 times, the first in the element starting with: "		// Determine where the row should be inserted based on the mouse
", see evidence field for the suspicious comment/snippet.</td>
      </tr>
      <tr>
        <td colspan="1" rowspan="1" class="indent1" width="20%">URL</td>
        <td colspan="1" rowspan="1" width="80%">
          <a shape="rect" href="http://tpi.lat:2095/subreseller/assets/libs/datatables/dataTables.select.min.js">http://tpi.lat:2095/subreseller/assets/libs/datatables/dataTables.select.min.js</a>
        </td>
      </tr>
      <tr>
        <td colspan="1" rowspan="1" class="indent2" width="20%">Método</td>
        <td colspan="1" rowspan="1" width="80%">GET</td>
      </tr>
      <tr>
        <td colspan="1" rowspan="1" class="indent2" width="20%">Parámetros</td>
        <td colspan="1" rowspan="1" width="80%"/>
      </tr>
      <tr>
        <td colspan="1" rowspan="1" class="indent2" width="20%">Ataque</td>
        <td colspan="1" rowspan="1" width="80%"/>
      </tr>
      <tr>
        <td colspan="1" rowspan="1" class="indent2" width="20%">Evidencia</td>
        <td colspan="1" rowspan="1" width="80%">Select</td>
      </tr>
      <tr>
        <td colspan="1" rowspan="1" class="indent2" width="20%">Other Info</td>
        <td colspan="1" rowspan="1" width="80%">The following pattern was used: \bSELECT\b and was detected 19 times, the first in the element starting with: " Select for DataTables 1.2.7", see evidence field for the suspicious comment/snippet.</td>
      </tr>
      <tr>
        <td colspan="1" rowspan="1" class="indent1" width="20%">URL</td>
        <td colspan="1" rowspan="1" width="80%">
          <a shape="rect" href="http://tpi.lat:2095/subreseller/assets/libs/datatables/dataTables.select.min.js">http://tpi.lat:2095/subreseller/assets/libs/datatables/dataTables.select.min.js</a>
        </td>
      </tr>
      <tr>
        <td colspan="1" rowspan="1" class="indent2" width="20%">Método</td>
        <td colspan="1" rowspan="1" width="80%">GET</td>
      </tr>
      <tr>
        <td colspan="1" rowspan="1" class="indent2" width="20%">Parámetros</td>
        <td colspan="1" rowspan="1" width="80%"/>
      </tr>
      <tr>
        <td colspan="1" rowspan="1" class="indent2" width="20%">Ataque</td>
        <td colspan="1" rowspan="1" width="80%"/>
      </tr>
      <tr>
        <td colspan="1" rowspan="1" class="indent2" width="20%">Evidencia</td>
        <td colspan="1" rowspan="1" width="80%">user</td>
      </tr>
      <tr>
        <td colspan="1" rowspan="1" class="indent2" width="20%">Other Info</td>
        <td colspan="1" rowspan="1" width="80%">The following pattern was used: \bUSER\b and was detected 2 times, the first in the element starting with: "c).off("click.dtSelect",c);e("body").off("click.dtSelect"+a.table().node().id)}function x(a){var c=e(a.table().container()),b=a.", see evidence field for the suspicious comment/snippet.</td>
      </tr>
      <tr>
        <td colspan="1" rowspan="1" class="indent1" width="20%">URL</td>
        <td colspan="1" rowspan="1" width="80%">
          <a shape="rect" href="http://tpi.lat:2095/subreseller/assets/libs/datatables/jquery.dataTables.min.js">http://tpi.lat:2095/subreseller/assets/libs/datatables/jquery.dataTables.min.js</a>
        </td>
      </tr>
      <tr>
        <td colspan="1" rowspan="1" class="indent2" width="20%">Método</td>
        <td colspan="1" rowspan="1" width="80%">GET</td>
      </tr>
      <tr>
        <td colspan="1" rowspan="1" class="indent2" width="20%">Parámetros</td>
        <td colspan="1" rowspan="1" width="80%"/>
      </tr>
      <tr>
        <td colspan="1" rowspan="1" class="indent2" width="20%">Ataque</td>
        <td colspan="1" rowspan="1" width="80%"/>
      </tr>
      <tr>
        <td colspan="1" rowspan="1" class="indent2" width="20%">Evidencia</td>
        <td colspan="1" rowspan="1" width="80%">Db</td>
      </tr>
      <tr>
        <td colspan="1" rowspan="1" class="indent2" width="20%">Other Info</td>
        <td colspan="1" rowspan="1" width="80%">The following pattern was used: \bDB\b and was detected 7 times, the first in the element starting with: "h._aFilterData=j;h._sFilterRow=j.join("  ");c=!0}return c}function Bb(a){return{search:a.sSearch,smart:a.bSmart,regex:a.bRegex,c", see evidence field for the suspicious comment/snippet.</td>
      </tr>
      <tr>
        <td colspan="1" rowspan="1" class="indent1" width="20%">URL</td>
        <td colspan="1" rowspan="1" width="80%">
          <a shape="rect" href="http://tpi.lat:2095/subreseller/assets/libs/datatables/jquery.dataTables.min.js">http://tpi.lat:2095/subreseller/assets/libs/datatables/jquery.dataTables.min.js</a>
        </td>
      </tr>
      <tr>
        <td colspan="1" rowspan="1" class="indent2" width="20%">Método</td>
        <td colspan="1" rowspan="1" width="80%">GET</td>
      </tr>
      <tr>
        <td colspan="1" rowspan="1" class="indent2" width="20%">Parámetros</td>
        <td colspan="1" rowspan="1" width="80%"/>
      </tr>
      <tr>
        <td colspan="1" rowspan="1" class="indent2" width="20%">Ataque</td>
        <td colspan="1" rowspan="1" width="80%"/>
      </tr>
      <tr>
        <td colspan="1" rowspan="1" class="indent2" width="20%">Evidencia</td>
        <td colspan="1" rowspan="1" width="80%">from</td>
      </tr>
      <tr>
        <td colspan="1" rowspan="1" class="indent2" width="20%">Other Info</td>
        <td colspan="1" rowspan="1" width="80%">The following pattern was used: \bFROM\b and was detected in the element starting with: "oPaginate:{sFirst:"First",sLast:"Last",sNext:"Next",sPrevious:"Previous"},sEmptyTable:"No data available in table",sInfo:"Showin", see evidence field for the suspicious comment/snippet.</td>
      </tr>
      <tr>
        <td colspan="1" rowspan="1" class="indent1" width="20%">URL</td>
        <td colspan="1" rowspan="1" width="80%">
          <a shape="rect" href="http://tpi.lat:2095/subreseller/assets/libs/datatables/jquery.dataTables.min.js">http://tpi.lat:2095/subreseller/assets/libs/datatables/jquery.dataTables.min.js</a>
        </td>
      </tr>
      <tr>
        <td colspan="1" rowspan="1" class="indent2" width="20%">Método</td>
        <td colspan="1" rowspan="1" width="80%">GET</td>
      </tr>
      <tr>
        <td colspan="1" rowspan="1" class="indent2" width="20%">Parámetros</td>
        <td colspan="1" rowspan="1" width="80%"/>
      </tr>
      <tr>
        <td colspan="1" rowspan="1" class="indent2" width="20%">Ataque</td>
        <td colspan="1" rowspan="1" width="80%"/>
      </tr>
      <tr>
        <td colspan="1" rowspan="1" class="indent2" width="20%">Evidencia</td>
        <td colspan="1" rowspan="1" width="80%">select</td>
      </tr>
      <tr>
        <td colspan="1" rowspan="1" class="indent2" width="20%">Other Info</td>
        <td colspan="1" rowspan="1" width="80%">The following pattern was used: \bSELECT\b and was detected 2 times, the first in the element starting with: "e?d[0]:d,d=e?d[1]:d,e=h("&lt;select/&gt;",{name:c+"_length","aria-controls":c,"class":b.sLengthSelect}),g=0,j=f.length;g&lt;j;g++)e[0][g]", see evidence field for the suspicious comment/snippet.</td>
      </tr>
      <tr>
        <td colspan="1" rowspan="1" class="indent1" width="20%">URL</td>
        <td colspan="1" rowspan="1" width="80%">
          <a shape="rect" href="http://tpi.lat:2095/subreseller/assets/libs/datatables/jquery.dataTables.min.js">http://tpi.lat:2095/subreseller/assets/libs/datatables/jquery.dataTables.min.js</a>
        </td>
      </tr>
      <tr>
        <td colspan="1" rowspan="1" class="indent2" width="20%">Método</td>
        <td colspan="1" rowspan="1" width="80%">GET</td>
      </tr>
      <tr>
        <td colspan="1" rowspan="1" class="indent2" width="20%">Parámetros</td>
        <td colspan="1" rowspan="1" width="80%"/>
      </tr>
      <tr>
        <td colspan="1" rowspan="1" class="indent2" width="20%">Ataque</td>
        <td colspan="1" rowspan="1" width="80%"/>
      </tr>
      <tr>
        <td colspan="1" rowspan="1" class="indent2" width="20%">Evidencia</td>
        <td colspan="1" rowspan="1" width="80%">user</td>
      </tr>
      <tr>
        <td colspan="1" rowspan="1" class="indent2" width="20%">Other Info</td>
        <td colspan="1" rowspan="1" width="80%">The following pattern was used: \bUSER\b and was detected 2 times, the first in the element starting with: "z(p,"aoDrawCallback",g.fnDrawCallback,"user");z(p,"aoServerParams",g.fnServerParams,"user");z(p,"aoStateSaveParams",g.fnStateSav", see evidence field for the suspicious comment/snippet.</td>
      </tr>
      <tr>
        <td colspan="1" rowspan="1" class="indent1" width="20%">URL</td>
        <td colspan="1" rowspan="1" width="80%">
          <a shape="rect" href="http://tpi.lat:2095/subreseller/assets/libs/daterangepicker/daterangepicker.js">http://tpi.lat:2095/subreseller/assets/libs/daterangepicker/daterangepicker.js</a>
        </td>
      </tr>
      <tr>
        <td colspan="1" rowspan="1" class="indent2" width="20%">Método</td>
        <td colspan="1" rowspan="1" width="80%">GET</td>
      </tr>
      <tr>
        <td colspan="1" rowspan="1" class="indent2" width="20%">Parámetros</td>
        <td colspan="1" rowspan="1" width="80%"/>
      </tr>
      <tr>
        <td colspan="1" rowspan="1" class="indent2" width="20%">Ataque</td>
        <td colspan="1" rowspan="1" width="80%"/>
      </tr>
      <tr>
        <td colspan="1" rowspan="1" class="indent2" width="20%">Evidencia</td>
        <td colspan="1" rowspan="1" width="80%">select</td>
      </tr>
      <tr>
        <td colspan="1" rowspan="1" class="indent2" width="20%">Other Info</td>
        <td colspan="1" rowspan="1" width="80%">The following pattern was used: \bSELECT\b and was detected 18 times, the first in the element starting with: "            .on('change.daterangepicker', 'select.yearselect', $.proxy(this.monthOrYearChanged, this))", see evidence field for the suspicious comment/snippet.</td>
      </tr>
      <tr>
        <td colspan="1" rowspan="1" class="indent1" width="20%">URL</td>
        <td colspan="1" rowspan="1" width="80%">
          <a shape="rect" href="http://tpi.lat:2095/subreseller/assets/libs/daterangepicker/daterangepicker.js">http://tpi.lat:2095/subreseller/assets/libs/daterangepicker/daterangepicker.js</a>
        </td>
      </tr>
      <tr>
        <td colspan="1" rowspan="1" class="indent2" width="20%">Método</td>
        <td colspan="1" rowspan="1" width="80%">GET</td>
      </tr>
      <tr>
        <td colspan="1" rowspan="1" class="indent2" width="20%">Parámetros</td>
        <td colspan="1" rowspan="1" width="80%"/>
      </tr>
      <tr>
        <td colspan="1" rowspan="1" class="indent2" width="20%">Ataque</td>
        <td colspan="1" rowspan="1" width="80%"/>
      </tr>
      <tr>
        <td colspan="1" rowspan="1" class="indent2" width="20%">Evidencia</td>
        <td colspan="1" rowspan="1" width="80%">user</td>
      </tr>
      <tr>
        <td colspan="1" rowspan="1" class="indent2" width="20%">Other Info</td>
        <td colspan="1" rowspan="1" width="80%">The following pattern was used: \bUSER\b and was detected 2 times, the first in the element starting with: "        //custom options from user", see evidence field for the suspicious comment/snippet.</td>
      </tr>
      <tr>
        <td colspan="1" rowspan="1" class="indent1" width="20%">URL</td>
        <td colspan="1" rowspan="1" width="80%">
          <a shape="rect" href="http://tpi.lat:2095/subreseller/assets/libs/jquery-nice-select/jquery.nice-select.min.js">http://tpi.lat:2095/subreseller/assets/libs/jquery-nice-select/jquery.nice-select.min.js</a>
        </td>
      </tr>
      <tr>
        <td colspan="1" rowspan="1" class="indent2" width="20%">Método</td>
        <td colspan="1" rowspan="1" width="80%">GET</td>
      </tr>
      <tr>
        <td colspan="1" rowspan="1" class="indent2" width="20%">Parámetros</td>
        <td colspan="1" rowspan="1" width="80%"/>
      </tr>
      <tr>
        <td colspan="1" rowspan="1" class="indent2" width="20%">Ataque</td>
        <td colspan="1" rowspan="1" width="80%"/>
      </tr>
      <tr>
        <td colspan="1" rowspan="1" class="indent2" width="20%">Evidencia</td>
        <td colspan="1" rowspan="1" width="80%">Select</td>
      </tr>
      <tr>
        <td colspan="1" rowspan="1" class="indent2" width="20%">Other Info</td>
        <td colspan="1" rowspan="1" width="80%">The following pattern was used: \bSELECT\b and was detected 3 times, the first in the element starting with: "/*  jQuery Nice Select - v1.0", see evidence field for the suspicious comment/snippet.</td>
      </tr>
      <tr>
        <td colspan="1" rowspan="1" class="indent1" width="20%">URL</td>
        <td colspan="1" rowspan="1" width="80%">
          <a shape="rect" href="http://tpi.lat:2095/subreseller/assets/libs/jquery-number/jquery.number.js">http://tpi.lat:2095/subreseller/assets/libs/jquery-number/jquery.number.js</a>
        </td>
      </tr>
      <tr>
        <td colspan="1" rowspan="1" class="indent2" width="20%">Método</td>
        <td colspan="1" rowspan="1" width="80%">GET</td>
      </tr>
      <tr>
        <td colspan="1" rowspan="1" class="indent2" width="20%">Parámetros</td>
        <td colspan="1" rowspan="1" width="80%"/>
      </tr>
      <tr>
        <td colspan="1" rowspan="1" class="indent2" width="20%">Ataque</td>
        <td colspan="1" rowspan="1" width="80%"/>
      </tr>
      <tr>
        <td colspan="1" rowspan="1" class="indent2" width="20%">Evidencia</td>
        <td colspan="1" rowspan="1" width="80%">from</td>
      </tr>
      <tr>
        <td colspan="1" rowspan="1" class="indent2" width="20%">Other Info</td>
        <td colspan="1" rowspan="1" width="80%">The following pattern was used: \bFROM\b and was detected 8 times, the first in the element starting with: "	 * Allows conversion from e.which to ascii characters.", see evidence field for the suspicious comment/snippet.</td>
      </tr>
      <tr>
        <td colspan="1" rowspan="1" class="indent1" width="20%">URL</td>
        <td colspan="1" rowspan="1" width="80%">
          <a shape="rect" href="http://tpi.lat:2095/subreseller/assets/libs/jquery-number/jquery.number.js">http://tpi.lat:2095/subreseller/assets/libs/jquery-number/jquery.number.js</a>
        </td>
      </tr>
      <tr>
        <td colspan="1" rowspan="1" class="indent2" width="20%">Método</td>
        <td colspan="1" rowspan="1" width="80%">GET</td>
      </tr>
      <tr>
        <td colspan="1" rowspan="1" class="indent2" width="20%">Parámetros</td>
        <td colspan="1" rowspan="1" width="80%"/>
      </tr>
      <tr>
        <td colspan="1" rowspan="1" class="indent2" width="20%">Ataque</td>
        <td colspan="1" rowspan="1" width="80%"/>
      </tr>
      <tr>
        <td colspan="1" rowspan="1" class="indent2" width="20%">Evidencia</td>
        <td colspan="1" rowspan="1" width="80%">later</td>
      </tr>
      <tr>
        <td colspan="1" rowspan="1" class="indent2" width="20%">Other Info</td>
        <td colspan="1" rowspan="1" width="80%">The following pattern was used: \bLATER\b and was detected in the element starting with: "	// them in case we need to re-use them later on.", see evidence field for the suspicious comment/snippet.</td>
      </tr>
      <tr>
        <td colspan="1" rowspan="1" class="indent1" width="20%">URL</td>
        <td colspan="1" rowspan="1" width="80%">
          <a shape="rect" href="http://tpi.lat:2095/subreseller/assets/libs/jquery-number/jquery.number.js">http://tpi.lat:2095/subreseller/assets/libs/jquery-number/jquery.number.js</a>
        </td>
      </tr>
      <tr>
        <td colspan="1" rowspan="1" class="indent2" width="20%">Método</td>
        <td colspan="1" rowspan="1" width="80%">GET</td>
      </tr>
      <tr>
        <td colspan="1" rowspan="1" class="indent2" width="20%">Parámetros</td>
        <td colspan="1" rowspan="1" width="80%"/>
      </tr>
      <tr>
        <td colspan="1" rowspan="1" class="indent2" width="20%">Ataque</td>
        <td colspan="1" rowspan="1" width="80%"/>
      </tr>
      <tr>
        <td colspan="1" rowspan="1" class="indent2" width="20%">Evidencia</td>
        <td colspan="1" rowspan="1" width="80%">select</td>
      </tr>
      <tr>
        <td colspan="1" rowspan="1" class="indent2" width="20%">Other Info</td>
        <td colspan="1" rowspan="1" width="80%">The following pattern was used: \bSELECT\b and was detected 2 times, the first in the element starting with: "				range.select();", see evidence field for the suspicious comment/snippet.</td>
      </tr>
      <tr>
        <td colspan="1" rowspan="1" class="indent1" width="20%">URL</td>
        <td colspan="1" rowspan="1" width="80%">
          <a shape="rect" href="http://tpi.lat:2095/subreseller/assets/libs/jquery-number/jquery.number.js">http://tpi.lat:2095/subreseller/assets/libs/jquery-number/jquery.number.js</a>
        </td>
      </tr>
      <tr>
        <td colspan="1" rowspan="1" class="indent2" width="20%">Método</td>
        <td colspan="1" rowspan="1" width="80%">GET</td>
      </tr>
      <tr>
        <td colspan="1" rowspan="1" class="indent2" width="20%">Parámetros</td>
        <td colspan="1" rowspan="1" width="80%"/>
      </tr>
      <tr>
        <td colspan="1" rowspan="1" class="indent2" width="20%">Ataque</td>
        <td colspan="1" rowspan="1" width="80%"/>
      </tr>
      <tr>
        <td colspan="1" rowspan="1" class="indent2" width="20%">Evidencia</td>
        <td colspan="1" rowspan="1" width="80%">user</td>
      </tr>
      <tr>
        <td colspan="1" rowspan="1" class="indent2" width="20%">Other Info</td>
        <td colspan="1" rowspan="1" width="80%">The following pattern was used: \bUSER\b and was detected 5 times, the first in the element starting with: "						// Stop executing if the user didn't type a number key, a decimal character, backspace, or delete.", see evidence field for the suspicious comment/snippet.</td>
      </tr>
      <tr>
        <td colspan="1" rowspan="1" class="indent1" width="20%">URL</td>
        <td colspan="1" rowspan="1" width="80%">
          <a shape="rect" href="http://tpi.lat:2095/subreseller/assets/libs/jquery-number/jquery.number.js">http://tpi.lat:2095/subreseller/assets/libs/jquery-number/jquery.number.js</a>
        </td>
      </tr>
      <tr>
        <td colspan="1" rowspan="1" class="indent2" width="20%">Método</td>
        <td colspan="1" rowspan="1" width="80%">GET</td>
      </tr>
      <tr>
        <td colspan="1" rowspan="1" class="indent2" width="20%">Parámetros</td>
        <td colspan="1" rowspan="1" width="80%"/>
      </tr>
      <tr>
        <td colspan="1" rowspan="1" class="indent2" width="20%">Ataque</td>
        <td colspan="1" rowspan="1" width="80%"/>
      </tr>
      <tr>
        <td colspan="1" rowspan="1" class="indent2" width="20%">Evidencia</td>
        <td colspan="1" rowspan="1" width="80%">Where</td>
      </tr>
      <tr>
        <td colspan="1" rowspan="1" class="indent2" width="20%">Other Info</td>
        <td colspan="1" rowspan="1" width="80%">The following pattern was used: \bWHERE\b and was detected 4 times, the first in the element starting with: "	 * @param int rangeStart			: Where we want the selection to start.", see evidence field for the suspicious comment/snippet.</td>
      </tr>
      <tr>
        <td colspan="1" rowspan="1" class="indent1" width="20%">URL</td>
        <td colspan="1" rowspan="1" width="80%">
          <a shape="rect" href="http://tpi.lat:2095/subreseller/assets/libs/jquery-ui/jquery-ui.min.js">http://tpi.lat:2095/subreseller/assets/libs/jquery-ui/jquery-ui.min.js</a>
        </td>
      </tr>
      <tr>
        <td colspan="1" rowspan="1" class="indent2" width="20%">Método</td>
        <td colspan="1" rowspan="1" width="80%">GET</td>
      </tr>
      <tr>
        <td colspan="1" rowspan="1" class="indent2" width="20%">Parámetros</td>
        <td colspan="1" rowspan="1" width="80%"/>
      </tr>
      <tr>
        <td colspan="1" rowspan="1" class="indent2" width="20%">Ataque</td>
        <td colspan="1" rowspan="1" width="80%"/>
      </tr>
      <tr>
        <td colspan="1" rowspan="1" class="indent2" width="20%">Evidencia</td>
        <td colspan="1" rowspan="1" width="80%">from</td>
      </tr>
      <tr>
        <td colspan="1" rowspan="1" class="indent2" width="20%">Other Info</td>
        <td colspan="1" rowspan="1" width="80%">The following pattern was used: \bFROM\b and was detected in the element starting with: "(function(t){"function"==typeof define&amp;&amp;define.amd?define(["jquery"],t):t(jQuery)})(function(t){function e(t){for(var e=t.css("v", see evidence field for the suspicious comment/snippet.</td>
      </tr>
      <tr>
        <td colspan="1" rowspan="1" class="indent1" width="20%">URL</td>
        <td colspan="1" rowspan="1" width="80%">
          <a shape="rect" href="http://tpi.lat:2095/subreseller/assets/libs/jquery-ui/jquery-ui.min.js">http://tpi.lat:2095/subreseller/assets/libs/jquery-ui/jquery-ui.min.js</a>
        </td>
      </tr>
      <tr>
        <td colspan="1" rowspan="1" class="indent2" width="20%">Método</td>
        <td colspan="1" rowspan="1" width="80%">GET</td>
      </tr>
      <tr>
        <td colspan="1" rowspan="1" class="indent2" width="20%">Parámetros</td>
        <td colspan="1" rowspan="1" width="80%"/>
      </tr>
      <tr>
        <td colspan="1" rowspan="1" class="indent2" width="20%">Ataque</td>
        <td colspan="1" rowspan="1" width="80%"/>
      </tr>
      <tr>
        <td colspan="1" rowspan="1" class="indent2" width="20%">Evidencia</td>
        <td colspan="1" rowspan="1" width="80%">select</td>
      </tr>
      <tr>
        <td colspan="1" rowspan="1" class="indent2" width="20%">Other Info</td>
        <td colspan="1" rowspan="1" width="80%">The following pattern was used: \bSELECT\b and was detected 5 times, the first in the element starting with: "}}(t.fn.show),hide:function(t){return function(s){if(i(s))return t.apply(this,arguments);var n=e.apply(this,arguments);return n.", see evidence field for the suspicious comment/snippet.</td>
      </tr>
      <tr>
        <td colspan="1" rowspan="1" class="indent1" width="20%">URL</td>
        <td colspan="1" rowspan="1" width="80%">
          <a shape="rect" href="http://tpi.lat:2095/subreseller/assets/libs/moment/moment.min.js">http://tpi.lat:2095/subreseller/assets/libs/moment/moment.min.js</a>
        </td>
      </tr>
      <tr>
        <td colspan="1" rowspan="1" class="indent2" width="20%">Método</td>
        <td colspan="1" rowspan="1" width="80%">GET</td>
      </tr>
      <tr>
        <td colspan="1" rowspan="1" class="indent2" width="20%">Parámetros</td>
        <td colspan="1" rowspan="1" width="80%"/>
      </tr>
      <tr>
        <td colspan="1" rowspan="1" class="indent2" width="20%">Ataque</td>
        <td colspan="1" rowspan="1" width="80%"/>
      </tr>
      <tr>
        <td colspan="1" rowspan="1" class="indent2" width="20%">Evidencia</td>
        <td colspan="1" rowspan="1" width="80%">from</td>
      </tr>
      <tr>
        <td colspan="1" rowspan="1" class="indent2" width="20%">Other Info</td>
        <td colspan="1" rowspan="1" width="80%">The following pattern was used: \bFROM\b and was detected in the element starting with: "!function(e,t){"object"==typeof exports&amp;&amp;"undefined"!=typeof module?module.exports=t():"function"==typeof define&amp;&amp;define.amd?def", see evidence field for the suspicious comment/snippet.</td>
      </tr>
      <tr>
        <td colspan="1" rowspan="1" class="indent1" width="20%">URL</td>
        <td colspan="1" rowspan="1" width="80%">
          <a shape="rect" href="http://tpi.lat:2095/subreseller/assets/libs/parsleyjs/parsley.min.js">http://tpi.lat:2095/subreseller/assets/libs/parsleyjs/parsley.min.js</a>
        </td>
      </tr>
      <tr>
        <td colspan="1" rowspan="1" class="indent2" width="20%">Método</td>
        <td colspan="1" rowspan="1" width="80%">GET</td>
      </tr>
      <tr>
        <td colspan="1" rowspan="1" class="indent2" width="20%">Parámetros</td>
        <td colspan="1" rowspan="1" width="80%"/>
      </tr>
      <tr>
        <td colspan="1" rowspan="1" class="indent2" width="20%">Ataque</td>
        <td colspan="1" rowspan="1" width="80%"/>
      </tr>
      <tr>
        <td colspan="1" rowspan="1" class="indent2" width="20%">Evidencia</td>
        <td colspan="1" rowspan="1" width="80%">bugs</td>
      </tr>
      <tr>
        <td colspan="1" rowspan="1" class="indent2" width="20%">Other Info</td>
        <td colspan="1" rowspan="1" width="80%">The following pattern was used: \bBUGS\b and was detected in the element starting with: "   * inputevent - Alleviate browser bugs for input events", see evidence field for the suspicious comment/snippet.</td>
      </tr>
      <tr>
        <td colspan="1" rowspan="1" class="indent1" width="20%">URL</td>
        <td colspan="1" rowspan="1" width="80%">
          <a shape="rect" href="http://tpi.lat:2095/subreseller/assets/libs/parsleyjs/parsley.min.js">http://tpi.lat:2095/subreseller/assets/libs/parsleyjs/parsley.min.js</a>
        </td>
      </tr>
      <tr>
        <td colspan="1" rowspan="1" class="indent2" width="20%">Método</td>
        <td colspan="1" rowspan="1" width="80%">GET</td>
      </tr>
      <tr>
        <td colspan="1" rowspan="1" class="indent2" width="20%">Parámetros</td>
        <td colspan="1" rowspan="1" width="80%"/>
      </tr>
      <tr>
        <td colspan="1" rowspan="1" class="indent2" width="20%">Ataque</td>
        <td colspan="1" rowspan="1" width="80%"/>
      </tr>
      <tr>
        <td colspan="1" rowspan="1" class="indent2" width="20%">Evidencia</td>
        <td colspan="1" rowspan="1" width="80%">from</td>
      </tr>
      <tr>
        <td colspan="1" rowspan="1" class="indent2" width="20%">Other Info</td>
        <td colspan="1" rowspan="1" width="80%">The following pattern was used: \bFROM\b and was detected in the element starting with: "function _toConsumableArray(e){if(Array.isArray(e)){for(var t=0,i=Array(e.length);t&lt;e.length;t++)i[t]=e[t];return i}return Array", see evidence field for the suspicious comment/snippet.</td>
      </tr>
      <tr>
        <td colspan="1" rowspan="1" class="indent1" width="20%">URL</td>
        <td colspan="1" rowspan="1" width="80%">
          <a shape="rect" href="http://tpi.lat:2095/subreseller/assets/libs/parsleyjs/parsley.min.js">http://tpi.lat:2095/subreseller/assets/libs/parsleyjs/parsley.min.js</a>
        </td>
      </tr>
      <tr>
        <td colspan="1" rowspan="1" class="indent2" width="20%">Método</td>
        <td colspan="1" rowspan="1" width="80%">GET</td>
      </tr>
      <tr>
        <td colspan="1" rowspan="1" class="indent2" width="20%">Parámetros</td>
        <td colspan="1" rowspan="1" width="80%"/>
      </tr>
      <tr>
        <td colspan="1" rowspan="1" class="indent2" width="20%">Ataque</td>
        <td colspan="1" rowspan="1" width="80%"/>
      </tr>
      <tr>
        <td colspan="1" rowspan="1" class="indent2" width="20%">Evidencia</td>
        <td colspan="1" rowspan="1" width="80%">select</td>
      </tr>
      <tr>
        <td colspan="1" rowspan="1" class="indent2" width="20%">Other Info</td>
        <td colspan="1" rowspan="1" width="80%">The following pattern was used: \bSELECT\b and was detected 2 times, the first in the element starting with: "function n(){var t=this,i=window||global;_extends(this,{isNativeEvent:function(e){return e.originalEvent&amp;&amp;e.originalEvent.isTrus", see evidence field for the suspicious comment/snippet.</td>
      </tr>
      <tr>
        <td colspan="1" rowspan="1" class="indent1" width="20%">URL</td>
        <td colspan="1" rowspan="1" width="80%">
          <a shape="rect" href="http://tpi.lat:2095/subreseller/assets/libs/select2/select2.min.js">http://tpi.lat:2095/subreseller/assets/libs/select2/select2.min.js</a>
        </td>
      </tr>
      <tr>
        <td colspan="1" rowspan="1" class="indent2" width="20%">Método</td>
        <td colspan="1" rowspan="1" width="80%">GET</td>
      </tr>
      <tr>
        <td colspan="1" rowspan="1" class="indent2" width="20%">Parámetros</td>
        <td colspan="1" rowspan="1" width="80%"/>
      </tr>
      <tr>
        <td colspan="1" rowspan="1" class="indent2" width="20%">Ataque</td>
        <td colspan="1" rowspan="1" width="80%"/>
      </tr>
      <tr>
        <td colspan="1" rowspan="1" class="indent2" width="20%">Evidencia</td>
        <td colspan="1" rowspan="1" width="80%">query</td>
      </tr>
      <tr>
        <td colspan="1" rowspan="1" class="indent2" width="20%">Other Info</td>
        <td colspan="1" rowspan="1" width="80%">The following pattern was used: \bQUERY\b and was detected in the element starting with: "!function(e){"function"==typeof define&amp;&amp;define.amd?define(["jquery"],e):"object"==typeof module&amp;&amp;module.exports?module.exports=f", see evidence field for the suspicious comment/snippet.</td>
      </tr>
      <tr>
        <td colspan="1" rowspan="1" class="indent1" width="20%">URL</td>
        <td colspan="1" rowspan="1" width="80%">
          <a shape="rect" href="http://tpi.lat:2095/subreseller/assets/libs/switchery/switchery.min.js">http://tpi.lat:2095/subreseller/assets/libs/switchery/switchery.min.js</a>
        </td>
      </tr>
      <tr>
        <td colspan="1" rowspan="1" class="indent2" width="20%">Método</td>
        <td colspan="1" rowspan="1" width="80%">GET</td>
      </tr>
      <tr>
        <td colspan="1" rowspan="1" class="indent2" width="20%">Parámetros</td>
        <td colspan="1" rowspan="1" width="80%"/>
      </tr>
      <tr>
        <td colspan="1" rowspan="1" class="indent2" width="20%">Ataque</td>
        <td colspan="1" rowspan="1" width="80%"/>
      </tr>
      <tr>
        <td colspan="1" rowspan="1" class="indent2" width="20%">Evidencia</td>
        <td colspan="1" rowspan="1" width="80%">query</td>
      </tr>
      <tr>
        <td colspan="1" rowspan="1" class="indent2" width="20%">Other Info</td>
        <td colspan="1" rowspan="1" width="80%">The following pattern was used: \bQUERY\b and was detected in the element starting with: "(function(){function require(name){var module=require.modules[name];if(!module)throw new Error('failed to require "'+name+'"');i", see evidence field for the suspicious comment/snippet.</td>
      </tr>
      <tr>
        <td colspan="1" rowspan="1" class="indent1" width="20%">URL</td>
        <td colspan="1" rowspan="1" width="80%">
          <a shape="rect" href="http://tpi.lat:2095/subreseller/assets/libs/treeview/jstree.min.js">http://tpi.lat:2095/subreseller/assets/libs/treeview/jstree.min.js</a>
        </td>
      </tr>
      <tr>
        <td colspan="1" rowspan="1" class="indent2" width="20%">Método</td>
        <td colspan="1" rowspan="1" width="80%">GET</td>
      </tr>
      <tr>
        <td colspan="1" rowspan="1" class="indent2" width="20%">Parámetros</td>
        <td colspan="1" rowspan="1" width="80%"/>
      </tr>
      <tr>
        <td colspan="1" rowspan="1" class="indent2" width="20%">Ataque</td>
        <td colspan="1" rowspan="1" width="80%"/>
      </tr>
      <tr>
        <td colspan="1" rowspan="1" class="indent2" width="20%">Evidencia</td>
        <td colspan="1" rowspan="1" width="80%">select</td>
      </tr>
      <tr>
        <td colspan="1" rowspan="1" class="indent2" width="20%">Other Info</td>
        <td colspan="1" rowspan="1" width="80%">The following pattern was used: \bSELECT\b and was detected in the element starting with: "return c.length?(d=c,f=this,e="move_node",void this.trigger("cut",{node:b})):!1},copy:function(b){if(b||(b=this._data.core.selec", see evidence field for the suspicious comment/snippet.</td>
      </tr>
      <tr>
        <td colspan="1" rowspan="1" class="indent1" width="20%">URL</td>
        <td colspan="1" rowspan="1" width="80%">
          <a shape="rect" href="http://tpi.lat:2095/subreseller/assets/libs/treeview/jstree.min.js">http://tpi.lat:2095/subreseller/assets/libs/treeview/jstree.min.js</a>
        </td>
      </tr>
      <tr>
        <td colspan="1" rowspan="1" class="indent2" width="20%">Método</td>
        <td colspan="1" rowspan="1" width="80%">GET</td>
      </tr>
      <tr>
        <td colspan="1" rowspan="1" class="indent2" width="20%">Parámetros</td>
        <td colspan="1" rowspan="1" width="80%"/>
      </tr>
      <tr>
        <td colspan="1" rowspan="1" class="indent2" width="20%">Ataque</td>
        <td colspan="1" rowspan="1" width="80%"/>
      </tr>
      <tr>
        <td colspan="1" rowspan="1" class="indent2" width="20%">Evidencia</td>
        <td colspan="1" rowspan="1" width="80%">User</td>
      </tr>
      <tr>
        <td colspan="1" rowspan="1" class="indent2" width="20%">Other Info</td>
        <td colspan="1" rowspan="1" width="80%">The following pattern was used: \bUSER\b and was detected in the element starting with: "l.id||(l.id=e),l.li_attr.id||(l.li_attr.id=l.id),a&amp;&amp;"object"==typeof a.a_attr)for(f in a.a_attr)a.a_attr.hasOwnProperty(f)&amp;&amp;(l.a", see evidence field for the suspicious comment/snippet.</td>
      </tr>
      <tr>
        <td colspan="1" rowspan="1" class="indent1" width="20%">URL</td>
        <td colspan="1" rowspan="1" width="80%">
          <a shape="rect" href="http://tpi.lat:2095/subreseller/assets/libs/twitter-bootstrap-wizard/jquery.bootstrap.wizard.min.js">http://tpi.lat:2095/subreseller/assets/libs/twitter-bootstrap-wizard/jquery.bootstrap.wizard.min.js</a>
        </td>
      </tr>
      <tr>
        <td colspan="1" rowspan="1" class="indent2" width="20%">Método</td>
        <td colspan="1" rowspan="1" width="80%">GET</td>
      </tr>
      <tr>
        <td colspan="1" rowspan="1" class="indent2" width="20%">Parámetros</td>
        <td colspan="1" rowspan="1" width="80%"/>
      </tr>
      <tr>
        <td colspan="1" rowspan="1" class="indent2" width="20%">Ataque</td>
        <td colspan="1" rowspan="1" width="80%"/>
      </tr>
      <tr>
        <td colspan="1" rowspan="1" class="indent2" width="20%">Evidencia</td>
        <td colspan="1" rowspan="1" width="80%">later</td>
      </tr>
      <tr>
        <td colspan="1" rowspan="1" class="indent2" width="20%">Other Info</td>
        <td colspan="1" rowspan="1" width="80%">The following pattern was used: \bLATER\b and was detected in the element starting with: " * Requires jQuery v1.3.2 or later", see evidence field for the suspicious comment/snippet.</td>
      </tr>
      <tr>
        <td colspan="1" rowspan="1" class="indent1" width="20%">URL</td>
        <td colspan="1" rowspan="1" width="80%">
          <a shape="rect" href="http://tpi.lat:2095/subreseller/dashboard">http://tpi.lat:2095/subreseller/dashboard</a>
        </td>
      </tr>
      <tr>
        <td colspan="1" rowspan="1" class="indent2" width="20%">Método</td>
        <td colspan="1" rowspan="1" width="80%">GET</td>
      </tr>
      <tr>
        <td colspan="1" rowspan="1" class="indent2" width="20%">Parámetros</td>
        <td colspan="1" rowspan="1" width="80%"/>
      </tr>
      <tr>
        <td colspan="1" rowspan="1" class="indent2" width="20%">Ataque</td>
        <td colspan="1" rowspan="1" width="80%"/>
      </tr>
      <tr>
        <td colspan="1" rowspan="1" class="indent2" width="20%">Evidencia</td>
        <td colspan="1" rowspan="1" width="80%">select</td>
      </tr>
      <tr>
        <td colspan="1" rowspan="1" class="indent2" width="20%">Other Info</td>
        <td colspan="1" rowspan="1" width="80%">The following pattern was used: \bSELECT\b and was detected 3 times, the first in the element starting with: "&lt;script src="assets/libs/jquery-nice-select/jquery.nice-select.min.js"&gt;&lt;/script&gt;", see evidence field for the suspicious comment/snippet.</td>
      </tr>
      <tr>
        <td colspan="1" rowspan="1" class="indent1" width="20%">URL</td>
        <td colspan="1" rowspan="1" width="80%">
          <a shape="rect" href="http://tpi.lat:2095/subreseller/dashboard">http://tpi.lat:2095/subreseller/dashboard</a>
        </td>
      </tr>
      <tr>
        <td colspan="1" rowspan="1" class="indent2" width="20%">Método</td>
        <td colspan="1" rowspan="1" width="80%">GET</td>
      </tr>
      <tr>
        <td colspan="1" rowspan="1" class="indent2" width="20%">Parámetros</td>
        <td colspan="1" rowspan="1" width="80%"/>
      </tr>
      <tr>
        <td colspan="1" rowspan="1" class="indent2" width="20%">Ataque</td>
        <td colspan="1" rowspan="1" width="80%"/>
      </tr>
      <tr>
        <td colspan="1" rowspan="1" class="indent2" width="20%">Evidencia</td>
        <td colspan="1" rowspan="1" width="80%">user</td>
      </tr>
      <tr>
        <td colspan="1" rowspan="1" class="indent2" width="20%">Other Info</td>
        <td colspan="1" rowspan="1" width="80%">The following pattern was used: \bUSER\b and was detected in the element starting with: "&lt;script&gt;
var rCurrentPage = "dashboard";
var rErrors = ["STATUS_FAILURE","STATUS_SUCCESS","STATUS_SUCCESS_MULTI","STATUS_CODE_", see evidence field for the suspicious comment/snippet.</td>
      </tr>
      <tr>
        <td colspan="1" rowspan="1" class="indent1" width="20%">URL</td>
        <td colspan="1" rowspan="1" width="80%">
          <a shape="rect" href="http://tpi.lat:2095/subreseller/line?trial=1">http://tpi.lat:2095/subreseller/line?trial=1</a>
        </td>
      </tr>
      <tr>
        <td colspan="1" rowspan="1" class="indent2" width="20%">Método</td>
        <td colspan="1" rowspan="1" width="80%">GET</td>
      </tr>
      <tr>
        <td colspan="1" rowspan="1" class="indent2" width="20%">Parámetros</td>
        <td colspan="1" rowspan="1" width="80%"/>
      </tr>
      <tr>
        <td colspan="1" rowspan="1" class="indent2" width="20%">Ataque</td>
        <td colspan="1" rowspan="1" width="80%"/>
      </tr>
      <tr>
        <td colspan="1" rowspan="1" class="indent2" width="20%">Evidencia</td>
        <td colspan="1" rowspan="1" width="80%">select</td>
      </tr>
      <tr>
        <td colspan="1" rowspan="1" class="indent2" width="20%">Other Info</td>
        <td colspan="1" rowspan="1" width="80%">The following pattern was used: \bSELECT\b and was detected 2 times, the first in the element starting with: "&lt;script src="assets/libs/jquery-nice-select/jquery.nice-select.min.js"&gt;&lt;/script&gt;", see evidence field for the suspicious comment/snippet.</td>
      </tr>
      <tr>
        <td colspan="1" rowspan="1" class="indent1" width="20%">URL</td>
        <td colspan="1" rowspan="1" width="80%">
          <a shape="rect" href="http://tpi.lat:2095/subreseller/line?trial=1">http://tpi.lat:2095/subreseller/line?trial=1</a>
        </td>
      </tr>
      <tr>
        <td colspan="1" rowspan="1" class="indent2" width="20%">Método</td>
        <td colspan="1" rowspan="1" width="80%">GET</td>
      </tr>
      <tr>
        <td colspan="1" rowspan="1" class="indent2" width="20%">Parámetros</td>
        <td colspan="1" rowspan="1" width="80%"/>
      </tr>
      <tr>
        <td colspan="1" rowspan="1" class="indent2" width="20%">Ataque</td>
        <td colspan="1" rowspan="1" width="80%"/>
      </tr>
      <tr>
        <td colspan="1" rowspan="1" class="indent2" width="20%">Evidencia</td>
        <td colspan="1" rowspan="1" width="80%">user</td>
      </tr>
      <tr>
        <td colspan="1" rowspan="1" class="indent2" width="20%">Other Info</td>
        <td colspan="1" rowspan="1" width="80%">The following pattern was used: \bUSER\b and was detected 2 times, the first in the element starting with: "&lt;script&gt;
var rCurrentPage = "line";
var rErrors = ["STATUS_FAILURE","STATUS_SUCCESS","STATUS_SUCCESS_MULTI","STATUS_CODE_LENGT", see evidence field for the suspicious comment/snippet.</td>
      </tr>
      <tr>
        <td colspan="1" rowspan="1" width="20%">Instancia</td>
        <td colspan="1" rowspan="1" width="80%">54</td>
      </tr>
      <tr>
        <td colspan="1" rowspan="1" width="20%">Solución</td>
        <td colspan="1" rowspan="1" width="80%">
          <div>Eliminar todos los comentarios que devuelvan información que podría ayudar a un atacante y arreglar cualquier problema subyacente al que se refieran.</div>
        </td>
      </tr>
      <tr>
        <td colspan="1" rowspan="1" width="20%">Referencia</td>
        <td colspan="1" rowspan="1" width="80%"/>
      </tr>
      <tr>
        <td colspan="1" rowspan="1" width="20%">CWE Id</td>
        <td colspan="1" rowspan="1" width="80%">
          <a shape="rect" href="https://cwe.mitre.org/data/definitions/200.html">200</a>
        </td>
      </tr>
      <tr>
        <td colspan="1" rowspan="1" width="20%">WASC Id</td>
        <td colspan="1" rowspan="1" width="80%">13</td>
      </tr>
      <tr>
        <td colspan="1" rowspan="1" width="20%">Plugin Id</td>
        <td colspan="1" rowspan="1" width="80%">
          <a shape="rect" href="https://www.zaproxy.org/docs/alerts/10027/">10027</a>
        </td>
      </tr>
    </table>
    <div class="spacer"/>
    <table class="results">
      <tr height="24">
        <th colspan="1" rowspan="1" class="risk-0" width="20%">
          <a shape="rect" id="10109"/>
          <div>Informativo</div>
        </th>
        <th colspan="1" rowspan="1" class="risk-0">Modern Web Application</th>
      </tr>
      <tr>
        <td colspan="1" rowspan="1" width="20%">Descripción</td>
        <td colspan="1" rowspan="1" width="80%">
          <div>The application appears to be a modern web application. If you need to explore it automatically then the Ajax Spider may well be more effective than the standard one.</div>
        </td>
      </tr>
      <tr valign="top">
        <td colspan="2" rowspan="1"/>
      </tr>
      <tr>
        <td colspan="1" rowspan="1" class="indent1" width="20%">URL</td>
        <td colspan="1" rowspan="1" width="80%">
          <a shape="rect" href="http://tpi.lat:2095/subreseller/dashboard">http://tpi.lat:2095/subreseller/dashboard</a>
        </td>
      </tr>
      <tr>
        <td colspan="1" rowspan="1" class="indent2" width="20%">Método</td>
        <td colspan="1" rowspan="1" width="80%">GET</td>
      </tr>
      <tr>
        <td colspan="1" rowspan="1" class="indent2" width="20%">Parámetros</td>
        <td colspan="1" rowspan="1" width="80%"/>
      </tr>
      <tr>
        <td colspan="1" rowspan="1" class="indent2" width="20%">Ataque</td>
        <td colspan="1" rowspan="1" width="80%"/>
      </tr>
      <tr>
        <td colspan="1" rowspan="1" class="indent2" width="20%">Evidencia</td>
        <td colspan="1" rowspan="1" width="80%">&lt;a class="navbar-toggle nav-link"&gt;
                                &lt;div class="lines text-white"&gt;
                                    &lt;span&gt;&lt;/span&gt;
                                    &lt;span&gt;&lt;/span&gt;
                                    &lt;span&gt;&lt;/span&gt;
                                &lt;/div&gt;
                            &lt;/a&gt;</td>
      </tr>
      <tr>
        <td colspan="1" rowspan="1" class="indent2" width="20%">Other Info</td>
        <td colspan="1" rowspan="1" width="80%">Links have been found that do not have traditional href attributes, which is an indication that this is a modern web application.</td>
      </tr>
      <tr>
        <td colspan="1" rowspan="1" class="indent1" width="20%">URL</td>
        <td colspan="1" rowspan="1" width="80%">
          <a shape="rect" href="http://tpi.lat:2095/subreseller/line?trial=1">http://tpi.lat:2095/subreseller/line?trial=1</a>
        </td>
      </tr>
      <tr>
        <td colspan="1" rowspan="1" class="indent2" width="20%">Método</td>
        <td colspan="1" rowspan="1" width="80%">GET</td>
      </tr>
      <tr>
        <td colspan="1" rowspan="1" class="indent2" width="20%">Parámetros</td>
        <td colspan="1" rowspan="1" width="80%"/>
      </tr>
      <tr>
        <td colspan="1" rowspan="1" class="indent2" width="20%">Ataque</td>
        <td colspan="1" rowspan="1" width="80%"/>
      </tr>
      <tr>
        <td colspan="1" rowspan="1" class="indent2" width="20%">Evidencia</td>
        <td colspan="1" rowspan="1" width="80%">&lt;a class="navbar-toggle nav-link"&gt;
                                &lt;div class="lines text-white"&gt;
                                    &lt;span&gt;&lt;/span&gt;
                                    &lt;span&gt;&lt;/span&gt;
                                    &lt;span&gt;&lt;/span&gt;
                                &lt;/div&gt;
                            &lt;/a&gt;</td>
      </tr>
      <tr>
        <td colspan="1" rowspan="1" class="indent2" width="20%">Other Info</td>
        <td colspan="1" rowspan="1" width="80%">Links have been found that do not have traditional href attributes, which is an indication that this is a modern web application.</td>
      </tr>
      <tr>
        <td colspan="1" rowspan="1" class="indent1" width="20%">URL</td>
        <td colspan="1" rowspan="1" width="80%">
          <a shape="rect" href="http://tpi.lat:2095/subreseller/login">http://tpi.lat:2095/subreseller/login</a>
        </td>
      </tr>
      <tr>
        <td colspan="1" rowspan="1" class="indent2" width="20%">Método</td>
        <td colspan="1" rowspan="1" width="80%">GET</td>
      </tr>
      <tr>
        <td colspan="1" rowspan="1" class="indent2" width="20%">Parámetros</td>
        <td colspan="1" rowspan="1" width="80%"/>
      </tr>
      <tr>
        <td colspan="1" rowspan="1" class="indent2" width="20%">Ataque</td>
        <td colspan="1" rowspan="1" width="80%"/>
      </tr>
      <tr>
        <td colspan="1" rowspan="1" class="indent2" width="20%">Evidencia</td>
        <td colspan="1" rowspan="1" width="80%">&lt;script src="assets/js/vendor.min.js"&gt;&lt;/script&gt;</td>
      </tr>
      <tr>
        <td colspan="1" rowspan="1" class="indent2" width="20%">Other Info</td>
        <td colspan="1" rowspan="1" width="80%">No links have been found while there are scripts, which is an indication that this is a modern web application.</td>
      </tr>
      <tr>
        <td colspan="1" rowspan="1" width="20%">Instancia</td>
        <td colspan="1" rowspan="1" width="80%">3</td>
      </tr>
      <tr>
        <td colspan="1" rowspan="1" width="20%">Solución</td>
        <td colspan="1" rowspan="1" width="80%">
          <div>This is an informational alert and so no changes are required.</div>
        </td>
      </tr>
      <tr>
        <td colspan="1" rowspan="1" width="20%">Referencia</td>
        <td colspan="1" rowspan="1" width="80%"/>
      </tr>
      <tr>
        <td colspan="1" rowspan="1" width="20%">CWE Id</td>
        <td colspan="1" rowspan="1" width="80%"/>
      </tr>
      <tr>
        <td colspan="1" rowspan="1" width="20%">WASC Id</td>
        <td colspan="1" rowspan="1" width="80%"/>
      </tr>
      <tr>
        <td colspan="1" rowspan="1" width="20%">Plugin Id</td>
        <td colspan="1" rowspan="1" width="80%">
          <a shape="rect" href="https://www.zaproxy.org/docs/alerts/10109/">10109</a>
        </td>
      </tr>
    </table>
    <div class="spacer"/>
    <table class="results">
      <tr height="24">
        <th colspan="1" rowspan="1" class="risk-0" width="20%">
          <a shape="rect" id="10111"/>
          <div>Informativo</div>
        </th>
        <th colspan="1" rowspan="1" class="risk-0">Petición de Autenticación Identificada</th>
      </tr>
      <tr>
        <td colspan="1" rowspan="1" width="20%">Descripción</td>
        <td colspan="1" rowspan="1" width="80%">
          <div>La petición en cuestión se ha identificado como una petición de autenticación. El campo "Otra información" contiene un conjunto de líneas key=vvalue que identifican cualquier campo relevante. Si la solicitud está en un contexto que tiene un método de autenticación configurado como "Detección automática", esta regla cambiará la autenticación para que coincida con la petición identificada.</div>
        </td>
      </tr>
      <tr valign="top">
        <td colspan="2" rowspan="1"/>
      </tr>
      <tr>
        <td colspan="1" rowspan="1" class="indent1" width="20%">URL</td>
        <td colspan="1" rowspan="1" width="80%">
          <a shape="rect" href="http://tpi.lat:2095/subreseller/login">http://tpi.lat:2095/subreseller/login</a>
        </td>
      </tr>
      <tr>
        <td colspan="1" rowspan="1" class="indent2" width="20%">Método</td>
        <td colspan="1" rowspan="1" width="80%">POST</td>
      </tr>
      <tr>
        <td colspan="1" rowspan="1" class="indent2" width="20%">Parámetros</td>
        <td colspan="1" rowspan="1" width="80%">login</td>
      </tr>
      <tr>
        <td colspan="1" rowspan="1" class="indent2" width="20%">Ataque</td>
        <td colspan="1" rowspan="1" width="80%"/>
      </tr>
      <tr>
        <td colspan="1" rowspan="1" class="indent2" width="20%">Evidencia</td>
        <td colspan="1" rowspan="1" width="80%">password</td>
      </tr>
      <tr>
        <td colspan="1" rowspan="1" class="indent2" width="20%">Other Info</td>
        <td colspan="1" rowspan="1" width="80%">userParam=login
userValue=
passwordParam=password
referer=http://tpi.lat:2095/subreseller/login</td>
      </tr>
      <tr>
        <td colspan="1" rowspan="1" width="20%">Instancia</td>
        <td colspan="1" rowspan="1" width="80%">1</td>
      </tr>
      <tr>
        <td colspan="1" rowspan="1" width="20%">Solución</td>
        <td colspan="1" rowspan="1" width="80%">
          <div>Se trata de una alerta informativa y no de una vulnerabilidad, por lo que no hay nada que corregir.</div>
        </td>
      </tr>
      <tr>
        <td colspan="1" rowspan="1" width="20%">Referencia</td>
        <td colspan="1" rowspan="1" width="80%">
          <a shape="rect" href="https://www.zaproxy.org/docs/desktop/addons/authentication-helper/auth-req-id/">https://www.zaproxy.org/docs/desktop/addons/authentication-helper/auth-req-id/</a>
        </td>
      </tr>
      <tr>
        <td colspan="1" rowspan="1" width="20%">CWE Id</td>
        <td colspan="1" rowspan="1" width="80%"/>
      </tr>
      <tr>
        <td colspan="1" rowspan="1" width="20%">WASC Id</td>
        <td colspan="1" rowspan="1" width="80%"/>
      </tr>
      <tr>
        <td colspan="1" rowspan="1" width="20%">Plugin Id</td>
        <td colspan="1" rowspan="1" width="80%">
          <a shape="rect" href="https://www.zaproxy.org/docs/alerts/10111/">10111</a>
        </td>
      </tr>
    </table>
    <div class="spacer"/>
    <table class="results">
      <tr height="24">
        <th colspan="1" rowspan="1" class="risk-0" width="20%">
          <a shape="rect" id="10112"/>
          <div>Informativo</div>
        </th>
        <th colspan="1" rowspan="1" class="risk-0">Respuesta de Gestión de Sesión Identificada</th>
      </tr>
      <tr>
        <td colspan="1" rowspan="1" width="20%">Descripción</td>
        <td colspan="1" rowspan="1" width="80%">
          <div>Se ha identificado que la respuesta dada contiene un token de gestión de sesión. El campo 'Other Info' contiene un conjunto de tokens de cabecera que pueden utilizarse en el método Header Based Session Management (gestión de sesión basado en cabecera). Si la petición se encuentra en un contexto que tiene un método Session Management establecido en "Auto-Detect", esta regla cambiará la gestión de sesión para utilizar los tokens identificados.</div>
        </td>
      </tr>
      <tr valign="top">
        <td colspan="2" rowspan="1"/>
      </tr>
      <tr>
        <td colspan="1" rowspan="1" class="indent1" width="20%">URL</td>
        <td colspan="1" rowspan="1" width="80%">
          <a shape="rect" href="http://tpi.lat:2095/subreseller/dashboard">http://tpi.lat:2095/subreseller/dashboard</a>
        </td>
      </tr>
      <tr>
        <td colspan="1" rowspan="1" class="indent2" width="20%">Método</td>
        <td colspan="1" rowspan="1" width="80%">GET</td>
      </tr>
      <tr>
        <td colspan="1" rowspan="1" class="indent2" width="20%">Parámetros</td>
        <td colspan="1" rowspan="1" width="80%">PHPSESSID</td>
      </tr>
      <tr>
        <td colspan="1" rowspan="1" class="indent2" width="20%">Ataque</td>
        <td colspan="1" rowspan="1" width="80%"/>
      </tr>
      <tr>
        <td colspan="1" rowspan="1" class="indent2" width="20%">Evidencia</td>
        <td colspan="1" rowspan="1" width="80%">liptv229tvgnf60rlpm84kpaad</td>
      </tr>
      <tr>
        <td colspan="1" rowspan="1" class="indent2" width="20%">Other Info</td>
        <td colspan="1" rowspan="1" width="80%">
cookie:PHPSESSID</td>
      </tr>
      <tr>
        <td colspan="1" rowspan="1" class="indent1" width="20%">URL</td>
        <td colspan="1" rowspan="1" width="80%">
          <a shape="rect" href="http://tpi.lat:2095/subreseller/dashboard">http://tpi.lat:2095/subreseller/dashboard</a>
        </td>
      </tr>
      <tr>
        <td colspan="1" rowspan="1" class="indent2" width="20%">Método</td>
        <td colspan="1" rowspan="1" width="80%">GET</td>
      </tr>
      <tr>
        <td colspan="1" rowspan="1" class="indent2" width="20%">Parámetros</td>
        <td colspan="1" rowspan="1" width="80%">PHPSESSID</td>
      </tr>
      <tr>
        <td colspan="1" rowspan="1" class="indent2" width="20%">Ataque</td>
        <td colspan="1" rowspan="1" width="80%"/>
      </tr>
      <tr>
        <td colspan="1" rowspan="1" class="indent2" width="20%">Evidencia</td>
        <td colspan="1" rowspan="1" width="80%">ur1s5nuvl7tfc5v0a0p2pp9un5</td>
      </tr>
      <tr>
        <td colspan="1" rowspan="1" class="indent2" width="20%">Other Info</td>
        <td colspan="1" rowspan="1" width="80%">
cookie:PHPSESSID</td>
      </tr>
      <tr>
        <td colspan="1" rowspan="1" class="indent1" width="20%">URL</td>
        <td colspan="1" rowspan="1" width="80%">
          <a shape="rect" href="http://tpi.lat:2095/subreseller/line?trial=1">http://tpi.lat:2095/subreseller/line?trial=1</a>
        </td>
      </tr>
      <tr>
        <td colspan="1" rowspan="1" class="indent2" width="20%">Método</td>
        <td colspan="1" rowspan="1" width="80%">GET</td>
      </tr>
      <tr>
        <td colspan="1" rowspan="1" class="indent2" width="20%">Parámetros</td>
        <td colspan="1" rowspan="1" width="80%">PHPSESSID</td>
      </tr>
      <tr>
        <td colspan="1" rowspan="1" class="indent2" width="20%">Ataque</td>
        <td colspan="1" rowspan="1" width="80%"/>
      </tr>
      <tr>
        <td colspan="1" rowspan="1" class="indent2" width="20%">Evidencia</td>
        <td colspan="1" rowspan="1" width="80%">liptv229tvgnf60rlpm84kpaad</td>
      </tr>
      <tr>
        <td colspan="1" rowspan="1" class="indent2" width="20%">Other Info</td>
        <td colspan="1" rowspan="1" width="80%">
cookie:PHPSESSID</td>
      </tr>
      <tr>
        <td colspan="1" rowspan="1" class="indent1" width="20%">URL</td>
        <td colspan="1" rowspan="1" width="80%">
          <a shape="rect" href="http://tpi.lat:2095/subreseller/line?trial=1">http://tpi.lat:2095/subreseller/line?trial=1</a>
        </td>
      </tr>
      <tr>
        <td colspan="1" rowspan="1" class="indent2" width="20%">Método</td>
        <td colspan="1" rowspan="1" width="80%">GET</td>
      </tr>
      <tr>
        <td colspan="1" rowspan="1" class="indent2" width="20%">Parámetros</td>
        <td colspan="1" rowspan="1" width="80%">PHPSESSID</td>
      </tr>
      <tr>
        <td colspan="1" rowspan="1" class="indent2" width="20%">Ataque</td>
        <td colspan="1" rowspan="1" width="80%"/>
      </tr>
      <tr>
        <td colspan="1" rowspan="1" class="indent2" width="20%">Evidencia</td>
        <td colspan="1" rowspan="1" width="80%">ur1s5nuvl7tfc5v0a0p2pp9un5</td>
      </tr>
      <tr>
        <td colspan="1" rowspan="1" class="indent2" width="20%">Other Info</td>
        <td colspan="1" rowspan="1" width="80%">
cookie:PHPSESSID</td>
      </tr>
      <tr>
        <td colspan="1" rowspan="1" class="indent1" width="20%">URL</td>
        <td colspan="1" rowspan="1" width="80%">
          <a shape="rect" href="http://tpi.lat:2095/subreseller/login">http://tpi.lat:2095/subreseller/login</a>
        </td>
      </tr>
      <tr>
        <td colspan="1" rowspan="1" class="indent2" width="20%">Método</td>
        <td colspan="1" rowspan="1" width="80%">GET</td>
      </tr>
      <tr>
        <td colspan="1" rowspan="1" class="indent2" width="20%">Parámetros</td>
        <td colspan="1" rowspan="1" width="80%">PHPSESSID</td>
      </tr>
      <tr>
        <td colspan="1" rowspan="1" class="indent2" width="20%">Ataque</td>
        <td colspan="1" rowspan="1" width="80%"/>
      </tr>
      <tr>
        <td colspan="1" rowspan="1" class="indent2" width="20%">Evidencia</td>
        <td colspan="1" rowspan="1" width="80%">liptv229tvgnf60rlpm84kpaad</td>
      </tr>
      <tr>
        <td colspan="1" rowspan="1" class="indent2" width="20%">Other Info</td>
        <td colspan="1" rowspan="1" width="80%">
cookie:PHPSESSID</td>
      </tr>
      <tr>
        <td colspan="1" rowspan="1" class="indent1" width="20%">URL</td>
        <td colspan="1" rowspan="1" width="80%">
          <a shape="rect" href="http://tpi.lat:2095/subreseller/login">http://tpi.lat:2095/subreseller/login</a>
        </td>
      </tr>
      <tr>
        <td colspan="1" rowspan="1" class="indent2" width="20%">Método</td>
        <td colspan="1" rowspan="1" width="80%">GET</td>
      </tr>
      <tr>
        <td colspan="1" rowspan="1" class="indent2" width="20%">Parámetros</td>
        <td colspan="1" rowspan="1" width="80%">PHPSESSID</td>
      </tr>
      <tr>
        <td colspan="1" rowspan="1" class="indent2" width="20%">Ataque</td>
        <td colspan="1" rowspan="1" width="80%"/>
      </tr>
      <tr>
        <td colspan="1" rowspan="1" class="indent2" width="20%">Evidencia</td>
        <td colspan="1" rowspan="1" width="80%">ur1s5nuvl7tfc5v0a0p2pp9un5</td>
      </tr>
      <tr>
        <td colspan="1" rowspan="1" class="indent2" width="20%">Other Info</td>
        <td colspan="1" rowspan="1" width="80%">
cookie:PHPSESSID</td>
      </tr>
      <tr>
        <td colspan="1" rowspan="1" class="indent1" width="20%">URL</td>
        <td colspan="1" rowspan="1" width="80%">
          <a shape="rect" href="http://tpi.lat:2095/subreseller/post.php?action=line">http://tpi.lat:2095/subreseller/post.php?action=line</a>
        </td>
      </tr>
      <tr>
        <td colspan="1" rowspan="1" class="indent2" width="20%">Método</td>
        <td colspan="1" rowspan="1" width="80%">POST</td>
      </tr>
      <tr>
        <td colspan="1" rowspan="1" class="indent2" width="20%">Parámetros</td>
        <td colspan="1" rowspan="1" width="80%">PHPSESSID</td>
      </tr>
      <tr>
        <td colspan="1" rowspan="1" class="indent2" width="20%">Ataque</td>
        <td colspan="1" rowspan="1" width="80%"/>
      </tr>
      <tr>
        <td colspan="1" rowspan="1" class="indent2" width="20%">Evidencia</td>
        <td colspan="1" rowspan="1" width="80%">liptv229tvgnf60rlpm84kpaad</td>
      </tr>
      <tr>
        <td colspan="1" rowspan="1" class="indent2" width="20%">Other Info</td>
        <td colspan="1" rowspan="1" width="80%">
cookie:PHPSESSID</td>
      </tr>
      <tr>
        <td colspan="1" rowspan="1" class="indent1" width="20%">URL</td>
        <td colspan="1" rowspan="1" width="80%">
          <a shape="rect" href="http://tpi.lat:2095/subreseller/post.php?action=line">http://tpi.lat:2095/subreseller/post.php?action=line</a>
        </td>
      </tr>
      <tr>
        <td colspan="1" rowspan="1" class="indent2" width="20%">Método</td>
        <td colspan="1" rowspan="1" width="80%">POST</td>
      </tr>
      <tr>
        <td colspan="1" rowspan="1" class="indent2" width="20%">Parámetros</td>
        <td colspan="1" rowspan="1" width="80%">PHPSESSID</td>
      </tr>
      <tr>
        <td colspan="1" rowspan="1" class="indent2" width="20%">Ataque</td>
        <td colspan="1" rowspan="1" width="80%"/>
      </tr>
      <tr>
        <td colspan="1" rowspan="1" class="indent2" width="20%">Evidencia</td>
        <td colspan="1" rowspan="1" width="80%">ur1s5nuvl7tfc5v0a0p2pp9un5</td>
      </tr>
      <tr>
        <td colspan="1" rowspan="1" class="indent2" width="20%">Other Info</td>
        <td colspan="1" rowspan="1" width="80%">
cookie:PHPSESSID</td>
      </tr>
      <tr>
        <td colspan="1" rowspan="1" class="indent1" width="20%">URL</td>
        <td colspan="1" rowspan="1" width="80%">
          <a shape="rect" href="http://tpi.lat:2095/subreseller/dashboard">http://tpi.lat:2095/subreseller/dashboard</a>
        </td>
      </tr>
      <tr>
        <td colspan="1" rowspan="1" class="indent2" width="20%">Método</td>
        <td colspan="1" rowspan="1" width="80%">GET</td>
      </tr>
      <tr>
        <td colspan="1" rowspan="1" class="indent2" width="20%">Parámetros</td>
        <td colspan="1" rowspan="1" width="80%">PHPSESSID</td>
      </tr>
      <tr>
        <td colspan="1" rowspan="1" class="indent2" width="20%">Ataque</td>
        <td colspan="1" rowspan="1" width="80%"/>
      </tr>
      <tr>
        <td colspan="1" rowspan="1" class="indent2" width="20%">Evidencia</td>
        <td colspan="1" rowspan="1" width="80%">liptv229tvgnf60rlpm84kpaad</td>
      </tr>
      <tr>
        <td colspan="1" rowspan="1" class="indent2" width="20%">Other Info</td>
        <td colspan="1" rowspan="1" width="80%">
cookie:PHPSESSID</td>
      </tr>
      <tr>
        <td colspan="1" rowspan="1" class="indent1" width="20%">URL</td>
        <td colspan="1" rowspan="1" width="80%">
          <a shape="rect" href="http://tpi.lat:2095/subreseller/dashboard">http://tpi.lat:2095/subreseller/dashboard</a>
        </td>
      </tr>
      <tr>
        <td colspan="1" rowspan="1" class="indent2" width="20%">Método</td>
        <td colspan="1" rowspan="1" width="80%">GET</td>
      </tr>
      <tr>
        <td colspan="1" rowspan="1" class="indent2" width="20%">Parámetros</td>
        <td colspan="1" rowspan="1" width="80%">PHPSESSID</td>
      </tr>
      <tr>
        <td colspan="1" rowspan="1" class="indent2" width="20%">Ataque</td>
        <td colspan="1" rowspan="1" width="80%"/>
      </tr>
      <tr>
        <td colspan="1" rowspan="1" class="indent2" width="20%">Evidencia</td>
        <td colspan="1" rowspan="1" width="80%">ur1s5nuvl7tfc5v0a0p2pp9un5</td>
      </tr>
      <tr>
        <td colspan="1" rowspan="1" class="indent2" width="20%">Other Info</td>
        <td colspan="1" rowspan="1" width="80%">
cookie:PHPSESSID</td>
      </tr>
      <tr>
        <td colspan="1" rowspan="1" class="indent1" width="20%">URL</td>
        <td colspan="1" rowspan="1" width="80%">
          <a shape="rect" href="http://tpi.lat:2095/subreseller/line?trial=1">http://tpi.lat:2095/subreseller/line?trial=1</a>
        </td>
      </tr>
      <tr>
        <td colspan="1" rowspan="1" class="indent2" width="20%">Método</td>
        <td colspan="1" rowspan="1" width="80%">GET</td>
      </tr>
      <tr>
        <td colspan="1" rowspan="1" class="indent2" width="20%">Parámetros</td>
        <td colspan="1" rowspan="1" width="80%">PHPSESSID</td>
      </tr>
      <tr>
        <td colspan="1" rowspan="1" class="indent2" width="20%">Ataque</td>
        <td colspan="1" rowspan="1" width="80%"/>
      </tr>
      <tr>
        <td colspan="1" rowspan="1" class="indent2" width="20%">Evidencia</td>
        <td colspan="1" rowspan="1" width="80%">liptv229tvgnf60rlpm84kpaad</td>
      </tr>
      <tr>
        <td colspan="1" rowspan="1" class="indent2" width="20%">Other Info</td>
        <td colspan="1" rowspan="1" width="80%">
cookie:PHPSESSID</td>
      </tr>
      <tr>
        <td colspan="1" rowspan="1" class="indent1" width="20%">URL</td>
        <td colspan="1" rowspan="1" width="80%">
          <a shape="rect" href="http://tpi.lat:2095/subreseller/line?trial=1">http://tpi.lat:2095/subreseller/line?trial=1</a>
        </td>
      </tr>
      <tr>
        <td colspan="1" rowspan="1" class="indent2" width="20%">Método</td>
        <td colspan="1" rowspan="1" width="80%">GET</td>
      </tr>
      <tr>
        <td colspan="1" rowspan="1" class="indent2" width="20%">Parámetros</td>
        <td colspan="1" rowspan="1" width="80%">PHPSESSID</td>
      </tr>
      <tr>
        <td colspan="1" rowspan="1" class="indent2" width="20%">Ataque</td>
        <td colspan="1" rowspan="1" width="80%"/>
      </tr>
      <tr>
        <td colspan="1" rowspan="1" class="indent2" width="20%">Evidencia</td>
        <td colspan="1" rowspan="1" width="80%">ur1s5nuvl7tfc5v0a0p2pp9un5</td>
      </tr>
      <tr>
        <td colspan="1" rowspan="1" class="indent2" width="20%">Other Info</td>
        <td colspan="1" rowspan="1" width="80%">
cookie:PHPSESSID</td>
      </tr>
      <tr>
        <td colspan="1" rowspan="1" class="indent1" width="20%">URL</td>
        <td colspan="1" rowspan="1" width="80%">
          <a shape="rect" href="http://tpi.lat:2095/subreseller/login">http://tpi.lat:2095/subreseller/login</a>
        </td>
      </tr>
      <tr>
        <td colspan="1" rowspan="1" class="indent2" width="20%">Método</td>
        <td colspan="1" rowspan="1" width="80%">GET</td>
      </tr>
      <tr>
        <td colspan="1" rowspan="1" class="indent2" width="20%">Parámetros</td>
        <td colspan="1" rowspan="1" width="80%">PHPSESSID</td>
      </tr>
      <tr>
        <td colspan="1" rowspan="1" class="indent2" width="20%">Ataque</td>
        <td colspan="1" rowspan="1" width="80%"/>
      </tr>
      <tr>
        <td colspan="1" rowspan="1" class="indent2" width="20%">Evidencia</td>
        <td colspan="1" rowspan="1" width="80%">liptv229tvgnf60rlpm84kpaad</td>
      </tr>
      <tr>
        <td colspan="1" rowspan="1" class="indent2" width="20%">Other Info</td>
        <td colspan="1" rowspan="1" width="80%">
cookie:PHPSESSID</td>
      </tr>
      <tr>
        <td colspan="1" rowspan="1" class="indent1" width="20%">URL</td>
        <td colspan="1" rowspan="1" width="80%">
          <a shape="rect" href="http://tpi.lat:2095/subreseller/login">http://tpi.lat:2095/subreseller/login</a>
        </td>
      </tr>
      <tr>
        <td colspan="1" rowspan="1" class="indent2" width="20%">Método</td>
        <td colspan="1" rowspan="1" width="80%">GET</td>
      </tr>
      <tr>
        <td colspan="1" rowspan="1" class="indent2" width="20%">Parámetros</td>
        <td colspan="1" rowspan="1" width="80%">PHPSESSID</td>
      </tr>
      <tr>
        <td colspan="1" rowspan="1" class="indent2" width="20%">Ataque</td>
        <td colspan="1" rowspan="1" width="80%"/>
      </tr>
      <tr>
        <td colspan="1" rowspan="1" class="indent2" width="20%">Evidencia</td>
        <td colspan="1" rowspan="1" width="80%">ur1s5nuvl7tfc5v0a0p2pp9un5</td>
      </tr>
      <tr>
        <td colspan="1" rowspan="1" class="indent2" width="20%">Other Info</td>
        <td colspan="1" rowspan="1" width="80%">
cookie:PHPSESSID</td>
      </tr>
      <tr>
        <td colspan="1" rowspan="1" class="indent1" width="20%">URL</td>
        <td colspan="1" rowspan="1" width="80%">
          <a shape="rect" href="http://tpi.lat:2095/subreseller/post.php?action=line">http://tpi.lat:2095/subreseller/post.php?action=line</a>
        </td>
      </tr>
      <tr>
        <td colspan="1" rowspan="1" class="indent2" width="20%">Método</td>
        <td colspan="1" rowspan="1" width="80%">POST</td>
      </tr>
      <tr>
        <td colspan="1" rowspan="1" class="indent2" width="20%">Parámetros</td>
        <td colspan="1" rowspan="1" width="80%">PHPSESSID</td>
      </tr>
      <tr>
        <td colspan="1" rowspan="1" class="indent2" width="20%">Ataque</td>
        <td colspan="1" rowspan="1" width="80%"/>
      </tr>
      <tr>
        <td colspan="1" rowspan="1" class="indent2" width="20%">Evidencia</td>
        <td colspan="1" rowspan="1" width="80%">liptv229tvgnf60rlpm84kpaad</td>
      </tr>
      <tr>
        <td colspan="1" rowspan="1" class="indent2" width="20%">Other Info</td>
        <td colspan="1" rowspan="1" width="80%">
cookie:PHPSESSID</td>
      </tr>
      <tr>
        <td colspan="1" rowspan="1" class="indent1" width="20%">URL</td>
        <td colspan="1" rowspan="1" width="80%">
          <a shape="rect" href="http://tpi.lat:2095/subreseller/post.php?action=line">http://tpi.lat:2095/subreseller/post.php?action=line</a>
        </td>
      </tr>
      <tr>
        <td colspan="1" rowspan="1" class="indent2" width="20%">Método</td>
        <td colspan="1" rowspan="1" width="80%">POST</td>
      </tr>
      <tr>
        <td colspan="1" rowspan="1" class="indent2" width="20%">Parámetros</td>
        <td colspan="1" rowspan="1" width="80%">PHPSESSID</td>
      </tr>
      <tr>
        <td colspan="1" rowspan="1" class="indent2" width="20%">Ataque</td>
        <td colspan="1" rowspan="1" width="80%"/>
      </tr>
      <tr>
        <td colspan="1" rowspan="1" class="indent2" width="20%">Evidencia</td>
        <td colspan="1" rowspan="1" width="80%">ur1s5nuvl7tfc5v0a0p2pp9un5</td>
      </tr>
      <tr>
        <td colspan="1" rowspan="1" class="indent2" width="20%">Other Info</td>
        <td colspan="1" rowspan="1" width="80%">
cookie:PHPSESSID</td>
      </tr>
      <tr>
        <td colspan="1" rowspan="1" width="20%">Instancia</td>
        <td colspan="1" rowspan="1" width="80%">16</td>
      </tr>
      <tr>
        <td colspan="1" rowspan="1" width="20%">Solución</td>
        <td colspan="1" rowspan="1" width="80%">
          <div>Se trata de una alerta informativa y no de una vulnerabilidad, por lo que no hay nada que corregir.</div>
        </td>
      </tr>
      <tr>
        <td colspan="1" rowspan="1" width="20%">Referencia</td>
        <td colspan="1" rowspan="1" width="80%">
          <a shape="rect" href="https://www.zaproxy.org/docs/desktop/addons/authentication-helper/session-mgmt-id">https://www.zaproxy.org/docs/desktop/addons/authentication-helper/session-mgmt-id</a>
        </td>
      </tr>
      <tr>
        <td colspan="1" rowspan="1" width="20%">CWE Id</td>
        <td colspan="1" rowspan="1" width="80%"/>
      </tr>
      <tr>
        <td colspan="1" rowspan="1" width="20%">WASC Id</td>
        <td colspan="1" rowspan="1" width="80%"/>
      </tr>
      <tr>
        <td colspan="1" rowspan="1" width="20%">Plugin Id</td>
        <td colspan="1" rowspan="1" width="80%">
          <a shape="rect" href="https://www.zaproxy.org/docs/alerts/10112/">10112</a>
        </td>
      </tr>
    </table>
    <div class="spacer"/>
  </body>
</html>
]]></system-out>
  <system-err><![CDATA[]]></system-err>
</testsuite>
