<?xml version="1.0" encoding="UTF-8"?>
<testsuite name="testSuite.OrderTest" tests="1" skipped="0" failures="0" errors="0" timestamp="2024-01-25T22:14:01" hostname="DESKTOP-1188MBL" time="9.912">
  <properties/>
  <testcase name="testOrder()" classname="testSuite.OrderTest" time="9.912"/>
  <system-out><![CDATA[]]></system-out>
  <system-err><![CDATA[ene. 25, 2024 6:14:01 P. M. org.openqa.selenium.devtools.CdpVersionFinder findNearestMatch
WARNING: Unable to find an exact match for CDP version 120, returning the closest version; found: 119; Please update to a Selenium version that supports CDP version 120
]]></system-err>
</testsuite>
